[21:35:01] [ServerMain/INFO]: Environment: Environment[sessionHost=https://sessionserver.mojang.com, servicesHost=https://api.minecraftservices.com, name=PROD]
[21:35:03] [ServerMain/INFO]: Loaded 7 recipes
[21:35:04] [Server thread/INFO]: Starting minecraft server version 1.20.4
[21:35:04] [Server thread/INFO]: Loading properties
[21:35:04] [Server thread/INFO]: This server is running CraftBukkit version 4074-Spigot-e9ec548-51bbab2 (MC: 1.20.4) (Implementing API version 1.20.4-R0.1-SNAPSHOT)
[21:35:05] [Server thread/INFO]: Server Ping Player Sample Count: 12
[21:35:05] [Server thread/INFO]: Using 4 threads for Netty based IO
[21:35:05] [Server thread/INFO]: Debug logging is disabled
[21:35:05] [Server thread/INFO]: Default game type: SURVIVAL
[21:35:05] [Server thread/INFO]: Generating keypair
[21:35:05] [Server thread/INFO]: Starting Minecraft server on *:25566
[21:35:05] [Server thread/INFO]: Using epoll channel type
[21:35:06] [Server thread/INFO]: [CoreProtect] Loading CoreProtect v22.4
[21:35:06] [Server thread/INFO]: [ViaVersion] Loading ViaVersion v5.2.1
[21:35:06] [Server thread/INFO]: [ViaVersion] ViaVersion 5.2.1 is now loaded. Registering protocol transformers and injecting...
[21:35:07] [Via-Mappingloader-0/INFO]: [ViaVersion] Loading block connection mappings ...
[21:35:07] [Via-Mappingloader-0/INFO]: [ViaVersion] Using FastUtil Long2ObjectOpenHashMap for block connections
[21:35:07] [Server thread/INFO]: [ViaBackwards] Loading translations...
[21:35:07] [Server thread/INFO]: [ViaBackwards] Registering protocols...
[21:35:08] [Server thread/INFO]: [ViaRewind] Registering protocols...
[21:35:08] [Server thread/INFO]: [MeowPlugin] Loading MeowPlugin v0.1
[21:35:08] [Server thread/INFO]: [TabTPS] Loading TabTPS v1.3.22
[21:35:08] [Server thread/INFO]: [floodgate] Loading floodgate v2.2.4-SNAPSHOT (b116-0e3163c)
[21:35:09] [Server thread/INFO]: [floodgate] 启动 Floodgate，耗时700ms
[21:35:09] [Server thread/INFO]: [ViaBackwards] Loading ViaBackwards v5.2.1
[21:35:09] [Server thread/INFO]: [ViaRewind] Loading ViaRewind v4.0.5
[21:35:09] [Server thread/INFO]: [SkinsRestorer] Loading SkinsRestorer v15.5.3
[21:35:09] [Server thread/INFO]: [Geyser-Spigot] Loading Geyser-Spigot v2.6.1-SNAPSHOT
[21:35:09] [Server thread/INFO]: [Geyser-Spigot] 正在加载扩展...
[21:35:09] [Server thread/INFO]: [Geyser-Spigot] 已加载 0 个扩展
[21:35:09] [Server thread/INFO]: [ViaRewind] Enabling ViaRewind v4.0.5
[21:35:09] [Server thread/INFO]: [SkinsRestorer] Enabling SkinsRestorer v15.5.3
[21:35:10] [Server thread/WARN]: [33;1m[[32;22mSkinsRestorer[33;1m] [0;39m[33;1mYou must agree to the rules at 'commands.perSkinPermissionsConsent' in the config to use per skin permissions.[0;39m
[21:35:10] [Server thread/INFO]: [33;1m[[32;22mSkinsRestorer[33;1m] [0;39m[32;1mRunning on Minecraft [33;1m1.20.4[32;1m.[0;39m[m
[21:35:10] [Server thread/INFO]: [33;1m[[32;22mSkinsRestorer[33;1m] [0;39mFloodgate skin listener registered[0;39m[m
[21:35:11] [Server thread/WARN]: [33;1m[[32;22mSkinsRestorer[33;1m] [0;39m[33;1m[33;1mPlease update your Java runtime to at least Java 21 (your version is 17).[0;39m
[21:35:11] [Server thread/WARN]: [33;1m[[32;22mSkinsRestorer[33;1m] [0;39m[33;1m[33;1mAt some point in the future, SkinsRestorer will no longer be compatible with this version of Java.[0;39m
[21:35:11] [Server thread/WARN]: **** SERVER IS RUNNING IN OFFLINE/INSECURE MODE!
[21:35:11] [Server thread/WARN]: The server will make no attempt to authenticate usernames. Beware.
[21:35:11] [Server thread/WARN]: While this makes the game possible to play without internet access, it also opens up the ability for hackers to connect with any username they choose.
[21:35:11] [Server thread/WARN]: To change this, set "online-mode" to "true" in the server.properties file.
[21:35:11] [Server thread/INFO]: Preparing level "world"
[21:35:11] [Server thread/INFO]: -------- World Settings For [world] --------
[21:35:11] [Server thread/INFO]: Entity Activation Range: An 32 / Mo 32 / Ra 48 / Mi 16 / Tiv true / Isa false
[21:35:11] [Server thread/INFO]: Entity Tracking Range: Pl 48 / An 48 / Mo 48 / Mi 32 / Di 128 / Other 64
[21:35:11] [Server thread/INFO]: Hopper Transfer: 8 Hopper Check: 1 Hopper Amount: 1 Hopper Can Load Chunks: false
[21:35:11] [Server thread/INFO]: Experience Merge Radius: 3.0
[21:35:11] [Server thread/INFO]: Mob Spawn Range: 6
[21:35:11] [Server thread/INFO]: Cactus Growth Modifier: 100%
[21:35:11] [Server thread/INFO]: Cane Growth Modifier: 100%
[21:35:11] [Server thread/INFO]: Melon Growth Modifier: 100%
[21:35:11] [Server thread/INFO]: Mushroom Growth Modifier: 100%
[21:35:11] [Server thread/INFO]: Pumpkin Growth Modifier: 100%
[21:35:11] [Server thread/INFO]: Sapling Growth Modifier: 100%
[21:35:11] [Server thread/INFO]: Beetroot Growth Modifier: 100%
[21:35:11] [Server thread/INFO]: Carrot Growth Modifier: 100%
[21:35:11] [Server thread/INFO]: Potato Growth Modifier: 100%
[21:35:11] [Server thread/INFO]: Wheat Growth Modifier: 100%
[21:35:11] [Server thread/INFO]: NetherWart Growth Modifier: 100%
[21:35:11] [Server thread/INFO]: Vine Growth Modifier: 100%
[21:35:11] [Server thread/INFO]: Cocoa Growth Modifier: 100%
[21:35:11] [Server thread/INFO]: Bamboo Growth Modifier: 100%
[21:35:11] [Server thread/INFO]: SweetBerry Growth Modifier: 100%
[21:35:11] [Server thread/INFO]: Kelp Growth Modifier: 100%
[21:35:11] [Server thread/INFO]: TwistingVines Growth Modifier: 100%
[21:35:11] [Server thread/INFO]: WeepingVines Growth Modifier: 100%
[21:35:11] [Server thread/INFO]: CaveVines Growth Modifier: 100%
[21:35:11] [Server thread/INFO]: Custom Map Seeds:  Village: 10387312 Desert: 14357617 Igloo: 14357618 Jungle: 14357619 Swamp: 14357620 Monument: 10387313 Ocean: 14357621 Shipwreck: 165745295 End City: 10387313 Slime: 987234911 Nether: 30084232 Mansion: 10387319 Fossil: 14357921 Portal: 34222645
[21:35:11] [Server thread/INFO]: Max TNT Explosions: 100
[21:35:11] [Server thread/INFO]: Tile Max Tick Time: 50ms Entity max Tick Time: 50ms
[21:35:11] [Server thread/INFO]: Nerfing mobs spawned from spawners: false
[21:35:11] [Server thread/INFO]: View Distance: 32
[21:35:11] [Server thread/INFO]: Simulation Distance: 10
[21:35:11] [Server thread/INFO]: Item Despawn Rate: 6000
[21:35:11] [Server thread/INFO]: Item Merge Radius: 2.5
[21:35:11] [Server thread/INFO]: Allow Zombie Pigmen to spawn from portal blocks: true
[21:35:11] [Server thread/INFO]: Arrow Despawn Rate: 1200 Trident Respawn Rate:1200
[21:35:11] [Server thread/INFO]: Zombie Aggressive Towards Villager: true
[21:35:11] [Server thread/INFO]: -------- World Settings For [world_nether] --------
[21:35:11] [Server thread/INFO]: Entity Activation Range: An 32 / Mo 32 / Ra 48 / Mi 16 / Tiv true / Isa false
[21:35:11] [Server thread/INFO]: Entity Tracking Range: Pl 48 / An 48 / Mo 48 / Mi 32 / Di 128 / Other 64
[21:35:11] [Server thread/INFO]: Hopper Transfer: 8 Hopper Check: 1 Hopper Amount: 1 Hopper Can Load Chunks: false
[21:35:11] [Server thread/INFO]: Experience Merge Radius: 3.0
[21:35:11] [Server thread/INFO]: Mob Spawn Range: 6
[21:35:11] [Server thread/INFO]: Cactus Growth Modifier: 100%
[21:35:11] [Server thread/INFO]: Cane Growth Modifier: 100%
[21:35:11] [Server thread/INFO]: Melon Growth Modifier: 100%
[21:35:11] [Server thread/INFO]: Mushroom Growth Modifier: 100%
[21:35:11] [Server thread/INFO]: Pumpkin Growth Modifier: 100%
[21:35:11] [Server thread/INFO]: Sapling Growth Modifier: 100%
[21:35:11] [Server thread/INFO]: Beetroot Growth Modifier: 100%
[21:35:11] [Server thread/INFO]: Carrot Growth Modifier: 100%
[21:35:11] [Server thread/INFO]: Potato Growth Modifier: 100%
[21:35:11] [Server thread/INFO]: Wheat Growth Modifier: 100%
[21:35:11] [Server thread/INFO]: NetherWart Growth Modifier: 100%
[21:35:11] [Server thread/INFO]: Vine Growth Modifier: 100%
[21:35:11] [Server thread/INFO]: Cocoa Growth Modifier: 100%
[21:35:11] [Server thread/INFO]: Bamboo Growth Modifier: 100%
[21:35:11] [Server thread/INFO]: SweetBerry Growth Modifier: 100%
[21:35:11] [Server thread/INFO]: Kelp Growth Modifier: 100%
[21:35:11] [Server thread/INFO]: TwistingVines Growth Modifier: 100%
[21:35:11] [Server thread/INFO]: WeepingVines Growth Modifier: 100%
[21:35:11] [Server thread/INFO]: CaveVines Growth Modifier: 100%
[21:35:11] [Server thread/INFO]: Custom Map Seeds:  Village: 10387312 Desert: 14357617 Igloo: 14357618 Jungle: 14357619 Swamp: 14357620 Monument: 10387313 Ocean: 14357621 Shipwreck: 165745295 End City: 10387313 Slime: 987234911 Nether: 30084232 Mansion: 10387319 Fossil: 14357921 Portal: 34222645
[21:35:11] [Server thread/INFO]: Max TNT Explosions: 100
[21:35:11] [Server thread/INFO]: Tile Max Tick Time: 50ms Entity max Tick Time: 50ms
[21:35:11] [Server thread/INFO]: Nerfing mobs spawned from spawners: false
[21:35:11] [Server thread/INFO]: View Distance: 32
[21:35:11] [Server thread/INFO]: Simulation Distance: 10
[21:35:11] [Server thread/INFO]: Item Despawn Rate: 6000
[21:35:11] [Server thread/INFO]: Item Merge Radius: 2.5
[21:35:11] [Server thread/INFO]: Allow Zombie Pigmen to spawn from portal blocks: true
[21:35:11] [Server thread/INFO]: Arrow Despawn Rate: 1200 Trident Respawn Rate:1200
[21:35:11] [Server thread/INFO]: Zombie Aggressive Towards Villager: true
[21:35:14] [Server thread/INFO]: -------- World Settings For [world_the_end] --------
[21:35:14] [Server thread/INFO]: Entity Activation Range: An 32 / Mo 32 / Ra 48 / Mi 16 / Tiv true / Isa false
[21:35:14] [Server thread/INFO]: Entity Tracking Range: Pl 48 / An 48 / Mo 48 / Mi 32 / Di 128 / Other 64
[21:35:14] [Server thread/INFO]: Hopper Transfer: 8 Hopper Check: 1 Hopper Amount: 1 Hopper Can Load Chunks: false
[21:35:14] [Server thread/INFO]: Experience Merge Radius: 3.0
[21:35:14] [Server thread/INFO]: Mob Spawn Range: 6
[21:35:14] [Server thread/INFO]: Cactus Growth Modifier: 100%
[21:35:14] [Server thread/INFO]: Cane Growth Modifier: 100%
[21:35:14] [Server thread/INFO]: Melon Growth Modifier: 100%
[21:35:14] [Server thread/INFO]: Mushroom Growth Modifier: 100%
[21:35:14] [Server thread/INFO]: Pumpkin Growth Modifier: 100%
[21:35:14] [Server thread/INFO]: Sapling Growth Modifier: 100%
[21:35:14] [Server thread/INFO]: Beetroot Growth Modifier: 100%
[21:35:14] [Server thread/INFO]: Carrot Growth Modifier: 100%
[21:35:14] [Server thread/INFO]: Potato Growth Modifier: 100%
[21:35:14] [Server thread/INFO]: Wheat Growth Modifier: 100%
[21:35:14] [Server thread/INFO]: NetherWart Growth Modifier: 100%
[21:35:14] [Server thread/INFO]: Vine Growth Modifier: 100%
[21:35:14] [Server thread/INFO]: Cocoa Growth Modifier: 100%
[21:35:14] [Server thread/INFO]: Bamboo Growth Modifier: 100%
[21:35:14] [Server thread/INFO]: SweetBerry Growth Modifier: 100%
[21:35:14] [Server thread/INFO]: Kelp Growth Modifier: 100%
[21:35:14] [Server thread/INFO]: TwistingVines Growth Modifier: 100%
[21:35:14] [Server thread/INFO]: WeepingVines Growth Modifier: 100%
[21:35:14] [Server thread/INFO]: CaveVines Growth Modifier: 100%
[21:35:14] [Server thread/INFO]: Custom Map Seeds:  Village: 10387312 Desert: 14357617 Igloo: 14357618 Jungle: 14357619 Swamp: 14357620 Monument: 10387313 Ocean: 14357621 Shipwreck: 165745295 End City: 10387313 Slime: 987234911 Nether: 30084232 Mansion: 10387319 Fossil: 14357921 Portal: 34222645
[21:35:14] [Server thread/INFO]: Max TNT Explosions: 100
[21:35:14] [Server thread/INFO]: Tile Max Tick Time: 50ms Entity max Tick Time: 50ms
[21:35:14] [Server thread/INFO]: Nerfing mobs spawned from spawners: false
[21:35:14] [Server thread/INFO]: View Distance: 32
[21:35:14] [Server thread/INFO]: Simulation Distance: 10
[21:35:14] [Server thread/INFO]: Item Despawn Rate: 6000
[21:35:14] [Server thread/INFO]: Item Merge Radius: 2.5
[21:35:14] [Server thread/INFO]: Allow Zombie Pigmen to spawn from portal blocks: true
[21:35:14] [Server thread/INFO]: Arrow Despawn Rate: 1200 Trident Respawn Rate:1200
[21:35:14] [Server thread/INFO]: Zombie Aggressive Towards Villager: true
[21:35:14] [Server thread/INFO]: Preparing start region for dimension minecraft:overworld
[21:35:20] [Worker-Main-1/INFO]: Preparing spawn area: 0%
[21:35:20] [Worker-Main-2/INFO]: Preparing spawn area: 0%
[21:35:20] [Worker-Main-1/INFO]: Preparing spawn area: 0%
[21:35:20] [Worker-Main-2/INFO]: Preparing spawn area: 0%
[21:35:20] [Worker-Main-1/INFO]: Preparing spawn area: 0%
[21:35:20] [Worker-Main-2/INFO]: Preparing spawn area: 0%
[21:35:20] [Worker-Main-2/INFO]: Preparing spawn area: 0%
[21:35:20] [Worker-Main-3/INFO]: Preparing spawn area: 0%
[21:35:20] [Worker-Main-2/INFO]: Preparing spawn area: 0%
[21:35:20] [Worker-Main-2/INFO]: Preparing spawn area: 0%
[21:35:20] [Worker-Main-1/INFO]: Preparing spawn area: 0%
[21:35:20] [Worker-Main-3/INFO]: Preparing spawn area: 0%
[21:35:20] [Worker-Main-3/INFO]: Preparing spawn area: 4%
[21:35:21] [Worker-Main-2/INFO]: Preparing spawn area: 90%
[21:35:21] [Server thread/INFO]: Time elapsed: 6603 ms
[21:35:21] [Server thread/INFO]: Preparing start region for dimension minecraft:the_nether
[21:35:24] [Worker-Main-2/INFO]: Preparing spawn area: 0%
[21:35:24] [Worker-Main-1/INFO]: Preparing spawn area: 0%
[21:35:24] [Worker-Main-1/INFO]: Preparing spawn area: 0%
[21:35:24] [Worker-Main-1/INFO]: Preparing spawn area: 0%
[21:35:24] [Worker-Main-1/INFO]: Preparing spawn area: 0%
[21:35:24] [Worker-Main-2/INFO]: Preparing spawn area: 0%
[21:35:24] [Worker-Main-2/INFO]: Preparing spawn area: 0%
[21:35:25] [Worker-Main-3/INFO]: Preparing spawn area: 22%
[21:35:25] [Worker-Main-1/INFO]: Preparing spawn area: 88%
[21:35:25] [Server thread/INFO]: Time elapsed: 4061 ms
[21:35:25] [Server thread/INFO]: Preparing start region for dimension minecraft:the_end
[21:35:27] [Worker-Main-3/INFO]: Preparing spawn area: 0%
[21:35:27] [Worker-Main-3/INFO]: Preparing spawn area: 0%
[21:35:27] [Worker-Main-3/INFO]: Preparing spawn area: 0%
[21:35:27] [Worker-Main-3/INFO]: Preparing spawn area: 0%
[21:35:27] [Worker-Main-3/INFO]: Preparing spawn area: 22%
[21:35:27] [Server thread/INFO]: Time elapsed: 2356 ms
[21:35:28] [Server thread/INFO]: [CoreProtect] Enabling CoreProtect v22.4
[21:35:28] [Server thread/INFO]: [0;37;1m[0;37;1m[m[CoreProtect] CoreProtect has been successfully enabled![0;37;1m[0;37;1m [m
[21:35:28] [Server thread/INFO]: [CoreProtect] Using SQLite for data storage.
[21:35:28] [Server thread/INFO]: --------------------
[21:35:28] [Server thread/INFO]: [CoreProtect] Enjoy CoreProtect? Join our Discord!
[21:35:28] [Server thread/INFO]: [CoreProtect] Discord: www.coreprotect.net/discord/
[21:35:28] [Server thread/INFO]: --------------------
[21:35:28] [Server thread/INFO]: [ViaVersion] Enabling ViaVersion v5.2.1
[21:35:28] [Server thread/INFO]: [ViaVersion] ViaVersion detected server version: 1.20.3-1.20.4 (765)
[21:35:28] [Server thread/WARN]: [ViaVersion] Please update your Java runtime to at least Java 21 (your version is 17.0.14).
[21:35:28] [Server thread/WARN]: [ViaVersion] At some point in the future, ViaVersion will no longer be compatible with this version of Java.
[21:35:28] [Server thread/INFO]: [MeowPlugin] Enabling MeowPlugin v0.1
[21:35:28] [Server thread/INFO]: [TabTPS] Enabling TabTPS v1.3.22
[21:35:28] [Server thread/WARN]: [TabTPS] ====================================================
[21:35:28] [Server thread/WARN]: [TabTPS]  TabTPS works better if you use Paper 
[21:35:28] [Server thread/WARN]: [TabTPS]  as your server software. 
[21:35:28] [Server thread/WARN]: [TabTPS]   
[21:35:28] [Server thread/WARN]: [TabTPS]  Paper offers significant performance improvements,
[21:35:28] [Server thread/WARN]: [TabTPS]  bug fixes, security enhancements and optional
[21:35:28] [Server thread/WARN]: [TabTPS]  features for server owners to enhance their server.
[21:35:28] [Server thread/WARN]: [TabTPS]   
[21:35:28] [Server thread/WARN]: [TabTPS]  Paper includes Timings v2, which is significantly
[21:35:28] [Server thread/WARN]: [TabTPS]  better at diagnosing lag problems over v1.
[21:35:28] [Server thread/WARN]: [TabTPS]   
[21:35:28] [Server thread/WARN]: [TabTPS]  All of your plugins should still work, and the
[21:35:28] [Server thread/WARN]: [TabTPS]  Paper community will gladly help you fix any issues.
[21:35:28] [Server thread/WARN]: [TabTPS]   
[21:35:28] [Server thread/WARN]: [TabTPS]  Join the Paper Community @ https://papermc.io
[21:35:28] [Server thread/WARN]: [TabTPS] ====================================================
[21:35:29] [Server thread/INFO]: [floodgate] Enabling floodgate v2.2.4-SNAPSHOT (b116-0e3163c)
[21:35:29] [Server thread/INFO]: [ViaBackwards] Enabling ViaBackwards v5.2.1
[21:35:29] [Server thread/INFO]: [Geyser-Spigot] Enabling Geyser-Spigot v2.6.1-SNAPSHOT
[21:35:29] [Server thread/INFO]: Server permissions file permissions.yml is empty, ignoring it
[21:35:29] [Server thread/INFO]: [Geyser-Spigot] ******************************************
[21:35:29] [Server thread/INFO]: [Geyser-Spigot] 
[21:35:29] [Server thread/INFO]: [Geyser-Spigot] 正在加载 Geyser 版本 2.6.1-b775 (git-master-97cc876)
[21:35:29] [Server thread/INFO]: [Geyser-Spigot] 
[21:35:29] [Server thread/INFO]: [Geyser-Spigot] ******************************************
[21:35:33] [epollEventLoopGroup-3-1/INFO]: [Geyser-Spigot] 已在 UDP 端口 19132 上启动 Geyser
[21:35:33] [Server thread/INFO]: [Geyser-Spigot] 完成 (4.134秒)！ 运行 /geyser help 以获取帮助！
[21:35:33] [Server thread/INFO]: Done (22.588s)! For help, type "help"
[21:35:34] [Craft Scheduler Thread - 3/INFO]: [ViaVersion] Finished mapping loading, shutting down loader executor.
[21:35:34] [Craft Scheduler Thread - 1/INFO]: [33;1m[[32;22mSkinsRestorer[33;1m] [0;39m[32;1m----------------------------------------------[0;39m[m
[21:35:34] [Craft Scheduler Thread - 1/INFO]: [33;1m[[32;22mSkinsRestorer[33;1m] [0;39m[32;1m    +==================+[0;39m[m
[21:35:34] [Craft Scheduler Thread - 1/INFO]: [33;1m[[32;22mSkinsRestorer[33;1m] [0;39m[32;1m    |   SkinsRestorer  |[0;39m[m
[21:35:34] [Craft Scheduler Thread - 1/INFO]: [33;1m[[32;22mSkinsRestorer[33;1m] [0;39m[32;1m    |------------------|[0;39m[m
[21:35:34] [Craft Scheduler Thread - 1/INFO]: [33;1m[[32;22mSkinsRestorer[33;1m] [0;39m[32;1m    |  [34;1m[4m[21mStandalone Mode[0;39m[32;1m |[0;39m[m
[21:35:34] [Craft Scheduler Thread - 1/INFO]: [33;1m[[32;22mSkinsRestorer[33;1m] [0;39m[32;1m    +==================+[0;39m[m
[21:35:34] [Craft Scheduler Thread - 1/INFO]: [33;1m[[32;22mSkinsRestorer[33;1m] [0;39m[32;1m----------------------------------------------[0;39m[m
[21:35:34] [Craft Scheduler Thread - 1/INFO]: [33;1m[[32;22mSkinsRestorer[33;1m] [0;39m[36;1m    Version: [32;1m15.5.3[0;39m[m
[21:35:34] [Craft Scheduler Thread - 1/INFO]: [33;1m[[32;22mSkinsRestorer[33;1m] [0;39m[36;1m    Commit: [32;1m86e796c[0;39m[m
[21:35:34] [Craft Scheduler Thread - 1/INFO]: [33;1m[[32;22mSkinsRestorer[33;1m] [0;39m[32;1m    This is the latest version![0;39m[m
[21:35:34] [Craft Scheduler Thread - 1/INFO]: [33;1m[[32;22mSkinsRestorer[33;1m] [0;39m[32;1m----------------------------------------------[0;39m[m
[21:35:34] [Craft Scheduler Thread - 1/INFO]: [33;1m[[32;22mSkinsRestorer[33;1m] [0;39m[34;1mDo you have issues? Read our troubleshooting guide: [33;1mhttps://skinsrestorer.net/docs/troubleshooting[0;39m[m
[21:35:34] [Craft Scheduler Thread - 1/INFO]: [33;1m[[32;22mSkinsRestorer[33;1m] [0;39m[34;1mWant to support SkinsRestorer? Consider donating: [33;1mhttps://skinsrestorer.net/donate[0;39m[m
[21:35:35] [Craft Scheduler Thread - 4/INFO]: There is an update available for TabTPS!
[21:35:35] [Craft Scheduler Thread - 4/INFO]: This server is running version v1.3.22, which is 4 versions outdated.
[21:35:35] [Craft Scheduler Thread - 4/INFO]: Download the latest version, v1.3.26 from GitHub at the link below:
[21:35:35] [Craft Scheduler Thread - 4/INFO]: https://github.com/jpenilla/TabTPS/releases/tag/v1.3.26
[21:36:16] [epollEventLoopGroup-4-1/INFO]: [Geyser-Spigot] 玩家已连接，用户名为touxl1916
[21:36:16] [localSession-7-2/INFO]: [Geyser-Spigot] touxl1916（以 touxl1916 登录）已连接到 Java 服务器
[21:36:18] [Server thread/INFO]: [floodgate] Floodgate 玩家 touxl1916 加入了 (UUID: 573ccf2e-f5c4-4889-888e-85475b05b4c5)
[21:36:18] [Server thread/INFO]: touxl1916 joined the game
[21:36:18] [Server thread/INFO]: touxl1916[/192.168.10.17:0] logged in with entity id 265 at ([world]676.6352, 79.0, 1048.354)
[21:36:35] [Geyser Spigot connection thread-6-3/INFO]: [floodgate] Floodgate 玩家 touxl1916 已断开连接
[21:36:35] [localSession-7-2/INFO]: [Geyser-Spigot] touxl1916 已因 基岩版客户端已断开连接 与 Java 服务器断开了连接
[21:36:35] [Server thread/INFO]: touxl1916 lost connection: Disconnected
[21:36:35] [Server thread/INFO]: touxl1916 left the game
[21:37:06] [User Authenticator #1/INFO]: UUID of player touxl1916 is dda5a998-ba1e-3605-af21-6aeffaf8c42e
[21:37:07] [Server thread/INFO]: touxl1916 joined the game
[21:37:07] [Server thread/INFO]: touxl1916[/127.0.0.1:49836] logged in with entity id 570 at ([world]40.17674472504251, 72.0, 55.58596753032081)
[21:37:23] [Server thread/INFO]: touxl1916 lost connection: Disconnected
[21:37:23] [Server thread/INFO]: touxl1916 left the game
[21:38:30] [User Authenticator #2/INFO]: UUID of player touxl1916 is dda5a998-ba1e-3605-af21-6aeffaf8c42e
[21:38:31] [Server thread/INFO]: touxl1916 joined the game
[21:38:31] [Server thread/INFO]: touxl1916[/127.0.0.1:53690] logged in with entity id 1223 at ([world]45.756890599000315, 70.0, 47.56938094676422)
[21:38:37] [Server thread/INFO]: touxl1916 lost connection: Disconnected
[21:38:37] [Server thread/INFO]: touxl1916 left the game
[21:38:43] [epollEventLoopGroup-4-2/INFO]: [Geyser-Spigot] 玩家已连接，用户名为touxl1916
[21:38:43] [localSession-7-3/INFO]: [Geyser-Spigot] touxl1916（以 touxl1916 登录）已连接到 Java 服务器
[21:38:44] [Server thread/INFO]: [floodgate] Floodgate 玩家 touxl1916 加入了 (UUID: 573ccf2e-f5c4-4889-888e-85475b05b4c5)
[21:38:44] [Server thread/INFO]: touxl1916 joined the game
[21:38:44] [Server thread/INFO]: touxl1916[/192.168.10.17:0] logged in with entity id 1752 at ([world]670.0631, 80.0, 1051.30001)
[21:38:54] [localSession-7-3/INFO]: [Geyser-Spigot] touxl1916 已因 基岩版客户端已断开连接 与 Java 服务器断开了连接
[21:38:54] [Geyser Spigot connection thread-6-4/INFO]: [floodgate] Floodgate 玩家 touxl1916 已断开连接
[21:38:54] [Server thread/INFO]: touxl1916 lost connection: Disconnected
[21:38:54] [Server thread/INFO]: touxl1916 left the game
[21:45:55] [User Authenticator #3/INFO]: UUID of player touxl1916 is dda5a998-ba1e-3605-af21-6aeffaf8c42e
[21:45:56] [Server thread/INFO]: touxl1916 joined the game
[21:45:56] [Server thread/INFO]: touxl1916[/127.0.0.1:41612] logged in with entity id 2265 at ([world]45.756890599000315, 70.0, 47.56938094676422)
[21:46:03] [Server thread/INFO]: touxl1916 lost connection: Disconnected
[21:46:03] [Server thread/INFO]: touxl1916 left the game
[21:50:52] [User Authenticator #4/INFO]: UUID of player touxl1916 is dda5a998-ba1e-3605-af21-6aeffaf8c42e
[21:50:52] [Server thread/INFO]: touxl1916 joined the game
[21:50:52] [Server thread/INFO]: touxl1916[/127.0.0.1:35222] logged in with entity id 2937 at ([world]45.756890599000315, 70.0, 47.56938094676422)
[21:51:02] [Server thread/INFO]: touxl1916 lost connection: Disconnected
[21:51:02] [Server thread/INFO]: touxl1916 left the game
[21:51:34] [epollEventLoopGroup-4-3/INFO]: [Geyser-Spigot] 玩家已连接，用户名为touxl1916
[21:51:34] [localSession-7-4/INFO]: [Geyser-Spigot] touxl1916（以 touxl1916 登录）已连接到 Java 服务器
[21:51:35] [Server thread/INFO]: [floodgate] Floodgate 玩家 touxl1916 加入了 (UUID: 573ccf2e-f5c4-4889-888e-85475b05b4c5)
[21:51:35] [Server thread/INFO]: touxl1916 joined the game
[21:51:35] [Server thread/INFO]: touxl1916[/192.168.10.16:0] logged in with entity id 3528 at ([world]670.12366, 79.0, 1053.853)
[22:00:55] [localSession-7-4/INFO]: [Geyser-Spigot] touxl1916 已因 基岩版客户端已断开连接 与 Java 服务器断开了连接
[22:00:55] [Geyser Spigot connection thread-6-1/INFO]: [floodgate] Floodgate 玩家 touxl1916 已断开连接
[22:00:55] [Server thread/INFO]: touxl1916 lost connection: Disconnected
[22:00:55] [Server thread/INFO]: touxl1916 left the game
[22:00:59] [Server thread/WARN]: Can't keep up! Is the server overloaded? Running 3304ms or 66 ticks behind
[22:03:21] [User Authenticator #5/INFO]: UUID of player touxl is 809b1e92-9f93-36ea-97a8-612db960112f
[22:03:21] [Server thread/INFO]: touxl joined the game
[22:03:21] [Server thread/INFO]: touxl[/127.0.0.1:60340] logged in with entity id 6252 at ([world]55.5, 66.0, 42.5)
[22:03:42] [User Authenticator #6/INFO]: UUID of player touxl1916 is dda5a998-ba1e-3605-af21-6aeffaf8c42e
[22:03:43] [Server thread/INFO]: touxl1916 joined the game
[22:03:43] [Server thread/INFO]: touxl1916[/127.0.0.1:51268] logged in with entity id 7126 at ([world]41.46455203196773, 72.0, 54.6836824722693)
[22:03:55] [Server thread/INFO]: Set the time to 1000
[22:04:04] [Server thread/INFO]: touxl1916 was slain by Zombie
[22:04:27] [epollEventLoopGroup-4-4/INFO]: [Geyser-Spigot] 玩家已连接，用户名为touxl1916
[22:04:27] [localSession-7-1/INFO]: [Geyser-Spigot] touxl1916（以 touxl1916 登录）已连接到 Java 服务器
[22:04:28] [Server thread/INFO]: [floodgate] Floodgate 玩家 touxl1916 加入了 (UUID: 573ccf2e-f5c4-4889-888e-85475b05b4c5)
[22:04:28] [Server thread/INFO]: touxl1916 joined the game
[22:04:28] [Server thread/INFO]: touxl1916[/192.168.10.16:0] logged in with entity id 7369 at ([world]677.2946, 79.0, 1048.3434)
[22:05:53] [localSession-7-1/INFO]: [Geyser-Spigot] touxl1916 已因 基岩版客户端已断开连接 与 Java 服务器断开了连接
[22:05:53] [Geyser Spigot connection thread-6-2/INFO]: [floodgate] Floodgate 玩家 touxl1916 已断开连接
[22:05:53] [Server thread/INFO]: touxl1916 lost connection: Disconnected
[22:05:53] [Server thread/INFO]: touxl1916 left the game
[22:05:57] [Server thread/WARN]: Can't keep up! Is the server overloaded? Running 3631ms or 72 ticks behind
[22:06:03] [Server thread/INFO]: touxl1916 lost connection: Disconnected
[22:06:03] [Server thread/INFO]: touxl1916 left the game
[22:06:06] [Server thread/INFO]: touxl lost connection: Disconnected
[22:06:06] [Server thread/INFO]: touxl left the game
[22:06:53] [User Authenticator #7/INFO]: UUID of player touxl1916 is dda5a998-ba1e-3605-af21-6aeffaf8c42e
[22:06:53] [Server thread/INFO]: touxl1916 joined the game
[22:06:53] [Server thread/INFO]: touxl1916[/127.0.0.1:34780] logged in with entity id 8665 at ([world]38.5, 70.0, 40.5)
[22:08:17] [Server thread/INFO]: touxl1916 lost connection: Disconnected
[22:08:17] [Server thread/INFO]: touxl1916 left the game
[22:09:46] [User Authenticator #8/INFO]: UUID of player touxl1916 is dda5a998-ba1e-3605-af21-6aeffaf8c42e
[22:09:46] [Server thread/INFO]: touxl1916 joined the game
[22:09:46] [Server thread/INFO]: touxl1916[/127.0.0.1:37040] logged in with entity id 9590 at ([world]38.5, 70.0, 40.5)
[22:09:48] [Server thread/INFO]: touxl1916 lost connection: Disconnected
[22:09:48] [Server thread/INFO]: touxl1916 left the game
[22:10:50] [epollEventLoopGroup-4-1/INFO]: [Geyser-Spigot] 玩家已连接，用户名为touxl1916
[22:10:50] [localSession-7-2/INFO]: [Geyser-Spigot] touxl1916（以 touxl1916 登录）已连接到 Java 服务器
[22:10:51] [Server thread/INFO]: [floodgate] Floodgate 玩家 touxl1916 加入了 (UUID: 573ccf2e-f5c4-4889-888e-85475b05b4c5)
[22:10:51] [Server thread/INFO]: touxl1916 joined the game
[22:10:51] [Server thread/INFO]: touxl1916[/192.168.10.16:0] logged in with entity id 9815 at ([world]667.9773, 79.0, 1052.857)
[22:11:03] [Geyser Spigot connection thread-6-3/INFO]: [floodgate] Floodgate 玩家 touxl1916 已断开连接
[22:11:03] [localSession-7-2/INFO]: [Geyser-Spigot] touxl1916 已因 基岩版客户端已断开连接 与 Java 服务器断开了连接
[22:11:03] [Server thread/INFO]: touxl1916 lost connection: Disconnected
[22:11:03] [Server thread/INFO]: touxl1916 left the game
