[13:02:24] [ServerMain/INFO]: Environment: Environment[sessionHost=https://sessionserver.mojang.com, servicesHost=https://api.minecraftservices.com, name=PROD]
[13:02:26] [ServerMain/INFO]: Loaded 7 recipes
[13:02:27] [Server thread/INFO]: Starting minecraft server version 1.20.4
[13:02:27] [Server thread/INFO]: Loading properties
[13:02:27] [Server thread/INFO]: This server is running CraftBukkit version 4074-Spigot-e9ec548-51bbab2 (MC: 1.20.4) (Implementing API version 1.20.4-R0.1-SNAPSHOT)
[13:02:28] [Server thread/INFO]: Server Ping Player Sample Count: 12
[13:02:28] [Server thread/INFO]: Using 4 threads for Netty based IO
[13:02:28] [Server thread/INFO]: Debug logging is disabled
[13:02:28] [Server thread/INFO]: Default game type: SURVIVAL
[13:02:28] [Server thread/INFO]: Generating keypair
[13:02:28] [Server thread/INFO]: Starting Minecraft server on *:25566
[13:02:28] [Server thread/INFO]: Using epoll channel type
[13:02:29] [Server thread/INFO]: [CoreProtect] Loading CoreProtect v22.4
[13:02:29] [Server thread/INFO]: [ViaVersion] Loading ViaVersion v5.2.1
[13:02:29] [Server thread/INFO]: [ViaVersion] ViaVersion 5.2.1 is now loaded. Registering protocol transformers and injecting...
[13:02:30] [Via-Mappingloader-0/INFO]: [ViaVersion] Loading block connection mappings ...
[13:02:30] [Via-Mappingloader-0/INFO]: [ViaVersion] Using FastUtil Long2ObjectOpenHashMap for block connections
[13:02:30] [Server thread/INFO]: [ViaBackwards] Loading translations...
[13:02:30] [Server thread/INFO]: [ViaBackwards] Registering protocols...
[13:02:31] [Server thread/INFO]: [ViaRewind] Registering protocols...
[13:02:31] [Server thread/INFO]: [MeowPlugin] Loading MeowPlugin v0.1
[13:02:31] [Server thread/INFO]: [TabTPS] Loading TabTPS v1.3.22
[13:02:31] [Server thread/INFO]: [floodgate] Loading floodgate v2.2.4-SNAPSHOT (b116-0e3163c)
[13:02:32] [Server thread/INFO]: [floodgate] 启动 Floodgate，耗时746ms
[13:02:32] [Server thread/INFO]: [ViaBackwards] Loading ViaBackwards v5.2.1
[13:02:32] [Server thread/INFO]: [ViaRewind] Loading ViaRewind v4.0.5
[13:02:32] [Server thread/INFO]: [SkinsRestorer] Loading SkinsRestorer v15.5.3
[13:02:32] [Server thread/INFO]: [Geyser-Spigot] Loading Geyser-Spigot v2.6.1-SNAPSHOT
[13:02:33] [Server thread/INFO]: [Geyser-Spigot] 正在加载扩展...
[13:02:33] [Server thread/INFO]: [Geyser-Spigot] 已加载 0 个扩展
[13:02:33] [Server thread/INFO]: [ViaRewind] Enabling ViaRewind v4.0.5
[13:02:33] [Server thread/INFO]: [SkinsRestorer] Enabling SkinsRestorer v15.5.3
[13:02:33] [Server thread/WARN]: [33;1m[[32;22mSkinsRestorer[33;1m] [0;39m[33;1mYou must agree to the rules at 'commands.perSkinPermissionsConsent' in the config to use per skin permissions.[0;39m
[13:02:33] [Server thread/INFO]: [33;1m[[32;22mSkinsRestorer[33;1m] [0;39m[32;1mRunning on Minecraft [33;1m1.20.4[32;1m.[0;39m[m
[13:02:34] [Server thread/INFO]: [33;1m[[32;22mSkinsRestorer[33;1m] [0;39mFloodgate skin listener registered[0;39m[m
[13:02:34] [Server thread/WARN]: [33;1m[[32;22mSkinsRestorer[33;1m] [0;39m[33;1m[33;1mPlease update your Java runtime to at least Java 21 (your version is 17).[0;39m
[13:02:34] [Server thread/WARN]: [33;1m[[32;22mSkinsRestorer[33;1m] [0;39m[33;1m[33;1mAt some point in the future, SkinsRestorer will no longer be compatible with this version of Java.[0;39m
[13:02:34] [Server thread/WARN]: **** SERVER IS RUNNING IN OFFLINE/INSECURE MODE!
[13:02:34] [Server thread/WARN]: The server will make no attempt to authenticate usernames. Beware.
[13:02:34] [Server thread/WARN]: While this makes the game possible to play without internet access, it also opens up the ability for hackers to connect with any username they choose.
[13:02:34] [Server thread/WARN]: To change this, set "online-mode" to "true" in the server.properties file.
[13:02:34] [Server thread/INFO]: Preparing level "world"
[13:02:34] [Server thread/INFO]: -------- World Settings For [world] --------
[13:02:34] [Server thread/INFO]: Experience Merge Radius: 3.0
[13:02:34] [Server thread/INFO]: Mob Spawn Range: 6
[13:02:34] [Server thread/INFO]: Cactus Growth Modifier: 100%
[13:02:34] [Server thread/INFO]: Cane Growth Modifier: 100%
[13:02:34] [Server thread/INFO]: Melon Growth Modifier: 100%
[13:02:34] [Server thread/INFO]: Mushroom Growth Modifier: 100%
[13:02:34] [Server thread/INFO]: Pumpkin Growth Modifier: 100%
[13:02:34] [Server thread/INFO]: Sapling Growth Modifier: 100%
[13:02:34] [Server thread/INFO]: Beetroot Growth Modifier: 100%
[13:02:34] [Server thread/INFO]: Carrot Growth Modifier: 100%
[13:02:34] [Server thread/INFO]: Potato Growth Modifier: 100%
[13:02:34] [Server thread/INFO]: Wheat Growth Modifier: 100%
[13:02:34] [Server thread/INFO]: NetherWart Growth Modifier: 100%
[13:02:34] [Server thread/INFO]: Vine Growth Modifier: 100%
[13:02:34] [Server thread/INFO]: Cocoa Growth Modifier: 100%
[13:02:34] [Server thread/INFO]: Bamboo Growth Modifier: 100%
[13:02:34] [Server thread/INFO]: SweetBerry Growth Modifier: 100%
[13:02:34] [Server thread/INFO]: Kelp Growth Modifier: 100%
[13:02:34] [Server thread/INFO]: TwistingVines Growth Modifier: 100%
[13:02:34] [Server thread/INFO]: WeepingVines Growth Modifier: 100%
[13:02:34] [Server thread/INFO]: CaveVines Growth Modifier: 100%
[13:02:34] [Server thread/INFO]: Entity Activation Range: An 32 / Mo 32 / Ra 48 / Mi 16 / Tiv true / Isa false
[13:02:34] [Server thread/INFO]: Entity Tracking Range: Pl 48 / An 48 / Mo 48 / Mi 32 / Di 128 / Other 64
[13:02:34] [Server thread/INFO]: Hopper Transfer: 8 Hopper Check: 1 Hopper Amount: 1 Hopper Can Load Chunks: false
[13:02:34] [Server thread/INFO]: Custom Map Seeds:  Village: 10387312 Desert: 14357617 Igloo: 14357618 Jungle: 14357619 Swamp: 14357620 Monument: 10387313 Ocean: 14357621 Shipwreck: 165745295 End City: 10387313 Slime: 987234911 Nether: 30084232 Mansion: 10387319 Fossil: 14357921 Portal: 34222645
[13:02:34] [Server thread/INFO]: Max TNT Explosions: 100
[13:02:34] [Server thread/INFO]: Tile Max Tick Time: 50ms Entity max Tick Time: 50ms
[13:02:34] [Server thread/INFO]: Zombie Aggressive Towards Villager: true
[13:02:34] [Server thread/INFO]: Nerfing mobs spawned from spawners: false
[13:02:34] [Server thread/INFO]: View Distance: 32
[13:02:34] [Server thread/INFO]: Simulation Distance: 10
[13:02:34] [Server thread/INFO]: Item Despawn Rate: 6000
[13:02:34] [Server thread/INFO]: Item Merge Radius: 2.5
[13:02:34] [Server thread/INFO]: Allow Zombie Pigmen to spawn from portal blocks: true
[13:02:34] [Server thread/INFO]: Arrow Despawn Rate: 1200 Trident Respawn Rate:1200
[13:02:34] [Server thread/INFO]: -------- World Settings For [world_nether] --------
[13:02:34] [Server thread/INFO]: Experience Merge Radius: 3.0
[13:02:34] [Server thread/INFO]: Mob Spawn Range: 6
[13:02:34] [Server thread/INFO]: Cactus Growth Modifier: 100%
[13:02:34] [Server thread/INFO]: Cane Growth Modifier: 100%
[13:02:34] [Server thread/INFO]: Melon Growth Modifier: 100%
[13:02:34] [Server thread/INFO]: Mushroom Growth Modifier: 100%
[13:02:34] [Server thread/INFO]: Pumpkin Growth Modifier: 100%
[13:02:34] [Server thread/INFO]: Sapling Growth Modifier: 100%
[13:02:34] [Server thread/INFO]: Beetroot Growth Modifier: 100%
[13:02:34] [Server thread/INFO]: Carrot Growth Modifier: 100%
[13:02:34] [Server thread/INFO]: Potato Growth Modifier: 100%
[13:02:34] [Server thread/INFO]: Wheat Growth Modifier: 100%
[13:02:34] [Server thread/INFO]: NetherWart Growth Modifier: 100%
[13:02:34] [Server thread/INFO]: Vine Growth Modifier: 100%
[13:02:34] [Server thread/INFO]: Cocoa Growth Modifier: 100%
[13:02:34] [Server thread/INFO]: Bamboo Growth Modifier: 100%
[13:02:34] [Server thread/INFO]: SweetBerry Growth Modifier: 100%
[13:02:34] [Server thread/INFO]: Kelp Growth Modifier: 100%
[13:02:34] [Server thread/INFO]: TwistingVines Growth Modifier: 100%
[13:02:34] [Server thread/INFO]: WeepingVines Growth Modifier: 100%
[13:02:34] [Server thread/INFO]: CaveVines Growth Modifier: 100%
[13:02:34] [Server thread/INFO]: Entity Activation Range: An 32 / Mo 32 / Ra 48 / Mi 16 / Tiv true / Isa false
[13:02:34] [Server thread/INFO]: Entity Tracking Range: Pl 48 / An 48 / Mo 48 / Mi 32 / Di 128 / Other 64
[13:02:34] [Server thread/INFO]: Hopper Transfer: 8 Hopper Check: 1 Hopper Amount: 1 Hopper Can Load Chunks: false
[13:02:34] [Server thread/INFO]: Custom Map Seeds:  Village: 10387312 Desert: 14357617 Igloo: 14357618 Jungle: 14357619 Swamp: 14357620 Monument: 10387313 Ocean: 14357621 Shipwreck: 165745295 End City: 10387313 Slime: 987234911 Nether: 30084232 Mansion: 10387319 Fossil: 14357921 Portal: 34222645
[13:02:34] [Server thread/INFO]: Max TNT Explosions: 100
[13:02:34] [Server thread/INFO]: Tile Max Tick Time: 50ms Entity max Tick Time: 50ms
[13:02:34] [Server thread/INFO]: Zombie Aggressive Towards Villager: true
[13:02:34] [Server thread/INFO]: Nerfing mobs spawned from spawners: false
[13:02:34] [Server thread/INFO]: View Distance: 32
[13:02:34] [Server thread/INFO]: Simulation Distance: 10
[13:02:34] [Server thread/INFO]: Item Despawn Rate: 6000
[13:02:34] [Server thread/INFO]: Item Merge Radius: 2.5
[13:02:34] [Server thread/INFO]: Allow Zombie Pigmen to spawn from portal blocks: true
[13:02:34] [Server thread/INFO]: Arrow Despawn Rate: 1200 Trident Respawn Rate:1200
[13:02:38] [Server thread/INFO]: -------- World Settings For [world_the_end] --------
[13:02:38] [Server thread/INFO]: Experience Merge Radius: 3.0
[13:02:38] [Server thread/INFO]: Mob Spawn Range: 6
[13:02:38] [Server thread/INFO]: Cactus Growth Modifier: 100%
[13:02:38] [Server thread/INFO]: Cane Growth Modifier: 100%
[13:02:38] [Server thread/INFO]: Melon Growth Modifier: 100%
[13:02:38] [Server thread/INFO]: Mushroom Growth Modifier: 100%
[13:02:38] [Server thread/INFO]: Pumpkin Growth Modifier: 100%
[13:02:38] [Server thread/INFO]: Sapling Growth Modifier: 100%
[13:02:38] [Server thread/INFO]: Beetroot Growth Modifier: 100%
[13:02:38] [Server thread/INFO]: Carrot Growth Modifier: 100%
[13:02:38] [Server thread/INFO]: Potato Growth Modifier: 100%
[13:02:38] [Server thread/INFO]: Wheat Growth Modifier: 100%
[13:02:38] [Server thread/INFO]: NetherWart Growth Modifier: 100%
[13:02:38] [Server thread/INFO]: Vine Growth Modifier: 100%
[13:02:38] [Server thread/INFO]: Cocoa Growth Modifier: 100%
[13:02:38] [Server thread/INFO]: Bamboo Growth Modifier: 100%
[13:02:38] [Server thread/INFO]: SweetBerry Growth Modifier: 100%
[13:02:38] [Server thread/INFO]: Kelp Growth Modifier: 100%
[13:02:38] [Server thread/INFO]: TwistingVines Growth Modifier: 100%
[13:02:38] [Server thread/INFO]: WeepingVines Growth Modifier: 100%
[13:02:38] [Server thread/INFO]: CaveVines Growth Modifier: 100%
[13:02:38] [Server thread/INFO]: Entity Activation Range: An 32 / Mo 32 / Ra 48 / Mi 16 / Tiv true / Isa false
[13:02:38] [Server thread/INFO]: Entity Tracking Range: Pl 48 / An 48 / Mo 48 / Mi 32 / Di 128 / Other 64
[13:02:38] [Server thread/INFO]: Hopper Transfer: 8 Hopper Check: 1 Hopper Amount: 1 Hopper Can Load Chunks: false
[13:02:38] [Server thread/INFO]: Custom Map Seeds:  Village: 10387312 Desert: 14357617 Igloo: 14357618 Jungle: 14357619 Swamp: 14357620 Monument: 10387313 Ocean: 14357621 Shipwreck: 165745295 End City: 10387313 Slime: 987234911 Nether: 30084232 Mansion: 10387319 Fossil: 14357921 Portal: 34222645
[13:02:38] [Server thread/INFO]: Max TNT Explosions: 100
[13:02:38] [Server thread/INFO]: Tile Max Tick Time: 50ms Entity max Tick Time: 50ms
[13:02:38] [Server thread/INFO]: Zombie Aggressive Towards Villager: true
[13:02:38] [Server thread/INFO]: Nerfing mobs spawned from spawners: false
[13:02:38] [Server thread/INFO]: View Distance: 32
[13:02:38] [Server thread/INFO]: Simulation Distance: 10
[13:02:38] [Server thread/INFO]: Item Despawn Rate: 6000
[13:02:38] [Server thread/INFO]: Item Merge Radius: 2.5
[13:02:38] [Server thread/INFO]: Allow Zombie Pigmen to spawn from portal blocks: true
[13:02:38] [Server thread/INFO]: Arrow Despawn Rate: 1200 Trident Respawn Rate:1200
[13:02:38] [Server thread/INFO]: Preparing start region for dimension minecraft:overworld
[13:02:43] [Worker-Main-2/INFO]: Preparing spawn area: 0%
[13:02:43] [Worker-Main-1/INFO]: Preparing spawn area: 0%
[13:02:43] [Worker-Main-3/INFO]: Preparing spawn area: 0%
[13:02:43] [Worker-Main-3/INFO]: Preparing spawn area: 0%
[13:02:43] [Worker-Main-3/INFO]: Preparing spawn area: 0%
[13:02:43] [Worker-Main-3/INFO]: Preparing spawn area: 0%
[13:02:43] [Worker-Main-3/INFO]: Preparing spawn area: 0%
[13:02:43] [Worker-Main-1/INFO]: Preparing spawn area: 0%
[13:02:43] [Worker-Main-3/INFO]: Preparing spawn area: 0%
[13:02:43] [Worker-Main-3/INFO]: Preparing spawn area: 0%
[13:02:43] [Worker-Main-3/INFO]: Preparing spawn area: 0%
[13:02:43] [Worker-Main-1/INFO]: Preparing spawn area: 1%
[13:02:44] [Worker-Main-3/INFO]: Preparing spawn area: 39%
[13:02:44] [Server thread/INFO]: Time elapsed: 6574 ms
[13:02:44] [Server thread/INFO]: Preparing start region for dimension minecraft:the_nether
[13:02:47] [Worker-Main-3/INFO]: Preparing spawn area: 0%
[13:02:47] [Worker-Main-3/INFO]: Preparing spawn area: 0%
[13:02:47] [Worker-Main-1/INFO]: Preparing spawn area: 0%
[13:02:47] [Worker-Main-2/INFO]: Preparing spawn area: 0%
[13:02:47] [Worker-Main-3/INFO]: Preparing spawn area: 0%
[13:02:47] [Worker-Main-3/INFO]: Preparing spawn area: 0%
[13:02:47] [Worker-Main-3/INFO]: Preparing spawn area: 0%
[13:02:48] [Worker-Main-3/INFO]: Preparing spawn area: 23%
[13:02:48] [Server thread/INFO]: Time elapsed: 4022 ms
[13:02:48] [Server thread/INFO]: Preparing start region for dimension minecraft:the_end
[13:02:50] [Worker-Main-1/INFO]: Preparing spawn area: 0%
[13:02:50] [Worker-Main-1/INFO]: Preparing spawn area: 0%
[13:02:50] [Worker-Main-1/INFO]: Preparing spawn area: 0%
[13:02:50] [Worker-Main-1/INFO]: Preparing spawn area: 0%
[13:02:50] [Worker-Main-1/INFO]: Preparing spawn area: 17%
[13:02:51] [Worker-Main-2/INFO]: Preparing spawn area: 85%
[13:02:51] [Server thread/INFO]: Time elapsed: 2583 ms
[13:02:51] [Server thread/INFO]: [CoreProtect] Enabling CoreProtect v22.4
[13:02:51] [Server thread/INFO]: [0;37;1m[0;37;1m[m[CoreProtect] CoreProtect has been successfully enabled![0;37;1m[0;37;1m [m
[13:02:51] [Server thread/INFO]: [CoreProtect] Using SQLite for data storage.
[13:02:51] [Server thread/INFO]: --------------------
[13:02:51] [Server thread/INFO]: [CoreProtect] Enjoy CoreProtect? Join our Discord!
[13:02:51] [Server thread/INFO]: [CoreProtect] Discord: www.coreprotect.net/discord/
[13:02:51] [Server thread/INFO]: --------------------
[13:02:51] [Server thread/INFO]: [ViaVersion] Enabling ViaVersion v5.2.1
[13:02:51] [Server thread/INFO]: [ViaVersion] ViaVersion detected server version: 1.20.3-1.20.4 (765)
[13:02:51] [Server thread/WARN]: [ViaVersion] Please update your Java runtime to at least Java 21 (your version is 17.0.14).
[13:02:51] [Server thread/WARN]: [ViaVersion] At some point in the future, ViaVersion will no longer be compatible with this version of Java.
[13:02:51] [Server thread/INFO]: [MeowPlugin] Enabling MeowPlugin v0.1
[13:02:51] [Server thread/INFO]: [TabTPS] Enabling TabTPS v1.3.22
[13:02:51] [Server thread/WARN]: [TabTPS] ====================================================
[13:02:51] [Server thread/WARN]: [TabTPS]  TabTPS works better if you use Paper 
[13:02:51] [Server thread/WARN]: [TabTPS]  as your server software. 
[13:02:51] [Server thread/WARN]: [TabTPS]   
[13:02:51] [Server thread/WARN]: [TabTPS]  Paper offers significant performance improvements,
[13:02:51] [Server thread/WARN]: [TabTPS]  bug fixes, security enhancements and optional
[13:02:51] [Server thread/WARN]: [TabTPS]  features for server owners to enhance their server.
[13:02:51] [Server thread/WARN]: [TabTPS]   
[13:02:51] [Server thread/WARN]: [TabTPS]  Paper includes Timings v2, which is significantly
[13:02:51] [Server thread/WARN]: [TabTPS]  better at diagnosing lag problems over v1.
[13:02:51] [Server thread/WARN]: [TabTPS]   
[13:02:51] [Server thread/WARN]: [TabTPS]  All of your plugins should still work, and the
[13:02:51] [Server thread/WARN]: [TabTPS]  Paper community will gladly help you fix any issues.
[13:02:51] [Server thread/WARN]: [TabTPS]   
[13:02:51] [Server thread/WARN]: [TabTPS]  Join the Paper Community @ https://papermc.io
[13:02:51] [Server thread/WARN]: [TabTPS] ====================================================
[13:02:52] [Server thread/INFO]: [floodgate] Enabling floodgate v2.2.4-SNAPSHOT (b116-0e3163c)
[13:02:52] [Server thread/INFO]: [ViaBackwards] Enabling ViaBackwards v5.2.1
[13:02:52] [Server thread/INFO]: [Geyser-Spigot] Enabling Geyser-Spigot v2.6.1-SNAPSHOT
[13:02:53] [Server thread/INFO]: Server permissions file permissions.yml is empty, ignoring it
[13:02:53] [Server thread/INFO]: [Geyser-Spigot] ******************************************
[13:02:53] [Server thread/INFO]: [Geyser-Spigot] 
[13:02:53] [Server thread/INFO]: [Geyser-Spigot] 正在加载 Geyser 版本 2.6.1-b775 (git-master-97cc876)
[13:02:53] [Server thread/INFO]: [Geyser-Spigot] 
[13:02:53] [Server thread/INFO]: [Geyser-Spigot] ******************************************
[13:02:57] [Server thread/INFO]: [Geyser-Spigot] 已在 UDP 端口 19132 上启动 Geyser
[13:02:57] [Server thread/INFO]: [Geyser-Spigot] 完成 (4.461秒)！ 运行 /geyser help 以获取帮助！
[13:02:57] [Server thread/INFO]: Done (23.121s)! For help, type "help"
[13:02:57] [Craft Scheduler Thread - 3/INFO]: [ViaVersion] Finished mapping loading, shutting down loader executor.
[13:02:57] [pool-10-thread-1/WARN]: [floodgate] 
**********************************
* The prefix you entered in your Floodgate config (BE_) could lead to username conflicts!
* Should a Java player join with the username BE_Notch, and a Bedrock player join as Notch (who will be given the name BE_Notch), unwanted results will happen!
* We strongly recommend using . as the prefix, but other alternatives that will not conflict include: +, - and *
**********************************
[13:02:57] [pool-10-thread-1/WARN]: [floodgate] 
**********************************
* The prefix you entered in your Floodgate config (BE_) is long! (3 characters)
* A prefix is there to prevent username conflicts. However, a long prefix makes the chance of username conflicts higher.
* We strongly recommend using . as the prefix, but other alternatives that will not conflict include: +, - and *
**********************************
[13:02:58] [Craft Scheduler Thread - 1/INFO]: [33;1m[[32;22mSkinsRestorer[33;1m] [0;39m[32;1m----------------------------------------------[0;39m[m
[13:02:58] [Craft Scheduler Thread - 1/INFO]: [33;1m[[32;22mSkinsRestorer[33;1m] [0;39m[32;1m    +==================+[0;39m[m
[13:02:58] [Craft Scheduler Thread - 1/INFO]: [33;1m[[32;22mSkinsRestorer[33;1m] [0;39m[32;1m    |   SkinsRestorer  |[0;39m[m
[13:02:58] [Craft Scheduler Thread - 1/INFO]: [33;1m[[32;22mSkinsRestorer[33;1m] [0;39m[32;1m    |------------------|[0;39m[m
[13:02:58] [Craft Scheduler Thread - 1/INFO]: [33;1m[[32;22mSkinsRestorer[33;1m] [0;39m[32;1m    |  [34;1m[4m[21mStandalone Mode[0;39m[32;1m |[0;39m[m
[13:02:58] [Craft Scheduler Thread - 1/INFO]: [33;1m[[32;22mSkinsRestorer[33;1m] [0;39m[32;1m    +==================+[0;39m[m
[13:02:58] [Craft Scheduler Thread - 1/INFO]: [33;1m[[32;22mSkinsRestorer[33;1m] [0;39m[32;1m----------------------------------------------[0;39m[m
[13:02:58] [Craft Scheduler Thread - 1/INFO]: [33;1m[[32;22mSkinsRestorer[33;1m] [0;39m[36;1m    Version: [32;1m15.5.3[0;39m[m
[13:02:58] [Craft Scheduler Thread - 1/INFO]: [33;1m[[32;22mSkinsRestorer[33;1m] [0;39m[36;1m    Commit: [32;1m86e796c[0;39m[m
[13:02:58] [Craft Scheduler Thread - 1/INFO]: [33;1m[[32;22mSkinsRestorer[33;1m] [0;39m[32;1m    This is the latest version![0;39m[m
[13:02:58] [Craft Scheduler Thread - 1/INFO]: [33;1m[[32;22mSkinsRestorer[33;1m] [0;39m[32;1m----------------------------------------------[0;39m[m
[13:02:58] [Craft Scheduler Thread - 1/INFO]: [33;1m[[32;22mSkinsRestorer[33;1m] [0;39m[34;1mDo you have issues? Read our troubleshooting guide: [33;1mhttps://skinsrestorer.net/docs/troubleshooting[0;39m[m
[13:02:58] [Craft Scheduler Thread - 1/INFO]: [33;1m[[32;22mSkinsRestorer[33;1m] [0;39m[34;1mWant to support SkinsRestorer? Consider donating: [33;1mhttps://skinsrestorer.net/donate[0;39m[m
[13:02:58] [Craft Scheduler Thread - 4/INFO]: There is an update available for TabTPS!
[13:02:58] [Craft Scheduler Thread - 4/INFO]: This server is running version v1.3.22, which is 4 versions outdated.
[13:02:58] [Craft Scheduler Thread - 4/INFO]: Download the latest version, v1.3.26 from GitHub at the link below:
[13:02:58] [Craft Scheduler Thread - 4/INFO]: https://github.com/jpenilla/TabTPS/releases/tag/v1.3.26
[13:02:59] [User Authenticator #1/INFO]: UUID of player touxl1916 is dda5a998-ba1e-3605-af21-6aeffaf8c42e
[13:02:59] [Server thread/INFO]: touxl1916 joined the game
[13:02:59] [Server thread/INFO]: touxl1916[/127.0.0.1:58474] logged in with entity id 110 at ([world]266.4077510199156, 99.0, 2297.534131608617)
[13:07:14] [Server thread/INFO]: touxl1916 lost connection: Disconnected
[13:07:14] [Server thread/INFO]: touxl1916 left the game
[13:07:16] [Server thread/WARN]: Can't keep up! Is the server overloaded? Running 2532ms or 50 ticks behind
[13:09:49] [User Authenticator #2/INFO]: UUID of player pb is 38a257e1-2913-37d3-8dc7-ffe7cf5e33dd
[13:09:49] [Server thread/INFO]: pb joined the game
[13:09:49] [Server thread/INFO]: pb[/127.0.0.1:50036] logged in with entity id 2074 at ([world]641.9220378430813, 63.0, 1197.8039912393745)
[13:10:34] [Server thread/WARN]: Can't keep up! Is the server overloaded? Running 2692ms or 53 ticks behind
[13:10:51] [Server thread/WARN]: Can't keep up! Is the server overloaded? Running 2776ms or 55 ticks behind
[13:17:20] [Server thread/WARN]: Can't keep up! Is the server overloaded? Running 2686ms or 53 ticks behind
[13:17:49] [Server thread/INFO]: pb tried to swim in lava
[15:45:27] [User Authenticator #3/INFO]: UUID of player touxl1916 is dda5a998-ba1e-3605-af21-6aeffaf8c42e
[15:45:28] [Server thread/INFO]: touxl1916 (/127.0.0.1:50166) lost connection: Disconnected
[15:45:29] [User Authenticator #4/INFO]: UUID of player touxl1916 is dda5a998-ba1e-3605-af21-6aeffaf8c42e
[15:45:30] [Server thread/INFO]: touxl1916 joined the game
[15:45:30] [Server thread/INFO]: touxl1916[/127.0.0.1:33316] logged in with entity id 46202 at ([world]268.6400460893165, 99.0, 2292.575237080714)
[15:45:50] [Async Chat Thread - #0/INFO]: [Not Secure] <touxl1916> 我嘞个你玩多久了
[15:46:54] [Server thread/INFO]: touxl1916 lost connection: Disconnected
[15:46:54] [Server thread/INFO]: touxl1916 left the game
[15:46:57] [Server thread/WARN]: Can't keep up! Is the server overloaded? Running 2565ms or 51 ticks behind
[16:11:35] [Server thread/WARN]: pb moved wrongly!
[16:19:23] [Server thread/INFO]: pb has made the advancement [Voluntary Exile]
[16:21:36] [Server thread/INFO]: pb has completed the challenge [Hero of the Village]
[17:20:21] [epollEventLoopGroup-4-1/INFO]: [Geyser-Spigot] 玩家已连接，用户名为touxl1916
[17:20:21] [localSession-7-2/INFO]: [Geyser-Spigot] touxl1916（以 touxl1916 登录）已连接到 Java 服务器
[17:20:21] [Server thread/INFO]: [floodgate] Floodgate 玩家 BE_touxl1916 加入了 (UUID: 00000000-0000-0000-0009-01f6278f59e2)
[17:20:21] [Server thread/INFO]: BE_touxl1916 joined the game
[17:20:21] [Server thread/INFO]: BE_touxl1916[/192.168.10.16:0] logged in with entity id 69128 at ([world_nether]99.97311, 129.0, 145.72873)
[17:20:35] [localSession-7-2/INFO]: [Geyser-Spigot] touxl1916 已因 基岩版客户端已断开连接 与 Java 服务器断开了连接
[17:20:35] [Geyser Spigot connection thread-6-3/INFO]: [floodgate] Floodgate 玩家 BE_touxl1916 已断开连接
[17:20:35] [Server thread/INFO]: BE_touxl1916 lost connection: Disconnected
[17:20:35] [Server thread/INFO]: BE_touxl1916 left the game
[17:21:05] [epollEventLoopGroup-4-2/INFO]: [Geyser-Spigot] 玩家已连接，用户名为touxl1916
[17:21:05] [localSession-7-3/INFO]: [Geyser-Spigot] touxl1916（以 touxl1916 登录）已连接到 Java 服务器
[17:21:06] [Server thread/INFO]: [floodgate] Floodgate 玩家 BE_touxl1916 加入了 (UUID: 00000000-0000-0000-0009-01f6278f59e2)
[17:21:06] [Server thread/INFO]: BE_touxl1916 joined the game
[17:21:06] [Server thread/INFO]: BE_touxl1916[/192.168.10.16:0] logged in with entity id 69570 at ([world]41.5, 67.0, 32.5)
[17:21:23] [localSession-7-3/INFO]: [Geyser-Spigot] touxl1916 已因 基岩版客户端已断开连接 与 Java 服务器断开了连接
[17:21:23] [Geyser Spigot connection thread-6-4/INFO]: [floodgate] Floodgate 玩家 BE_touxl1916 已断开连接
[17:21:23] [Server thread/INFO]: BE_touxl1916 lost connection: Disconnected
[17:21:23] [Server thread/INFO]: BE_touxl1916 left the game
[17:21:41] [User Authenticator #5/INFO]: UUID of player touxl1916 is dda5a998-ba1e-3605-af21-6aeffaf8c42e
[17:21:41] [Server thread/INFO]: touxl1916 joined the game
[17:21:41] [Server thread/INFO]: touxl1916[/127.0.0.1:33226] logged in with entity id 70085 at ([world]271.32161122436605, 99.0, 2293.71924065551)
[17:22:01] [Async Chat Thread - #2/INFO]: [Not Secure] <touxl1916> 你怎么完了这么久
[17:22:10] [Async Chat Thread - #1/INFO]: [Not Secure] <pb> 挂机睡觉
[17:22:15] [Async Chat Thread - #2/INFO]: [Not Secure] <touxl1916> haode
[17:22:19] [Server thread/INFO]: [Not Secure] [Server] hahahah
[17:28:16] [Async Chat Thread - #4/INFO]: [Not Secure] <touxl1916> 你有烟花吗
[17:28:21] [Async Chat Thread - #4/INFO]: [Not Secure] <pb> mei
[17:28:30] [Async Chat Thread - #4/INFO]: [Not Secure] <pb> 刷鬼阿塔有一丁点
[17:30:11] [Server thread/INFO]: touxl1916 lost connection: Disconnected
[17:30:11] [Server thread/INFO]: touxl1916 left the game
[17:30:14] [Server thread/WARN]: Can't keep up! Is the server overloaded? Running 2585ms or 51 ticks behind
[17:30:18] [User Authenticator #6/INFO]: UUID of player touxl1916 is dda5a998-ba1e-3605-af21-6aeffaf8c42e
[17:30:18] [Server thread/INFO]: touxl1916 joined the game
[17:30:18] [Server thread/INFO]: touxl1916[/127.0.0.1:48362] logged in with entity id 74625 at ([world]268.27018178797573, 102.0, 2295.508588950257)
[17:40:52] [Server thread/INFO]: pb was shot by Skeleton
[17:41:00] [Server thread/WARN]: Can't keep up! Is the server overloaded? Running 3096ms or 61 ticks behind
[17:42:29] [Async Chat Thread - #6/INFO]: [Not Secure] <touxl1916> 我要去买个小黄鸭
[17:42:39] [Async Chat Thread - #6/INFO]: [Not Secure] <pb> EN
[17:42:40] [Async Chat Thread - #6/INFO]: [Not Secure] <touxl1916> 帧率太低了我眼睛要瞎了
[17:49:30] [Server thread/INFO]: pb fell from a high place
[17:49:35] [Server thread/WARN]: Can't keep up! Is the server overloaded? Running 3320ms or 66 ticks behind
[17:57:04] [Server thread/INFO]: touxl1916 suffocated in a wall
[17:57:08] [Server thread/WARN]: Can't keep up! Is the server overloaded? Running 2539ms or 50 ticks behind
[17:58:08] [Async Chat Thread - #8/INFO]: [Not Secure] <touxl1916> 头拿走了
[17:58:15] [Async Chat Thread - #8/INFO]: [Not Secure] <pb> HAO
[18:01:10] [Server thread/INFO]: pb fell from a high place
[18:04:31] [Server thread/INFO]: pb fell from a high place
[18:06:40] [Server thread/INFO]: touxl1916 hit the ground too hard
[18:08:05] [Server thread/INFO]: pb fell from a high place
[18:12:55] [Async Chat Thread - #10/INFO]: [Not Secure] <pb> ZZZ
[18:12:56] [Async Chat Thread - #10/INFO]: [Not Secure] <touxl1916> zzzzzzz
[18:18:59] [Server thread/INFO]: touxl1916 tried to swim in lava
[18:20:39] [Server thread/INFO]: touxl1916 was slain by Zombie
[18:20:57] [Async Chat Thread - #12/INFO]: [Not Secure] <pb> 你凋零啥了吗
[18:21:09] [Async Chat Thread - #11/INFO]: [Not Secure] <touxl1916> 在造刷怪塔
[18:21:13] [Async Chat Thread - #12/INFO]: [Not Secure] <touxl1916> 还没搞
[18:21:32] [Async Chat Thread - #11/INFO]: [Not Secure] <pb> XING
[18:21:49] [Async Chat Thread - #11/INFO]: [Not Secure] <pb> 你弄好给我放旁边整个急迫
[18:21:53] [Async Chat Thread - #11/INFO]: [Not Secure] <touxl1916> ok
[18:22:03] [Server thread/INFO]: touxl1916 was doomed to fall
[18:23:23] [Server thread/INFO]: pb fell from a high place
[18:24:26] [Async Chat Thread - #14/INFO]: [Not Secure] <pb> ZZZ
[18:24:31] [Async Chat Thread - #13/INFO]: [Not Secure] <touxl1916> zzzzzzz
[18:28:04] [Server thread/INFO]: Gamerule commandBlockOutput is now set to: false
[18:28:35] [Server thread/INFO]: Made list a server operator
[18:28:44] [Server thread/INFO]: Made list no longer a server operator
[18:28:57] [Server thread/INFO]: No player was found
[18:29:05] [Server thread/INFO]: Gave 64 [Firework Rocket] to touxl1916
[18:29:28] [Server thread/INFO]: Gamerule commandBlockOutput is now set to: true
[18:35:38] [Server thread/INFO]: pb fell from a high place
[18:35:45] [Async Chat Thread - #16/INFO]: [Not Secure] <pb> ZZZ
[18:35:49] [Server thread/WARN]: Can't keep up! Is the server overloaded? Running 3270ms or 65 ticks behind
[18:35:50] [Server thread/INFO]: touxl1916 lost connection: Disconnected
[18:35:50] [Server thread/INFO]: touxl1916 left the game
[18:36:08] [Server thread/WARN]: Can't keep up! Is the server overloaded? Running 3812ms or 76 ticks behind
[18:36:17] [User Authenticator #7/INFO]: UUID of player touxl1916 is dda5a998-ba1e-3605-af21-6aeffaf8c42e
[18:36:17] [Server thread/INFO]: touxl1916 joined the game
[18:36:17] [Server thread/INFO]: touxl1916[/127.0.0.1:48164] logged in with entity id 106221 at ([world]272.7416813499252, 126.0, 2300.238283581004)
[18:38:43] [Server thread/WARN]: Can't keep up! Is the server overloaded? Running 2519ms or 50 ticks behind
[18:38:53] [Server thread/WARN]: pb moved too quickly! -5.36464654547022,-2.033615475775008,16.859147499269056
[18:39:08] [Server thread/WARN]: pb moved too quickly! 290.500917064363,86.23363200604248,-1962.251136535394
[18:39:08] [Server thread/WARN]: pb moved too quickly! 290.500917064363,86.23363200604248,-1962.251136535394
[18:46:14] [Server thread/INFO]: pb fell from a high place
[18:46:28] [Server thread/INFO]: touxl1916 lost connection: Disconnected
[18:46:28] [Server thread/INFO]: touxl1916 left the game
[18:46:29] [Async Chat Thread - #18/INFO]: [Not Secure] <pb> zzz
[18:46:32] [Server thread/WARN]: Can't keep up! Is the server overloaded? Running 2792ms or 55 ticks behind
[18:46:39] [User Authenticator #8/INFO]: UUID of player touxl1916 is dda5a998-ba1e-3605-af21-6aeffaf8c42e
[18:46:40] [Server thread/INFO]: touxl1916 joined the game
[18:46:40] [Server thread/INFO]: touxl1916[/127.0.0.1:35536] logged in with entity id 114801 at ([world]261.40558777745315, 128.5, 2294.581438410564)
[18:48:50] [Async Chat Thread - #20/INFO]: [Not Secure] <touxl1916> xia le
[18:48:51] [Server thread/INFO]: touxl1916 lost connection: Disconnected
[18:48:51] [Server thread/INFO]: touxl1916 left the game
[18:48:54] [Server thread/WARN]: Can't keep up! Is the server overloaded? Running 2518ms or 50 ticks behind
[18:49:31] [Server thread/INFO]: pb fell from a high place
[18:49:36] [Server thread/WARN]: Can't keep up! Is the server overloaded? Running 2595ms or 51 ticks behind
[18:50:37] [Server thread/WARN]: Can't keep up! Is the server overloaded? Running 2892ms or 57 ticks behind
[18:50:55] [Server thread/INFO]: pb tried to swim in lava
[18:54:17] [Server thread/INFO]: pb was shot by Skeleton
[18:56:29] [Server thread/INFO]: pb tried to swim in lava
[18:57:49] [Server thread/INFO]: pb tried to swim in lava
[18:57:52] [Server thread/WARN]: Can't keep up! Is the server overloaded? Running 2635ms or 52 ticks behind
[18:59:22] [Server thread/INFO]: pb tried to swim in lava
[19:00:21] [Server thread/INFO]: pb tried to swim in lava
[19:01:24] [Server thread/INFO]: pb tried to swim in lava
[19:02:11] [Server thread/INFO]: pb tried to swim in lava
[19:02:17] [Server thread/WARN]: Can't keep up! Is the server overloaded? Running 2523ms or 50 ticks behind
[19:05:45] [Server thread/INFO]: pb tried to swim in lava
[19:05:49] [Server thread/WARN]: Can't keep up! Is the server overloaded? Running 2569ms or 51 ticks behind
[19:06:53] [Server thread/INFO]: pb tried to swim in lava
[19:06:57] [Server thread/WARN]: Can't keep up! Is the server overloaded? Running 2501ms or 50 ticks behind
[19:07:30] [Server thread/INFO]: pb tried to swim in lava
[19:07:36] [Server thread/WARN]: Can't keep up! Is the server overloaded? Running 4189ms or 83 ticks behind
[19:10:23] [Server thread/INFO]: pb tried to swim in lava
[19:10:27] [Server thread/WARN]: Can't keep up! Is the server overloaded? Running 2560ms or 51 ticks behind
[19:12:44] [Server thread/INFO]: pb tried to swim in lava
[19:12:47] [Server thread/INFO]: pb lost connection: Disconnected
[19:12:47] [Server thread/INFO]: pb left the game
[19:12:48] [Server thread/WARN]: Can't keep up! Is the server overloaded? Running 2585ms or 51 ticks behind
[19:22:38] [User Authenticator #9/INFO]: UUID of player pb is 38a257e1-2913-37d3-8dc7-ffe7cf5e33dd
[19:22:38] [Server thread/INFO]: pb joined the game
[19:22:38] [Server thread/INFO]: pb[/127.0.0.1:33794] logged in with entity id 136127 at ([world]624.5, 63.0, 1198.5)
[19:24:22] [Server thread/INFO]: pb tried to swim in lava
[19:26:16] [Server thread/INFO]: pb tried to swim in lava
[19:29:09] [Server thread/INFO]: pb tried to swim in lava
[19:33:49] [Server thread/INFO]: pb tried to swim in lava
[19:33:54] [Server thread/WARN]: Can't keep up! Is the server overloaded? Running 3403ms or 68 ticks behind
[19:34:32] [Server thread/INFO]: pb tried to swim in lava
[19:34:36] [Server thread/WARN]: Can't keep up! Is the server overloaded? Running 2506ms or 50 ticks behind
[19:38:32] [Server thread/INFO]: pb tried to swim in lava
[19:38:37] [Server thread/WARN]: Can't keep up! Is the server overloaded? Running 2625ms or 52 ticks behind
[19:38:38] [Server thread/WARN]: pb moved too quickly! -3.5239410119454533,-19.67647087614428,-1.034543166887488
[19:42:21] [Server thread/INFO]: pb tried to swim in lava
[19:42:26] [Server thread/WARN]: Can't keep up! Is the server overloaded? Running 3298ms or 65 ticks behind
[19:44:33] [Server thread/INFO]: pb tried to swim in lava
[19:44:37] [Server thread/WARN]: Can't keep up! Is the server overloaded? Running 2503ms or 50 ticks behind
[19:46:28] [Server thread/INFO]: pb tried to swim in lava
[19:46:32] [Server thread/WARN]: Can't keep up! Is the server overloaded? Running 2547ms or 50 ticks behind
[19:48:56] [Server thread/INFO]: pb tried to swim in lava
[19:49:00] [Server thread/WARN]: Can't keep up! Is the server overloaded? Running 2554ms or 51 ticks behind
[19:53:12] [Server thread/INFO]: pb tried to swim in lava
[19:53:16] [Server thread/WARN]: Can't keep up! Is the server overloaded? Running 2606ms or 52 ticks behind
[19:56:34] [Server thread/INFO]: pb tried to swim in lava
[19:56:38] [Server thread/WARN]: Can't keep up! Is the server overloaded? Running 2718ms or 54 ticks behind
[19:59:56] [Server thread/INFO]: pb tried to swim in lava
[20:00:00] [Server thread/WARN]: Can't keep up! Is the server overloaded? Running 2563ms or 51 ticks behind
[20:01:13] [Server thread/INFO]: [0;33;22mTPS from last 1m, 5m, 15m: [0;32;1m19.92, [0;32;1m19.89, [0;32;1m19.89[m
[20:01:13] [Server thread/INFO]: [0;33;22mCurrent Memory Usage: [0;32;1m3565/3968 mb (Max: 3968 mb)[m
[20:02:08] [Server thread/INFO]: pb tried to swim in lava
[20:02:15] [Server thread/WARN]: Can't keep up! Is the server overloaded? Running 5622ms or 112 ticks behind
[20:05:19] [Server thread/INFO]: pb tried to swim in lava
[20:05:23] [Server thread/WARN]: Can't keep up! Is the server overloaded? Running 2625ms or 52 ticks behind
[20:08:09] [Server thread/INFO]: pb tried to swim in lava
[20:08:14] [Server thread/WARN]: Can't keep up! Is the server overloaded? Running 2564ms or 51 ticks behind
[20:14:56] [Server thread/INFO]: pb tried to swim in lava
[20:15:01] [Server thread/WARN]: Can't keep up! Is the server overloaded? Running 2539ms or 50 ticks behind
[20:20:39] [Server thread/INFO]: pb tried to swim in lava
[20:20:43] [Server thread/WARN]: Can't keep up! Is the server overloaded? Running 2557ms or 51 ticks behind
[20:23:58] [Server thread/INFO]: pb tried to swim in lava
[20:24:03] [Server thread/WARN]: Can't keep up! Is the server overloaded? Running 3315ms or 66 ticks behind
[20:24:30] [Server thread/INFO]: pb tried to swim in lava
[20:24:35] [Server thread/WARN]: Can't keep up! Is the server overloaded? Running 2581ms or 51 ticks behind
[20:26:42] [Server thread/INFO]: pb tried to swim in lava
[20:31:50] [Server thread/INFO]: pb tried to swim in lava
[20:31:54] [Server thread/WARN]: Can't keep up! Is the server overloaded? Running 2574ms or 51 ticks behind
[20:37:26] [Server thread/INFO]: pb tried to swim in lava
[20:49:41] [Server thread/INFO]: pb tried to swim in lava
[20:58:44] [Server thread/INFO]: pb fell from a high place
[20:59:22] [Server thread/INFO]: [Not Secure] [Server] 不是你怎么还在玩
[20:59:25] [Server thread/INFO]: [Not Secure] [Server] 无敌了
[20:59:31] [Server thread/INFO]: [0;33;22mTPS from last 1m, 5m, 15m: [0;32;1m*20.0, [0;32;1m*20.0, [0;32;1m20.0[m
[20:59:31] [Server thread/INFO]: [0;33;22mCurrent Memory Usage: [0;32;1m3402/3968 mb (Max: 3968 mb)[m
[20:59:38] [Async Chat Thread - #22/INFO]: [Not Secure] <pb> wuliao
[20:59:45] [Server thread/INFO]: [Not Secure] [Server] 你作业写完了？
[20:59:53] [Async Chat Thread - #21/INFO]: [Not Secure] <pb> 昨天就写完了
[20:59:55] [Server thread/INFO]: [Not Secure] [Server] 我嘞个骚刚
[20:59:58] [Server thread/INFO]: [Not Secure] [Server] 好的。
[21:00:23] [Server thread/INFO]: Gave 1 [Grass Block] to pb
[21:00:31] [Server thread/INFO]: pb fell from a high place
[21:00:35] [Server thread/INFO]: [Not Secure] [Server] hahahah
[21:00:35] [Server thread/WARN]: Can't keep up! Is the server overloaded? Running 2561ms or 51 ticks behind
[21:01:03] [Async Chat Thread - #24/INFO]: [Not Secure] <pb> 你啥时候上
[21:02:29] [Server thread/INFO]: pb fell from a high place
[21:02:34] [Server thread/WARN]: Can't keep up! Is the server overloaded? Running 2669ms or 53 ticks behind
[21:03:15] [Server thread/INFO]: [Not Secure] [Server] 11点？
[21:03:18] [Server thread/INFO]: [Not Secure] [Server] 我不确定
[21:03:24] [Server thread/INFO]: [Not Secure] [Server] 我得等我妈睡着
[21:03:27] [Async Chat Thread - #26/INFO]: [Not Secure] <pb> E
[21:03:37] [Server thread/INFO]: [Not Secure] [Server] 你别想等我了
[21:03:47] [Server thread/INFO]: [Not Secure] [Server] 时间太阴间了
[21:08:40] [Server thread/INFO]: pb fell from a high place
[21:08:44] [Server thread/WARN]: Can't keep up! Is the server overloaded? Running 2564ms or 51 ticks behind
[21:10:39] [Server thread/INFO]: pb fell from a high place
[21:10:44] [Server thread/WARN]: Can't keep up! Is the server overloaded? Running 2608ms or 52 ticks behind
[21:15:57] [Server thread/INFO]: pb fell from a high place
[21:16:01] [Server thread/WARN]: Can't keep up! Is the server overloaded? Running 2974ms or 59 ticks behind
[21:21:08] [Server thread/INFO]: pb fell from a high place
[21:21:13] [Server thread/WARN]: Can't keep up! Is the server overloaded? Running 3286ms or 65 ticks behind
[21:24:49] [Server thread/INFO]: pb fell from a high place
[21:24:54] [Server thread/WARN]: Can't keep up! Is the server overloaded? Running 3395ms or 67 ticks behind
[21:25:49] [Server thread/INFO]: pb tried to swim in lava
[21:26:38] [Server thread/INFO]: pb tried to swim in lava
[21:26:42] [Server thread/WARN]: Can't keep up! Is the server overloaded? Running 2527ms or 50 ticks behind
[21:34:52] [Server thread/INFO]: pb tried to swim in lava
[21:34:56] [Server thread/WARN]: Can't keep up! Is the server overloaded? Running 2534ms or 50 ticks behind
[21:35:04] [Server thread/INFO]: pb lost connection: Disconnected
[21:35:04] [Server thread/INFO]: pb left the game
[23:36:16] [User Authenticator #10/INFO]: UUID of player touxl1916 is dda5a998-ba1e-3605-af21-6aeffaf8c42e
[23:36:16] [Server thread/INFO]: touxl1916 joined the game
[23:36:16] [Server thread/INFO]: touxl1916[/127.0.0.1:45882] logged in with entity id 197812 at ([world]269.21608811186314, 128.5, 2280.859154695985)
