[23:42:53] [ServerMain/INFO]: Environment: Environment[sessionHost=https://sessionserver.mojang.com, servicesHost=https://api.minecraftservices.com, name=PROD]
[23:43:10] [ServerMain/INFO]: Loaded 7 recipes
[23:43:16] [Server thread/INFO]: Starting minecraft server version 1.20.4
[23:43:16] [Server thread/INFO]: Loading properties
[23:43:18] [Server thread/INFO]: This server is running CraftBukkit version 4074-Spigot-e9ec548-51bbab2 (MC: 1.20.4) (Implementing API version 1.20.4-R0.1-SNAPSHOT)
[23:43:22] [Server thread/INFO]: Server Ping Player Sample Count: 12
[23:43:22] [Server thread/INFO]: Using 4 threads for Netty based IO
[23:43:22] [Server thread/INFO]: Debug logging is disabled
[23:43:22] [Server thread/INFO]: Default game type: SURVIVAL
[23:43:22] [Server thread/INFO]: Generating keypair
[23:43:22] [Server thread/INFO]: Starting Minecraft server on *:25566
[23:43:23] [Server thread/INFO]: Using epoll channel type
[23:43:28] [Server thread/INFO]: [CoreProtect] Loading CoreProtect v22.4
[23:43:28] [Server thread/INFO]: [ViaVersion] Loading ViaVersion v5.2.1
[23:43:28] [Server thread/INFO]: [ViaVersion] ViaVersion 5.2.1 is now loaded. Registering protocol transformers and injecting...
[23:43:31] [Via-Mappingloader-0/INFO]: [ViaVersion] Loading block connection mappings ...
[23:43:33] [Via-Mappingloader-0/INFO]: [ViaVersion] Using FastUtil Long2ObjectOpenHashMap for block connections
[23:43:36] [Server thread/INFO]: [ViaBackwards] Loading translations...
[23:43:36] [Server thread/INFO]: [ViaBackwards] Registering protocols...
[23:43:40] [Server thread/INFO]: [ViaRewind] Registering protocols...
[23:43:41] [Server thread/INFO]: [MeowPlugin] Loading MeowPlugin v0.1
[23:43:41] [Server thread/INFO]: [TabTPS] Loading TabTPS v1.3.22
[23:43:41] [Server thread/INFO]: [ViaBackwards] Loading ViaBackwards v5.2.1
[23:43:41] [Server thread/INFO]: [ViaRewind] Loading ViaRewind v4.0.5
[23:43:41] [Server thread/INFO]: [SkinsRestorer] Loading SkinsRestorer v15.5.2
[23:43:41] [Server thread/INFO]: [ViaRewind] Enabling ViaRewind v4.0.5
[23:43:41] [Server thread/INFO]: [SkinsRestorer] Enabling SkinsRestorer v15.5.2
[23:43:44] [Server thread/WARN]: [33;1m[[32;22mSkinsRestorer[33;1m] [0;39m[33;1mYou must agree to the rules at 'commands.perSkinPermissionsConsent' in the config to use per skin permissions.[0;39m
[23:43:46] [Server thread/INFO]: [33;1m[[32;22mSkinsRestorer[33;1m] [0;39m[32;1mRunning on Minecraft [33;1m1.20.4[32;1m.[0;39m[m
[23:43:49] [Server thread/WARN]: [33;1m[[32;22mSkinsRestorer[33;1m] [0;39m[33;1m[33;1mPlease update your Java runtime to at least Java 21 (your version is 17).[0;39m
[23:43:49] [Server thread/WARN]: [33;1m[[32;22mSkinsRestorer[33;1m] [0;39m[33;1m[33;1mAt some point in the future, SkinsRestorer will no longer be compatible with this version of Java.[0;39m
[23:43:49] [Server thread/WARN]: **** SERVER IS RUNNING IN OFFLINE/INSECURE MODE!
[23:43:49] [Server thread/WARN]: The server will make no attempt to authenticate usernames. Beware.
[23:43:49] [Server thread/WARN]: While this makes the game possible to play without internet access, it also opens up the ability for hackers to connect with any username they choose.
[23:43:49] [Server thread/WARN]: To change this, set "online-mode" to "true" in the server.properties file.
[23:43:49] [Server thread/INFO]: Preparing level "world"
[23:43:49] [Server thread/INFO]: -------- World Settings For [world] --------
[23:43:49] [Server thread/INFO]: Cactus Growth Modifier: 100%
[23:43:49] [Server thread/INFO]: Cane Growth Modifier: 100%
[23:43:49] [Server thread/INFO]: Melon Growth Modifier: 100%
[23:43:49] [Server thread/INFO]: Mushroom Growth Modifier: 100%
[23:43:49] [Server thread/INFO]: Pumpkin Growth Modifier: 100%
[23:43:49] [Server thread/INFO]: Sapling Growth Modifier: 100%
[23:43:49] [Server thread/INFO]: Beetroot Growth Modifier: 100%
[23:43:49] [Server thread/INFO]: Carrot Growth Modifier: 100%
[23:43:49] [Server thread/INFO]: Potato Growth Modifier: 100%
[23:43:49] [Server thread/INFO]: Wheat Growth Modifier: 100%
[23:43:49] [Server thread/INFO]: NetherWart Growth Modifier: 100%
[23:43:49] [Server thread/INFO]: Vine Growth Modifier: 100%
[23:43:49] [Server thread/INFO]: Cocoa Growth Modifier: 100%
[23:43:49] [Server thread/INFO]: Bamboo Growth Modifier: 100%
[23:43:49] [Server thread/INFO]: SweetBerry Growth Modifier: 100%
[23:43:49] [Server thread/INFO]: Kelp Growth Modifier: 100%
[23:43:49] [Server thread/INFO]: TwistingVines Growth Modifier: 100%
[23:43:49] [Server thread/INFO]: WeepingVines Growth Modifier: 100%
[23:43:49] [Server thread/INFO]: CaveVines Growth Modifier: 100%
[23:43:49] [Server thread/INFO]: Entity Activation Range: An 32 / Mo 32 / Ra 48 / Mi 16 / Tiv true / Isa false
[23:43:49] [Server thread/INFO]: Entity Tracking Range: Pl 48 / An 48 / Mo 48 / Mi 32 / Di 128 / Other 64
[23:43:49] [Server thread/INFO]: Hopper Transfer: 8 Hopper Check: 1 Hopper Amount: 1 Hopper Can Load Chunks: false
[23:43:49] [Server thread/INFO]: Experience Merge Radius: 3.0
[23:43:49] [Server thread/INFO]: Mob Spawn Range: 6
[23:43:49] [Server thread/INFO]: Custom Map Seeds:  Village: 10387312 Desert: 14357617 Igloo: 14357618 Jungle: 14357619 Swamp: 14357620 Monument: 10387313 Ocean: 14357621 Shipwreck: 165745295 End City: 10387313 Slime: 987234911 Nether: 30084232 Mansion: 10387319 Fossil: 14357921 Portal: 34222645
[23:43:49] [Server thread/INFO]: Max TNT Explosions: 100
[23:43:49] [Server thread/INFO]: Tile Max Tick Time: 50ms Entity max Tick Time: 50ms
[23:43:49] [Server thread/INFO]: Allow Zombie Pigmen to spawn from portal blocks: true
[23:43:49] [Server thread/INFO]: View Distance: 10
[23:43:49] [Server thread/INFO]: Simulation Distance: 10
[23:43:49] [Server thread/INFO]: Item Despawn Rate: 6000
[23:43:49] [Server thread/INFO]: Item Merge Radius: 2.5
[23:43:49] [Server thread/INFO]: Arrow Despawn Rate: 1200 Trident Respawn Rate:1200
[23:43:49] [Server thread/INFO]: Zombie Aggressive Towards Villager: true
[23:43:49] [Server thread/INFO]: Nerfing mobs spawned from spawners: false
[23:43:52] [Server thread/INFO]: -------- World Settings For [world_nether] --------
[23:43:52] [Server thread/INFO]: Cactus Growth Modifier: 100%
[23:43:52] [Server thread/INFO]: Cane Growth Modifier: 100%
[23:43:52] [Server thread/INFO]: Melon Growth Modifier: 100%
[23:43:52] [Server thread/INFO]: Mushroom Growth Modifier: 100%
[23:43:52] [Server thread/INFO]: Pumpkin Growth Modifier: 100%
[23:43:52] [Server thread/INFO]: Sapling Growth Modifier: 100%
[23:43:52] [Server thread/INFO]: Beetroot Growth Modifier: 100%
[23:43:52] [Server thread/INFO]: Carrot Growth Modifier: 100%
[23:43:52] [Server thread/INFO]: Potato Growth Modifier: 100%
[23:43:52] [Server thread/INFO]: Wheat Growth Modifier: 100%
[23:43:52] [Server thread/INFO]: NetherWart Growth Modifier: 100%
[23:43:52] [Server thread/INFO]: Vine Growth Modifier: 100%
[23:43:52] [Server thread/INFO]: Cocoa Growth Modifier: 100%
[23:43:52] [Server thread/INFO]: Bamboo Growth Modifier: 100%
[23:43:52] [Server thread/INFO]: SweetBerry Growth Modifier: 100%
[23:43:52] [Server thread/INFO]: Kelp Growth Modifier: 100%
[23:43:52] [Server thread/INFO]: TwistingVines Growth Modifier: 100%
[23:43:52] [Server thread/INFO]: WeepingVines Growth Modifier: 100%
[23:43:52] [Server thread/INFO]: CaveVines Growth Modifier: 100%
[23:43:52] [Server thread/INFO]: Entity Activation Range: An 32 / Mo 32 / Ra 48 / Mi 16 / Tiv true / Isa false
[23:43:52] [Server thread/INFO]: Entity Tracking Range: Pl 48 / An 48 / Mo 48 / Mi 32 / Di 128 / Other 64
[23:43:52] [Server thread/INFO]: Hopper Transfer: 8 Hopper Check: 1 Hopper Amount: 1 Hopper Can Load Chunks: false
[23:43:52] [Server thread/INFO]: Experience Merge Radius: 3.0
[23:43:52] [Server thread/INFO]: Mob Spawn Range: 6
[23:43:52] [Server thread/INFO]: Custom Map Seeds:  Village: 10387312 Desert: 14357617 Igloo: 14357618 Jungle: 14357619 Swamp: 14357620 Monument: 10387313 Ocean: 14357621 Shipwreck: 165745295 End City: 10387313 Slime: 987234911 Nether: 30084232 Mansion: 10387319 Fossil: 14357921 Portal: 34222645
[23:43:52] [Server thread/INFO]: Max TNT Explosions: 100
[23:43:52] [Server thread/INFO]: Tile Max Tick Time: 50ms Entity max Tick Time: 50ms
[23:43:52] [Server thread/INFO]: Allow Zombie Pigmen to spawn from portal blocks: true
[23:43:52] [Server thread/INFO]: View Distance: 10
[23:43:52] [Server thread/INFO]: Simulation Distance: 10
[23:43:52] [Server thread/INFO]: Item Despawn Rate: 6000
[23:43:52] [Server thread/INFO]: Item Merge Radius: 2.5
[23:43:52] [Server thread/INFO]: Arrow Despawn Rate: 1200 Trident Respawn Rate:1200
[23:43:52] [Server thread/INFO]: Zombie Aggressive Towards Villager: true
[23:43:52] [Server thread/INFO]: Nerfing mobs spawned from spawners: false
[23:44:15] [Server thread/INFO]: -------- World Settings For [world_the_end] --------
[23:44:15] [Server thread/INFO]: Cactus Growth Modifier: 100%
[23:44:15] [Server thread/INFO]: Cane Growth Modifier: 100%
[23:44:15] [Server thread/INFO]: Melon Growth Modifier: 100%
[23:44:15] [Server thread/INFO]: Mushroom Growth Modifier: 100%
[23:44:15] [Server thread/INFO]: Pumpkin Growth Modifier: 100%
[23:44:15] [Server thread/INFO]: Sapling Growth Modifier: 100%
[23:44:15] [Server thread/INFO]: Beetroot Growth Modifier: 100%
[23:44:15] [Server thread/INFO]: Carrot Growth Modifier: 100%
[23:44:15] [Server thread/INFO]: Potato Growth Modifier: 100%
[23:44:15] [Server thread/INFO]: Wheat Growth Modifier: 100%
[23:44:15] [Server thread/INFO]: NetherWart Growth Modifier: 100%
[23:44:15] [Server thread/INFO]: Vine Growth Modifier: 100%
[23:44:15] [Server thread/INFO]: Cocoa Growth Modifier: 100%
[23:44:15] [Server thread/INFO]: Bamboo Growth Modifier: 100%
[23:44:15] [Server thread/INFO]: SweetBerry Growth Modifier: 100%
[23:44:15] [Server thread/INFO]: Kelp Growth Modifier: 100%
[23:44:15] [Server thread/INFO]: TwistingVines Growth Modifier: 100%
[23:44:15] [Server thread/INFO]: WeepingVines Growth Modifier: 100%
[23:44:15] [Server thread/INFO]: CaveVines Growth Modifier: 100%
[23:44:15] [Server thread/INFO]: Entity Activation Range: An 32 / Mo 32 / Ra 48 / Mi 16 / Tiv true / Isa false
[23:44:15] [Server thread/INFO]: Entity Tracking Range: Pl 48 / An 48 / Mo 48 / Mi 32 / Di 128 / Other 64
[23:44:15] [Server thread/INFO]: Hopper Transfer: 8 Hopper Check: 1 Hopper Amount: 1 Hopper Can Load Chunks: false
[23:44:15] [Server thread/INFO]: Experience Merge Radius: 3.0
[23:44:15] [Server thread/INFO]: Mob Spawn Range: 6
[23:44:15] [Server thread/INFO]: Custom Map Seeds:  Village: 10387312 Desert: 14357617 Igloo: 14357618 Jungle: 14357619 Swamp: 14357620 Monument: 10387313 Ocean: 14357621 Shipwreck: 165745295 End City: 10387313 Slime: 987234911 Nether: 30084232 Mansion: 10387319 Fossil: 14357921 Portal: 34222645
[23:44:15] [Server thread/INFO]: Max TNT Explosions: 100
[23:44:15] [Server thread/INFO]: Tile Max Tick Time: 50ms Entity max Tick Time: 50ms
[23:44:15] [Server thread/INFO]: Allow Zombie Pigmen to spawn from portal blocks: true
[23:44:15] [Server thread/INFO]: View Distance: 10
[23:44:15] [Server thread/INFO]: Simulation Distance: 10
[23:44:15] [Server thread/INFO]: Item Despawn Rate: 6000
[23:44:15] [Server thread/INFO]: Item Merge Radius: 2.5
[23:44:15] [Server thread/INFO]: Arrow Despawn Rate: 1200 Trident Respawn Rate:1200
[23:44:15] [Server thread/INFO]: Zombie Aggressive Towards Villager: true
[23:44:15] [Server thread/INFO]: Nerfing mobs spawned from spawners: false
[23:44:15] [Server thread/INFO]: Preparing start region for dimension minecraft:overworld
[23:44:47] [Worker-Main-2/INFO]: Preparing spawn area: 0%
[23:44:48] [Worker-Main-1/INFO]: Preparing spawn area: 0%
[23:44:48] [Worker-Main-1/INFO]: Preparing spawn area: 0%
[23:44:48] [Worker-Main-1/INFO]: Preparing spawn area: 0%
[23:44:48] [Worker-Main-2/INFO]: Preparing spawn area: 0%
[23:44:48] [Worker-Main-3/INFO]: Preparing spawn area: 0%
[23:44:48] [Worker-Main-1/INFO]: Preparing spawn area: 0%
[23:44:48] [Worker-Main-3/INFO]: Preparing spawn area: 0%
[23:44:48] [Worker-Main-3/INFO]: Preparing spawn area: 0%
[23:44:48] [Worker-Main-2/INFO]: Preparing spawn area: 0%
[23:44:48] [Worker-Main-2/INFO]: Preparing spawn area: 0%
[23:44:48] [Worker-Main-2/INFO]: Preparing spawn area: 0%
[23:44:48] [Worker-Main-2/INFO]: Preparing spawn area: 0%
[23:44:48] [Worker-Main-2/INFO]: Preparing spawn area: 0%
[23:44:48] [Worker-Main-2/INFO]: Preparing spawn area: 0%
[23:44:48] [Worker-Main-3/INFO]: Preparing spawn area: 0%
[23:44:48] [Worker-Main-3/INFO]: Preparing spawn area: 0%
[23:44:48] [Worker-Main-3/INFO]: Preparing spawn area: 0%
[23:44:48] [Worker-Main-3/INFO]: Preparing spawn area: 0%
[23:44:48] [Worker-Main-3/INFO]: Preparing spawn area: 0%
[23:44:48] [Worker-Main-3/INFO]: Preparing spawn area: 0%
[23:44:48] [Worker-Main-3/INFO]: Preparing spawn area: 0%
[23:44:48] [Worker-Main-3/INFO]: Preparing spawn area: 0%
[23:44:48] [Worker-Main-3/INFO]: Preparing spawn area: 0%
[23:44:48] [Worker-Main-1/INFO]: Preparing spawn area: 0%
[23:44:48] [Worker-Main-1/INFO]: Preparing spawn area: 0%
[23:44:48] [Worker-Main-1/INFO]: Preparing spawn area: 0%
[23:44:48] [Worker-Main-1/INFO]: Preparing spawn area: 0%
[23:44:48] [Worker-Main-1/INFO]: Preparing spawn area: 0%
[23:44:48] [Worker-Main-2/INFO]: Preparing spawn area: 0%
[23:44:48] [Worker-Main-2/INFO]: Preparing spawn area: 0%
[23:44:48] [Worker-Main-2/INFO]: Preparing spawn area: 0%
[23:44:48] [Worker-Main-2/INFO]: Preparing spawn area: 0%
[23:44:48] [Worker-Main-3/INFO]: Preparing spawn area: 0%
[23:44:48] [Worker-Main-3/INFO]: Preparing spawn area: 0%
[23:44:48] [Worker-Main-3/INFO]: Preparing spawn area: 0%
[23:44:48] [Worker-Main-3/INFO]: Preparing spawn area: 0%
[23:44:48] [Worker-Main-3/INFO]: Preparing spawn area: 0%
[23:44:48] [Worker-Main-3/INFO]: Preparing spawn area: 0%
[23:44:48] [Worker-Main-3/INFO]: Preparing spawn area: 0%
[23:44:48] [Worker-Main-2/INFO]: Preparing spawn area: 0%
[23:44:48] [Worker-Main-2/INFO]: Preparing spawn area: 0%
[23:44:48] [Worker-Main-2/INFO]: Preparing spawn area: 0%
[23:44:48] [Worker-Main-1/INFO]: Preparing spawn area: 0%
[23:44:48] [Worker-Main-1/INFO]: Preparing spawn area: 0%
[23:44:48] [Worker-Main-1/INFO]: Preparing spawn area: 0%
[23:44:48] [Worker-Main-1/INFO]: Preparing spawn area: 0%
[23:44:48] [Worker-Main-1/INFO]: Preparing spawn area: 0%
[23:44:48] [Worker-Main-1/INFO]: Preparing spawn area: 0%
[23:44:48] [Worker-Main-1/INFO]: Preparing spawn area: 0%
[23:44:48] [Worker-Main-1/INFO]: Preparing spawn area: 0%
[23:44:48] [Worker-Main-1/INFO]: Preparing spawn area: 0%
[23:44:48] [Worker-Main-2/INFO]: Preparing spawn area: 0%
[23:44:48] [Worker-Main-2/INFO]: Preparing spawn area: 0%
[23:44:48] [Worker-Main-2/INFO]: Preparing spawn area: 0%
[23:44:48] [Worker-Main-3/INFO]: Preparing spawn area: 0%
[23:44:48] [Worker-Main-3/INFO]: Preparing spawn area: 0%
[23:44:48] [Worker-Main-3/INFO]: Preparing spawn area: 0%
[23:44:48] [Worker-Main-3/INFO]: Preparing spawn area: 0%
[23:44:48] [Worker-Main-3/INFO]: Preparing spawn area: 0%
[23:44:48] [Worker-Main-1/INFO]: Preparing spawn area: 0%
[23:44:48] [Worker-Main-3/INFO]: Preparing spawn area: 0%
[23:44:48] [Worker-Main-2/INFO]: Preparing spawn area: 0%
[23:44:48] [Worker-Main-1/INFO]: Preparing spawn area: 0%
[23:44:48] [Worker-Main-1/INFO]: Preparing spawn area: 0%
[23:44:48] [Worker-Main-3/INFO]: Preparing spawn area: 0%
[23:44:48] [Worker-Main-3/INFO]: Preparing spawn area: 0%
[23:44:49] [Worker-Main-3/INFO]: Preparing spawn area: 0%
[23:44:49] [Worker-Main-2/INFO]: Preparing spawn area: 0%
[23:44:50] [Worker-Main-3/INFO]: Preparing spawn area: 1%
[23:44:50] [Worker-Main-3/INFO]: Preparing spawn area: 6%
[23:44:51] [Worker-Main-3/INFO]: Preparing spawn area: 9%
[23:44:51] [Worker-Main-3/INFO]: Preparing spawn area: 19%
[23:44:52] [Worker-Main-3/INFO]: Preparing spawn area: 33%
[23:44:52] [Worker-Main-1/INFO]: Preparing spawn area: 41%
[23:44:53] [Worker-Main-3/INFO]: Preparing spawn area: 41%
[23:44:53] [Worker-Main-2/INFO]: Preparing spawn area: 41%
[23:44:54] [Server thread/INFO]: Time elapsed: 38972 ms
[23:44:55] [Server thread/INFO]: Preparing start region for dimension minecraft:the_nether
[23:45:07] [Worker-Main-1/INFO]: Preparing spawn area: 0%
[23:45:07] [Worker-Main-2/INFO]: Preparing spawn area: 0%
[23:45:07] [Worker-Main-3/INFO]: Preparing spawn area: 0%
[23:45:07] [Worker-Main-1/INFO]: Preparing spawn area: 0%
[23:45:07] [Worker-Main-1/INFO]: Preparing spawn area: 0%
[23:45:07] [Worker-Main-3/INFO]: Preparing spawn area: 0%
[23:45:07] [Worker-Main-1/INFO]: Preparing spawn area: 0%
[23:45:07] [Worker-Main-1/INFO]: Preparing spawn area: 0%
[23:45:07] [Worker-Main-1/INFO]: Preparing spawn area: 0%
[23:45:07] [Worker-Main-2/INFO]: Preparing spawn area: 0%
[23:45:07] [Worker-Main-3/INFO]: Preparing spawn area: 0%
[23:45:07] [Worker-Main-2/INFO]: Preparing spawn area: 0%
[23:45:07] [Worker-Main-1/INFO]: Preparing spawn area: 0%
[23:45:08] [Worker-Main-2/INFO]: Preparing spawn area: 0%
[23:45:08] [Worker-Main-2/INFO]: Preparing spawn area: 0%
[23:45:08] [Worker-Main-1/INFO]: Preparing spawn area: 0%
[23:45:08] [Worker-Main-3/INFO]: Preparing spawn area: 0%
[23:45:08] [Worker-Main-2/INFO]: Preparing spawn area: 0%
[23:45:08] [Worker-Main-3/INFO]: Preparing spawn area: 0%
[23:45:08] [Worker-Main-3/INFO]: Preparing spawn area: 0%
[23:45:08] [Worker-Main-3/INFO]: Preparing spawn area: 0%
[23:45:08] [Worker-Main-3/INFO]: Preparing spawn area: 0%
[23:45:08] [Worker-Main-1/INFO]: Preparing spawn area: 0%
[23:45:08] [Worker-Main-2/INFO]: Preparing spawn area: 0%
[23:45:08] [Worker-Main-2/INFO]: Preparing spawn area: 0%
[23:45:08] [Worker-Main-1/INFO]: Preparing spawn area: 0%
[23:45:08] [Worker-Main-1/INFO]: Preparing spawn area: 0%
[23:45:08] [Worker-Main-2/INFO]: Preparing spawn area: 0%
[23:45:09] [Worker-Main-3/INFO]: Preparing spawn area: 0%
[23:45:09] [Worker-Main-2/INFO]: Preparing spawn area: 0%
[23:45:10] [Worker-Main-1/INFO]: Preparing spawn area: 0%
[23:45:10] [Worker-Main-1/INFO]: Preparing spawn area: 0%
[23:45:11] [Worker-Main-3/INFO]: Preparing spawn area: 0%
[23:45:11] [Worker-Main-1/INFO]: Preparing spawn area: 0%
[23:45:12] [Worker-Main-3/INFO]: Preparing spawn area: 0%
[23:45:12] [Worker-Main-1/INFO]: Preparing spawn area: 0%
[23:45:13] [Worker-Main-2/INFO]: Preparing spawn area: 1%
[23:45:13] [Worker-Main-1/INFO]: Preparing spawn area: 15%
[23:45:14] [Worker-Main-2/INFO]: Preparing spawn area: 32%
[23:45:14] [Worker-Main-3/INFO]: Preparing spawn area: 42%
[23:45:15] [Worker-Main-1/INFO]: Preparing spawn area: 54%
[23:45:15] [Worker-Main-3/INFO]: Preparing spawn area: 70%
[23:45:16] [Worker-Main-3/INFO]: Preparing spawn area: 85%
[23:45:16] [Server thread/INFO]: Time elapsed: 21460 ms
[23:45:16] [Server thread/INFO]: Preparing start region for dimension minecraft:the_end
[23:45:22] [Worker-Main-1/INFO]: Preparing spawn area: 0%
[23:45:22] [Worker-Main-1/INFO]: Preparing spawn area: 0%
[23:45:22] [Worker-Main-1/INFO]: Preparing spawn area: 0%
[23:45:22] [Worker-Main-1/INFO]: Preparing spawn area: 0%
[23:45:22] [Worker-Main-1/INFO]: Preparing spawn area: 0%
[23:45:22] [Worker-Main-1/INFO]: Preparing spawn area: 0%
[23:45:22] [Worker-Main-3/INFO]: Preparing spawn area: 0%
[23:45:22] [Worker-Main-3/INFO]: Preparing spawn area: 0%
[23:45:22] [Worker-Main-3/INFO]: Preparing spawn area: 0%
[23:45:22] [Worker-Main-3/INFO]: Preparing spawn area: 0%
[23:45:22] [Worker-Main-3/INFO]: Preparing spawn area: 0%
[23:45:22] [Worker-Main-2/INFO]: Preparing spawn area: 0%
[23:45:22] [Worker-Main-2/INFO]: Preparing spawn area: 0%
[23:45:23] [Worker-Main-1/INFO]: Preparing spawn area: 0%
[23:45:23] [Worker-Main-1/INFO]: Preparing spawn area: 0%
[23:45:24] [Worker-Main-3/INFO]: Preparing spawn area: 9%
[23:45:24] [Worker-Main-3/INFO]: Preparing spawn area: 16%
[23:45:25] [Worker-Main-1/INFO]: Preparing spawn area: 26%
[23:45:25] [Worker-Main-1/INFO]: Preparing spawn area: 46%
[23:45:26] [Worker-Main-2/INFO]: Preparing spawn area: 72%
[23:45:26] [Server thread/INFO]: Time elapsed: 9903 ms
[23:45:26] [Server thread/INFO]: [CoreProtect] Enabling CoreProtect v22.4
[23:45:28] [Server thread/INFO]: [0;37;1m[0;37;1m[m[CoreProtect] CoreProtect has been successfully enabled![0;37;1m[0;37;1m [m
[23:45:28] [Server thread/INFO]: [CoreProtect] Using SQLite for data storage.
[23:45:28] [Server thread/INFO]: --------------------
[23:45:28] [Server thread/INFO]: [CoreProtect] Enjoy CoreProtect? Join our Discord!
[23:45:28] [Server thread/INFO]: [CoreProtect] Discord: www.coreprotect.net/discord/
[23:45:28] [Server thread/INFO]: --------------------
[23:45:28] [Server thread/INFO]: [ViaVersion] Enabling ViaVersion v5.2.1
[23:45:28] [Server thread/INFO]: [ViaVersion] ViaVersion detected server version: 1.20.3-1.20.4 (765)
[23:45:28] [Server thread/WARN]: [ViaVersion] Please update your Java runtime to at least Java 21 (your version is 17.0.14).
[23:45:28] [Server thread/WARN]: [ViaVersion] At some point in the future, ViaVersion will no longer be compatible with this version of Java.
[23:45:28] [Server thread/INFO]: [MeowPlugin] Enabling MeowPlugin v0.1
[23:45:28] [Server thread/WARN]: [MeowPlugin] Could not save config.yml to plugins/MeowPlugin/config.yml because config.yml already exists.
[23:45:28] [Server thread/INFO]: [TabTPS] Enabling TabTPS v1.3.22
[23:45:29] [Server thread/WARN]: [TabTPS] ====================================================
[23:45:29] [Server thread/WARN]: [TabTPS]  TabTPS works better if you use Paper 
[23:45:29] [Server thread/WARN]: [TabTPS]  as your server software. 
[23:45:29] [Server thread/WARN]: [TabTPS]   
[23:45:29] [Server thread/WARN]: [TabTPS]  Paper offers significant performance improvements,
[23:45:29] [Server thread/WARN]: [TabTPS]  bug fixes, security enhancements and optional
[23:45:29] [Server thread/WARN]: [TabTPS]  features for server owners to enhance their server.
[23:45:29] [Server thread/WARN]: [TabTPS]   
[23:45:29] [Server thread/WARN]: [TabTPS]  Paper includes Timings v2, which is significantly
[23:45:29] [Server thread/WARN]: [TabTPS]  better at diagnosing lag problems over v1.
[23:45:29] [Server thread/WARN]: [TabTPS]   
[23:45:29] [Server thread/WARN]: [TabTPS]  All of your plugins should still work, and the
[23:45:29] [Server thread/WARN]: [TabTPS]  Paper community will gladly help you fix any issues.
[23:45:29] [Server thread/WARN]: [TabTPS]   
[23:45:29] [Server thread/WARN]: [TabTPS]  Join the Paper Community @ https://papermc.io
[23:45:29] [Server thread/WARN]: [TabTPS] ====================================================
[23:45:31] [Server thread/INFO]: [ViaBackwards] Enabling ViaBackwards v5.2.1
[23:45:31] [Server thread/INFO]: Server permissions file permissions.yml is empty, ignoring it
[23:45:31] [Server thread/INFO]: Done (102.009s)! For help, type "help"
[23:45:31] [Craft Scheduler Thread - 3/INFO]: [ViaVersion] Finished mapping loading, shutting down loader executor.
[23:45:32] [Craft Scheduler Thread - 0/INFO]: [33;1m[[32;22mSkinsRestorer[33;1m] [0;39m[32;1m----------------------------------------------[0;39m[m
[23:45:32] [Craft Scheduler Thread - 0/INFO]: [33;1m[[32;22mSkinsRestorer[33;1m] [0;39m[32;1m    +==================+[0;39m[m
[23:45:32] [Craft Scheduler Thread - 0/INFO]: [33;1m[[32;22mSkinsRestorer[33;1m] [0;39m[32;1m    |   SkinsRestorer  |[0;39m[m
[23:45:32] [Craft Scheduler Thread - 0/INFO]: [33;1m[[32;22mSkinsRestorer[33;1m] [0;39m[32;1m    |------------------|[0;39m[m
[23:45:32] [Craft Scheduler Thread - 0/INFO]: [33;1m[[32;22mSkinsRestorer[33;1m] [0;39m[32;1m    |  [34;1m[4m[21mStandalone Mode[0;39m[32;1m |[0;39m[m
[23:45:32] [Craft Scheduler Thread - 0/INFO]: [33;1m[[32;22mSkinsRestorer[33;1m] [0;39m[32;1m    +==================+[0;39m[m
[23:45:32] [Craft Scheduler Thread - 0/INFO]: [33;1m[[32;22mSkinsRestorer[33;1m] [0;39m[32;1m----------------------------------------------[0;39m[m
[23:45:32] [Craft Scheduler Thread - 0/INFO]: [33;1m[[32;22mSkinsRestorer[33;1m] [0;39m[36;1m    Version: [32;1m15.5.2[0;39m[m
[23:45:32] [Craft Scheduler Thread - 0/INFO]: [33;1m[[32;22mSkinsRestorer[33;1m] [0;39m[36;1m    Commit: [32;1mae257f6[0;39m[m
[23:45:32] [Craft Scheduler Thread - 0/INFO]: [33;1m[[32;22mSkinsRestorer[33;1m] [0;39m[32;1m    This is the latest version![0;39m[m
[23:45:32] [Craft Scheduler Thread - 0/INFO]: [33;1m[[32;22mSkinsRestorer[33;1m] [0;39m[32;1m----------------------------------------------[0;39m[m
[23:45:32] [Craft Scheduler Thread - 0/INFO]: [33;1m[[32;22mSkinsRestorer[33;1m] [0;39m[34;1mDo you have issues? Read our troubleshooting guide: [33;1mhttps://skinsrestorer.net/docs/troubleshooting[0;39m[m
[23:45:33] [Craft Scheduler Thread - 0/INFO]: [33;1m[[32;22mSkinsRestorer[33;1m] [0;39m[34;1mWant to support SkinsRestorer? Consider donating: [33;1mhttps://skinsrestorer.net/donate[0;39m[m
[23:45:34] [Craft Scheduler Thread - 4/INFO]: There is an update available for TabTPS!
[23:45:34] [Craft Scheduler Thread - 4/INFO]: This server is running version v1.3.22, which is 4 versions outdated.
[23:45:34] [Craft Scheduler Thread - 4/INFO]: Download the latest version, v1.3.26 from GitHub at the link below:
[23:45:34] [Craft Scheduler Thread - 4/INFO]: https://github.com/jpenilla/TabTPS/releases/tag/v1.3.26
[23:45:35] [Server thread/WARN]: Can't keep up! Is the server overloaded? Running 2553ms or 51 ticks behind
