[21:25:00] [ServerMain/INFO]: Environment: Environment[sessionHost=https://sessionserver.mojang.com, servicesHost=https://api.minecraftservices.com, name=PROD]
[21:25:00] [ServerMain/INFO]: Found new data pack file/bukkit, loading it automatically
[21:25:01] [ServerMain/INFO]: No existing world data, creating new world
[21:25:02] [ServerMain/INFO]: Loaded 7 recipes
[21:25:03] [Server thread/INFO]: Starting minecraft server version 1.20.4
[21:25:03] [Server thread/INFO]: Loading properties
[21:25:03] [Server thread/INFO]: This server is running CraftBukkit version 4074-Spigot-e9ec548-51bbab2 (MC: 1.20.4) (Implementing API version 1.20.4-R0.1-SNAPSHOT)
[21:25:03] [Server thread/INFO]: Server Ping Player Sample Count: 12
[21:25:04] [Server thread/INFO]: Using 4 threads for Netty based IO
[21:25:04] [Server thread/INFO]: Debug logging is disabled
[21:25:04] [Server thread/INFO]: Default game type: SURVIVAL
[21:25:04] [Server thread/INFO]: Generating keypair
[21:25:04] [Server thread/INFO]: Starting Minecraft server on *:25566
[21:25:04] [Server thread/INFO]: Using epoll channel type
[21:25:04] [Server thread/WARN]: **** SERVER IS RUNNING IN OFFLINE/INSECURE MODE!
[21:25:04] [Server thread/WARN]: The server will make no attempt to authenticate usernames. Beware.
[21:25:04] [Server thread/WARN]: While this makes the game possible to play without internet access, it also opens up the ability for hackers to connect with any username they choose.
[21:25:04] [Server thread/WARN]: To change this, set "online-mode" to "true" in the server.properties file.
[21:25:04] [Server thread/INFO]: Preparing level "world"
[21:25:04] [Server thread/INFO]: -------- World Settings For [world] --------
[21:25:04] [Server thread/INFO]: Entity Activation Range: An 32 / Mo 32 / Ra 48 / Mi 16 / Tiv true / Isa false
[21:25:04] [Server thread/INFO]: Entity Tracking Range: Pl 48 / An 48 / Mo 48 / Mi 32 / Di 128 / Other 64
[21:25:04] [Server thread/INFO]: Hopper Transfer: 8 Hopper Check: 1 Hopper Amount: 1 Hopper Can Load Chunks: false
[21:25:04] [Server thread/INFO]: Cactus Growth Modifier: 100%
[21:25:04] [Server thread/INFO]: Cane Growth Modifier: 100%
[21:25:04] [Server thread/INFO]: Melon Growth Modifier: 100%
[21:25:04] [Server thread/INFO]: Mushroom Growth Modifier: 100%
[21:25:04] [Server thread/INFO]: Pumpkin Growth Modifier: 100%
[21:25:04] [Server thread/INFO]: Sapling Growth Modifier: 100%
[21:25:04] [Server thread/INFO]: Beetroot Growth Modifier: 100%
[21:25:04] [Server thread/INFO]: Carrot Growth Modifier: 100%
[21:25:04] [Server thread/INFO]: Potato Growth Modifier: 100%
[21:25:04] [Server thread/INFO]: Wheat Growth Modifier: 100%
[21:25:04] [Server thread/INFO]: NetherWart Growth Modifier: 100%
[21:25:04] [Server thread/INFO]: Vine Growth Modifier: 100%
[21:25:04] [Server thread/INFO]: Cocoa Growth Modifier: 100%
[21:25:04] [Server thread/INFO]: Bamboo Growth Modifier: 100%
[21:25:04] [Server thread/INFO]: SweetBerry Growth Modifier: 100%
[21:25:04] [Server thread/INFO]: Kelp Growth Modifier: 100%
[21:25:04] [Server thread/INFO]: TwistingVines Growth Modifier: 100%
[21:25:04] [Server thread/INFO]: WeepingVines Growth Modifier: 100%
[21:25:04] [Server thread/INFO]: CaveVines Growth Modifier: 100%
[21:25:04] [Server thread/INFO]: Experience Merge Radius: 3.0
[21:25:04] [Server thread/INFO]: Mob Spawn Range: 6
[21:25:04] [Server thread/INFO]: Custom Map Seeds:  Village: 10387312 Desert: 14357617 Igloo: 14357618 Jungle: 14357619 Swamp: 14357620 Monument: 10387313 Ocean: 14357621 Shipwreck: 165745295 End City: 10387313 Slime: 987234911 Nether: 30084232 Mansion: 10387319 Fossil: 14357921 Portal: 34222645
[21:25:04] [Server thread/INFO]: Max TNT Explosions: 100
[21:25:04] [Server thread/INFO]: Tile Max Tick Time: 50ms Entity max Tick Time: 50ms
[21:25:04] [Server thread/INFO]: View Distance: 10
[21:25:04] [Server thread/INFO]: Simulation Distance: 10
[21:25:04] [Server thread/INFO]: Item Despawn Rate: 6000
[21:25:04] [Server thread/INFO]: Item Merge Radius: 2.5
[21:25:04] [Server thread/INFO]: Allow Zombie Pigmen to spawn from portal blocks: true
[21:25:04] [Server thread/INFO]: Arrow Despawn Rate: 1200 Trident Respawn Rate:1200
[21:25:04] [Server thread/INFO]: Zombie Aggressive Towards Villager: true
[21:25:04] [Server thread/INFO]: Nerfing mobs spawned from spawners: false
[21:25:11] [Server thread/INFO]: -------- World Settings For [world_nether] --------
[21:25:11] [Server thread/INFO]: Entity Activation Range: An 32 / Mo 32 / Ra 48 / Mi 16 / Tiv true / Isa false
[21:25:11] [Server thread/INFO]: Entity Tracking Range: Pl 48 / An 48 / Mo 48 / Mi 32 / Di 128 / Other 64
[21:25:11] [Server thread/INFO]: Hopper Transfer: 8 Hopper Check: 1 Hopper Amount: 1 Hopper Can Load Chunks: false
[21:25:11] [Server thread/INFO]: Cactus Growth Modifier: 100%
[21:25:11] [Server thread/INFO]: Cane Growth Modifier: 100%
[21:25:11] [Server thread/INFO]: Melon Growth Modifier: 100%
[21:25:11] [Server thread/INFO]: Mushroom Growth Modifier: 100%
[21:25:11] [Server thread/INFO]: Pumpkin Growth Modifier: 100%
[21:25:11] [Server thread/INFO]: Sapling Growth Modifier: 100%
[21:25:11] [Server thread/INFO]: Beetroot Growth Modifier: 100%
[21:25:11] [Server thread/INFO]: Carrot Growth Modifier: 100%
[21:25:11] [Server thread/INFO]: Potato Growth Modifier: 100%
[21:25:11] [Server thread/INFO]: Wheat Growth Modifier: 100%
[21:25:11] [Server thread/INFO]: NetherWart Growth Modifier: 100%
[21:25:11] [Server thread/INFO]: Vine Growth Modifier: 100%
[21:25:11] [Server thread/INFO]: Cocoa Growth Modifier: 100%
[21:25:11] [Server thread/INFO]: Bamboo Growth Modifier: 100%
[21:25:11] [Server thread/INFO]: SweetBerry Growth Modifier: 100%
[21:25:11] [Server thread/INFO]: Kelp Growth Modifier: 100%
[21:25:11] [Server thread/INFO]: TwistingVines Growth Modifier: 100%
[21:25:11] [Server thread/INFO]: WeepingVines Growth Modifier: 100%
[21:25:11] [Server thread/INFO]: CaveVines Growth Modifier: 100%
[21:25:11] [Server thread/INFO]: Experience Merge Radius: 3.0
[21:25:11] [Server thread/INFO]: Mob Spawn Range: 6
[21:25:11] [Server thread/INFO]: Custom Map Seeds:  Village: 10387312 Desert: 14357617 Igloo: 14357618 Jungle: 14357619 Swamp: 14357620 Monument: 10387313 Ocean: 14357621 Shipwreck: 165745295 End City: 10387313 Slime: 987234911 Nether: 30084232 Mansion: 10387319 Fossil: 14357921 Portal: 34222645
[21:25:11] [Server thread/INFO]: Max TNT Explosions: 100
[21:25:11] [Server thread/INFO]: Tile Max Tick Time: 50ms Entity max Tick Time: 50ms
[21:25:11] [Server thread/INFO]: View Distance: 10
[21:25:11] [Server thread/INFO]: Simulation Distance: 10
[21:25:11] [Server thread/INFO]: Item Despawn Rate: 6000
[21:25:11] [Server thread/INFO]: Item Merge Radius: 2.5
[21:25:11] [Server thread/INFO]: Allow Zombie Pigmen to spawn from portal blocks: true
[21:25:11] [Server thread/INFO]: Arrow Despawn Rate: 1200 Trident Respawn Rate:1200
[21:25:11] [Server thread/INFO]: Zombie Aggressive Towards Villager: true
[21:25:11] [Server thread/INFO]: Nerfing mobs spawned from spawners: false
[21:25:13] [Server thread/INFO]: -------- World Settings For [world_the_end] --------
[21:25:13] [Server thread/INFO]: Entity Activation Range: An 32 / Mo 32 / Ra 48 / Mi 16 / Tiv true / Isa false
[21:25:13] [Server thread/INFO]: Entity Tracking Range: Pl 48 / An 48 / Mo 48 / Mi 32 / Di 128 / Other 64
[21:25:13] [Server thread/INFO]: Hopper Transfer: 8 Hopper Check: 1 Hopper Amount: 1 Hopper Can Load Chunks: false
[21:25:13] [Server thread/INFO]: Cactus Growth Modifier: 100%
[21:25:13] [Server thread/INFO]: Cane Growth Modifier: 100%
[21:25:13] [Server thread/INFO]: Melon Growth Modifier: 100%
[21:25:13] [Server thread/INFO]: Mushroom Growth Modifier: 100%
[21:25:13] [Server thread/INFO]: Pumpkin Growth Modifier: 100%
[21:25:13] [Server thread/INFO]: Sapling Growth Modifier: 100%
[21:25:13] [Server thread/INFO]: Beetroot Growth Modifier: 100%
[21:25:13] [Server thread/INFO]: Carrot Growth Modifier: 100%
[21:25:13] [Server thread/INFO]: Potato Growth Modifier: 100%
[21:25:13] [Server thread/INFO]: Wheat Growth Modifier: 100%
[21:25:13] [Server thread/INFO]: NetherWart Growth Modifier: 100%
[21:25:13] [Server thread/INFO]: Vine Growth Modifier: 100%
[21:25:13] [Server thread/INFO]: Cocoa Growth Modifier: 100%
[21:25:13] [Server thread/INFO]: Bamboo Growth Modifier: 100%
[21:25:13] [Server thread/INFO]: SweetBerry Growth Modifier: 100%
[21:25:13] [Server thread/INFO]: Kelp Growth Modifier: 100%
[21:25:13] [Server thread/INFO]: TwistingVines Growth Modifier: 100%
[21:25:13] [Server thread/INFO]: WeepingVines Growth Modifier: 100%
[21:25:13] [Server thread/INFO]: CaveVines Growth Modifier: 100%
[21:25:13] [Server thread/INFO]: Experience Merge Radius: 3.0
[21:25:13] [Server thread/INFO]: Mob Spawn Range: 6
[21:25:13] [Server thread/INFO]: Custom Map Seeds:  Village: 10387312 Desert: 14357617 Igloo: 14357618 Jungle: 14357619 Swamp: 14357620 Monument: 10387313 Ocean: 14357621 Shipwreck: 165745295 End City: 10387313 Slime: 987234911 Nether: 30084232 Mansion: 10387319 Fossil: 14357921 Portal: 34222645
[21:25:13] [Server thread/INFO]: Max TNT Explosions: 100
[21:25:13] [Server thread/INFO]: Tile Max Tick Time: 50ms Entity max Tick Time: 50ms
[21:25:13] [Server thread/INFO]: View Distance: 10
[21:25:13] [Server thread/INFO]: Simulation Distance: 10
[21:25:13] [Server thread/INFO]: Item Despawn Rate: 6000
[21:25:13] [Server thread/INFO]: Item Merge Radius: 2.5
[21:25:13] [Server thread/INFO]: Allow Zombie Pigmen to spawn from portal blocks: true
[21:25:13] [Server thread/INFO]: Arrow Despawn Rate: 1200 Trident Respawn Rate:1200
[21:25:13] [Server thread/INFO]: Zombie Aggressive Towards Villager: true
[21:25:13] [Server thread/INFO]: Nerfing mobs spawned from spawners: false
[21:25:13] [Server thread/INFO]: Preparing start region for dimension minecraft:overworld
[21:25:14] [Worker-Main-2/INFO]: Preparing spawn area: 0%
[21:25:14] [Worker-Main-2/INFO]: Preparing spawn area: 0%
[21:25:15] [Worker-Main-3/INFO]: Preparing spawn area: 0%
[21:25:15] [Worker-Main-2/INFO]: Preparing spawn area: 0%
[21:25:15] [Worker-Main-2/INFO]: Preparing spawn area: 0%
[21:25:16] [Worker-Main-3/INFO]: Preparing spawn area: 0%
[21:25:17] [Worker-Main-3/INFO]: Preparing spawn area: 1%
[21:25:17] [Worker-Main-2/INFO]: Preparing spawn area: 1%
[21:25:18] [Worker-Main-2/INFO]: Preparing spawn area: 2%
[21:25:18] [Worker-Main-1/INFO]: Preparing spawn area: 3%
[21:25:19] [Worker-Main-3/INFO]: Preparing spawn area: 3%
[21:25:19] [Worker-Main-2/INFO]: Preparing spawn area: 4%
[21:25:20] [Worker-Main-2/INFO]: Preparing spawn area: 5%
[21:25:20] [Worker-Main-3/INFO]: Preparing spawn area: 6%
[21:25:21] [Worker-Main-3/INFO]: Preparing spawn area: 6%
[21:25:21] [Worker-Main-3/INFO]: Preparing spawn area: 7%
[21:25:22] [Worker-Main-3/INFO]: Preparing spawn area: 9%
[21:25:22] [Worker-Main-3/INFO]: Preparing spawn area: 9%
[21:25:23] [Worker-Main-3/INFO]: Preparing spawn area: 10%
[21:25:23] [Worker-Main-1/INFO]: Preparing spawn area: 11%
[21:25:24] [Worker-Main-3/INFO]: Preparing spawn area: 11%
[21:25:24] [Worker-Main-2/INFO]: Preparing spawn area: 12%
[21:25:25] [Worker-Main-2/INFO]: Preparing spawn area: 13%
[21:25:25] [Worker-Main-1/INFO]: Preparing spawn area: 14%
[21:25:25] [Worker-Main-1/INFO]: Preparing spawn area: 15%
[21:25:26] [Worker-Main-2/INFO]: Preparing spawn area: 16%
[21:25:27] [Worker-Main-2/INFO]: Preparing spawn area: 17%
[21:25:27] [Worker-Main-2/INFO]: Preparing spawn area: 18%
[21:25:28] [Worker-Main-3/INFO]: Preparing spawn area: 19%
[21:25:28] [Worker-Main-2/INFO]: Preparing spawn area: 19%
[21:25:29] [Worker-Main-2/INFO]: Preparing spawn area: 20%
[21:25:29] [Worker-Main-3/INFO]: Preparing spawn area: 22%
[21:25:30] [Worker-Main-1/INFO]: Preparing spawn area: 23%
[21:25:30] [Worker-Main-2/INFO]: Preparing spawn area: 24%
[21:25:31] [Worker-Main-2/INFO]: Preparing spawn area: 24%
[21:25:31] [Worker-Main-3/INFO]: Preparing spawn area: 26%
[21:25:32] [Worker-Main-1/INFO]: Preparing spawn area: 26%
[21:25:32] [Worker-Main-3/INFO]: Preparing spawn area: 27%
[21:25:33] [Worker-Main-3/INFO]: Preparing spawn area: 28%
[21:25:33] [Worker-Main-3/INFO]: Preparing spawn area: 28%
[21:25:34] [Worker-Main-1/INFO]: Preparing spawn area: 30%
[21:25:34] [Worker-Main-2/INFO]: Preparing spawn area: 31%
[21:25:35] [Worker-Main-1/INFO]: Preparing spawn area: 32%
[21:25:35] [Worker-Main-2/INFO]: Preparing spawn area: 32%
[21:25:36] [Worker-Main-3/INFO]: Preparing spawn area: 33%
[21:25:36] [Worker-Main-1/INFO]: Preparing spawn area: 34%
[21:25:37] [Worker-Main-2/INFO]: Preparing spawn area: 34%
[21:25:37] [Worker-Main-3/INFO]: Preparing spawn area: 35%
[21:25:38] [Worker-Main-3/INFO]: Preparing spawn area: 36%
[21:25:38] [Worker-Main-2/INFO]: Preparing spawn area: 36%
[21:25:39] [Worker-Main-1/INFO]: Preparing spawn area: 37%
[21:25:39] [Worker-Main-3/INFO]: Preparing spawn area: 37%
[21:25:40] [Worker-Main-3/INFO]: Preparing spawn area: 38%
[21:25:40] [Worker-Main-3/INFO]: Preparing spawn area: 39%
[21:25:41] [Worker-Main-2/INFO]: Preparing spawn area: 39%
[21:25:41] [Worker-Main-3/INFO]: Preparing spawn area: 40%
[21:25:41] [Worker-Main-3/INFO]: Preparing spawn area: 41%
[21:25:42] [Worker-Main-1/INFO]: Preparing spawn area: 41%
[21:25:42] [Worker-Main-2/INFO]: Preparing spawn area: 42%
[21:25:43] [Worker-Main-3/INFO]: Preparing spawn area: 42%
[21:25:44] [Worker-Main-2/INFO]: Preparing spawn area: 42%
[21:25:44] [Worker-Main-3/INFO]: Preparing spawn area: 43%
[21:25:44] [Worker-Main-1/INFO]: Preparing spawn area: 44%
[21:25:45] [Worker-Main-2/INFO]: Preparing spawn area: 45%
[21:25:46] [Worker-Main-1/INFO]: Preparing spawn area: 46%
[21:25:46] [Worker-Main-2/INFO]: Preparing spawn area: 47%
[21:25:47] [Worker-Main-3/INFO]: Preparing spawn area: 48%
[21:25:47] [Worker-Main-2/INFO]: Preparing spawn area: 49%
[21:25:48] [Worker-Main-2/INFO]: Preparing spawn area: 50%
[21:25:48] [Worker-Main-2/INFO]: Preparing spawn area: 51%
[21:25:49] [Worker-Main-1/INFO]: Preparing spawn area: 52%
[21:25:49] [Worker-Main-2/INFO]: Preparing spawn area: 53%
[21:25:50] [Worker-Main-3/INFO]: Preparing spawn area: 54%
[21:25:50] [Worker-Main-1/INFO]: Preparing spawn area: 54%
[21:25:51] [Worker-Main-2/INFO]: Preparing spawn area: 54%
[21:25:51] [Worker-Main-2/INFO]: Preparing spawn area: 54%
[21:25:52] [Worker-Main-3/INFO]: Preparing spawn area: 54%
[21:25:52] [Worker-Main-2/INFO]: Preparing spawn area: 56%
[21:25:53] [Worker-Main-2/INFO]: Preparing spawn area: 57%
[21:25:53] [Worker-Main-3/INFO]: Preparing spawn area: 58%
[21:25:54] [Worker-Main-3/INFO]: Preparing spawn area: 58%
[21:25:54] [Worker-Main-2/INFO]: Preparing spawn area: 59%
[21:25:55] [Worker-Main-2/INFO]: Preparing spawn area: 60%
[21:25:55] [Worker-Main-1/INFO]: Preparing spawn area: 61%
[21:25:56] [Worker-Main-1/INFO]: Preparing spawn area: 61%
[21:25:56] [Worker-Main-1/INFO]: Preparing spawn area: 63%
[21:25:56] [Worker-Main-3/INFO]: Preparing spawn area: 64%
[21:25:57] [Worker-Main-2/INFO]: Preparing spawn area: 65%
[21:25:58] [Worker-Main-3/INFO]: Preparing spawn area: 67%
[21:25:58] [Worker-Main-2/INFO]: Preparing spawn area: 67%
[21:25:59] [Worker-Main-2/INFO]: Preparing spawn area: 68%
[21:25:59] [Worker-Main-3/INFO]: Preparing spawn area: 68%
[21:26:00] [Worker-Main-1/INFO]: Preparing spawn area: 68%
[21:26:00] [Worker-Main-3/INFO]: Preparing spawn area: 70%
[21:26:00] [Worker-Main-3/INFO]: Preparing spawn area: 71%
[21:26:01] [Worker-Main-2/INFO]: Preparing spawn area: 71%
[21:26:02] [Worker-Main-1/INFO]: Preparing spawn area: 72%
[21:26:02] [Worker-Main-3/INFO]: Preparing spawn area: 74%
[21:26:02] [Worker-Main-2/INFO]: Preparing spawn area: 74%
[21:26:03] [Worker-Main-3/INFO]: Preparing spawn area: 76%
[21:26:04] [Worker-Main-3/INFO]: Preparing spawn area: 76%
[21:26:04] [Worker-Main-3/INFO]: Preparing spawn area: 78%
[21:26:05] [Worker-Main-3/INFO]: Preparing spawn area: 79%
[21:26:05] [Worker-Main-2/INFO]: Preparing spawn area: 80%
[21:26:06] [Worker-Main-3/INFO]: Preparing spawn area: 81%
[21:26:06] [Worker-Main-1/INFO]: Preparing spawn area: 81%
[21:26:07] [Worker-Main-3/INFO]: Preparing spawn area: 82%
[21:26:07] [Worker-Main-1/INFO]: Preparing spawn area: 83%
[21:26:08] [Worker-Main-1/INFO]: Preparing spawn area: 83%
[21:26:08] [Worker-Main-2/INFO]: Preparing spawn area: 83%
[21:26:09] [Worker-Main-3/INFO]: Preparing spawn area: 83%
[21:26:09] [Worker-Main-2/INFO]: Preparing spawn area: 85%
[21:26:10] [Worker-Main-3/INFO]: Preparing spawn area: 86%
[21:26:10] [Worker-Main-2/INFO]: Preparing spawn area: 86%
[21:26:11] [Worker-Main-1/INFO]: Preparing spawn area: 86%
[21:26:11] [Worker-Main-2/INFO]: Preparing spawn area: 87%
[21:26:12] [Worker-Main-2/INFO]: Preparing spawn area: 88%
[21:26:12] [Worker-Main-2/INFO]: Preparing spawn area: 89%
[21:26:13] [Worker-Main-3/INFO]: Preparing spawn area: 90%
[21:26:13] [Worker-Main-2/INFO]: Preparing spawn area: 91%
[21:26:14] [Worker-Main-2/INFO]: Preparing spawn area: 92%
[21:26:14] [Worker-Main-1/INFO]: Preparing spawn area: 94%
[21:26:15] [Worker-Main-3/INFO]: Preparing spawn area: 95%
[21:26:15] [Worker-Main-1/INFO]: Preparing spawn area: 96%
[21:26:16] [Worker-Main-3/INFO]: Preparing spawn area: 97%
[21:26:16] [Worker-Main-2/INFO]: Preparing spawn area: 98%
[21:26:17] [Worker-Main-3/INFO]: Preparing spawn area: 99%
[21:26:17] [Server thread/INFO]: Time elapsed: 63103 ms
[21:26:17] [Server thread/INFO]: Preparing start region for dimension minecraft:the_nether
[21:26:18] [Worker-Main-3/INFO]: Preparing spawn area: 0%
[21:26:18] [Worker-Main-3/INFO]: Preparing spawn area: 0%
[21:26:18] [Worker-Main-3/INFO]: Preparing spawn area: 0%
[21:26:18] [Worker-Main-2/INFO]: Preparing spawn area: 0%
[21:26:19] [Worker-Main-1/INFO]: Preparing spawn area: 0%
[21:26:19] [Worker-Main-3/INFO]: Preparing spawn area: 0%
[21:26:20] [Worker-Main-2/INFO]: Preparing spawn area: 1%
[21:26:20] [Worker-Main-3/INFO]: Preparing spawn area: 2%
[21:26:21] [Worker-Main-3/INFO]: Preparing spawn area: 2%
[21:26:21] [Worker-Main-2/INFO]: Preparing spawn area: 3%
[21:26:22] [Worker-Main-1/INFO]: Preparing spawn area: 4%
[21:26:23] [Worker-Main-1/INFO]: Preparing spawn area: 4%
[21:26:23] [Worker-Main-3/INFO]: Preparing spawn area: 4%
[21:26:23] [Worker-Main-2/INFO]: Preparing spawn area: 4%
[21:26:24] [Worker-Main-2/INFO]: Preparing spawn area: 5%
[21:26:24] [Worker-Main-2/INFO]: Preparing spawn area: 6%
[21:26:25] [Worker-Main-1/INFO]: Preparing spawn area: 8%
[21:26:25] [Worker-Main-2/INFO]: Preparing spawn area: 10%
[21:26:26] [Worker-Main-2/INFO]: Preparing spawn area: 11%
[21:26:26] [Worker-Main-2/INFO]: Preparing spawn area: 13%
[21:26:27] [Worker-Main-2/INFO]: Preparing spawn area: 15%
[21:26:27] [Worker-Main-3/INFO]: Preparing spawn area: 15%
[21:26:28] [Worker-Main-2/INFO]: Preparing spawn area: 17%
[21:26:28] [Worker-Main-3/INFO]: Preparing spawn area: 20%
[21:26:29] [Worker-Main-2/INFO]: Preparing spawn area: 22%
[21:26:29] [Worker-Main-3/INFO]: Preparing spawn area: 23%
[21:26:30] [Worker-Main-1/INFO]: Preparing spawn area: 24%
[21:26:30] [Worker-Main-1/INFO]: Preparing spawn area: 26%
[21:26:31] [Worker-Main-1/INFO]: Preparing spawn area: 29%
[21:26:31] [Worker-Main-1/INFO]: Preparing spawn area: 31%
[21:26:32] [Worker-Main-1/INFO]: Preparing spawn area: 31%
[21:26:32] [Worker-Main-1/INFO]: Preparing spawn area: 33%
[21:26:33] [Worker-Main-1/INFO]: Preparing spawn area: 35%
[21:26:33] [Worker-Main-3/INFO]: Preparing spawn area: 36%
[21:26:34] [Worker-Main-2/INFO]: Preparing spawn area: 39%
[21:26:34] [Worker-Main-2/INFO]: Preparing spawn area: 41%
[21:26:35] [Worker-Main-1/INFO]: Preparing spawn area: 42%
[21:26:35] [Worker-Main-3/INFO]: Preparing spawn area: 43%
[21:26:36] [Worker-Main-2/INFO]: Preparing spawn area: 45%
[21:26:36] [Worker-Main-2/INFO]: Preparing spawn area: 47%
[21:26:37] [Worker-Main-2/INFO]: Preparing spawn area: 49%
[21:26:37] [Worker-Main-3/INFO]: Preparing spawn area: 51%
[21:26:38] [Worker-Main-1/INFO]: Preparing spawn area: 54%
[21:26:38] [Worker-Main-3/INFO]: Preparing spawn area: 55%
[21:26:39] [Worker-Main-3/INFO]: Preparing spawn area: 56%
[21:26:39] [Worker-Main-1/INFO]: Preparing spawn area: 58%
[21:26:40] [Worker-Main-2/INFO]: Preparing spawn area: 60%
[21:26:40] [Worker-Main-1/INFO]: Preparing spawn area: 62%
[21:26:41] [Worker-Main-2/INFO]: Preparing spawn area: 65%
[21:26:41] [Worker-Main-3/INFO]: Preparing spawn area: 67%
[21:26:42] [Worker-Main-3/INFO]: Preparing spawn area: 68%
[21:26:42] [Worker-Main-3/INFO]: Preparing spawn area: 69%
[21:26:43] [Worker-Main-1/INFO]: Preparing spawn area: 71%
[21:26:43] [Worker-Main-1/INFO]: Preparing spawn area: 72%
[21:26:44] [Worker-Main-3/INFO]: Preparing spawn area: 74%
[21:26:44] [Worker-Main-3/INFO]: Preparing spawn area: 76%
[21:26:45] [Worker-Main-1/INFO]: Preparing spawn area: 78%
[21:26:45] [Worker-Main-3/INFO]: Preparing spawn area: 80%
[21:26:46] [Worker-Main-2/INFO]: Preparing spawn area: 82%
[21:26:46] [Worker-Main-2/INFO]: Preparing spawn area: 84%
[21:26:47] [Worker-Main-3/INFO]: Preparing spawn area: 85%
[21:26:47] [Worker-Main-3/INFO]: Preparing spawn area: 86%
[21:26:48] [Worker-Main-2/INFO]: Preparing spawn area: 87%
[21:26:48] [Worker-Main-1/INFO]: Preparing spawn area: 89%
[21:26:49] [Worker-Main-3/INFO]: Preparing spawn area: 90%
[21:26:49] [Worker-Main-3/INFO]: Preparing spawn area: 92%
[21:26:50] [Worker-Main-3/INFO]: Preparing spawn area: 93%
[21:26:50] [Worker-Main-2/INFO]: Preparing spawn area: 94%
[21:26:51] [Worker-Main-3/INFO]: Preparing spawn area: 94%
[21:26:51] [Worker-Main-3/INFO]: Preparing spawn area: 96%
[21:26:52] [Worker-Main-3/INFO]: Preparing spawn area: 97%
[21:26:52] [Worker-Main-3/INFO]: Preparing spawn area: 99%
[21:26:52] [Server thread/INFO]: Time elapsed: 35695 ms
[21:26:52] [Server thread/INFO]: Preparing start region for dimension minecraft:the_end
[21:26:53] [Worker-Main-3/INFO]: Preparing spawn area: 0%
[21:26:53] [Worker-Main-3/INFO]: Preparing spawn area: 0%
[21:26:53] [Worker-Main-3/INFO]: Preparing spawn area: 0%
[21:26:54] [Worker-Main-2/INFO]: Preparing spawn area: 0%
[21:26:54] [Worker-Main-2/INFO]: Preparing spawn area: 2%
[21:26:55] [Worker-Main-1/INFO]: Preparing spawn area: 5%
[21:26:55] [Worker-Main-2/INFO]: Preparing spawn area: 12%
[21:26:56] [Worker-Main-3/INFO]: Preparing spawn area: 22%
[21:26:56] [Worker-Main-2/INFO]: Preparing spawn area: 34%
[21:26:57] [Worker-Main-1/INFO]: Preparing spawn area: 44%
[21:26:57] [Worker-Main-1/INFO]: Preparing spawn area: 51%
[21:26:58] [Worker-Main-1/INFO]: Preparing spawn area: 60%
[21:26:58] [Worker-Main-1/INFO]: Preparing spawn area: 71%
[21:26:59] [Worker-Main-3/INFO]: Preparing spawn area: 83%
[21:26:59] [Worker-Main-2/INFO]: Preparing spawn area: 93%
[21:27:00] [Server thread/INFO]: Time elapsed: 7203 ms
[21:27:00] [Server thread/INFO]: Done (115.719s)! For help, type "help"
[21:27:02] [Server thread/WARN]: Can't keep up! Is the server overloaded? Running 2507ms or 50 ticks behind
[21:27:39] [Server thread/INFO]: Seed: [-5996224446439112157]
[21:33:59] [User Authenticator #1/INFO]: UUID of player touxl is 809b1e92-9f93-36ea-97a8-612db960112f
[21:33:59] [Server thread/INFO]: touxl joined the game
[21:33:59] [Server thread/INFO]: touxl[/127.0.0.1:36044] logged in with entity id 344 at ([world]54.5, 64.0, 24.5)
[21:35:39] [User Authenticator #2/INFO]: UUID of player ysydZiYouRen is cbb5bd76-2bc6-391d-9b29-857501acaa1d
[21:35:41] [Server thread/INFO]: ysydZiYouRen joined the game
[21:35:41] [Server thread/INFO]: ysydZiYouRen[/127.0.0.1:53248] logged in with entity id 840 at ([world]52.5, 67.0, 41.5)
[21:36:09] [Async Chat Thread - #0/INFO]: [Not Secure] <ysydZiYouRen> wozaiwansanguosha
[21:36:13] [Async Chat Thread - #0/INFO]: [Not Secure] <touxl> hao de
[21:36:50] [Async Chat Thread - #1/INFO]: [Not Secure] <ysydZiYouRen> 你去叫bhy他们来玩
[21:36:59] [Async Chat Thread - #0/INFO]: [Not Secure] <touxl> ni qu
[21:37:05] [Server thread/INFO]: touxl has made the advancement [Stone Age]
[21:37:07] [Server thread/INFO]: ysydZiYouRen has made the advancement [Stone Age]
[21:37:16] [Server thread/INFO]: ysydZiYouRen has made the advancement [Getting an Upgrade]
[21:37:22] [Server thread/INFO]: touxl has made the advancement [Getting an Upgrade]
[21:38:27] [Server thread/INFO]: touxl has made the advancement [Monster Hunter]
[21:40:06] [Async Chat Thread - #3/INFO]: [Not Secure] <touxl> 保留物品栏
[21:40:11] [Async Chat Thread - #3/INFO]: [Not Secure] <touxl> mei kai
[21:40:11] [Server thread/INFO]: ysydZiYouRen has made the advancement [Monster Hunter]
[21:40:19] [Async Chat Thread - #3/INFO]: [Not Secure] <ysydZiYouRen> kuaikai
[21:40:32] [Server thread/INFO]: Gamerule keepInventory is now set to: true
[21:40:39] [Async Chat Thread - #3/INFO]: [Not Secure] <touxl> hao le
[21:43:46] [Async Chat Thread - #5/INFO]: [Not Secure] <ysydZiYouRen> 我遇到三个天然绿宝石了
[21:45:33] [Server thread/INFO]: touxl lost connection: Disconnected
[21:45:33] [Server thread/INFO]: touxl left the game
[21:48:00] [User Authenticator #3/INFO]: UUID of player touxl is 809b1e92-9f93-36ea-97a8-612db960112f
[21:48:01] [Server thread/INFO]: touxl joined the game
[21:48:01] [Server thread/INFO]: touxl[/127.0.0.1:36594] logged in with entity id 3981 at ([world]57.56238631879087, 72.0, 65.15203065863223)
[21:48:07] [Server thread/INFO]: ysydZiYouRen has made the advancement [Acquire Hardware]
[21:48:34] [Server thread/INFO]: ysydZiYouRen has made the advancement [Isn't It Iron Pick]
[21:48:48] [Async Chat Thread - #7/INFO]: [Not Secure] <touxl> 手机难玩
[21:49:10] [Async Chat Thread - #6/INFO]: [Not Secure] <ysydZiYouRen> shide
[21:49:18] [Async Chat Thread - #7/INFO]: [Not Secure] <touxl> 没有自动跳跃
[21:49:30] [Async Chat Thread - #6/INFO]: [Not Secure] <ysydZiYouRen> shezhikai
[21:49:41] [Async Chat Thread - #6/INFO]: [Not Secure] <touxl> ok
[21:50:45] [Server thread/INFO]: ysydZiYouRen has made the advancement [Not Today, Thank You]
[21:51:38] [Server thread/INFO]: ysydZiYouRen has made the advancement [Suit Up]
[21:54:09] [Server thread/INFO]: ysydZiYouRen has made the advancement [Take Aim]
[21:56:12] [Server thread/INFO]: ysydZiYouRen has made the advancement [Hot Stuff]
[21:56:28] [Server thread/INFO]: ysydZiYouRen lost connection: Disconnected
[21:56:28] [Server thread/INFO]: ysydZiYouRen left the game
[21:57:56] [Server thread/INFO]: touxl lost connection: Disconnected
[21:57:56] [Server thread/INFO]: touxl left the game
[21:58:22] [User Authenticator #4/INFO]: UUID of player ysydZiYouRen is cbb5bd76-2bc6-391d-9b29-857501acaa1d
[21:58:23] [Server thread/INFO]: ysydZiYouRen joined the game
[21:58:23] [Server thread/INFO]: ysydZiYouRen[/127.0.0.1:37946] logged in with entity id 8360 at ([world]174.36154121164304, -23.0, 8.155667503279917)
[22:00:55] [Server thread/INFO]: ysydZiYouRen lost connection: Disconnected
[22:00:55] [Server thread/INFO]: ysydZiYouRen left the game
[22:01:21] [User Authenticator #5/INFO]: UUID of player ysydZiYouRen is cbb5bd76-2bc6-391d-9b29-857501acaa1d
[22:01:22] [Server thread/INFO]: ysydZiYouRen joined the game
[22:01:22] [Server thread/INFO]: ysydZiYouRen[/127.0.0.1:49372] logged in with entity id 8757 at ([world]212.69999998807907, -22.0, 31.30000001192093)
[22:02:06] [Server thread/INFO]: ysydZiYouRen discovered the floor was lava
[22:02:14] [Server thread/INFO]: ysydZiYouRen lost connection: Disconnected
[22:02:14] [Server thread/INFO]: ysydZiYouRen left the game
[22:02:48] [Server thread/INFO]: Stopping the server
[22:02:49] [Server thread/INFO]: Stopping server
[22:02:49] [Server thread/INFO]: Saving players
[22:02:49] [Server thread/INFO]: Saving worlds
[22:02:51] [Server thread/INFO]: Saving chunks for level 'ServerLevel[world]'/minecraft:overworld
[22:02:54] [Server thread/INFO]: Saving chunks for level 'ServerLevel[world_nether]'/minecraft:the_nether
[22:02:57] [Server thread/INFO]: Saving chunks for level 'ServerLevel[world_the_end]'/minecraft:the_end
[22:02:57] [Server thread/INFO]: ThreadedAnvilChunkStorage (world): All chunks are saved
[22:02:57] [Server thread/INFO]: ThreadedAnvilChunkStorage (DIM-1): All chunks are saved
[22:02:57] [Server thread/INFO]: ThreadedAnvilChunkStorage (DIM1): All chunks are saved
[22:02:57] [Server thread/INFO]: ThreadedAnvilChunkStorage: All dimensions are saved
