[00:00:32] [ServerMain/INFO]: Environment: Environment[sessionHost=https://sessionserver.mojang.com, servicesHost=https://api.minecraftservices.com, name=PROD]
[00:00:34] [ServerMain/INFO]: Loaded 7 recipes
[00:00:35] [Server thread/INFO]: Starting minecraft server version 1.20.4
[00:00:35] [Server thread/INFO]: Loading properties
[00:00:36] [Server thread/INFO]: This server is running CraftBukkit version 4074-Spigot-e9ec548-51bbab2 (MC: 1.20.4) (Implementing API version 1.20.4-R0.1-SNAPSHOT)
[00:00:36] [Server thread/INFO]: Server Ping Player Sample Count: 12
[00:00:36] [Server thread/INFO]: Using 4 threads for Netty based IO
[00:00:36] [Server thread/INFO]: Debug logging is disabled
[00:00:36] [Server thread/INFO]: Default game type: SURVIVAL
[00:00:36] [Server thread/INFO]: Generating keypair
[00:00:36] [Server thread/INFO]: Starting Minecraft server on *:25566
[00:00:36] [Server thread/INFO]: Using epoll channel type
[00:00:37] [Server thread/INFO]: [CoreProtect] Loading CoreProtect v22.4
[00:00:37] [Server thread/INFO]: [ViaVersion] Loading ViaVersion v5.2.1
[00:00:37] [Server thread/INFO]: [ViaVersion] ViaVersion 5.2.1 is now loaded. Registering protocol transformers and injecting...
[00:00:38] [Via-Mappingloader-0/INFO]: [ViaVersion] Loading block connection mappings ...
[00:00:38] [Via-Mappingloader-0/INFO]: [ViaVersion] Using FastUtil Long2ObjectOpenHashMap for block connections
[00:00:39] [Server thread/INFO]: [ViaBackwards] Loading translations...
[00:00:39] [Server thread/INFO]: [ViaBackwards] Registering protocols...
[00:00:39] [Server thread/INFO]: [ViaRewind] Registering protocols...
[00:00:39] [Server thread/INFO]: [MeowPlugin] Loading MeowPlugin v0.1
[00:00:39] [Server thread/INFO]: [TabTPS] Loading TabTPS v1.3.22
[00:00:39] [Server thread/INFO]: [ViaBackwards] Loading ViaBackwards v5.2.1
[00:00:39] [Server thread/INFO]: [ViaRewind] Loading ViaRewind v4.0.5
[00:00:39] [Server thread/INFO]: [SkinsRestorer] Loading SkinsRestorer v15.5.2
[00:00:39] [Server thread/INFO]: [ViaRewind] Enabling ViaRewind v4.0.5
[00:00:39] [Server thread/INFO]: [SkinsRestorer] Enabling SkinsRestorer v15.5.2
[00:00:40] [Server thread/WARN]: [33;1m[[32;22mSkinsRestorer[33;1m] [0;39m[33;1mYou must agree to the rules at 'commands.perSkinPermissionsConsent' in the config to use per skin permissions.[0;39m
[00:00:40] [Server thread/INFO]: [33;1m[[32;22mSkinsRestorer[33;1m] [0;39m[32;1mRunning on Minecraft [33;1m1.20.4[32;1m.[0;39m[m
[00:00:41] [Server thread/WARN]: [33;1m[[32;22mSkinsRestorer[33;1m] [0;39m[33;1m[33;1mPlease update your Java runtime to at least Java 21 (your version is 17).[0;39m
[00:00:41] [Server thread/WARN]: [33;1m[[32;22mSkinsRestorer[33;1m] [0;39m[33;1m[33;1mAt some point in the future, SkinsRestorer will no longer be compatible with this version of Java.[0;39m
[00:00:41] [Server thread/WARN]: **** SERVER IS RUNNING IN OFFLINE/INSECURE MODE!
[00:00:41] [Server thread/WARN]: The server will make no attempt to authenticate usernames. Beware.
[00:00:41] [Server thread/WARN]: While this makes the game possible to play without internet access, it also opens up the ability for hackers to connect with any username they choose.
[00:00:41] [Server thread/WARN]: To change this, set "online-mode" to "true" in the server.properties file.
[00:00:41] [Server thread/INFO]: Preparing level "world"
[00:00:41] [Server thread/INFO]: -------- World Settings For [world] --------
[00:00:41] [Server thread/INFO]: Cactus Growth Modifier: 100%
[00:00:41] [Server thread/INFO]: Cane Growth Modifier: 100%
[00:00:41] [Server thread/INFO]: Melon Growth Modifier: 100%
[00:00:41] [Server thread/INFO]: Mushroom Growth Modifier: 100%
[00:00:41] [Server thread/INFO]: Pumpkin Growth Modifier: 100%
[00:00:41] [Server thread/INFO]: Sapling Growth Modifier: 100%
[00:00:41] [Server thread/INFO]: Beetroot Growth Modifier: 100%
[00:00:41] [Server thread/INFO]: Carrot Growth Modifier: 100%
[00:00:41] [Server thread/INFO]: Potato Growth Modifier: 100%
[00:00:41] [Server thread/INFO]: Wheat Growth Modifier: 100%
[00:00:41] [Server thread/INFO]: NetherWart Growth Modifier: 100%
[00:00:41] [Server thread/INFO]: Vine Growth Modifier: 100%
[00:00:41] [Server thread/INFO]: Cocoa Growth Modifier: 100%
[00:00:41] [Server thread/INFO]: Bamboo Growth Modifier: 100%
[00:00:41] [Server thread/INFO]: SweetBerry Growth Modifier: 100%
[00:00:41] [Server thread/INFO]: Kelp Growth Modifier: 100%
[00:00:41] [Server thread/INFO]: TwistingVines Growth Modifier: 100%
[00:00:41] [Server thread/INFO]: WeepingVines Growth Modifier: 100%
[00:00:41] [Server thread/INFO]: CaveVines Growth Modifier: 100%
[00:00:41] [Server thread/INFO]: Entity Activation Range: An 32 / Mo 32 / Ra 48 / Mi 16 / Tiv true / Isa false
[00:00:41] [Server thread/INFO]: Entity Tracking Range: Pl 48 / An 48 / Mo 48 / Mi 32 / Di 128 / Other 64
[00:00:41] [Server thread/INFO]: Hopper Transfer: 8 Hopper Check: 1 Hopper Amount: 1 Hopper Can Load Chunks: false
[00:00:41] [Server thread/INFO]: Experience Merge Radius: 3.0
[00:00:41] [Server thread/INFO]: Mob Spawn Range: 6
[00:00:41] [Server thread/INFO]: Custom Map Seeds:  Village: 10387312 Desert: 14357617 Igloo: 14357618 Jungle: 14357619 Swamp: 14357620 Monument: 10387313 Ocean: 14357621 Shipwreck: 165745295 End City: 10387313 Slime: 987234911 Nether: 30084232 Mansion: 10387319 Fossil: 14357921 Portal: 34222645
[00:00:41] [Server thread/INFO]: Max TNT Explosions: 100
[00:00:41] [Server thread/INFO]: Tile Max Tick Time: 50ms Entity max Tick Time: 50ms
[00:00:41] [Server thread/INFO]: View Distance: 10
[00:00:41] [Server thread/INFO]: Simulation Distance: 10
[00:00:41] [Server thread/INFO]: Item Despawn Rate: 6000
[00:00:41] [Server thread/INFO]: Item Merge Radius: 2.5
[00:00:41] [Server thread/INFO]: Allow Zombie Pigmen to spawn from portal blocks: true
[00:00:41] [Server thread/INFO]: Arrow Despawn Rate: 1200 Trident Respawn Rate:1200
[00:00:41] [Server thread/INFO]: Zombie Aggressive Towards Villager: true
[00:00:41] [Server thread/INFO]: Nerfing mobs spawned from spawners: false
[00:00:41] [Server thread/INFO]: -------- World Settings For [world_nether] --------
[00:00:41] [Server thread/INFO]: Cactus Growth Modifier: 100%
[00:00:41] [Server thread/INFO]: Cane Growth Modifier: 100%
[00:00:41] [Server thread/INFO]: Melon Growth Modifier: 100%
[00:00:41] [Server thread/INFO]: Mushroom Growth Modifier: 100%
[00:00:41] [Server thread/INFO]: Pumpkin Growth Modifier: 100%
[00:00:41] [Server thread/INFO]: Sapling Growth Modifier: 100%
[00:00:41] [Server thread/INFO]: Beetroot Growth Modifier: 100%
[00:00:41] [Server thread/INFO]: Carrot Growth Modifier: 100%
[00:00:41] [Server thread/INFO]: Potato Growth Modifier: 100%
[00:00:41] [Server thread/INFO]: Wheat Growth Modifier: 100%
[00:00:41] [Server thread/INFO]: NetherWart Growth Modifier: 100%
[00:00:41] [Server thread/INFO]: Vine Growth Modifier: 100%
[00:00:41] [Server thread/INFO]: Cocoa Growth Modifier: 100%
[00:00:41] [Server thread/INFO]: Bamboo Growth Modifier: 100%
[00:00:41] [Server thread/INFO]: SweetBerry Growth Modifier: 100%
[00:00:41] [Server thread/INFO]: Kelp Growth Modifier: 100%
[00:00:41] [Server thread/INFO]: TwistingVines Growth Modifier: 100%
[00:00:41] [Server thread/INFO]: WeepingVines Growth Modifier: 100%
[00:00:41] [Server thread/INFO]: CaveVines Growth Modifier: 100%
[00:00:41] [Server thread/INFO]: Entity Activation Range: An 32 / Mo 32 / Ra 48 / Mi 16 / Tiv true / Isa false
[00:00:41] [Server thread/INFO]: Entity Tracking Range: Pl 48 / An 48 / Mo 48 / Mi 32 / Di 128 / Other 64
[00:00:41] [Server thread/INFO]: Hopper Transfer: 8 Hopper Check: 1 Hopper Amount: 1 Hopper Can Load Chunks: false
[00:00:41] [Server thread/INFO]: Experience Merge Radius: 3.0
[00:00:41] [Server thread/INFO]: Mob Spawn Range: 6
[00:00:41] [Server thread/INFO]: Custom Map Seeds:  Village: 10387312 Desert: 14357617 Igloo: 14357618 Jungle: 14357619 Swamp: 14357620 Monument: 10387313 Ocean: 14357621 Shipwreck: 165745295 End City: 10387313 Slime: 987234911 Nether: 30084232 Mansion: 10387319 Fossil: 14357921 Portal: 34222645
[00:00:41] [Server thread/INFO]: Max TNT Explosions: 100
[00:00:41] [Server thread/INFO]: Tile Max Tick Time: 50ms Entity max Tick Time: 50ms
[00:00:41] [Server thread/INFO]: View Distance: 10
[00:00:41] [Server thread/INFO]: Simulation Distance: 10
[00:00:41] [Server thread/INFO]: Item Despawn Rate: 6000
[00:00:41] [Server thread/INFO]: Item Merge Radius: 2.5
[00:00:41] [Server thread/INFO]: Allow Zombie Pigmen to spawn from portal blocks: true
[00:00:41] [Server thread/INFO]: Arrow Despawn Rate: 1200 Trident Respawn Rate:1200
[00:00:41] [Server thread/INFO]: Zombie Aggressive Towards Villager: true
[00:00:41] [Server thread/INFO]: Nerfing mobs spawned from spawners: false
[00:00:45] [Server thread/INFO]: -------- World Settings For [world_the_end] --------
[00:00:45] [Server thread/INFO]: Cactus Growth Modifier: 100%
[00:00:45] [Server thread/INFO]: Cane Growth Modifier: 100%
[00:00:45] [Server thread/INFO]: Melon Growth Modifier: 100%
[00:00:45] [Server thread/INFO]: Mushroom Growth Modifier: 100%
[00:00:45] [Server thread/INFO]: Pumpkin Growth Modifier: 100%
[00:00:45] [Server thread/INFO]: Sapling Growth Modifier: 100%
[00:00:45] [Server thread/INFO]: Beetroot Growth Modifier: 100%
[00:00:45] [Server thread/INFO]: Carrot Growth Modifier: 100%
[00:00:45] [Server thread/INFO]: Potato Growth Modifier: 100%
[00:00:45] [Server thread/INFO]: Wheat Growth Modifier: 100%
[00:00:45] [Server thread/INFO]: NetherWart Growth Modifier: 100%
[00:00:45] [Server thread/INFO]: Vine Growth Modifier: 100%
[00:00:45] [Server thread/INFO]: Cocoa Growth Modifier: 100%
[00:00:45] [Server thread/INFO]: Bamboo Growth Modifier: 100%
[00:00:45] [Server thread/INFO]: SweetBerry Growth Modifier: 100%
[00:00:45] [Server thread/INFO]: Kelp Growth Modifier: 100%
[00:00:45] [Server thread/INFO]: TwistingVines Growth Modifier: 100%
[00:00:45] [Server thread/INFO]: WeepingVines Growth Modifier: 100%
[00:00:45] [Server thread/INFO]: CaveVines Growth Modifier: 100%
[00:00:45] [Server thread/INFO]: Entity Activation Range: An 32 / Mo 32 / Ra 48 / Mi 16 / Tiv true / Isa false
[00:00:45] [Server thread/INFO]: Entity Tracking Range: Pl 48 / An 48 / Mo 48 / Mi 32 / Di 128 / Other 64
[00:00:45] [Server thread/INFO]: Hopper Transfer: 8 Hopper Check: 1 Hopper Amount: 1 Hopper Can Load Chunks: false
[00:00:45] [Server thread/INFO]: Experience Merge Radius: 3.0
[00:00:45] [Server thread/INFO]: Mob Spawn Range: 6
[00:00:45] [Server thread/INFO]: Custom Map Seeds:  Village: 10387312 Desert: 14357617 Igloo: 14357618 Jungle: 14357619 Swamp: 14357620 Monument: 10387313 Ocean: 14357621 Shipwreck: 165745295 End City: 10387313 Slime: 987234911 Nether: 30084232 Mansion: 10387319 Fossil: 14357921 Portal: 34222645
[00:00:45] [Server thread/INFO]: Max TNT Explosions: 100
[00:00:45] [Server thread/INFO]: Tile Max Tick Time: 50ms Entity max Tick Time: 50ms
[00:00:45] [Server thread/INFO]: View Distance: 10
[00:00:45] [Server thread/INFO]: Simulation Distance: 10
[00:00:45] [Server thread/INFO]: Item Despawn Rate: 6000
[00:00:45] [Server thread/INFO]: Item Merge Radius: 2.5
[00:00:45] [Server thread/INFO]: Allow Zombie Pigmen to spawn from portal blocks: true
[00:00:45] [Server thread/INFO]: Arrow Despawn Rate: 1200 Trident Respawn Rate:1200
[00:00:45] [Server thread/INFO]: Zombie Aggressive Towards Villager: true
[00:00:45] [Server thread/INFO]: Nerfing mobs spawned from spawners: false
[00:00:45] [Server thread/INFO]: Preparing start region for dimension minecraft:overworld
[00:00:50] [Worker-Main-2/INFO]: Preparing spawn area: 0%
[00:00:50] [Worker-Main-1/INFO]: Preparing spawn area: 0%
[00:00:50] [Worker-Main-1/INFO]: Preparing spawn area: 0%
[00:00:50] [Worker-Main-3/INFO]: Preparing spawn area: 0%
[00:00:50] [Worker-Main-3/INFO]: Preparing spawn area: 0%
[00:00:50] [Worker-Main-1/INFO]: Preparing spawn area: 0%
[00:00:50] [Worker-Main-2/INFO]: Preparing spawn area: 0%
[00:00:50] [Worker-Main-2/INFO]: Preparing spawn area: 0%
[00:00:50] [Worker-Main-2/INFO]: Preparing spawn area: 0%
[00:00:50] [Worker-Main-1/INFO]: Preparing spawn area: 0%
[00:00:50] [Worker-Main-3/INFO]: Preparing spawn area: 0%
[00:00:50] [Worker-Main-3/INFO]: Preparing spawn area: 0%
[00:00:51] [Worker-Main-1/INFO]: Preparing spawn area: 4%
[00:00:51] [Worker-Main-3/INFO]: Preparing spawn area: 28%
[00:00:52] [Worker-Main-1/INFO]: Preparing spawn area: 40%
[00:00:52] [Server thread/INFO]: Time elapsed: 7476 ms
[00:00:52] [Server thread/INFO]: Preparing start region for dimension minecraft:the_nether
[00:00:55] [Worker-Main-3/INFO]: Preparing spawn area: 0%
[00:00:55] [Worker-Main-2/INFO]: Preparing spawn area: 0%
[00:00:55] [Worker-Main-1/INFO]: Preparing spawn area: 0%
[00:00:55] [Worker-Main-3/INFO]: Preparing spawn area: 0%
[00:00:55] [Worker-Main-1/INFO]: Preparing spawn area: 0%
[00:00:55] [Worker-Main-2/INFO]: Preparing spawn area: 0%
[00:00:55] [Worker-Main-1/INFO]: Preparing spawn area: 0%
[00:00:56] [Worker-Main-1/INFO]: Preparing spawn area: 0%
[00:00:56] [Worker-Main-1/INFO]: Preparing spawn area: 26%
[00:00:57] [Server thread/INFO]: Time elapsed: 4580 ms
[00:00:57] [Server thread/INFO]: Preparing start region for dimension minecraft:the_end
[00:00:58] [Worker-Main-3/INFO]: Preparing spawn area: 0%
[00:00:58] [Worker-Main-3/INFO]: Preparing spawn area: 0%
[00:00:58] [Worker-Main-3/INFO]: Preparing spawn area: 0%
[00:00:58] [Worker-Main-2/INFO]: Preparing spawn area: 0%
[00:00:59] [Worker-Main-1/INFO]: Preparing spawn area: 15%
[00:00:59] [Server thread/INFO]: Time elapsed: 2456 ms
[00:00:59] [Server thread/INFO]: [CoreProtect] Enabling CoreProtect v22.4
[00:01:00] [Server thread/INFO]: [0;37;1m[0;37;1m[m[CoreProtect] CoreProtect has been successfully enabled![0;37;1m[0;37;1m [m
[00:01:00] [Server thread/INFO]: [CoreProtect] Using SQLite for data storage.
[00:01:00] [Server thread/INFO]: --------------------
[00:01:00] [Server thread/INFO]: [CoreProtect] Enjoy CoreProtect? Join our Discord!
[00:01:00] [Server thread/INFO]: [CoreProtect] Discord: www.coreprotect.net/discord/
[00:01:00] [Server thread/INFO]: --------------------
[00:01:00] [Server thread/INFO]: [ViaVersion] Enabling ViaVersion v5.2.1
[00:01:00] [Server thread/INFO]: [ViaVersion] ViaVersion detected server version: 1.20.3-1.20.4 (765)
[00:01:00] [Server thread/WARN]: [ViaVersion] Please update your Java runtime to at least Java 21 (your version is 17.0.14).
[00:01:00] [Server thread/WARN]: [ViaVersion] At some point in the future, ViaVersion will no longer be compatible with this version of Java.
[00:01:00] [Server thread/INFO]: [MeowPlugin] Enabling MeowPlugin v0.1
[00:01:00] [Server thread/WARN]: [MeowPlugin] Could not save config.yml to plugins/MeowPlugin/config.yml because config.yml already exists.
[00:01:00] [Server thread/INFO]: [TabTPS] Enabling TabTPS v1.3.22
[00:01:00] [Server thread/WARN]: [TabTPS] ====================================================
[00:01:00] [Server thread/WARN]: [TabTPS]  TabTPS works better if you use Paper 
[00:01:00] [Server thread/WARN]: [TabTPS]  as your server software. 
[00:01:00] [Server thread/WARN]: [TabTPS]   
[00:01:00] [Server thread/WARN]: [TabTPS]  Paper offers significant performance improvements,
[00:01:00] [Server thread/WARN]: [TabTPS]  bug fixes, security enhancements and optional
[00:01:00] [Server thread/WARN]: [TabTPS]  features for server owners to enhance their server.
[00:01:00] [Server thread/WARN]: [TabTPS]   
[00:01:00] [Server thread/WARN]: [TabTPS]  Paper includes Timings v2, which is significantly
[00:01:00] [Server thread/WARN]: [TabTPS]  better at diagnosing lag problems over v1.
[00:01:00] [Server thread/WARN]: [TabTPS]   
[00:01:00] [Server thread/WARN]: [TabTPS]  All of your plugins should still work, and the
[00:01:00] [Server thread/WARN]: [TabTPS]  Paper community will gladly help you fix any issues.
[00:01:00] [Server thread/WARN]: [TabTPS]   
[00:01:00] [Server thread/WARN]: [TabTPS]  Join the Paper Community @ https://papermc.io
[00:01:00] [Server thread/WARN]: [TabTPS] ====================================================
[00:01:00] [Server thread/INFO]: [ViaBackwards] Enabling ViaBackwards v5.2.1
[00:01:00] [Server thread/INFO]: Server permissions file permissions.yml is empty, ignoring it
[00:01:00] [Server thread/INFO]: Done (19.729s)! For help, type "help"
[00:01:00] [Craft Scheduler Thread - 3/INFO]: [ViaVersion] Finished mapping loading, shutting down loader executor.
[00:01:01] [Craft Scheduler Thread - 0/INFO]: [33;1m[[32;22mSkinsRestorer[33;1m] [0;39m[32;1m----------------------------------------------[0;39m[m
[00:01:01] [Craft Scheduler Thread - 0/INFO]: [33;1m[[32;22mSkinsRestorer[33;1m] [0;39m[32;1m    +==================+[0;39m[m
[00:01:01] [Craft Scheduler Thread - 0/INFO]: [33;1m[[32;22mSkinsRestorer[33;1m] [0;39m[32;1m    |   SkinsRestorer  |[0;39m[m
[00:01:01] [Craft Scheduler Thread - 0/INFO]: [33;1m[[32;22mSkinsRestorer[33;1m] [0;39m[32;1m    |------------------|[0;39m[m
[00:01:01] [Craft Scheduler Thread - 0/INFO]: [33;1m[[32;22mSkinsRestorer[33;1m] [0;39m[32;1m    |  [34;1m[4m[21mStandalone Mode[0;39m[32;1m |[0;39m[m
[00:01:01] [Craft Scheduler Thread - 0/INFO]: [33;1m[[32;22mSkinsRestorer[33;1m] [0;39m[32;1m    +==================+[0;39m[m
[00:01:01] [Craft Scheduler Thread - 0/INFO]: [33;1m[[32;22mSkinsRestorer[33;1m] [0;39m[32;1m----------------------------------------------[0;39m[m
[00:01:01] [Craft Scheduler Thread - 0/INFO]: [33;1m[[32;22mSkinsRestorer[33;1m] [0;39m[36;1m    Version: [32;1m15.5.2[0;39m[m
[00:01:01] [Craft Scheduler Thread - 0/INFO]: [33;1m[[32;22mSkinsRestorer[33;1m] [0;39m[36;1m    Commit: [32;1mae257f6[0;39m[m
[00:01:01] [Craft Scheduler Thread - 0/INFO]: [33;1m[[32;22mSkinsRestorer[33;1m] [0;39m[32;1m    This is the latest version![0;39m[m
[00:01:01] [Craft Scheduler Thread - 0/INFO]: [33;1m[[32;22mSkinsRestorer[33;1m] [0;39m[32;1m----------------------------------------------[0;39m[m
[00:01:01] [Craft Scheduler Thread - 0/INFO]: [33;1m[[32;22mSkinsRestorer[33;1m] [0;39m[34;1mDo you have issues? Read our troubleshooting guide: [33;1mhttps://skinsrestorer.net/docs/troubleshooting[0;39m[m
[00:01:01] [Craft Scheduler Thread - 0/INFO]: [33;1m[[32;22mSkinsRestorer[33;1m] [0;39m[34;1mWant to support SkinsRestorer? Consider donating: [33;1mhttps://skinsrestorer.net/donate[0;39m[m
[00:01:01] [Craft Scheduler Thread - 4/INFO]: There is an update available for TabTPS!
[00:01:01] [Craft Scheduler Thread - 4/INFO]: This server is running version v1.3.22, which is 4 versions outdated.
[00:01:01] [Craft Scheduler Thread - 4/INFO]: Download the latest version, v1.3.26 from GitHub at the link below:
[00:01:01] [Craft Scheduler Thread - 4/INFO]: https://github.com/jpenilla/TabTPS/releases/tag/v1.3.26
[12:02:46] [User Authenticator #1/INFO]: UUID of player touxl1916 is dda5a998-ba1e-3605-af21-6aeffaf8c42e
[12:02:47] [Server thread/INFO]: touxl1916 joined the game
[12:02:47] [Server thread/INFO]: touxl1916[/127.0.0.1:54606] logged in with entity id 188 at ([world]661.6999999880791, 75.0, 1052.300000011921)
[12:02:47] [Server thread/INFO]: [touxl1916: Set [CountLeaveGame] for touxl1916 to 0]
[12:02:47] [Server thread/INFO]: [touxl1916: Showing new title for touxl1916]
[12:02:47] [Server thread/INFO]: [touxl1916: Showing new subtitle for touxl1916]
[12:12:24] [Server thread/INFO]: touxl1916 fell out of the world
[12:16:23] [Server thread/INFO]: touxl1916 lost connection: Disconnected
[12:16:23] [Server thread/INFO]: touxl1916 left the game
[12:26:27] [User Authenticator #2/INFO]: UUID of player zyc is 6508a288-cfc5-39a7-b04c-e806846b5f53
[12:26:27] [Server thread/INFO]: zyc (/127.0.0.1:54032) lost connection: Disconnected
[12:26:27] [User Authenticator #3/INFO]: UUID of player touxl1916 is dda5a998-ba1e-3605-af21-6aeffaf8c42e
[12:26:27] [User Authenticator #4/INFO]: UUID of player zyc is 6508a288-cfc5-39a7-b04c-e806846b5f53
[12:26:27] [Server thread/INFO]: touxl1916 joined the game
[12:26:27] [Server thread/INFO]: touxl1916[/127.0.0.1:54064] logged in with entity id 6595 at ([world]678.4473320359245, 79.0, 1050.583025914366)
[12:26:27] [Server thread/INFO]: [touxl1916: Set [CountLeaveGame] for touxl1916 to 0]
[12:26:27] [Server thread/INFO]: [touxl1916: Showing new title for touxl1916]
[12:26:27] [Server thread/INFO]: [touxl1916: Showing new subtitle for touxl1916]
[12:26:28] [Server thread/INFO]: zyc joined the game
[12:26:28] [Server thread/INFO]: zyc[/127.0.0.1:54082] logged in with entity id 6596 at ([world]677.7624999880791, 79.0, 1045.2760899063587)
[12:26:28] [Server thread/INFO]: [zyc: Set [CountLeaveGame] for zyc to 0]
[12:26:28] [Server thread/INFO]: [touxl1916: Showing new title for touxl1916]
[12:26:28] [Server thread/INFO]: [zyc: Showing new title for zyc]
[12:26:28] [Server thread/INFO]: [touxl1916: Showing new subtitle for touxl1916]
[12:26:28] [Server thread/INFO]: [zyc: Showing new subtitle for zyc]
[12:30:16] [Server thread/WARN]: touxl1916 moved wrongly!
[12:31:15] [Server thread/INFO]: touxl1916 fell out of the world
[12:32:49] [Server thread/INFO]: zyc was slain by Enderman
[12:34:56] [Server thread/INFO]: zyc has made the advancement [What a Deal!]
[12:40:22] [Server thread/INFO]: touxl1916 lost connection: Disconnected
[12:40:22] [Server thread/INFO]: touxl1916 left the game
[12:40:23] [Server thread/INFO]: zyc lost connection: Disconnected
[12:40:23] [Server thread/INFO]: zyc left the game
[13:58:50] [User Authenticator #5/INFO]: UUID of player zyc is 6508a288-cfc5-39a7-b04c-e806846b5f53
[13:58:51] [Server thread/INFO]: zyc joined the game
[13:58:51] [Server thread/INFO]: zyc[/127.0.0.1:45850] logged in with entity id 18276 at ([world]659.6809318695281, 63.0, 1206.2274655836447)
[13:58:51] [Server thread/INFO]: [zyc: Set [CountLeaveGame] for zyc to 0]
[13:58:51] [Server thread/INFO]: [zyc: Showing new title for zyc]
[13:58:51] [Server thread/INFO]: [zyc: Showing new subtitle for zyc]
[13:58:59] [User Authenticator #6/INFO]: UUID of player touxl1916 is dda5a998-ba1e-3605-af21-6aeffaf8c42e
[13:58:59] [Server thread/INFO]: touxl1916 joined the game
[13:58:59] [Server thread/INFO]: touxl1916[/127.0.0.1:49952] logged in with entity id 18726 at ([world]670.273333292013, 71.0, 1069.767733546267)
[13:58:59] [Server thread/INFO]: [touxl1916: Set [CountLeaveGame] for touxl1916 to 0]
[13:58:59] [Server thread/INFO]: [zyc: Showing new title for zyc]
[13:58:59] [Server thread/INFO]: [touxl1916: Showing new title for touxl1916]
[13:58:59] [Server thread/INFO]: [zyc: Showing new subtitle for zyc]
[13:58:59] [Server thread/INFO]: [touxl1916: Showing new subtitle for touxl1916]
[13:59:07] [Server thread/INFO]: zyc hit the ground too hard
[14:01:18] [Server thread/INFO]: zyc was slain by Iron Golem
[14:01:39] [Server thread/INFO]: zyc was slain by Iron Golem
[14:02:58] [Server thread/INFO]: Villager EntityVillager['Villager'/18593, l='ServerLevel[world]', x=687.09, y=65.00, z=1149.60] died, message: 'Villager was slain by touxl1916'
[14:06:12] [Server thread/INFO]: touxl1916 lost connection: Disconnected
[14:06:12] [Server thread/INFO]: touxl1916 left the game
[14:07:07] [User Authenticator #7/INFO]: UUID of player touxl1916 is dda5a998-ba1e-3605-af21-6aeffaf8c42e
[14:07:08] [Server thread/INFO]: touxl1916 joined the game
[14:07:08] [Server thread/INFO]: touxl1916[/127.0.0.1:42660] logged in with entity id 24973 at ([world]705.2701974473736, 68.0, 1135.0367196155873)
[14:07:08] [Server thread/INFO]: [touxl1916: Set [CountLeaveGame] for touxl1916 to 0]
[14:07:08] [Server thread/INFO]: [zyc: Showing new title for zyc]
[14:07:08] [Server thread/INFO]: [touxl1916: Showing new title for touxl1916]
[14:07:08] [Server thread/INFO]: [zyc: Showing new subtitle for zyc]
[14:07:08] [Server thread/INFO]: [touxl1916: Showing new subtitle for touxl1916]
[14:08:36] [Server thread/INFO]: touxl1916 lost connection: Disconnected
[14:08:36] [Server thread/INFO]: touxl1916 left the game
[14:08:45] [Server thread/INFO]: zyc lost connection: Disconnected
[14:08:45] [Server thread/INFO]: zyc left the game
[14:33:49] [User Authenticator #8/INFO]: UUID of player touxl1916 is dda5a998-ba1e-3605-af21-6aeffaf8c42e
[14:33:50] [Server thread/INFO]: touxl1916 joined the game
[14:33:50] [Server thread/INFO]: touxl1916[/127.0.0.1:47932] logged in with entity id 26064 at ([world]681.3810237972899, 69.0, 1100.7205869795207)
[14:33:50] [Server thread/INFO]: [touxl1916: Set [CountLeaveGame] for touxl1916 to 0]
[14:33:50] [Server thread/INFO]: [touxl1916: Showing new title for touxl1916]
[14:33:50] [Server thread/INFO]: [touxl1916: Showing new subtitle for touxl1916]
[14:33:51] [User Authenticator #9/INFO]: UUID of player zyc is 6508a288-cfc5-39a7-b04c-e806846b5f53
[14:33:51] [Server thread/INFO]: zyc joined the game
[14:33:51] [Server thread/INFO]: zyc[/127.0.0.1:47952] logged in with entity id 26065 at ([world]707.5685114613349, 68.0, 1136.4178971672088)
[14:33:51] [Server thread/INFO]: [zyc: Set [CountLeaveGame] for zyc to 0]
[14:33:51] [Server thread/INFO]: [touxl1916: Showing new title for touxl1916]
[14:33:51] [Server thread/INFO]: [zyc: Showing new title for zyc]
[14:33:51] [Server thread/INFO]: [touxl1916: Showing new subtitle for touxl1916]
[14:33:51] [Server thread/INFO]: [zyc: Showing new subtitle for zyc]
[14:41:39] [Server thread/INFO]: touxl1916 lost connection: Disconnected
[14:41:39] [Server thread/INFO]: touxl1916 left the game
[14:41:44] [Server thread/INFO]: zyc lost connection: Disconnected
[14:41:44] [Server thread/INFO]: zyc left the game
[15:11:47] [User Authenticator #10/INFO]: UUID of player touxl1916 is dda5a998-ba1e-3605-af21-6aeffaf8c42e
[15:11:47] [Server thread/INFO]: touxl1916 joined the game
[15:11:47] [Server thread/INFO]: touxl1916[/127.0.0.1:37536] logged in with entity id 29550 at ([world]707.1516076361349, 68.5625, 1121.7750814563838)
[15:11:47] [Server thread/INFO]: [touxl1916: Set [CountLeaveGame] for touxl1916 to 0]
[15:11:47] [Server thread/INFO]: [touxl1916: Showing new title for touxl1916]
[15:11:47] [Server thread/INFO]: [touxl1916: Showing new subtitle for touxl1916]
[15:11:50] [User Authenticator #11/INFO]: UUID of player zyc is 6508a288-cfc5-39a7-b04c-e806846b5f53
[15:11:50] [Server thread/INFO]: zyc joined the game
[15:11:50] [Server thread/INFO]: zyc[/127.0.0.1:37544] logged in with entity id 29928 at ([world]689.1459742243625, 68.0, 1120.3938998036547)
[15:11:51] [Server thread/INFO]: [zyc: Set [CountLeaveGame] for zyc to 0]
[15:11:51] [Server thread/INFO]: [touxl1916: Showing new title for touxl1916]
[15:11:51] [Server thread/INFO]: [zyc: Showing new title for zyc]
[15:11:51] [Server thread/INFO]: [touxl1916: Showing new subtitle for touxl1916]
[15:11:51] [Server thread/INFO]: [zyc: Showing new subtitle for zyc]
[15:11:58] [Server thread/INFO]: touxl1916 lost connection: Disconnected
[15:11:58] [Server thread/INFO]: touxl1916 left the game
[15:14:01] [User Authenticator #12/INFO]: UUID of player touxl1916 is dda5a998-ba1e-3605-af21-6aeffaf8c42e
[15:14:01] [Server thread/INFO]: touxl1916 joined the game
[15:14:01] [Server thread/INFO]: touxl1916[/127.0.0.1:45876] logged in with entity id 30174 at ([world]706.5, 68.5625, 1120.5)
[15:14:01] [Server thread/INFO]: [touxl1916: Set [CountLeaveGame] for touxl1916 to 0]
[15:14:01] [Server thread/INFO]: [zyc: Showing new title for zyc]
[15:14:01] [Server thread/INFO]: [touxl1916: Showing new title for touxl1916]
[15:14:01] [Server thread/INFO]: [zyc: Showing new subtitle for zyc]
[15:14:01] [Server thread/INFO]: [touxl1916: Showing new subtitle for touxl1916]
[15:15:31] [User Authenticator #13/INFO]: UUID of player ysydZiYouRen is cbb5bd76-2bc6-391d-9b29-857501acaa1d
[15:15:32] [Server thread/INFO]: ysydZiYouRen joined the game
[15:15:32] [Server thread/INFO]: ysydZiYouRen[/127.0.0.1:46220] logged in with entity id 30879 at ([world_the_end]252.23579917232925, 7.0, -1.3667539459629798)
[15:15:32] [Server thread/INFO]: [ysydZiYouRen: Set [CountLeaveGame] for ysydZiYouRen to 0]
[15:15:32] [Server thread/INFO]: [zyc: Showing new title for zyc]
[15:15:32] [Server thread/INFO]: [touxl1916: Showing new title for touxl1916]
[15:15:32] [Server thread/INFO]: [ysydZiYouRen: Showing new title for ysydZiYouRen]
[15:15:32] [Server thread/INFO]: [zyc: Showing new subtitle for zyc]
[15:15:32] [Server thread/INFO]: [touxl1916: Showing new subtitle for touxl1916]
[15:15:32] [Server thread/INFO]: [ysydZiYouRen: Showing new subtitle for ysydZiYouRen]
[15:15:42] [Server thread/INFO]: ysydZiYouRen fell out of the world
[15:20:07] [Server thread/INFO]: touxl1916 lost connection: Disconnected
[15:20:07] [Server thread/INFO]: touxl1916 left the game
[15:20:07] [Server thread/INFO]: zyc lost connection: Disconnected
[15:20:07] [Server thread/INFO]: zyc left the game
[15:20:10] [Server thread/INFO]: ysydZiYouRen lost connection: Disconnected
[15:20:10] [Server thread/INFO]: ysydZiYouRen left the game
[16:47:18] [Server thread/INFO]: Stopping the server
[16:47:18] [Server thread/INFO]: Stopping server
[16:47:18] [Server thread/INFO]: [SkinsRestorer] Disabling SkinsRestorer v15.5.2
[16:47:18] [Server thread/INFO]: [ViaRewind] Disabling ViaRewind v4.0.5
[16:47:18] [Server thread/INFO]: [ViaBackwards] Disabling ViaBackwards v5.2.1
[16:47:18] [Server thread/INFO]: [TabTPS] Disabling TabTPS v1.3.22
[16:47:18] [Server thread/INFO]: [MeowPlugin] Disabling MeowPlugin v0.1
[16:47:18] [Server thread/INFO]: [ViaVersion] Disabling ViaVersion v5.2.1
[16:47:18] [Server thread/INFO]: [ViaVersion] ViaVersion is disabling. If this is a reload and you experience issues, please reboot instead.
[16:47:18] [Server thread/INFO]: [ViaVersion] ViaVersion has been disabled; uninjected the platform and shut down the scheduler.
[16:47:18] [Server thread/INFO]: [CoreProtect] Disabling CoreProtect v22.4
[16:47:18] [Server thread/INFO]: [CoreProtect] Finishing up data logging. Please wait...
[16:47:19] [Server thread/INFO]: [CoreProtect] Success! Disabled CoreProtect v22.4
[16:47:19] [Server thread/INFO]: Saving players
[16:47:19] [Server thread/INFO]: Saving worlds
[16:47:20] [Server thread/INFO]: Saving chunks for level 'ServerLevel[world]'/minecraft:overworld
[16:47:22] [Server thread/INFO]: Saving chunks for level 'ServerLevel[world_nether]'/minecraft:the_nether
[16:47:22] [Server thread/INFO]: Saving chunks for level 'ServerLevel[world_the_end]'/minecraft:the_end
[16:47:23] [Server thread/INFO]: ThreadedAnvilChunkStorage (world): All chunks are saved
[16:47:23] [Server thread/INFO]: ThreadedAnvilChunkStorage (DIM-1): All chunks are saved
[16:47:23] [Server thread/INFO]: ThreadedAnvilChunkStorage (DIM1): All chunks are saved
[16:47:23] [Server thread/INFO]: ThreadedAnvilChunkStorage: All dimensions are saved
