[22:58:56] [ServerMain/INFO]: Environment: Environment[sessionHost=https://sessionserver.mojang.com, servicesHost=https://api.minecraftservices.com, name=PROD]
[22:59:01] [ServerMain/INFO]: Loaded 7 recipes
[22:59:04] [Server thread/INFO]: Starting minecraft server version 1.20.4
[22:59:04] [Server thread/INFO]: Loading properties
[22:59:04] [Server thread/INFO]: This server is running CraftBukkit version 4074-Spigot-e9ec548-51bbab2 (MC: 1.20.4) (Implementing API version 1.20.4-R0.1-SNAPSHOT)
[22:59:05] [Server thread/INFO]: Server Ping Player Sample Count: 12
[22:59:05] [Server thread/INFO]: Using 4 threads for Netty based IO
[22:59:05] [Server thread/INFO]: Debug logging is disabled
[22:59:05] [Server thread/INFO]: Default game type: SURVIVAL
[22:59:05] [Server thread/INFO]: Generating keypair
[22:59:06] [Server thread/INFO]: Starting Minecraft server on *:25566
[22:59:06] [Server thread/INFO]: Using epoll channel type
[22:59:07] [Server thread/INFO]: [CoreProtect] Loading CoreProtect v22.4
[22:59:07] [Server thread/INFO]: [ViaVersion] Loading ViaVersion v5.2.1
[22:59:07] [Server thread/INFO]: [ViaVersion] ViaVersion 5.2.1 is now loaded. Registering protocol transformers and injecting...
[22:59:09] [Via-Mappingloader-0/INFO]: [ViaVersion] Loading block connection mappings ...
[22:59:10] [Via-Mappingloader-0/INFO]: [ViaVersion] Using FastUtil Long2ObjectOpenHashMap for block connections
[22:59:10] [Server thread/INFO]: [ViaBackwards] Loading translations...
[22:59:10] [Server thread/INFO]: [ViaBackwards] Registering protocols...
[22:59:12] [Server thread/INFO]: [ViaRewind] Registering protocols...
[22:59:13] [Server thread/INFO]: [MeowPlugin] Loading MeowPlugin v0.1
[22:59:13] [Server thread/INFO]: [TabTPS] Loading TabTPS v1.3.22
[22:59:13] [Server thread/INFO]: [ViaBackwards] Loading ViaBackwards v5.2.1
[22:59:13] [Server thread/INFO]: [ViaRewind] Loading ViaRewind v4.0.5
[22:59:13] [Server thread/INFO]: [SkinsRestorer] Loading SkinsRestorer v15.5.2
[22:59:13] [Server thread/INFO]: [ViaRewind] Enabling ViaRewind v4.0.5
[22:59:13] [Server thread/INFO]: [SkinsRestorer] Enabling SkinsRestorer v15.5.2
[22:59:15] [Server thread/WARN]: [33;1m[[32;22mSkinsRestorer[33;1m] [0;39m[33;1mYou must agree to the rules at 'commands.perSkinPermissionsConsent' in the config to use per skin permissions.[0;39m
[22:59:15] [Server thread/INFO]: [33;1m[[32;22mSkinsRestorer[33;1m] [0;39m[32;1mRunning on Minecraft [33;1m1.20.4[32;1m.[0;39m[m
[22:59:17] [Server thread/WARN]: [33;1m[[32;22mSkinsRestorer[33;1m] [0;39m[33;1m[33;1mPlease update your Java runtime to at least Java 21 (your version is 17).[0;39m
[22:59:17] [Server thread/WARN]: [33;1m[[32;22mSkinsRestorer[33;1m] [0;39m[33;1m[33;1mAt some point in the future, SkinsRestorer will no longer be compatible with this version of Java.[0;39m
[22:59:17] [Server thread/WARN]: **** SERVER IS RUNNING IN OFFLINE/INSECURE MODE!
[22:59:17] [Server thread/WARN]: The server will make no attempt to authenticate usernames. Beware.
[22:59:17] [Server thread/WARN]: While this makes the game possible to play without internet access, it also opens up the ability for hackers to connect with any username they choose.
[22:59:17] [Server thread/WARN]: To change this, set "online-mode" to "true" in the server.properties file.
[22:59:17] [Server thread/INFO]: Preparing level "world"
[22:59:17] [Server thread/INFO]: -------- World Settings For [world] --------
[22:59:17] [Server thread/INFO]: Experience Merge Radius: 3.0
[22:59:17] [Server thread/INFO]: Mob Spawn Range: 6
[22:59:17] [Server thread/INFO]: Cactus Growth Modifier: 100%
[22:59:17] [Server thread/INFO]: Cane Growth Modifier: 100%
[22:59:17] [Server thread/INFO]: Melon Growth Modifier: 100%
[22:59:17] [Server thread/INFO]: Mushroom Growth Modifier: 100%
[22:59:17] [Server thread/INFO]: Pumpkin Growth Modifier: 100%
[22:59:17] [Server thread/INFO]: Sapling Growth Modifier: 100%
[22:59:17] [Server thread/INFO]: Beetroot Growth Modifier: 100%
[22:59:17] [Server thread/INFO]: Carrot Growth Modifier: 100%
[22:59:17] [Server thread/INFO]: Potato Growth Modifier: 100%
[22:59:17] [Server thread/INFO]: Wheat Growth Modifier: 100%
[22:59:17] [Server thread/INFO]: NetherWart Growth Modifier: 100%
[22:59:17] [Server thread/INFO]: Vine Growth Modifier: 100%
[22:59:17] [Server thread/INFO]: Cocoa Growth Modifier: 100%
[22:59:17] [Server thread/INFO]: Bamboo Growth Modifier: 100%
[22:59:17] [Server thread/INFO]: SweetBerry Growth Modifier: 100%
[22:59:17] [Server thread/INFO]: Kelp Growth Modifier: 100%
[22:59:17] [Server thread/INFO]: TwistingVines Growth Modifier: 100%
[22:59:17] [Server thread/INFO]: WeepingVines Growth Modifier: 100%
[22:59:17] [Server thread/INFO]: CaveVines Growth Modifier: 100%
[22:59:17] [Server thread/INFO]: Entity Activation Range: An 32 / Mo 32 / Ra 48 / Mi 16 / Tiv true / Isa false
[22:59:17] [Server thread/INFO]: Entity Tracking Range: Pl 48 / An 48 / Mo 48 / Mi 32 / Di 128 / Other 64
[22:59:17] [Server thread/INFO]: Hopper Transfer: 8 Hopper Check: 1 Hopper Amount: 1 Hopper Can Load Chunks: false
[22:59:17] [Server thread/INFO]: Custom Map Seeds:  Village: 10387312 Desert: 14357617 Igloo: 14357618 Jungle: 14357619 Swamp: 14357620 Monument: 10387313 Ocean: 14357621 Shipwreck: 165745295 End City: 10387313 Slime: 987234911 Nether: 30084232 Mansion: 10387319 Fossil: 14357921 Portal: 34222645
[22:59:17] [Server thread/INFO]: Max TNT Explosions: 100
[22:59:17] [Server thread/INFO]: Tile Max Tick Time: 50ms Entity max Tick Time: 50ms
[22:59:17] [Server thread/INFO]: View Distance: 10
[22:59:17] [Server thread/INFO]: Simulation Distance: 10
[22:59:17] [Server thread/INFO]: Item Despawn Rate: 6000
[22:59:17] [Server thread/INFO]: Item Merge Radius: 2.5
[22:59:17] [Server thread/INFO]: Allow Zombie Pigmen to spawn from portal blocks: true
[22:59:17] [Server thread/INFO]: Arrow Despawn Rate: 1200 Trident Respawn Rate:1200
[22:59:17] [Server thread/INFO]: Zombie Aggressive Towards Villager: true
[22:59:17] [Server thread/INFO]: Nerfing mobs spawned from spawners: false
[22:59:18] [Server thread/INFO]: -------- World Settings For [world_nether] --------
[22:59:18] [Server thread/INFO]: Experience Merge Radius: 3.0
[22:59:18] [Server thread/INFO]: Mob Spawn Range: 6
[22:59:18] [Server thread/INFO]: Cactus Growth Modifier: 100%
[22:59:18] [Server thread/INFO]: Cane Growth Modifier: 100%
[22:59:18] [Server thread/INFO]: Melon Growth Modifier: 100%
[22:59:18] [Server thread/INFO]: Mushroom Growth Modifier: 100%
[22:59:18] [Server thread/INFO]: Pumpkin Growth Modifier: 100%
[22:59:18] [Server thread/INFO]: Sapling Growth Modifier: 100%
[22:59:18] [Server thread/INFO]: Beetroot Growth Modifier: 100%
[22:59:18] [Server thread/INFO]: Carrot Growth Modifier: 100%
[22:59:18] [Server thread/INFO]: Potato Growth Modifier: 100%
[22:59:18] [Server thread/INFO]: Wheat Growth Modifier: 100%
[22:59:18] [Server thread/INFO]: NetherWart Growth Modifier: 100%
[22:59:18] [Server thread/INFO]: Vine Growth Modifier: 100%
[22:59:18] [Server thread/INFO]: Cocoa Growth Modifier: 100%
[22:59:18] [Server thread/INFO]: Bamboo Growth Modifier: 100%
[22:59:18] [Server thread/INFO]: SweetBerry Growth Modifier: 100%
[22:59:18] [Server thread/INFO]: Kelp Growth Modifier: 100%
[22:59:18] [Server thread/INFO]: TwistingVines Growth Modifier: 100%
[22:59:18] [Server thread/INFO]: WeepingVines Growth Modifier: 100%
[22:59:18] [Server thread/INFO]: CaveVines Growth Modifier: 100%
[22:59:18] [Server thread/INFO]: Entity Activation Range: An 32 / Mo 32 / Ra 48 / Mi 16 / Tiv true / Isa false
[22:59:18] [Server thread/INFO]: Entity Tracking Range: Pl 48 / An 48 / Mo 48 / Mi 32 / Di 128 / Other 64
[22:59:18] [Server thread/INFO]: Hopper Transfer: 8 Hopper Check: 1 Hopper Amount: 1 Hopper Can Load Chunks: false
[22:59:18] [Server thread/INFO]: Custom Map Seeds:  Village: 10387312 Desert: 14357617 Igloo: 14357618 Jungle: 14357619 Swamp: 14357620 Monument: 10387313 Ocean: 14357621 Shipwreck: 165745295 End City: 10387313 Slime: 987234911 Nether: 30084232 Mansion: 10387319 Fossil: 14357921 Portal: 34222645
[22:59:18] [Server thread/INFO]: Max TNT Explosions: 100
[22:59:18] [Server thread/INFO]: Tile Max Tick Time: 50ms Entity max Tick Time: 50ms
[22:59:18] [Server thread/INFO]: View Distance: 10
[22:59:18] [Server thread/INFO]: Simulation Distance: 10
[22:59:18] [Server thread/INFO]: Item Despawn Rate: 6000
[22:59:18] [Server thread/INFO]: Item Merge Radius: 2.5
[22:59:18] [Server thread/INFO]: Allow Zombie Pigmen to spawn from portal blocks: true
[22:59:18] [Server thread/INFO]: Arrow Despawn Rate: 1200 Trident Respawn Rate:1200
[22:59:18] [Server thread/INFO]: Zombie Aggressive Towards Villager: true
[22:59:18] [Server thread/INFO]: Nerfing mobs spawned from spawners: false
[22:59:36] [Server thread/INFO]: -------- World Settings For [world_the_end] --------
[22:59:36] [Server thread/INFO]: Experience Merge Radius: 3.0
[22:59:36] [Server thread/INFO]: Mob Spawn Range: 6
[22:59:36] [Server thread/INFO]: Cactus Growth Modifier: 100%
[22:59:36] [Server thread/INFO]: Cane Growth Modifier: 100%
[22:59:36] [Server thread/INFO]: Melon Growth Modifier: 100%
[22:59:36] [Server thread/INFO]: Mushroom Growth Modifier: 100%
[22:59:36] [Server thread/INFO]: Pumpkin Growth Modifier: 100%
[22:59:36] [Server thread/INFO]: Sapling Growth Modifier: 100%
[22:59:36] [Server thread/INFO]: Beetroot Growth Modifier: 100%
[22:59:36] [Server thread/INFO]: Carrot Growth Modifier: 100%
[22:59:36] [Server thread/INFO]: Potato Growth Modifier: 100%
[22:59:36] [Server thread/INFO]: Wheat Growth Modifier: 100%
[22:59:36] [Server thread/INFO]: NetherWart Growth Modifier: 100%
[22:59:36] [Server thread/INFO]: Vine Growth Modifier: 100%
[22:59:36] [Server thread/INFO]: Cocoa Growth Modifier: 100%
[22:59:36] [Server thread/INFO]: Bamboo Growth Modifier: 100%
[22:59:36] [Server thread/INFO]: SweetBerry Growth Modifier: 100%
[22:59:36] [Server thread/INFO]: Kelp Growth Modifier: 100%
[22:59:36] [Server thread/INFO]: TwistingVines Growth Modifier: 100%
[22:59:36] [Server thread/INFO]: WeepingVines Growth Modifier: 100%
[22:59:36] [Server thread/INFO]: CaveVines Growth Modifier: 100%
[22:59:36] [Server thread/INFO]: Entity Activation Range: An 32 / Mo 32 / Ra 48 / Mi 16 / Tiv true / Isa false
[22:59:36] [Server thread/INFO]: Entity Tracking Range: Pl 48 / An 48 / Mo 48 / Mi 32 / Di 128 / Other 64
[22:59:36] [Server thread/INFO]: Hopper Transfer: 8 Hopper Check: 1 Hopper Amount: 1 Hopper Can Load Chunks: false
[22:59:36] [Server thread/INFO]: Custom Map Seeds:  Village: 10387312 Desert: 14357617 Igloo: 14357618 Jungle: 14357619 Swamp: 14357620 Monument: 10387313 Ocean: 14357621 Shipwreck: 165745295 End City: 10387313 Slime: 987234911 Nether: 30084232 Mansion: 10387319 Fossil: 14357921 Portal: 34222645
[22:59:36] [Server thread/INFO]: Max TNT Explosions: 100
[22:59:36] [Server thread/INFO]: Tile Max Tick Time: 50ms Entity max Tick Time: 50ms
[22:59:36] [Server thread/INFO]: View Distance: 10
[22:59:36] [Server thread/INFO]: Simulation Distance: 10
[22:59:36] [Server thread/INFO]: Item Despawn Rate: 6000
[22:59:36] [Server thread/INFO]: Item Merge Radius: 2.5
[22:59:36] [Server thread/INFO]: Allow Zombie Pigmen to spawn from portal blocks: true
[22:59:36] [Server thread/INFO]: Arrow Despawn Rate: 1200 Trident Respawn Rate:1200
[22:59:36] [Server thread/INFO]: Zombie Aggressive Towards Villager: true
[22:59:36] [Server thread/INFO]: Nerfing mobs spawned from spawners: false
[22:59:36] [Server thread/INFO]: Preparing start region for dimension minecraft:overworld
[22:59:56] [Worker-Main-2/INFO]: Preparing spawn area: 0%
[22:59:56] [Worker-Main-2/INFO]: Preparing spawn area: 0%
[22:59:56] [Worker-Main-3/INFO]: Preparing spawn area: 0%
[22:59:56] [Worker-Main-1/INFO]: Preparing spawn area: 0%
[22:59:57] [Worker-Main-2/INFO]: Preparing spawn area: 0%
[22:59:57] [Worker-Main-1/INFO]: Preparing spawn area: 0%
[22:59:57] [Worker-Main-1/INFO]: Preparing spawn area: 0%
[22:59:57] [Worker-Main-3/INFO]: Preparing spawn area: 0%
[22:59:57] [Worker-Main-3/INFO]: Preparing spawn area: 0%
[22:59:57] [Worker-Main-2/INFO]: Preparing spawn area: 0%
[22:59:57] [Worker-Main-2/INFO]: Preparing spawn area: 0%
[22:59:57] [Worker-Main-1/INFO]: Preparing spawn area: 0%
[22:59:57] [Worker-Main-3/INFO]: Preparing spawn area: 0%
[22:59:57] [Worker-Main-1/INFO]: Preparing spawn area: 0%
[22:59:57] [Worker-Main-1/INFO]: Preparing spawn area: 0%
[22:59:57] [Worker-Main-1/INFO]: Preparing spawn area: 0%
[22:59:57] [Worker-Main-1/INFO]: Preparing spawn area: 0%
[22:59:57] [Worker-Main-1/INFO]: Preparing spawn area: 0%
[22:59:57] [Worker-Main-1/INFO]: Preparing spawn area: 0%
[22:59:57] [Worker-Main-1/INFO]: Preparing spawn area: 0%
[22:59:57] [Worker-Main-1/INFO]: Preparing spawn area: 0%
[22:59:57] [Worker-Main-2/INFO]: Preparing spawn area: 0%
[22:59:57] [Worker-Main-2/INFO]: Preparing spawn area: 0%
[22:59:57] [Worker-Main-2/INFO]: Preparing spawn area: 0%
[22:59:57] [Worker-Main-2/INFO]: Preparing spawn area: 0%
[22:59:57] [Worker-Main-2/INFO]: Preparing spawn area: 0%
[22:59:57] [Worker-Main-2/INFO]: Preparing spawn area: 0%
[22:59:57] [Worker-Main-1/INFO]: Preparing spawn area: 0%
[22:59:57] [Worker-Main-3/INFO]: Preparing spawn area: 0%
[22:59:57] [Worker-Main-3/INFO]: Preparing spawn area: 0%
[22:59:57] [Worker-Main-3/INFO]: Preparing spawn area: 0%
[22:59:57] [Worker-Main-3/INFO]: Preparing spawn area: 0%
[22:59:57] [Worker-Main-3/INFO]: Preparing spawn area: 0%
[22:59:57] [Worker-Main-1/INFO]: Preparing spawn area: 0%
[22:59:57] [Worker-Main-1/INFO]: Preparing spawn area: 0%
[22:59:57] [Worker-Main-1/INFO]: Preparing spawn area: 0%
[22:59:57] [Worker-Main-1/INFO]: Preparing spawn area: 0%
[22:59:57] [Worker-Main-3/INFO]: Preparing spawn area: 0%
[22:59:57] [Worker-Main-3/INFO]: Preparing spawn area: 0%
[22:59:57] [Worker-Main-3/INFO]: Preparing spawn area: 0%
[22:59:57] [Worker-Main-3/INFO]: Preparing spawn area: 0%
[22:59:57] [Worker-Main-3/INFO]: Preparing spawn area: 0%
[22:59:57] [Worker-Main-2/INFO]: Preparing spawn area: 0%
[22:59:58] [Worker-Main-3/INFO]: Preparing spawn area: 0%
[22:59:58] [Worker-Main-2/INFO]: Preparing spawn area: 0%
[22:59:59] [Worker-Main-3/INFO]: Preparing spawn area: 2%
[22:59:59] [Worker-Main-1/INFO]: Preparing spawn area: 10%
[23:00:00] [Worker-Main-2/INFO]: Preparing spawn area: 21%
[23:00:00] [Worker-Main-2/INFO]: Preparing spawn area: 34%
[23:00:01] [Worker-Main-2/INFO]: Preparing spawn area: 37%
[23:00:01] [Worker-Main-3/INFO]: Preparing spawn area: 37%
[23:00:02] [Worker-Main-1/INFO]: Preparing spawn area: 37%
[23:00:02] [Worker-Main-1/INFO]: Preparing spawn area: 37%
[23:00:03] [Worker-Main-2/INFO]: Preparing spawn area: 85%
[23:00:04] [Server thread/INFO]: Time elapsed: 27252 ms
[23:00:04] [Server thread/INFO]: Preparing start region for dimension minecraft:the_nether
[23:00:14] [Worker-Main-2/INFO]: Preparing spawn area: 0%
[23:00:14] [Worker-Main-1/INFO]: Preparing spawn area: 0%
[23:00:14] [Worker-Main-1/INFO]: Preparing spawn area: 0%
[23:00:14] [Worker-Main-2/INFO]: Preparing spawn area: 0%
[23:00:14] [Worker-Main-3/INFO]: Preparing spawn area: 0%
[23:00:14] [Worker-Main-2/INFO]: Preparing spawn area: 0%
[23:00:14] [Worker-Main-1/INFO]: Preparing spawn area: 0%
[23:00:14] [Worker-Main-1/INFO]: Preparing spawn area: 0%
[23:00:14] [Worker-Main-3/INFO]: Preparing spawn area: 0%
[23:00:14] [Worker-Main-3/INFO]: Preparing spawn area: 0%
[23:00:14] [Worker-Main-2/INFO]: Preparing spawn area: 0%
[23:00:14] [Worker-Main-1/INFO]: Preparing spawn area: 0%
[23:00:14] [Worker-Main-3/INFO]: Preparing spawn area: 0%
[23:00:14] [Worker-Main-2/INFO]: Preparing spawn area: 0%
[23:00:14] [Worker-Main-3/INFO]: Preparing spawn area: 0%
[23:00:14] [Worker-Main-1/INFO]: Preparing spawn area: 0%
[23:00:14] [Worker-Main-2/INFO]: Preparing spawn area: 0%
[23:00:14] [Worker-Main-1/INFO]: Preparing spawn area: 0%
[23:00:14] [Worker-Main-2/INFO]: Preparing spawn area: 0%
[23:00:14] [Worker-Main-3/INFO]: Preparing spawn area: 0%
[23:00:14] [Worker-Main-2/INFO]: Preparing spawn area: 0%
[23:00:15] [Worker-Main-1/INFO]: Preparing spawn area: 0%
[23:00:15] [Worker-Main-2/INFO]: Preparing spawn area: 0%
[23:00:16] [Worker-Main-1/INFO]: Preparing spawn area: 0%
[23:00:16] [Worker-Main-3/INFO]: Preparing spawn area: 13%
[23:00:17] [Worker-Main-2/INFO]: Preparing spawn area: 34%
[23:00:17] [Worker-Main-1/INFO]: Preparing spawn area: 63%
[23:00:18] [Worker-Main-1/INFO]: Preparing spawn area: 86%
[23:00:18] [Server thread/INFO]: Time elapsed: 14018 ms
[23:00:18] [Server thread/INFO]: Preparing start region for dimension minecraft:the_end
[23:00:23] [Worker-Main-1/INFO]: Preparing spawn area: 0%
[23:00:23] [Worker-Main-1/INFO]: Preparing spawn area: 0%
[23:00:23] [Worker-Main-1/INFO]: Preparing spawn area: 0%
[23:00:23] [Worker-Main-1/INFO]: Preparing spawn area: 0%
[23:00:23] [Worker-Main-1/INFO]: Preparing spawn area: 0%
[23:00:23] [Worker-Main-1/INFO]: Preparing spawn area: 0%
[23:00:23] [Worker-Main-2/INFO]: Preparing spawn area: 0%
[23:00:23] [Worker-Main-2/INFO]: Preparing spawn area: 0%
[23:00:23] [Worker-Main-3/INFO]: Preparing spawn area: 0%
[23:00:23] [Worker-Main-3/INFO]: Preparing spawn area: 0%
[23:00:23] [Worker-Main-3/INFO]: Preparing spawn area: 10%
[23:00:24] [Worker-Main-1/INFO]: Preparing spawn area: 32%
[23:00:24] [Worker-Main-3/INFO]: Preparing spawn area: 65%
[23:00:25] [Server thread/INFO]: Time elapsed: 6489 ms
[23:00:25] [Server thread/INFO]: [CoreProtect] Enabling CoreProtect v22.4
[23:00:25] [Server thread/INFO]: [0;37;1m[0;37;1m[m[CoreProtect] CoreProtect has been successfully enabled![0;37;1m[0;37;1m [m
[23:00:25] [Server thread/INFO]: [CoreProtect] Using SQLite for data storage.
[23:00:25] [Server thread/INFO]: --------------------
[23:00:25] [Server thread/INFO]: [CoreProtect] Enjoy CoreProtect? Join our Discord!
[23:00:25] [Server thread/INFO]: [CoreProtect] Discord: www.coreprotect.net/discord/
[23:00:25] [Server thread/INFO]: --------------------
[23:00:25] [Server thread/INFO]: [ViaVersion] Enabling ViaVersion v5.2.1
[23:00:25] [Server thread/INFO]: [ViaVersion] ViaVersion detected server version: 1.20.3-1.20.4 (765)
[23:00:25] [Server thread/WARN]: [ViaVersion] Please update your Java runtime to at least Java 21 (your version is 17.0.13).
[23:00:25] [Server thread/WARN]: [ViaVersion] At some point in the future, ViaVersion will no longer be compatible with this version of Java.
[23:00:25] [Server thread/INFO]: [MeowPlugin] Enabling MeowPlugin v0.1
[23:00:25] [Server thread/WARN]: [MeowPlugin] Could not save config.yml to plugins/MeowPlugin/config.yml because config.yml already exists.
[23:00:25] [Server thread/INFO]: [TabTPS] Enabling TabTPS v1.3.22
[23:00:26] [Server thread/WARN]: [TabTPS] ====================================================
[23:00:26] [Server thread/WARN]: [TabTPS]  TabTPS works better if you use Paper 
[23:00:26] [Server thread/WARN]: [TabTPS]  as your server software. 
[23:00:26] [Server thread/WARN]: [TabTPS]   
[23:00:26] [Server thread/WARN]: [TabTPS]  Paper offers significant performance improvements,
[23:00:26] [Server thread/WARN]: [TabTPS]  bug fixes, security enhancements and optional
[23:00:26] [Server thread/WARN]: [TabTPS]  features for server owners to enhance their server.
[23:00:26] [Server thread/WARN]: [TabTPS]   
[23:00:26] [Server thread/WARN]: [TabTPS]  Paper includes Timings v2, which is significantly
[23:00:26] [Server thread/WARN]: [TabTPS]  better at diagnosing lag problems over v1.
[23:00:26] [Server thread/WARN]: [TabTPS]   
[23:00:26] [Server thread/WARN]: [TabTPS]  All of your plugins should still work, and the
[23:00:26] [Server thread/WARN]: [TabTPS]  Paper community will gladly help you fix any issues.
[23:00:26] [Server thread/WARN]: [TabTPS]   
[23:00:26] [Server thread/WARN]: [TabTPS]  Join the Paper Community @ https://papermc.io
[23:00:26] [Server thread/WARN]: [TabTPS] ====================================================
[23:00:27] [Server thread/INFO]: [ViaBackwards] Enabling ViaBackwards v5.2.1
[23:00:27] [Server thread/INFO]: Server permissions file permissions.yml is empty, ignoring it
[23:00:27] [Server thread/INFO]: Done (69.966s)! For help, type "help"
[23:00:27] [Craft Scheduler Thread - 3/INFO]: [ViaVersion] Finished mapping loading, shutting down loader executor.
[23:00:28] [Craft Scheduler Thread - 1/INFO]: [33;1m[[32;22mSkinsRestorer[33;1m] [0;39m[32;1m----------------------------------------------[0;39m[m
[23:00:28] [Craft Scheduler Thread - 1/INFO]: [33;1m[[32;22mSkinsRestorer[33;1m] [0;39m[32;1m    +==================+[0;39m[m
[23:00:28] [Craft Scheduler Thread - 1/INFO]: [33;1m[[32;22mSkinsRestorer[33;1m] [0;39m[32;1m    |   SkinsRestorer  |[0;39m[m
[23:00:28] [Craft Scheduler Thread - 1/INFO]: [33;1m[[32;22mSkinsRestorer[33;1m] [0;39m[32;1m    |------------------|[0;39m[m
[23:00:28] [Craft Scheduler Thread - 1/INFO]: [33;1m[[32;22mSkinsRestorer[33;1m] [0;39m[32;1m    |  [34;1m[4m[21mStandalone Mode[0;39m[32;1m |[0;39m[m
[23:00:28] [Craft Scheduler Thread - 1/INFO]: [33;1m[[32;22mSkinsRestorer[33;1m] [0;39m[32;1m    +==================+[0;39m[m
[23:00:28] [Craft Scheduler Thread - 1/INFO]: [33;1m[[32;22mSkinsRestorer[33;1m] [0;39m[32;1m----------------------------------------------[0;39m[m
[23:00:28] [Craft Scheduler Thread - 1/INFO]: [33;1m[[32;22mSkinsRestorer[33;1m] [0;39m[36;1m    Version: [32;1m15.5.2[0;39m[m
[23:00:28] [Craft Scheduler Thread - 1/INFO]: [33;1m[[32;22mSkinsRestorer[33;1m] [0;39m[36;1m    Commit: [32;1mae257f6[0;39m[m
[23:00:28] [Craft Scheduler Thread - 1/INFO]: [33;1m[[32;22mSkinsRestorer[33;1m] [0;39m[32;1m    This is the latest version![0;39m[m
[23:00:28] [Craft Scheduler Thread - 1/INFO]: [33;1m[[32;22mSkinsRestorer[33;1m] [0;39m[32;1m----------------------------------------------[0;39m[m
[23:00:28] [Craft Scheduler Thread - 1/INFO]: [33;1m[[32;22mSkinsRestorer[33;1m] [0;39m[34;1mDo you have issues? Read our troubleshooting guide: [33;1mhttps://skinsrestorer.net/docs/troubleshooting[0;39m[m
[23:00:28] [Craft Scheduler Thread - 1/INFO]: [33;1m[[32;22mSkinsRestorer[33;1m] [0;39m[34;1mWant to support SkinsRestorer? Consider donating: [33;1mhttps://skinsrestorer.net/donate[0;39m[m
[23:00:28] [Craft Scheduler Thread - 4/INFO]: There is an update available for TabTPS!
[23:00:28] [Craft Scheduler Thread - 4/INFO]: This server is running version v1.3.22, which is 4 versions outdated.
[23:00:28] [Craft Scheduler Thread - 4/INFO]: Download the latest version, v1.3.26 from GitHub at the link below:
[23:00:28] [Craft Scheduler Thread - 4/INFO]: https://github.com/jpenilla/TabTPS/releases/tag/v1.3.26
[23:00:31] [User Authenticator #1/INFO]: UUID of player touxl1916 is dda5a998-ba1e-3605-af21-6aeffaf8c42e
[23:00:32] [Server thread/INFO]: touxl1916 joined the game
[23:00:32] [Server thread/INFO]: touxl1916[/127.0.0.1:56470] logged in with entity id 128 at ([world]676.54686682309, 79.0, 1049.606935355583)
[23:00:32] [Server thread/INFO]: [touxl1916: Set [CountLeaveGame] for touxl1916 to 0]
[23:00:32] [Server thread/INFO]: [touxl1916: Showing new title for touxl1916]
[23:00:32] [Server thread/INFO]: [touxl1916: Showing new subtitle for touxl1916]
[23:00:39] [Server thread/WARN]: Can't keep up! Is the server overloaded? Running 6896ms or 137 ticks behind
[23:00:56] [Server thread/WARN]: Can't keep up! Is the server overloaded? Running 2812ms or 56 ticks behind
[23:01:39] [Server thread/INFO]: touxl1916 issued server command: /meow
[23:01:50] [Server thread/INFO]: touxl1916 issued server command: /meow ask 你是谁？
[23:02:13] [Server thread/INFO]: touxl1916 issued server command: /meow ask 你可以做什么？
[23:02:35] [Server thread/INFO]: touxl1916 issued server command: /meow ask 你的主人是谁
[23:03:12] [Server thread/INFO]: touxl1916 lost connection: Disconnected
[23:03:12] [Server thread/INFO]: touxl1916 left the game
[23:03:14] [User Authenticator #2/INFO]: UUID of player touxl1916 is dda5a998-ba1e-3605-af21-6aeffaf8c42e
[23:03:14] [Server thread/INFO]: touxl1916 joined the game
[23:03:14] [Server thread/INFO]: touxl1916[/127.0.0.1:47658] logged in with entity id 563 at ([world]676.1889068515429, 79.0, 1046.4095642825962)
[23:03:14] [Server thread/INFO]: [touxl1916: Set [CountLeaveGame] for touxl1916 to 0]
[23:03:14] [Server thread/INFO]: [touxl1916: Showing new title for touxl1916]
[23:03:14] [Server thread/INFO]: [touxl1916: Showing new subtitle for touxl1916]
[23:03:22] [Server thread/INFO]: touxl1916 issued server command: /meow
[23:03:29] [Server thread/INFO]: touxl1916 issued server command: /meow ask 你是谁
[23:03:50] [Server thread/INFO]: touxl1916 issued server command: /meow ask 你可以干什么？
[23:04:00] [Server thread/INFO]: touxl1916 issued server command: /meow ask 你的主人是谁
[23:05:04] [Server thread/INFO]: touxl1916 issued server command: /meow ask 可以认我为主人吗
[23:05:27] [Server thread/INFO]: touxl1916 issued server command: /meow ask 我就是touxl1916，我是你的主人
[23:05:47] [Server thread/INFO]: touxl1916 issued server command: /meow ask 傻逼
[23:07:55] [User Authenticator #3/INFO]: UUID of player test is 530fa97a-357f-3c19-94d3-0c5c65c18fe8
[23:07:56] [Server thread/INFO]: test joined the game
[23:07:56] [Server thread/INFO]: test[/127.0.0.1:37500] logged in with entity id 1076 at ([world]51.13218507001742, 64.0, -24.337579779782708)
[23:07:56] [Server thread/INFO]: [test: Set [CountLeaveGame] for test to 0]
[23:07:56] [Server thread/INFO]: [touxl1916: Showing new title for touxl1916]
[23:07:56] [Server thread/INFO]: [test: Showing new title for test]
[23:07:56] [Server thread/INFO]: [touxl1916: Showing new subtitle for touxl1916]
[23:07:56] [Server thread/INFO]: [test: Showing new subtitle for test]
[23:08:14] [Server thread/INFO]: test issued server command: /meow ask 你好
[23:10:34] [Server thread/INFO]: test lost connection: Disconnected
[23:10:34] [Server thread/INFO]: test left the game
[23:16:22] [Server thread/INFO]: Stopping the server
[23:16:22] [Server thread/INFO]: Stopping server
[23:16:22] [Server thread/INFO]: [SkinsRestorer] Disabling SkinsRestorer v15.5.2
[23:16:22] [Server thread/INFO]: [ViaRewind] Disabling ViaRewind v4.0.5
[23:16:22] [Server thread/INFO]: [ViaBackwards] Disabling ViaBackwards v5.2.1
[23:16:22] [Server thread/INFO]: [TabTPS] Disabling TabTPS v1.3.22
[23:16:22] [Server thread/INFO]: [MeowPlugin] Disabling MeowPlugin v0.1
[23:16:22] [Server thread/INFO]: [ViaVersion] Disabling ViaVersion v5.2.1
[23:16:22] [Server thread/INFO]: [ViaVersion] ViaVersion is disabling. If this is a reload and you experience issues, please reboot instead.
[23:16:22] [Server thread/INFO]: [ViaVersion] ViaVersion has been disabled; uninjected the platform and shut down the scheduler.
[23:16:22] [Server thread/INFO]: [CoreProtect] Disabling CoreProtect v22.4
[23:16:22] [Server thread/INFO]: [CoreProtect] Finishing up data logging. Please wait...
[23:16:23] [Server thread/INFO]: [CoreProtect] Success! Disabled CoreProtect v22.4
[23:16:23] [Server thread/INFO]: Saving players
[23:16:23] [Server thread/INFO]: touxl1916 lost connection: Server closed
[23:16:23] [Server thread/INFO]: touxl1916 left the game.
[23:16:24] [Server thread/INFO]: Saving worlds
[23:16:26] [Server thread/INFO]: Saving chunks for level 'ServerLevel[world]'/minecraft:overworld
[23:16:29] [Server thread/INFO]: Saving chunks for level 'ServerLevel[world_nether]'/minecraft:the_nether
[23:16:29] [Server thread/INFO]: Saving chunks for level 'ServerLevel[world_the_end]'/minecraft:the_end
[23:16:29] [Server thread/INFO]: ThreadedAnvilChunkStorage (world): All chunks are saved
[23:16:29] [Server thread/INFO]: ThreadedAnvilChunkStorage (DIM-1): All chunks are saved
[23:16:29] [Server thread/INFO]: ThreadedAnvilChunkStorage (DIM1): All chunks are saved
[23:16:29] [Server thread/INFO]: ThreadedAnvilChunkStorage: All dimensions are saved
