[00:00:31] [ServerMain/INFO]: Environment: Environment[sessionHost=https://sessionserver.mojang.com, servicesHost=https://api.minecraftservices.com, name=PROD]
[00:00:34] [ServerMain/INFO]: Loaded 7 recipes
[00:00:35] [Server thread/INFO]: Starting minecraft server version 1.20.4
[00:00:35] [Server thread/INFO]: Loading properties
[00:00:35] [Server thread/INFO]: This server is running CraftBukkit version 4074-Spigot-e9ec548-51bbab2 (MC: 1.20.4) (Implementing API version 1.20.4-R0.1-SNAPSHOT)
[00:00:36] [Server thread/INFO]: Server Ping Player Sample Count: 12
[00:00:36] [Server thread/INFO]: Using 4 threads for Netty based IO
[00:00:36] [Server thread/INFO]: Debug logging is disabled
[00:00:36] [Server thread/INFO]: Default game type: SURVIVAL
[00:00:36] [Server thread/INFO]: Generating keypair
[00:00:36] [Server thread/INFO]: Starting Minecraft server on *:25566
[00:00:36] [Server thread/INFO]: Using epoll channel type
[00:00:37] [Server thread/INFO]: [CoreProtect] Loading CoreProtect v22.4
[00:00:37] [Server thread/INFO]: [ViaVersion] Loading ViaVersion v5.2.1
[00:00:37] [Server thread/INFO]: [ViaVersion] ViaVersion 5.2.1 is now loaded. Registering protocol transformers and injecting...
[00:00:37] [Via-Mappingloader-0/INFO]: [ViaVersion] Loading block connection mappings ...
[00:00:38] [Via-Mappingloader-0/INFO]: [ViaVersion] Using FastUtil Long2ObjectOpenHashMap for block connections
[00:00:38] [Server thread/INFO]: [ViaBackwards] Loading translations...
[00:00:38] [Server thread/INFO]: [ViaBackwards] Registering protocols...
[00:00:39] [Server thread/INFO]: [ViaRewind] Registering protocols...
[00:00:39] [Server thread/INFO]: [MeowPlugin] Loading MeowPlugin v0.1
[00:00:39] [Server thread/INFO]: [TabTPS] Loading TabTPS v1.3.22
[00:00:39] [Server thread/INFO]: [ViaBackwards] Loading ViaBackwards v5.2.1
[00:00:39] [Server thread/INFO]: [ViaRewind] Loading ViaRewind v4.0.5
[00:00:39] [Server thread/INFO]: [SkinsRestorer] Loading SkinsRestorer v15.5.2
[00:00:39] [Server thread/INFO]: [ViaRewind] Enabling ViaRewind v4.0.5
[00:00:39] [Server thread/INFO]: [SkinsRestorer] Enabling SkinsRestorer v15.5.2
[00:00:39] [Server thread/WARN]: [33;1m[[32;22mSkinsRestorer[33;1m] [0;39m[33;1mYou must agree to the rules at 'commands.perSkinPermissionsConsent' in the config to use per skin permissions.[0;39m
[00:00:40] [Server thread/INFO]: [33;1m[[32;22mSkinsRestorer[33;1m] [0;39m[32;1mRunning on Minecraft [33;1m1.20.4[32;1m.[0;39m[m
[00:00:40] [Server thread/WARN]: [33;1m[[32;22mSkinsRestorer[33;1m] [0;39m[33;1m[33;1mPlease update your Java runtime to at least Java 21 (your version is 17).[0;39m
[00:00:40] [Server thread/WARN]: [33;1m[[32;22mSkinsRestorer[33;1m] [0;39m[33;1m[33;1mAt some point in the future, SkinsRestorer will no longer be compatible with this version of Java.[0;39m
[00:00:40] [Server thread/WARN]: **** SERVER IS RUNNING IN OFFLINE/INSECURE MODE!
[00:00:40] [Server thread/WARN]: The server will make no attempt to authenticate usernames. Beware.
[00:00:40] [Server thread/WARN]: While this makes the game possible to play without internet access, it also opens up the ability for hackers to connect with any username they choose.
[00:00:40] [Server thread/WARN]: To change this, set "online-mode" to "true" in the server.properties file.
[00:00:40] [Server thread/INFO]: Preparing level "world"
[00:00:40] [Server thread/INFO]: -------- World Settings For [world] --------
[00:00:40] [Server thread/INFO]: Cactus Growth Modifier: 100%
[00:00:40] [Server thread/INFO]: Cane Growth Modifier: 100%
[00:00:40] [Server thread/INFO]: Melon Growth Modifier: 100%
[00:00:40] [Server thread/INFO]: Mushroom Growth Modifier: 100%
[00:00:40] [Server thread/INFO]: Pumpkin Growth Modifier: 100%
[00:00:40] [Server thread/INFO]: Sapling Growth Modifier: 100%
[00:00:40] [Server thread/INFO]: Beetroot Growth Modifier: 100%
[00:00:40] [Server thread/INFO]: Carrot Growth Modifier: 100%
[00:00:40] [Server thread/INFO]: Potato Growth Modifier: 100%
[00:00:40] [Server thread/INFO]: Wheat Growth Modifier: 100%
[00:00:40] [Server thread/INFO]: NetherWart Growth Modifier: 100%
[00:00:40] [Server thread/INFO]: Vine Growth Modifier: 100%
[00:00:40] [Server thread/INFO]: Cocoa Growth Modifier: 100%
[00:00:40] [Server thread/INFO]: Bamboo Growth Modifier: 100%
[00:00:40] [Server thread/INFO]: SweetBerry Growth Modifier: 100%
[00:00:40] [Server thread/INFO]: Kelp Growth Modifier: 100%
[00:00:40] [Server thread/INFO]: TwistingVines Growth Modifier: 100%
[00:00:40] [Server thread/INFO]: WeepingVines Growth Modifier: 100%
[00:00:40] [Server thread/INFO]: CaveVines Growth Modifier: 100%
[00:00:40] [Server thread/INFO]: Entity Activation Range: An 32 / Mo 32 / Ra 48 / Mi 16 / Tiv true / Isa false
[00:00:40] [Server thread/INFO]: Entity Tracking Range: Pl 48 / An 48 / Mo 48 / Mi 32 / Di 128 / Other 64
[00:00:40] [Server thread/INFO]: Hopper Transfer: 8 Hopper Check: 1 Hopper Amount: 1 Hopper Can Load Chunks: false
[00:00:40] [Server thread/INFO]: Experience Merge Radius: 3.0
[00:00:40] [Server thread/INFO]: Mob Spawn Range: 6
[00:00:40] [Server thread/INFO]: Custom Map Seeds:  Village: 10387312 Desert: 14357617 Igloo: 14357618 Jungle: 14357619 Swamp: 14357620 Monument: 10387313 Ocean: 14357621 Shipwreck: 165745295 End City: 10387313 Slime: 987234911 Nether: 30084232 Mansion: 10387319 Fossil: 14357921 Portal: 34222645
[00:00:40] [Server thread/INFO]: Max TNT Explosions: 100
[00:00:40] [Server thread/INFO]: Tile Max Tick Time: 50ms Entity max Tick Time: 50ms
[00:00:40] [Server thread/INFO]: Nerfing mobs spawned from spawners: false
[00:00:40] [Server thread/INFO]: View Distance: 10
[00:00:40] [Server thread/INFO]: Simulation Distance: 10
[00:00:40] [Server thread/INFO]: Item Despawn Rate: 6000
[00:00:40] [Server thread/INFO]: Item Merge Radius: 2.5
[00:00:40] [Server thread/INFO]: Allow Zombie Pigmen to spawn from portal blocks: true
[00:00:40] [Server thread/INFO]: Arrow Despawn Rate: 1200 Trident Respawn Rate:1200
[00:00:40] [Server thread/INFO]: Zombie Aggressive Towards Villager: true
[00:00:41] [Server thread/INFO]: -------- World Settings For [world_nether] --------
[00:00:41] [Server thread/INFO]: Cactus Growth Modifier: 100%
[00:00:41] [Server thread/INFO]: Cane Growth Modifier: 100%
[00:00:41] [Server thread/INFO]: Melon Growth Modifier: 100%
[00:00:41] [Server thread/INFO]: Mushroom Growth Modifier: 100%
[00:00:41] [Server thread/INFO]: Pumpkin Growth Modifier: 100%
[00:00:41] [Server thread/INFO]: Sapling Growth Modifier: 100%
[00:00:41] [Server thread/INFO]: Beetroot Growth Modifier: 100%
[00:00:41] [Server thread/INFO]: Carrot Growth Modifier: 100%
[00:00:41] [Server thread/INFO]: Potato Growth Modifier: 100%
[00:00:41] [Server thread/INFO]: Wheat Growth Modifier: 100%
[00:00:41] [Server thread/INFO]: NetherWart Growth Modifier: 100%
[00:00:41] [Server thread/INFO]: Vine Growth Modifier: 100%
[00:00:41] [Server thread/INFO]: Cocoa Growth Modifier: 100%
[00:00:41] [Server thread/INFO]: Bamboo Growth Modifier: 100%
[00:00:41] [Server thread/INFO]: SweetBerry Growth Modifier: 100%
[00:00:41] [Server thread/INFO]: Kelp Growth Modifier: 100%
[00:00:41] [Server thread/INFO]: TwistingVines Growth Modifier: 100%
[00:00:41] [Server thread/INFO]: WeepingVines Growth Modifier: 100%
[00:00:41] [Server thread/INFO]: CaveVines Growth Modifier: 100%
[00:00:41] [Server thread/INFO]: Entity Activation Range: An 32 / Mo 32 / Ra 48 / Mi 16 / Tiv true / Isa false
[00:00:41] [Server thread/INFO]: Entity Tracking Range: Pl 48 / An 48 / Mo 48 / Mi 32 / Di 128 / Other 64
[00:00:41] [Server thread/INFO]: Hopper Transfer: 8 Hopper Check: 1 Hopper Amount: 1 Hopper Can Load Chunks: false
[00:00:41] [Server thread/INFO]: Experience Merge Radius: 3.0
[00:00:41] [Server thread/INFO]: Mob Spawn Range: 6
[00:00:41] [Server thread/INFO]: Custom Map Seeds:  Village: 10387312 Desert: 14357617 Igloo: 14357618 Jungle: 14357619 Swamp: 14357620 Monument: 10387313 Ocean: 14357621 Shipwreck: 165745295 End City: 10387313 Slime: 987234911 Nether: 30084232 Mansion: 10387319 Fossil: 14357921 Portal: 34222645
[00:00:41] [Server thread/INFO]: Max TNT Explosions: 100
[00:00:41] [Server thread/INFO]: Tile Max Tick Time: 50ms Entity max Tick Time: 50ms
[00:00:41] [Server thread/INFO]: Nerfing mobs spawned from spawners: false
[00:00:41] [Server thread/INFO]: View Distance: 10
[00:00:41] [Server thread/INFO]: Simulation Distance: 10
[00:00:41] [Server thread/INFO]: Item Despawn Rate: 6000
[00:00:41] [Server thread/INFO]: Item Merge Radius: 2.5
[00:00:41] [Server thread/INFO]: Allow Zombie Pigmen to spawn from portal blocks: true
[00:00:41] [Server thread/INFO]: Arrow Despawn Rate: 1200 Trident Respawn Rate:1200
[00:00:41] [Server thread/INFO]: Zombie Aggressive Towards Villager: true
[00:00:45] [Server thread/INFO]: -------- World Settings For [world_the_end] --------
[00:00:45] [Server thread/INFO]: Cactus Growth Modifier: 100%
[00:00:45] [Server thread/INFO]: Cane Growth Modifier: 100%
[00:00:45] [Server thread/INFO]: Melon Growth Modifier: 100%
[00:00:45] [Server thread/INFO]: Mushroom Growth Modifier: 100%
[00:00:45] [Server thread/INFO]: Pumpkin Growth Modifier: 100%
[00:00:45] [Server thread/INFO]: Sapling Growth Modifier: 100%
[00:00:45] [Server thread/INFO]: Beetroot Growth Modifier: 100%
[00:00:45] [Server thread/INFO]: Carrot Growth Modifier: 100%
[00:00:45] [Server thread/INFO]: Potato Growth Modifier: 100%
[00:00:45] [Server thread/INFO]: Wheat Growth Modifier: 100%
[00:00:45] [Server thread/INFO]: NetherWart Growth Modifier: 100%
[00:00:45] [Server thread/INFO]: Vine Growth Modifier: 100%
[00:00:45] [Server thread/INFO]: Cocoa Growth Modifier: 100%
[00:00:45] [Server thread/INFO]: Bamboo Growth Modifier: 100%
[00:00:45] [Server thread/INFO]: SweetBerry Growth Modifier: 100%
[00:00:45] [Server thread/INFO]: Kelp Growth Modifier: 100%
[00:00:45] [Server thread/INFO]: TwistingVines Growth Modifier: 100%
[00:00:45] [Server thread/INFO]: WeepingVines Growth Modifier: 100%
[00:00:45] [Server thread/INFO]: CaveVines Growth Modifier: 100%
[00:00:45] [Server thread/INFO]: Entity Activation Range: An 32 / Mo 32 / Ra 48 / Mi 16 / Tiv true / Isa false
[00:00:45] [Server thread/INFO]: Entity Tracking Range: Pl 48 / An 48 / Mo 48 / Mi 32 / Di 128 / Other 64
[00:00:45] [Server thread/INFO]: Hopper Transfer: 8 Hopper Check: 1 Hopper Amount: 1 Hopper Can Load Chunks: false
[00:00:45] [Server thread/INFO]: Experience Merge Radius: 3.0
[00:00:45] [Server thread/INFO]: Mob Spawn Range: 6
[00:00:45] [Server thread/INFO]: Custom Map Seeds:  Village: 10387312 Desert: 14357617 Igloo: 14357618 Jungle: 14357619 Swamp: 14357620 Monument: 10387313 Ocean: 14357621 Shipwreck: 165745295 End City: 10387313 Slime: 987234911 Nether: 30084232 Mansion: 10387319 Fossil: 14357921 Portal: 34222645
[00:00:45] [Server thread/INFO]: Max TNT Explosions: 100
[00:00:45] [Server thread/INFO]: Tile Max Tick Time: 50ms Entity max Tick Time: 50ms
[00:00:45] [Server thread/INFO]: Nerfing mobs spawned from spawners: false
[00:00:45] [Server thread/INFO]: View Distance: 10
[00:00:45] [Server thread/INFO]: Simulation Distance: 10
[00:00:45] [Server thread/INFO]: Item Despawn Rate: 6000
[00:00:45] [Server thread/INFO]: Item Merge Radius: 2.5
[00:00:45] [Server thread/INFO]: Allow Zombie Pigmen to spawn from portal blocks: true
[00:00:45] [Server thread/INFO]: Arrow Despawn Rate: 1200 Trident Respawn Rate:1200
[00:00:45] [Server thread/INFO]: Zombie Aggressive Towards Villager: true
[00:00:45] [Server thread/INFO]: Preparing start region for dimension minecraft:overworld
[00:00:53] [Worker-Main-2/INFO]: Preparing spawn area: 0%
[00:00:53] [Worker-Main-3/INFO]: Preparing spawn area: 0%
[00:00:53] [Worker-Main-1/INFO]: Preparing spawn area: 0%
[00:00:53] [Worker-Main-1/INFO]: Preparing spawn area: 0%
[00:00:53] [Worker-Main-1/INFO]: Preparing spawn area: 0%
[00:00:53] [Worker-Main-1/INFO]: Preparing spawn area: 0%
[00:00:53] [Worker-Main-1/INFO]: Preparing spawn area: 0%
[00:00:53] [Worker-Main-2/INFO]: Preparing spawn area: 0%
[00:00:53] [Worker-Main-2/INFO]: Preparing spawn area: 0%
[00:00:53] [Worker-Main-2/INFO]: Preparing spawn area: 0%
[00:00:53] [Worker-Main-1/INFO]: Preparing spawn area: 0%
[00:00:53] [Worker-Main-1/INFO]: Preparing spawn area: 0%
[00:00:53] [Worker-Main-2/INFO]: Preparing spawn area: 0%
[00:00:53] [Worker-Main-3/INFO]: Preparing spawn area: 0%
[00:00:53] [Worker-Main-3/INFO]: Preparing spawn area: 0%
[00:00:53] [Worker-Main-3/INFO]: Preparing spawn area: 0%
[00:00:53] [Worker-Main-3/INFO]: Preparing spawn area: 0%
[00:00:54] [Worker-Main-1/INFO]: Preparing spawn area: 2%
[00:00:54] [Worker-Main-2/INFO]: Preparing spawn area: 22%
[00:00:55] [Worker-Main-2/INFO]: Preparing spawn area: 34%
[00:00:55] [Worker-Main-1/INFO]: Preparing spawn area: 84%
[00:00:56] [Server thread/INFO]: Time elapsed: 10315 ms
[00:00:56] [Server thread/INFO]: Preparing start region for dimension minecraft:the_nether
[00:01:02] [Worker-Main-1/INFO]: Preparing spawn area: 0%
[00:01:02] [Worker-Main-2/INFO]: Preparing spawn area: 0%
[00:01:02] [Worker-Main-3/INFO]: Preparing spawn area: 0%
[00:01:02] [Worker-Main-1/INFO]: Preparing spawn area: 0%
[00:01:02] [Worker-Main-2/INFO]: Preparing spawn area: 0%
[00:01:02] [Worker-Main-2/INFO]: Preparing spawn area: 0%
[00:01:02] [Worker-Main-2/INFO]: Preparing spawn area: 0%
[00:01:02] [Worker-Main-3/INFO]: Preparing spawn area: 0%
[00:01:02] [Worker-Main-1/INFO]: Preparing spawn area: 0%
[00:01:02] [Worker-Main-2/INFO]: Preparing spawn area: 0%
[00:01:02] [Worker-Main-1/INFO]: Preparing spawn area: 0%
[00:01:02] [Worker-Main-3/INFO]: Preparing spawn area: 0%
[00:01:02] [Worker-Main-1/INFO]: Preparing spawn area: 0%
[00:01:02] [Worker-Main-3/INFO]: Preparing spawn area: 0%
[00:01:03] [Worker-Main-2/INFO]: Preparing spawn area: 0%
[00:01:03] [Worker-Main-1/INFO]: Preparing spawn area: 0%
[00:01:04] [Worker-Main-2/INFO]: Preparing spawn area: 19%
[00:01:04] [Worker-Main-1/INFO]: Preparing spawn area: 52%
[00:01:05] [Worker-Main-2/INFO]: Preparing spawn area: 85%
[00:01:05] [Server thread/INFO]: Time elapsed: 9267 ms
[00:01:05] [Server thread/INFO]: Preparing start region for dimension minecraft:the_end
[00:01:10] [Worker-Main-1/INFO]: Preparing spawn area: 0%
[00:01:10] [Worker-Main-1/INFO]: Preparing spawn area: 0%
[00:01:10] [Worker-Main-1/INFO]: Preparing spawn area: 0%
[00:01:10] [Worker-Main-3/INFO]: Preparing spawn area: 0%
[00:01:10] [Worker-Main-2/INFO]: Preparing spawn area: 0%
[00:01:10] [Worker-Main-1/INFO]: Preparing spawn area: 0%
[00:01:10] [Worker-Main-2/INFO]: Preparing spawn area: 0%
[00:01:10] [Worker-Main-2/INFO]: Preparing spawn area: 0%
[00:01:10] [Worker-Main-2/INFO]: Preparing spawn area: 0%
[00:01:10] [Worker-Main-2/INFO]: Preparing spawn area: 0%
[00:01:10] [Worker-Main-1/INFO]: Preparing spawn area: 0%
[00:01:11] [Worker-Main-3/INFO]: Preparing spawn area: 0%
[00:01:11] [Worker-Main-3/INFO]: Preparing spawn area: 8%
[00:01:12] [Worker-Main-2/INFO]: Preparing spawn area: 22%
[00:01:12] [Worker-Main-1/INFO]: Preparing spawn area: 43%
[00:01:13] [Worker-Main-1/INFO]: Preparing spawn area: 82%
[00:01:13] [Server thread/INFO]: Time elapsed: 7689 ms
[00:01:13] [Server thread/INFO]: [CoreProtect] Enabling CoreProtect v22.4
[00:01:14] [Server thread/INFO]: [0;37;1m[0;37;1m[m[CoreProtect] CoreProtect has been successfully enabled![0;37;1m[0;37;1m [m
[00:01:14] [Server thread/INFO]: [CoreProtect] Using SQLite for data storage.
[00:01:14] [Server thread/INFO]: --------------------
[00:01:14] [Server thread/INFO]: [CoreProtect] Enjoy CoreProtect? Join our Discord!
[00:01:14] [Server thread/INFO]: [CoreProtect] Discord: www.coreprotect.net/discord/
[00:01:14] [Server thread/INFO]: --------------------
[00:01:14] [Server thread/INFO]: [ViaVersion] Enabling ViaVersion v5.2.1
[00:01:14] [Server thread/INFO]: [ViaVersion] ViaVersion detected server version: 1.20.3-1.20.4 (765)
[00:01:14] [Server thread/WARN]: [ViaVersion] Please update your Java runtime to at least Java 21 (your version is 17.0.13).
[00:01:14] [Server thread/WARN]: [ViaVersion] At some point in the future, ViaVersion will no longer be compatible with this version of Java.
[00:01:14] [Server thread/INFO]: [MeowPlugin] Enabling MeowPlugin v0.1
[00:01:14] [Server thread/WARN]: [MeowPlugin] Could not save config.yml to plugins/MeowPlugin/config.yml because config.yml already exists.
[00:01:14] [Server thread/INFO]: [TabTPS] Enabling TabTPS v1.3.22
[00:01:14] [Server thread/WARN]: [TabTPS] ====================================================
[00:01:14] [Server thread/WARN]: [TabTPS]  TabTPS works better if you use Paper 
[00:01:14] [Server thread/WARN]: [TabTPS]  as your server software. 
[00:01:14] [Server thread/WARN]: [TabTPS]   
[00:01:14] [Server thread/WARN]: [TabTPS]  Paper offers significant performance improvements,
[00:01:14] [Server thread/WARN]: [TabTPS]  bug fixes, security enhancements and optional
[00:01:14] [Server thread/WARN]: [TabTPS]  features for server owners to enhance their server.
[00:01:14] [Server thread/WARN]: [TabTPS]   
[00:01:14] [Server thread/WARN]: [TabTPS]  Paper includes Timings v2, which is significantly
[00:01:14] [Server thread/WARN]: [TabTPS]  better at diagnosing lag problems over v1.
[00:01:14] [Server thread/WARN]: [TabTPS]   
[00:01:14] [Server thread/WARN]: [TabTPS]  All of your plugins should still work, and the
[00:01:14] [Server thread/WARN]: [TabTPS]  Paper community will gladly help you fix any issues.
[00:01:14] [Server thread/WARN]: [TabTPS]   
[00:01:14] [Server thread/WARN]: [TabTPS]  Join the Paper Community @ https://papermc.io
[00:01:14] [Server thread/WARN]: [TabTPS] ====================================================
[00:01:16] [Server thread/INFO]: [ViaBackwards] Enabling ViaBackwards v5.2.1
[00:01:16] [Server thread/INFO]: Server permissions file permissions.yml is empty, ignoring it
[00:01:16] [Server thread/INFO]: Done (35.608s)! For help, type "help"
[00:01:16] [Craft Scheduler Thread - 3/INFO]: [ViaVersion] Finished mapping loading, shutting down loader executor.
[00:01:17] [Craft Scheduler Thread - 1/INFO]: [33;1m[[32;22mSkinsRestorer[33;1m] [0;39m[32;1m----------------------------------------------[0;39m[m
[00:01:17] [Craft Scheduler Thread - 1/INFO]: [33;1m[[32;22mSkinsRestorer[33;1m] [0;39m[32;1m    +==================+[0;39m[m
[00:01:17] [Craft Scheduler Thread - 1/INFO]: [33;1m[[32;22mSkinsRestorer[33;1m] [0;39m[32;1m    |   SkinsRestorer  |[0;39m[m
[00:01:17] [Craft Scheduler Thread - 1/INFO]: [33;1m[[32;22mSkinsRestorer[33;1m] [0;39m[32;1m    |------------------|[0;39m[m
[00:01:17] [Craft Scheduler Thread - 1/INFO]: [33;1m[[32;22mSkinsRestorer[33;1m] [0;39m[32;1m    |  [34;1m[4m[21mStandalone Mode[0;39m[32;1m |[0;39m[m
[00:01:17] [Craft Scheduler Thread - 1/INFO]: [33;1m[[32;22mSkinsRestorer[33;1m] [0;39m[32;1m    +==================+[0;39m[m
[00:01:17] [Craft Scheduler Thread - 1/INFO]: [33;1m[[32;22mSkinsRestorer[33;1m] [0;39m[32;1m----------------------------------------------[0;39m[m
[00:01:17] [Craft Scheduler Thread - 1/INFO]: [33;1m[[32;22mSkinsRestorer[33;1m] [0;39m[36;1m    Version: [32;1m15.5.2[0;39m[m
[00:01:17] [Craft Scheduler Thread - 1/INFO]: [33;1m[[32;22mSkinsRestorer[33;1m] [0;39m[36;1m    Commit: [32;1mae257f6[0;39m[m
[00:01:17] [Craft Scheduler Thread - 1/INFO]: [33;1m[[32;22mSkinsRestorer[33;1m] [0;39m[32;1m    This is the latest version![0;39m[m
[00:01:17] [Craft Scheduler Thread - 1/INFO]: [33;1m[[32;22mSkinsRestorer[33;1m] [0;39m[32;1m----------------------------------------------[0;39m[m
[00:01:17] [Craft Scheduler Thread - 1/INFO]: [33;1m[[32;22mSkinsRestorer[33;1m] [0;39m[34;1mDo you have issues? Read our troubleshooting guide: [33;1mhttps://skinsrestorer.net/docs/troubleshooting[0;39m[m
[00:01:17] [Craft Scheduler Thread - 1/INFO]: [33;1m[[32;22mSkinsRestorer[33;1m] [0;39m[34;1mWant to support SkinsRestorer? Consider donating: [33;1mhttps://skinsrestorer.net/donate[0;39m[m
[00:01:17] [Craft Scheduler Thread - 4/INFO]: There is an update available for TabTPS!
[00:01:17] [Craft Scheduler Thread - 4/INFO]: This server is running version v1.3.22, which is 4 versions outdated.
[00:01:17] [Craft Scheduler Thread - 4/INFO]: Download the latest version, v1.3.26 from GitHub at the link below:
[00:01:17] [Craft Scheduler Thread - 4/INFO]: https://github.com/jpenilla/TabTPS/releases/tag/v1.3.26
[09:30:50] [User Authenticator #1/INFO]: UUID of player touxl1916 is dda5a998-ba1e-3605-af21-6aeffaf8c42e
[09:30:51] [Server thread/INFO]: touxl1916 joined the game
[09:30:51] [Server thread/INFO]: touxl1916[/127.0.0.1:34652] logged in with entity id 202 at ([world]670.3390535913566, 76.0, 1059.5025056128331)
[09:30:51] [Server thread/INFO]: [touxl1916: Set [CountLeaveGame] for touxl1916 to 0]
[09:30:51] [Server thread/INFO]: [touxl1916: Showing new title for touxl1916]
[09:30:51] [Server thread/INFO]: [touxl1916: Showing new subtitle for touxl1916]
[09:39:19] [Server thread/INFO]: touxl1916 lost connection: Disconnected
[09:39:19] [Server thread/INFO]: touxl1916 left the game
[09:39:29] [User Authenticator #2/INFO]: UUID of player touxl1916 is dda5a998-ba1e-3605-af21-6aeffaf8c42e
[09:39:29] [Server thread/INFO]: touxl1916 joined the game
[09:39:29] [Server thread/INFO]: touxl1916[/127.0.0.1:54346] logged in with entity id 2507 at ([world]689.5533136616976, 68.0, 1115.4075136437903)
[09:39:29] [Server thread/INFO]: [touxl1916: Set [CountLeaveGame] for touxl1916 to 0]
[09:39:29] [Server thread/INFO]: [touxl1916: Showing new title for touxl1916]
[09:39:29] [Server thread/INFO]: [touxl1916: Showing new subtitle for touxl1916]
[09:40:01] [Server thread/INFO]: Villager EntityVillager['Villager'/2508, l='ServerLevel[world]', x=713.47, y=68.00, z=1133.93] died, message: 'Villager was slain by touxl1916'
[09:44:16] [Server thread/INFO]: touxl1916 lost connection: Disconnected
[09:44:17] [Server thread/INFO]: touxl1916 left the game
[09:46:08] [User Authenticator #3/INFO]: UUID of player touxl1916 is dda5a998-ba1e-3605-af21-6aeffaf8c42e
[09:46:09] [Server thread/INFO]: touxl1916 joined the game
[09:46:09] [Server thread/INFO]: touxl1916[/127.0.0.1:45964] logged in with entity id 3680 at ([world]692.81083702105, 68.0, 1117.808417452701)
[09:46:09] [Server thread/INFO]: [touxl1916: Set [CountLeaveGame] for touxl1916 to 0]
[09:46:09] [Server thread/INFO]: [touxl1916: Showing new title for touxl1916]
[09:46:09] [Server thread/INFO]: [touxl1916: Showing new subtitle for touxl1916]
[09:50:06] [Server thread/INFO]: touxl1916 was squished too much
[09:57:43] [Server thread/INFO]: touxl1916 lost connection: Disconnected
[09:57:43] [Server thread/INFO]: touxl1916 left the game
[09:58:26] [User Authenticator #4/INFO]: UUID of player touxl1916 is dda5a998-ba1e-3605-af21-6aeffaf8c42e
[09:58:27] [Server thread/INFO]: touxl1916 joined the game
[09:58:27] [Server thread/INFO]: touxl1916[/127.0.0.1:60306] logged in with entity id 6437 at ([world]678.3957860483903, 79.0, 1051.0098121572794)
[09:58:27] [Server thread/INFO]: [touxl1916: Set [CountLeaveGame] for touxl1916 to 0]
[09:58:27] [Server thread/INFO]: [touxl1916: Showing new title for touxl1916]
[09:58:27] [Server thread/INFO]: [touxl1916: Showing new subtitle for touxl1916]
[09:59:32] [Server thread/INFO]: touxl1916 lost connection: Disconnected
[09:59:32] [Server thread/INFO]: touxl1916 left the game
[09:59:53] [User Authenticator #5/INFO]: UUID of player touxl1916 is dda5a998-ba1e-3605-af21-6aeffaf8c42e
[09:59:53] [Server thread/INFO]: touxl1916 joined the game
[09:59:53] [Server thread/INFO]: touxl1916[/127.0.0.1:51700] logged in with entity id 6845 at ([world]667.8091250363631, 72.0, 1051.2667041883105)
[09:59:53] [Server thread/INFO]: [touxl1916: Set [CountLeaveGame] for touxl1916 to 0]
[09:59:53] [Server thread/INFO]: [touxl1916: Showing new title for touxl1916]
[09:59:53] [Server thread/INFO]: [touxl1916: Showing new subtitle for touxl1916]
[10:04:26] [Server thread/INFO]: touxl1916 issued server command: /meow ask 请锐评一下贡菌炫，不要说我不知道，编也要编点东西
[10:07:44] [Server thread/INFO]: touxl1916 issued server command: /meow ask 锐评一下精神小伙贡菌炫，不要说不知道，编一些出来
[10:08:05] [Server thread/INFO]: touxl1916 lost connection: Disconnected
[10:08:05] [Server thread/INFO]: touxl1916 left the game
[12:27:01] [User Authenticator #6/INFO]: UUID of player touxl1916 is dda5a998-ba1e-3605-af21-6aeffaf8c42e
[12:27:02] [Server thread/INFO]: touxl1916 joined the game
[12:27:02] [Server thread/INFO]: touxl1916[/127.0.0.1:41192] logged in with entity id 8224 at ([world]674.8220029518648, 79.0, 1047.5367078881684)
[12:27:02] [Server thread/INFO]: [touxl1916: Set [CountLeaveGame] for touxl1916 to 0]
[12:27:02] [Server thread/INFO]: [touxl1916: Showing new title for touxl1916]
[12:27:02] [Server thread/INFO]: [touxl1916: Showing new subtitle for touxl1916]
[12:30:46] [Server thread/INFO]: touxl1916 lost connection: Disconnected
[12:30:46] [Server thread/INFO]: touxl1916 left the game
[12:32:42] [User Authenticator #7/INFO]: UUID of player touxl1916 is dda5a998-ba1e-3605-af21-6aeffaf8c42e
[12:32:43] [Server thread/INFO]: touxl1916 joined the game
[12:32:43] [Server thread/INFO]: touxl1916[/127.0.0.1:42270] logged in with entity id 9189 at ([world]642.1963095879562, 64.0, 1210.5661796121096)
[12:32:43] [Server thread/INFO]: [touxl1916: Set [CountLeaveGame] for touxl1916 to 0]
[12:32:43] [Server thread/INFO]: [touxl1916: Showing new title for touxl1916]
[12:32:43] [Server thread/INFO]: [touxl1916: Showing new subtitle for touxl1916]
[12:39:34] [Server thread/INFO]: touxl1916 lost connection: Disconnected
[12:39:34] [Server thread/INFO]: touxl1916 left the game
[13:30:58] [User Authenticator #8/INFO]: UUID of player touxl1916 is dda5a998-ba1e-3605-af21-6aeffaf8c42e
[13:30:59] [Server thread/INFO]: touxl1916 joined the game
[13:30:59] [Server thread/INFO]: touxl1916[/127.0.0.1:48434] logged in with entity id 11039 at ([world]709.3466333002297, 68.0, 1146.8203310666418)
[13:30:59] [Server thread/INFO]: [touxl1916: Set [CountLeaveGame] for touxl1916 to 0]
[13:30:59] [Server thread/INFO]: [touxl1916: Showing new title for touxl1916]
[13:30:59] [Server thread/INFO]: [touxl1916: Showing new subtitle for touxl1916]
[13:31:06] [User Authenticator #9/INFO]: UUID of player zyc is 6508a288-cfc5-39a7-b04c-e806846b5f53
[13:31:06] [Server thread/INFO]: zyc joined the game
[13:31:06] [Server thread/INFO]: zyc[/127.0.0.1:51440] logged in with entity id 11375 at ([world]39.5, 65.0, 25.5)
[13:31:06] [Server thread/INFO]: [zyc: Set [CountPlayedTime] for zyc to 200]
[13:31:13] [Server thread/INFO]: zyc lost connection: Disconnected
[13:31:13] [Server thread/INFO]: zyc left the game
[13:31:19] [User Authenticator #10/INFO]: UUID of player zyc is 6508a288-cfc5-39a7-b04c-e806846b5f53
[13:31:19] [Server thread/INFO]: zyc joined the game
[13:31:19] [Server thread/INFO]: zyc[/127.0.0.1:52690] logged in with entity id 11512 at ([world]39.5, 65.0, 25.5)
[13:31:19] [Server thread/INFO]: [zyc: Set [CountLeaveGame] for zyc to 0]
[13:31:19] [Server thread/INFO]: [touxl1916: Showing new title for touxl1916]
[13:31:19] [Server thread/INFO]: [zyc: Showing new title for zyc]
[13:31:19] [Server thread/INFO]: [touxl1916: Showing new subtitle for touxl1916]
[13:31:19] [Server thread/INFO]: [zyc: Showing new subtitle for zyc]
[13:31:52] [Server thread/INFO]: Teleported zyc to touxl1916
[13:34:13] [Server thread/INFO]: zyc has made the advancement [Acquire Hardware]
[13:34:36] [Server thread/INFO]: zyc has made the advancement [We Need to Go Deeper]
[13:35:53] [Server thread/INFO]: zyc lost connection: Timed out
[13:35:53] [Server thread/INFO]: zyc left the game
[13:35:56] [Server thread/INFO]: touxl1916 lost connection: Disconnected
[13:35:56] [Server thread/INFO]: touxl1916 left the game
[13:36:45] [User Authenticator #11/INFO]: UUID of player touxl1916 is dda5a998-ba1e-3605-af21-6aeffaf8c42e
[13:36:46] [Server thread/INFO]: touxl1916 joined the game
[13:36:46] [Server thread/INFO]: touxl1916[/127.0.0.1:35674] logged in with entity id 12998 at ([world]678.5087555690366, 80.0, 1053.1580464649032)
[13:36:46] [Server thread/INFO]: [touxl1916: Set [CountLeaveGame] for touxl1916 to 0]
[13:36:46] [Server thread/INFO]: [touxl1916: Showing new title for touxl1916]
[13:36:46] [Server thread/INFO]: [touxl1916: Showing new subtitle for touxl1916]
[13:38:43] [User Authenticator #12/INFO]: UUID of player zyc is 6508a288-cfc5-39a7-b04c-e806846b5f53
[13:38:44] [Server thread/INFO]: zyc joined the game
[13:38:44] [Server thread/INFO]: zyc[/127.0.0.1:34426] logged in with entity id 13637 at ([world]722.5, 69.0, 1143.4250709122439)
[13:38:44] [Server thread/INFO]: [zyc: Set [CountLeaveGame] for zyc to 0]
[13:38:44] [Server thread/INFO]: [touxl1916: Showing new title for touxl1916]
[13:38:44] [Server thread/INFO]: [zyc: Showing new title for zyc]
[13:38:44] [Server thread/INFO]: [touxl1916: Showing new subtitle for touxl1916]
[13:38:44] [Server thread/INFO]: [zyc: Showing new subtitle for zyc]
[13:38:53] [Server thread/INFO]: touxl1916 lost connection: Disconnected
[13:38:53] [Server thread/INFO]: touxl1916 left the game
[13:38:55] [Server thread/INFO]: zyc lost connection: Disconnected
[13:38:55] [Server thread/INFO]: zyc left the game
[14:31:53] [User Authenticator #13/INFO]: UUID of player zyc is 6508a288-cfc5-39a7-b04c-e806846b5f53
[14:31:54] [Server thread/INFO]: zyc joined the game
[14:31:54] [Server thread/INFO]: zyc[/127.0.0.1:40542] logged in with entity id 13730 at ([world]722.1425481278068, 68.0, 1138.7602983118627)
[14:31:54] [Server thread/INFO]: [zyc: Set [CountLeaveGame] for zyc to 0]
[14:31:54] [Server thread/INFO]: [zyc: Showing new title for zyc]
[14:31:54] [Server thread/INFO]: [zyc: Showing new subtitle for zyc]
[14:32:45] [User Authenticator #14/INFO]: UUID of player touxl1916 is dda5a998-ba1e-3605-af21-6aeffaf8c42e
[14:32:45] [Server thread/INFO]: touxl1916 joined the game
[14:32:45] [Server thread/INFO]: touxl1916[/127.0.0.1:54600] logged in with entity id 14136 at ([world]671.6130777311123, 79.0, 1051.9401493343798)
[14:32:45] [Server thread/INFO]: [touxl1916: Set [CountLeaveGame] for touxl1916 to 0]
[14:32:45] [Server thread/INFO]: [zyc: Showing new title for zyc]
[14:32:45] [Server thread/INFO]: [touxl1916: Showing new title for touxl1916]
[14:32:45] [Server thread/INFO]: [zyc: Showing new subtitle for zyc]
[14:32:45] [Server thread/INFO]: [touxl1916: Showing new subtitle for touxl1916]
[14:34:28] [Server thread/INFO]: zyc has made the advancement [Suit Up]
[14:35:33] [User Authenticator #15/INFO]: UUID of player ysydZiYouRen is cbb5bd76-2bc6-391d-9b29-857501acaa1d
[14:35:34] [Server thread/INFO]: ysydZiYouRen joined the game
[14:35:34] [Server thread/INFO]: ysydZiYouRen[/127.0.0.1:44032] logged in with entity id 14697 at ([world]1468.1793707256013, 76.0, 1389.699999988079)
[14:35:34] [Server thread/INFO]: [ysydZiYouRen: Set [CountLeaveGame] for ysydZiYouRen to 0]
[14:35:34] [Server thread/INFO]: [zyc: Showing new title for zyc]
[14:35:34] [Server thread/INFO]: [touxl1916: Showing new title for touxl1916]
[14:35:34] [Server thread/INFO]: [ysydZiYouRen: Showing new title for ysydZiYouRen]
[14:35:34] [Server thread/INFO]: [zyc: Showing new subtitle for zyc]
[14:35:34] [Server thread/INFO]: [touxl1916: Showing new subtitle for touxl1916]
[14:35:34] [Server thread/INFO]: [ysydZiYouRen: Showing new subtitle for ysydZiYouRen]
[14:36:01] [Server thread/INFO]: ysydZiYouRen fell from a high place
[14:37:41] [Server thread/INFO]: touxl1916 was squished too much
[14:38:35] [Server thread/INFO]: touxl1916 was squished too much
[14:39:01] [Server thread/INFO]: touxl1916 issued server command: /meow ask 重复我的话：躺尸汉你妈死了
[14:39:37] [Server thread/INFO]: ysydZiYouRen issued server command: /meow 重复我的话 高浩博你妈死了
[14:39:41] [Async Chat Thread - #0/INFO]: [Not Secure] <touxl1916> tsh去修刷怪塔
[14:39:56] [Server thread/INFO]: touxl1916 issued server command: /meow ask 躺尸汉的妈死了吗？
[14:40:31] [Server thread/INFO]: touxl1916 issued server command: /meow ask 躺尸汉的妈妈死了吗
[14:40:45] [Server thread/INFO]: touxl1916 was doomed to fall by ysydZiYouRen
[14:41:13] [Server thread/INFO]: ysydZiYouRen was killed
[14:41:13] [Server thread/INFO]: Killed ysydZiYouRen
[14:41:28] [Async Chat Thread - #2/INFO]: [Not Secure] <touxl1916> 666磕到甲沟炎了
[14:41:37] [Server thread/INFO]: ysydZiYouRen lost connection: Disconnected
[14:41:37] [Server thread/INFO]: ysydZiYouRen left the game
[14:41:40] [Server thread/INFO]: touxl1916 lost connection: Disconnected
[14:41:40] [Server thread/INFO]: touxl1916 left the game
[14:42:14] [Server thread/INFO]: zyc lost connection: Disconnected
[14:42:15] [Server thread/INFO]: zyc left the game
[15:11:28] [User Authenticator #16/INFO]: UUID of player touxl1916 is dda5a998-ba1e-3605-af21-6aeffaf8c42e
[15:11:28] [Server thread/INFO]: touxl1916 joined the game
[15:11:28] [Server thread/INFO]: touxl1916[/127.0.0.1:42050] logged in with entity id 17184 at ([world]671.6419875438861, 79.0, 1047.3380658565818)
[15:11:28] [Server thread/INFO]: [touxl1916: Set [CountLeaveGame] for touxl1916 to 0]
[15:11:28] [Server thread/INFO]: [touxl1916: Showing new title for touxl1916]
[15:11:28] [Server thread/INFO]: [touxl1916: Showing new subtitle for touxl1916]
[15:11:42] [User Authenticator #17/INFO]: UUID of player ysydZiYouRen is cbb5bd76-2bc6-391d-9b29-857501acaa1d
[15:11:42] [Server thread/INFO]: ysydZiYouRen joined the game
[15:11:42] [Server thread/INFO]: ysydZiYouRen[/127.0.0.1:34626] logged in with entity id 17606 at ([world]670.775834128415, 77.0, 1057.8617159909725)
[15:11:42] [Server thread/INFO]: [ysydZiYouRen: Set [CountLeaveGame] for ysydZiYouRen to 0]
[15:11:42] [Server thread/INFO]: [touxl1916: Showing new title for touxl1916]
[15:11:42] [Server thread/INFO]: [ysydZiYouRen: Showing new title for ysydZiYouRen]
[15:11:42] [Server thread/INFO]: [touxl1916: Showing new subtitle for touxl1916]
[15:11:42] [Server thread/INFO]: [ysydZiYouRen: Showing new subtitle for ysydZiYouRen]
[15:12:12] [Server thread/INFO]: touxl1916 lost connection: Disconnected
[15:12:12] [Server thread/INFO]: touxl1916 left the game
[15:12:16] [User Authenticator #18/INFO]: UUID of player touxl1916 is dda5a998-ba1e-3605-af21-6aeffaf8c42e
[15:12:16] [Server thread/INFO]: touxl1916 joined the game
[15:12:16] [Server thread/INFO]: touxl1916[/127.0.0.1:54184] logged in with entity id 17667 at ([world]672.3688600259885, 71.0, 1080.535523970004)
[15:12:16] [Server thread/INFO]: [touxl1916: Set [CountLeaveGame] for touxl1916 to 0]
[15:12:16] [Server thread/INFO]: [ysydZiYouRen: Showing new title for ysydZiYouRen]
[15:12:16] [Server thread/INFO]: [touxl1916: Showing new title for touxl1916]
[15:12:16] [Server thread/INFO]: [ysydZiYouRen: Showing new subtitle for ysydZiYouRen]
[15:12:16] [Server thread/INFO]: [touxl1916: Showing new subtitle for touxl1916]
[15:12:31] [Server thread/INFO]: touxl1916 lost connection: Disconnected
[15:12:31] [Server thread/INFO]: touxl1916 left the game
[15:12:55] [User Authenticator #19/INFO]: UUID of player touxl1916 is dda5a998-ba1e-3605-af21-6aeffaf8c42e
[15:12:55] [Server thread/INFO]: touxl1916 joined the game
[15:12:55] [Server thread/INFO]: touxl1916[/127.0.0.1:56744] logged in with entity id 17724 at ([world]670.4027829804144, 73.0, 1065.9466253483158)
[15:12:55] [Server thread/INFO]: [touxl1916: Set [CountLeaveGame] for touxl1916 to 0]
[15:12:55] [Server thread/INFO]: [ysydZiYouRen: Showing new title for ysydZiYouRen]
[15:12:55] [Server thread/INFO]: [touxl1916: Showing new title for touxl1916]
[15:12:55] [Server thread/INFO]: [ysydZiYouRen: Showing new subtitle for ysydZiYouRen]
[15:12:55] [Server thread/INFO]: [touxl1916: Showing new subtitle for touxl1916]
[15:12:58] [Server thread/INFO]: touxl1916 lost connection: Disconnected
[15:12:58] [Server thread/INFO]: touxl1916 left the game
[15:15:53] [User Authenticator #20/INFO]: UUID of player touxl1916 is dda5a998-ba1e-3605-af21-6aeffaf8c42e
[15:15:53] [Server thread/INFO]: touxl1916 joined the game
[15:15:53] [Server thread/INFO]: touxl1916[/127.0.0.1:56710] logged in with entity id 18241 at ([world]670.4027829804144, 73.0, 1065.9466253483158)
[15:15:53] [Server thread/INFO]: [touxl1916: Set [CountLeaveGame] for touxl1916 to 0]
[15:15:53] [Server thread/INFO]: [ysydZiYouRen: Showing new title for ysydZiYouRen]
[15:15:53] [Server thread/INFO]: [touxl1916: Showing new title for touxl1916]
[15:15:53] [Server thread/INFO]: [ysydZiYouRen: Showing new subtitle for ysydZiYouRen]
[15:15:53] [Server thread/INFO]: [touxl1916: Showing new subtitle for touxl1916]
[15:17:21] [Server thread/INFO]: touxl1916 lost connection: Disconnected
[15:17:21] [Server thread/INFO]: touxl1916 left the game
[15:18:24] [Server thread/INFO]: ysydZiYouRen lost connection: Disconnected
[15:18:24] [Server thread/INFO]: ysydZiYouRen left the game
[15:38:04] [User Authenticator #21/INFO]: UUID of player touxl1916 is dda5a998-ba1e-3605-af21-6aeffaf8c42e
[15:38:04] [Server thread/INFO]: touxl1916 joined the game
[15:38:04] [Server thread/INFO]: touxl1916[/127.0.0.1:36852] logged in with entity id 18591 at ([world]676.8474882203744, 66.04763030920985, 1162.7004223655754)
[15:38:04] [Server thread/INFO]: [touxl1916: Set [CountLeaveGame] for touxl1916 to 0]
[15:38:04] [Server thread/INFO]: [touxl1916: Showing new title for touxl1916]
[15:38:04] [Server thread/INFO]: [touxl1916: Showing new subtitle for touxl1916]
[15:38:09] [Server thread/INFO]: touxl1916 lost connection: Disconnected
[15:38:09] [Server thread/INFO]: touxl1916 left the game
[15:38:46] [User Authenticator #22/INFO]: UUID of player zyc is 6508a288-cfc5-39a7-b04c-e806846b5f53
[15:38:47] [Server thread/INFO]: zyc joined the game
[15:38:47] [Server thread/INFO]: zyc[/127.0.0.1:60742] logged in with entity id 18938 at ([world]703.0578269664954, 68.0, 1109.8881203143208)
[15:38:47] [Server thread/INFO]: [zyc: Set [CountLeaveGame] for zyc to 0]
[15:38:47] [Server thread/INFO]: [zyc: Showing new title for zyc]
[15:38:47] [Server thread/INFO]: [zyc: Showing new subtitle for zyc]
[15:39:20] [Server thread/INFO]: zyc lost connection: Timed out
[15:39:20] [Server thread/INFO]: zyc left the game
[15:40:26] [User Authenticator #23/INFO]: UUID of player zyc is 6508a288-cfc5-39a7-b04c-e806846b5f53
[15:40:26] [Server thread/INFO]: zyc joined the game
[15:40:26] [Server thread/INFO]: zyc[/127.0.0.1:60166] logged in with entity id 19337 at ([world]703.0578269664954, 68.0, 1109.8881203143208)
[15:40:26] [Server thread/INFO]: [zyc: Set [CountLeaveGame] for zyc to 0]
[15:40:26] [Server thread/INFO]: [zyc: Showing new title for zyc]
[15:40:26] [Server thread/INFO]: [zyc: Showing new subtitle for zyc]
[15:42:06] [Server thread/INFO]: zyc lost connection: Disconnected
[15:42:06] [Server thread/INFO]: zyc left the game
[15:59:52] [User Authenticator #24/INFO]: UUID of player touxl1916 is dda5a998-ba1e-3605-af21-6aeffaf8c42e
[15:59:52] [Server thread/INFO]: touxl1916 joined the game
[15:59:52] [Server thread/INFO]: touxl1916[/127.0.0.1:35364] logged in with entity id 19941 at ([world]676.8474882203744, 64.0, 1162.7004223655754)
[15:59:52] [Server thread/INFO]: [touxl1916: Set [CountLeaveGame] for touxl1916 to 0]
[15:59:52] [Server thread/INFO]: [touxl1916: Showing new title for touxl1916]
[15:59:52] [Server thread/INFO]: [touxl1916: Showing new subtitle for touxl1916]
[16:01:20] [Server thread/INFO]: touxl1916 fell from a high place
[16:01:38] [User Authenticator #25/INFO]: UUID of player ysydZiYouRen is cbb5bd76-2bc6-391d-9b29-857501acaa1d
[16:01:38] [Server thread/INFO]: ysydZiYouRen joined the game
[16:01:38] [Server thread/INFO]: ysydZiYouRen[/127.0.0.1:42364] logged in with entity id 20966 at ([world]676.3232561054183, 66.0, 1157.6422246386626)
[16:01:38] [Server thread/INFO]: [ysydZiYouRen: Set [CountLeaveGame] for ysydZiYouRen to 0]
[16:01:38] [Server thread/INFO]: [touxl1916: Showing new title for touxl1916]
[16:01:38] [Server thread/INFO]: [ysydZiYouRen: Showing new title for ysydZiYouRen]
[16:01:38] [Server thread/INFO]: [touxl1916: Showing new subtitle for touxl1916]
[16:01:38] [Server thread/INFO]: [ysydZiYouRen: Showing new subtitle for ysydZiYouRen]
[16:02:05] [Server thread/INFO]: touxl1916 lost connection: Disconnected
[16:02:05] [Server thread/INFO]: touxl1916 left the game
[16:02:07] [User Authenticator #26/INFO]: UUID of player touxl1916 is dda5a998-ba1e-3605-af21-6aeffaf8c42e
[16:02:08] [Server thread/INFO]: touxl1916 joined the game
[16:02:08] [Server thread/INFO]: touxl1916[/127.0.0.1:41656] logged in with entity id 21051 at ([world]678.9738581580191, 68.0, 1110.9917918245037)
[16:02:08] [Server thread/INFO]: [touxl1916: Set [CountLeaveGame] for touxl1916 to 0]
[16:02:08] [Server thread/INFO]: [ysydZiYouRen: Showing new title for ysydZiYouRen]
[16:02:08] [Server thread/INFO]: [touxl1916: Showing new title for touxl1916]
[16:02:08] [Server thread/INFO]: [ysydZiYouRen: Showing new subtitle for ysydZiYouRen]
[16:02:08] [Server thread/INFO]: [touxl1916: Showing new subtitle for touxl1916]
[16:02:53] [Async Chat Thread - #4/INFO]: [Not Secure] <touxl1916> 面包
[16:02:56] [Async Chat Thread - #3/INFO]: [Not Secure] <touxl1916> 你有吗
[16:03:01] [Async Chat Thread - #4/INFO]: [Not Secure] <ysydZiYouRen> 没有
[16:04:26] [Async Chat Thread - #6/INFO]: [Not Secure] <ysydZiYouRen> 卧槽怎么有苦力怕在我家
[16:04:30] [Async Chat Thread - #5/INFO]: [Not Secure] <touxl1916> sz
[16:04:59] [Async Chat Thread - #6/INFO]: [Not Secure] <ysydZiYouRen> 日你妈我绿宝石块没了
[16:06:55] [Server thread/INFO]: touxl1916 lost connection: Disconnected
[16:06:55] [Server thread/INFO]: touxl1916 left the game
[16:07:04] [User Authenticator #27/INFO]: UUID of player touxl1916 is dda5a998-ba1e-3605-af21-6aeffaf8c42e
[16:07:04] [Server thread/INFO]: touxl1916 joined the game
[16:07:04] [Server thread/INFO]: touxl1916[/127.0.0.1:43706] logged in with entity id 22167 at ([world]676.2399936687374, 71.0, 1076.4902051186637)
[16:07:04] [Server thread/INFO]: [touxl1916: Set [CountLeaveGame] for touxl1916 to 0]
[16:07:04] [Server thread/INFO]: [ysydZiYouRen: Showing new title for ysydZiYouRen]
[16:07:04] [Server thread/INFO]: [touxl1916: Showing new title for touxl1916]
[16:07:04] [Server thread/INFO]: [ysydZiYouRen: Showing new subtitle for ysydZiYouRen]
[16:07:04] [Server thread/INFO]: [touxl1916: Showing new subtitle for touxl1916]
[16:08:37] [User Authenticator #28/INFO]: UUID of player zyc is 6508a288-cfc5-39a7-b04c-e806846b5f53
[16:08:37] [Server thread/INFO]: zyc joined the game
[16:08:37] [Server thread/INFO]: zyc[/127.0.0.1:42412] logged in with entity id 22472 at ([world]671.0767975658514, 79.875, 1048.1405520264527)
[16:08:37] [Server thread/INFO]: [zyc: Set [CountLeaveGame] for zyc to 0]
[16:08:37] [Server thread/INFO]: [ysydZiYouRen: Showing new title for ysydZiYouRen]
[16:08:37] [Server thread/INFO]: [touxl1916: Showing new title for touxl1916]
[16:08:37] [Server thread/INFO]: [zyc: Showing new title for zyc]
[16:08:37] [Server thread/INFO]: [ysydZiYouRen: Showing new subtitle for ysydZiYouRen]
[16:08:37] [Server thread/INFO]: [touxl1916: Showing new subtitle for touxl1916]
[16:08:37] [Server thread/INFO]: [zyc: Showing new subtitle for zyc]
[16:09:43] [Server thread/INFO]: ysydZiYouRen lost connection: Disconnected
[16:09:43] [Server thread/INFO]: ysydZiYouRen left the game
[16:09:58] [Server thread/INFO]: touxl1916 lost connection: Disconnected
[16:09:58] [Server thread/INFO]: touxl1916 left the game
[16:13:42] [Server thread/INFO]: zyc has made the advancement [Sweet Dreams]
[16:18:55] [Server thread/INFO]: zyc was slain by Iron Golem
[16:19:34] [Server thread/INFO]: zyc has made the advancement [Take Aim]
[16:23:07] [Server thread/INFO]: zyc has made the advancement [Fishy Business]
[16:25:11] [Server thread/INFO]: zyc has made the advancement [Monster Hunter]
[16:27:51] [Server thread/INFO]: zyc was slain by Zombie
[16:28:04] [Server thread/INFO]: zyc lost connection: Disconnected
[16:28:05] [Server thread/INFO]: zyc left the game
[18:30:41] [User Authenticator #29/INFO]: UUID of player touxl1916 is dda5a998-ba1e-3605-af21-6aeffaf8c42e
[18:30:41] [Server thread/INFO]: touxl1916 joined the game
[18:30:41] [Server thread/INFO]: touxl1916[/127.0.0.1:55204] logged in with entity id 27347 at ([world]671.4082673498323, 79.0, 1050.6908181491415)
[18:30:41] [Server thread/INFO]: [touxl1916: Set [CountLeaveGame] for touxl1916 to 0]
[18:30:41] [Server thread/INFO]: [touxl1916: Showing new title for touxl1916]
[18:30:41] [Server thread/INFO]: [touxl1916: Showing new subtitle for touxl1916]
[18:30:55] [User Authenticator #30/INFO]: UUID of player ysydZiYouRen is cbb5bd76-2bc6-391d-9b29-857501acaa1d
[18:30:56] [Server thread/INFO]: ysydZiYouRen joined the game
[18:30:56] [Server thread/INFO]: ysydZiYouRen[/127.0.0.1:56202] logged in with entity id 27780 at ([world]714.2375000119209, 68.0, 1149.5370549963175)
[18:30:56] [Server thread/INFO]: [ysydZiYouRen: Set [CountLeaveGame] for ysydZiYouRen to 0]
[18:30:56] [Server thread/INFO]: [touxl1916: Showing new title for touxl1916]
[18:30:56] [Server thread/INFO]: [ysydZiYouRen: Showing new title for ysydZiYouRen]
[18:30:56] [Server thread/INFO]: [touxl1916: Showing new subtitle for touxl1916]
[18:30:56] [Server thread/INFO]: [ysydZiYouRen: Showing new subtitle for ysydZiYouRen]
[18:32:24] [Server thread/INFO]: ysydZiYouRen lost connection: Disconnected
[18:32:24] [Server thread/INFO]: ysydZiYouRen left the game
[18:33:09] [Server thread/INFO]: touxl1916 lost connection: Disconnected
[18:33:09] [Server thread/INFO]: touxl1916 left the game
