[18:33:43] [ServerMain/INFO]: Environment: Environment[sessionHost=https://sessionserver.mojang.com, servicesHost=https://api.minecraftservices.com, name=PROD]
[18:33:45] [ServerMain/INFO]: Loaded 7 recipes
[18:33:46] [Server thread/INFO]: Starting minecraft server version 1.20.4
[18:33:46] [Server thread/INFO]: Loading properties
[18:33:46] [Server thread/INFO]: This server is running CraftBukkit version 4074-Spigot-e9ec548-51bbab2 (MC: 1.20.4) (Implementing API version 1.20.4-R0.1-SNAPSHOT)
[18:33:47] [Server thread/INFO]: Server Ping Player Sample Count: 12
[18:33:47] [Server thread/INFO]: Using 4 threads for Netty based IO
[18:33:47] [Server thread/INFO]: Debug logging is disabled
[18:33:47] [Server thread/INFO]: Default game type: SURVIVAL
[18:33:47] [Server thread/INFO]: Generating keypair
[18:33:47] [Server thread/INFO]: Starting Minecraft server on *:25566
[18:33:47] [Server thread/INFO]: Using epoll channel type
[18:33:48] [Server thread/INFO]: [ViaVersion] Loading ViaVersion v5.2.1
[18:33:48] [Server thread/INFO]: [ViaVersion] ViaVersion 5.2.1 is now loaded. Registering protocol transformers and injecting...
[18:33:49] [Via-Mappingloader-0/INFO]: [ViaVersion] Loading block connection mappings ...
[18:33:49] [Via-Mappingloader-0/INFO]: [ViaVersion] Using FastUtil Long2ObjectOpenHashMap for block connections
[18:33:50] [Server thread/INFO]: [ViaBackwards] Loading translations...
[18:33:50] [Server thread/INFO]: [ViaBackwards] Registering protocols...
[18:33:50] [Server thread/INFO]: [ViaRewind] Registering protocols...
[18:33:51] [Server thread/INFO]: [floodgate] Loading floodgate v2.2.3-SNAPSHOT (b114-83fbd6e)
[18:33:52] [Server thread/ERROR]: [floodgate] Failed to find a database implementation
[18:33:52] [Server thread/INFO]: [floodgate] 启动 Floodgate，耗时1,159ms
[18:33:52] [Server thread/INFO]: [ViaBackwards] Loading ViaBackwards v5.2.1
[18:33:52] [Server thread/INFO]: [ViaRewind] Loading ViaRewind v4.0.5
[18:33:52] [Server thread/INFO]: [SkinsRestorer] Loading SkinsRestorer v15.5.1
[18:33:52] [Server thread/INFO]: [Geyser-Spigot] Loading Geyser-Spigot v2.6.0-SNAPSHOT
[18:33:53] [Server thread/INFO]: [Geyser-Spigot] 正在加载扩展...
[18:33:53] [Server thread/INFO]: [Geyser-Spigot] 已加载 0 个扩展
[18:33:53] [Server thread/INFO]: [ViaRewind] Enabling ViaRewind v4.0.5
[18:33:53] [Server thread/INFO]: [SkinsRestorer] Enabling SkinsRestorer v15.5.1
[18:33:54] [Server thread/WARN]: [33;1m[[32;22mSkinsRestorer[33;1m] [0;39m[33;1mYou must agree to the rules at 'commands.perSkinPermissionsConsent' in the config to use per skin permissions.[0;39m
[18:33:54] [Server thread/INFO]: [33;1m[[32;22mSkinsRestorer[33;1m] [0;39m[32;1mRunning on Minecraft [33;1m1.20.4[32;1m.[0;39m[m
[18:33:54] [Server thread/INFO]: [33;1m[[32;22mSkinsRestorer[33;1m] [0;39mFloodgate skin listener registered[0;39m[m
[18:33:55] [Server thread/WARN]: [33;1m[[32;22mSkinsRestorer[33;1m] [0;39m[33;1m[33;1mPlease update your Java runtime to at least Java 21 (your version is 17).[0;39m
[18:33:55] [Server thread/WARN]: [33;1m[[32;22mSkinsRestorer[33;1m] [0;39m[33;1m[33;1mAt some point in the future, SkinsRestorer will no longer be compatible with this version of Java.[0;39m
[18:33:55] [Server thread/WARN]: **** SERVER IS RUNNING IN OFFLINE/INSECURE MODE!
[18:33:55] [Server thread/WARN]: The server will make no attempt to authenticate usernames. Beware.
[18:33:55] [Server thread/WARN]: While this makes the game possible to play without internet access, it also opens up the ability for hackers to connect with any username they choose.
[18:33:55] [Server thread/WARN]: To change this, set "online-mode" to "true" in the server.properties file.
[18:33:55] [Server thread/INFO]: Preparing level "world"
[18:33:55] [Server thread/INFO]: -------- World Settings For [world] --------
[18:33:55] [Server thread/INFO]: Cactus Growth Modifier: 100%
[18:33:55] [Server thread/INFO]: Cane Growth Modifier: 100%
[18:33:55] [Server thread/INFO]: Melon Growth Modifier: 100%
[18:33:55] [Server thread/INFO]: Mushroom Growth Modifier: 100%
[18:33:55] [Server thread/INFO]: Pumpkin Growth Modifier: 100%
[18:33:55] [Server thread/INFO]: Sapling Growth Modifier: 100%
[18:33:55] [Server thread/INFO]: Beetroot Growth Modifier: 100%
[18:33:55] [Server thread/INFO]: Carrot Growth Modifier: 100%
[18:33:55] [Server thread/INFO]: Potato Growth Modifier: 100%
[18:33:55] [Server thread/INFO]: Wheat Growth Modifier: 100%
[18:33:55] [Server thread/INFO]: NetherWart Growth Modifier: 100%
[18:33:55] [Server thread/INFO]: Vine Growth Modifier: 100%
[18:33:55] [Server thread/INFO]: Cocoa Growth Modifier: 100%
[18:33:55] [Server thread/INFO]: Bamboo Growth Modifier: 100%
[18:33:55] [Server thread/INFO]: SweetBerry Growth Modifier: 100%
[18:33:55] [Server thread/INFO]: Kelp Growth Modifier: 100%
[18:33:55] [Server thread/INFO]: TwistingVines Growth Modifier: 100%
[18:33:55] [Server thread/INFO]: WeepingVines Growth Modifier: 100%
[18:33:55] [Server thread/INFO]: CaveVines Growth Modifier: 100%
[18:33:55] [Server thread/INFO]: Entity Activation Range: An 32 / Mo 32 / Ra 48 / Mi 16 / Tiv true / Isa false
[18:33:55] [Server thread/INFO]: Entity Tracking Range: Pl 48 / An 48 / Mo 48 / Mi 32 / Di 128 / Other 64
[18:33:55] [Server thread/INFO]: Hopper Transfer: 8 Hopper Check: 1 Hopper Amount: 1 Hopper Can Load Chunks: false
[18:33:55] [Server thread/INFO]: Experience Merge Radius: 3.0
[18:33:55] [Server thread/INFO]: Mob Spawn Range: 6
[18:33:55] [Server thread/INFO]: Custom Map Seeds:  Village: 10387312 Desert: 14357617 Igloo: 14357618 Jungle: 14357619 Swamp: 14357620 Monument: 10387313 Ocean: 14357621 Shipwreck: 165745295 End City: 10387313 Slime: 987234911 Nether: 30084232 Mansion: 10387319 Fossil: 14357921 Portal: 34222645
[18:33:55] [Server thread/INFO]: Max TNT Explosions: 100
[18:33:55] [Server thread/INFO]: Tile Max Tick Time: 50ms Entity max Tick Time: 50ms
[18:33:55] [Server thread/INFO]: Nerfing mobs spawned from spawners: false
[18:33:55] [Server thread/INFO]: View Distance: 10
[18:33:55] [Server thread/INFO]: Simulation Distance: 10
[18:33:55] [Server thread/INFO]: Item Despawn Rate: 6000
[18:33:55] [Server thread/INFO]: Item Merge Radius: 2.5
[18:33:55] [Server thread/INFO]: Allow Zombie Pigmen to spawn from portal blocks: true
[18:33:55] [Server thread/INFO]: Arrow Despawn Rate: 1200 Trident Respawn Rate:1200
[18:33:55] [Server thread/INFO]: Zombie Aggressive Towards Villager: true
[18:33:55] [Server thread/INFO]: -------- World Settings For [world_nether] --------
[18:33:55] [Server thread/INFO]: Cactus Growth Modifier: 100%
[18:33:55] [Server thread/INFO]: Cane Growth Modifier: 100%
[18:33:55] [Server thread/INFO]: Melon Growth Modifier: 100%
[18:33:55] [Server thread/INFO]: Mushroom Growth Modifier: 100%
[18:33:55] [Server thread/INFO]: Pumpkin Growth Modifier: 100%
[18:33:55] [Server thread/INFO]: Sapling Growth Modifier: 100%
[18:33:55] [Server thread/INFO]: Beetroot Growth Modifier: 100%
[18:33:55] [Server thread/INFO]: Carrot Growth Modifier: 100%
[18:33:55] [Server thread/INFO]: Potato Growth Modifier: 100%
[18:33:55] [Server thread/INFO]: Wheat Growth Modifier: 100%
[18:33:55] [Server thread/INFO]: NetherWart Growth Modifier: 100%
[18:33:55] [Server thread/INFO]: Vine Growth Modifier: 100%
[18:33:55] [Server thread/INFO]: Cocoa Growth Modifier: 100%
[18:33:55] [Server thread/INFO]: Bamboo Growth Modifier: 100%
[18:33:55] [Server thread/INFO]: SweetBerry Growth Modifier: 100%
[18:33:55] [Server thread/INFO]: Kelp Growth Modifier: 100%
[18:33:55] [Server thread/INFO]: TwistingVines Growth Modifier: 100%
[18:33:55] [Server thread/INFO]: WeepingVines Growth Modifier: 100%
[18:33:55] [Server thread/INFO]: CaveVines Growth Modifier: 100%
[18:33:55] [Server thread/INFO]: Entity Activation Range: An 32 / Mo 32 / Ra 48 / Mi 16 / Tiv true / Isa false
[18:33:55] [Server thread/INFO]: Entity Tracking Range: Pl 48 / An 48 / Mo 48 / Mi 32 / Di 128 / Other 64
[18:33:55] [Server thread/INFO]: Hopper Transfer: 8 Hopper Check: 1 Hopper Amount: 1 Hopper Can Load Chunks: false
[18:33:55] [Server thread/INFO]: Experience Merge Radius: 3.0
[18:33:55] [Server thread/INFO]: Mob Spawn Range: 6
[18:33:55] [Server thread/INFO]: Custom Map Seeds:  Village: 10387312 Desert: 14357617 Igloo: 14357618 Jungle: 14357619 Swamp: 14357620 Monument: 10387313 Ocean: 14357621 Shipwreck: 165745295 End City: 10387313 Slime: 987234911 Nether: 30084232 Mansion: 10387319 Fossil: 14357921 Portal: 34222645
[18:33:55] [Server thread/INFO]: Max TNT Explosions: 100
[18:33:55] [Server thread/INFO]: Tile Max Tick Time: 50ms Entity max Tick Time: 50ms
[18:33:55] [Server thread/INFO]: Nerfing mobs spawned from spawners: false
[18:33:55] [Server thread/INFO]: View Distance: 10
[18:33:55] [Server thread/INFO]: Simulation Distance: 10
[18:33:55] [Server thread/INFO]: Item Despawn Rate: 6000
[18:33:55] [Server thread/INFO]: Item Merge Radius: 2.5
[18:33:55] [Server thread/INFO]: Allow Zombie Pigmen to spawn from portal blocks: true
[18:33:55] [Server thread/INFO]: Arrow Despawn Rate: 1200 Trident Respawn Rate:1200
[18:33:55] [Server thread/INFO]: Zombie Aggressive Towards Villager: true
[18:34:02] [Server thread/INFO]: -------- World Settings For [world_the_end] --------
[18:34:02] [Server thread/INFO]: Cactus Growth Modifier: 100%
[18:34:02] [Server thread/INFO]: Cane Growth Modifier: 100%
[18:34:02] [Server thread/INFO]: Melon Growth Modifier: 100%
[18:34:02] [Server thread/INFO]: Mushroom Growth Modifier: 100%
[18:34:02] [Server thread/INFO]: Pumpkin Growth Modifier: 100%
[18:34:02] [Server thread/INFO]: Sapling Growth Modifier: 100%
[18:34:02] [Server thread/INFO]: Beetroot Growth Modifier: 100%
[18:34:02] [Server thread/INFO]: Carrot Growth Modifier: 100%
[18:34:02] [Server thread/INFO]: Potato Growth Modifier: 100%
[18:34:02] [Server thread/INFO]: Wheat Growth Modifier: 100%
[18:34:02] [Server thread/INFO]: NetherWart Growth Modifier: 100%
[18:34:02] [Server thread/INFO]: Vine Growth Modifier: 100%
[18:34:02] [Server thread/INFO]: Cocoa Growth Modifier: 100%
[18:34:02] [Server thread/INFO]: Bamboo Growth Modifier: 100%
[18:34:02] [Server thread/INFO]: SweetBerry Growth Modifier: 100%
[18:34:02] [Server thread/INFO]: Kelp Growth Modifier: 100%
[18:34:02] [Server thread/INFO]: TwistingVines Growth Modifier: 100%
[18:34:02] [Server thread/INFO]: WeepingVines Growth Modifier: 100%
[18:34:02] [Server thread/INFO]: CaveVines Growth Modifier: 100%
[18:34:02] [Server thread/INFO]: Entity Activation Range: An 32 / Mo 32 / Ra 48 / Mi 16 / Tiv true / Isa false
[18:34:02] [Server thread/INFO]: Entity Tracking Range: Pl 48 / An 48 / Mo 48 / Mi 32 / Di 128 / Other 64
[18:34:02] [Server thread/INFO]: Hopper Transfer: 8 Hopper Check: 1 Hopper Amount: 1 Hopper Can Load Chunks: false
[18:34:02] [Server thread/INFO]: Experience Merge Radius: 3.0
[18:34:02] [Server thread/INFO]: Mob Spawn Range: 6
[18:34:02] [Server thread/INFO]: Custom Map Seeds:  Village: 10387312 Desert: 14357617 Igloo: 14357618 Jungle: 14357619 Swamp: 14357620 Monument: 10387313 Ocean: 14357621 Shipwreck: 165745295 End City: 10387313 Slime: 987234911 Nether: 30084232 Mansion: 10387319 Fossil: 14357921 Portal: 34222645
[18:34:02] [Server thread/INFO]: Max TNT Explosions: 100
[18:34:02] [Server thread/INFO]: Tile Max Tick Time: 50ms Entity max Tick Time: 50ms
[18:34:02] [Server thread/INFO]: Nerfing mobs spawned from spawners: false
[18:34:02] [Server thread/INFO]: View Distance: 10
[18:34:02] [Server thread/INFO]: Simulation Distance: 10
[18:34:02] [Server thread/INFO]: Item Despawn Rate: 6000
[18:34:02] [Server thread/INFO]: Item Merge Radius: 2.5
[18:34:02] [Server thread/INFO]: Allow Zombie Pigmen to spawn from portal blocks: true
[18:34:02] [Server thread/INFO]: Arrow Despawn Rate: 1200 Trident Respawn Rate:1200
[18:34:02] [Server thread/INFO]: Zombie Aggressive Towards Villager: true
[18:34:02] [Server thread/INFO]: Preparing start region for dimension minecraft:overworld
[18:34:13] [Worker-Main-1/INFO]: Preparing spawn area: 0%
[18:34:13] [Worker-Main-1/INFO]: Preparing spawn area: 0%
[18:34:13] [Worker-Main-2/INFO]: Preparing spawn area: 0%
[18:34:13] [Worker-Main-1/INFO]: Preparing spawn area: 0%
[18:34:13] [Worker-Main-2/INFO]: Preparing spawn area: 0%
[18:34:13] [Worker-Main-1/INFO]: Preparing spawn area: 0%
[18:34:13] [Worker-Main-3/INFO]: Preparing spawn area: 0%
[18:34:13] [Worker-Main-3/INFO]: Preparing spawn area: 0%
[18:34:13] [Worker-Main-1/INFO]: Preparing spawn area: 0%
[18:34:13] [Worker-Main-1/INFO]: Preparing spawn area: 0%
[18:34:14] [Worker-Main-2/INFO]: Preparing spawn area: 0%
[18:34:14] [Worker-Main-3/INFO]: Preparing spawn area: 0%
[18:34:14] [Worker-Main-3/INFO]: Preparing spawn area: 0%
[18:34:14] [Worker-Main-1/INFO]: Preparing spawn area: 0%
[18:34:14] [Worker-Main-1/INFO]: Preparing spawn area: 0%
[18:34:14] [Worker-Main-3/INFO]: Preparing spawn area: 0%
[18:34:14] [Worker-Main-1/INFO]: Preparing spawn area: 0%
[18:34:14] [Worker-Main-2/INFO]: Preparing spawn area: 0%
[18:34:14] [Worker-Main-2/INFO]: Preparing spawn area: 0%
[18:34:14] [Worker-Main-2/INFO]: Preparing spawn area: 0%
[18:34:14] [Worker-Main-2/INFO]: Preparing spawn area: 0%
[18:34:14] [Worker-Main-1/INFO]: Preparing spawn area: 0%
[18:34:14] [Worker-Main-1/INFO]: Preparing spawn area: 0%
[18:34:14] [Worker-Main-1/INFO]: Preparing spawn area: 0%
[18:34:14] [Worker-Main-3/INFO]: Preparing spawn area: 0%
[18:34:14] [Worker-Main-1/INFO]: Preparing spawn area: 0%
[18:34:15] [Worker-Main-3/INFO]: Preparing spawn area: 0%
[18:34:15] [Worker-Main-1/INFO]: Preparing spawn area: 2%
[18:34:16] [Worker-Main-1/INFO]: Preparing spawn area: 9%
[18:34:16] [Worker-Main-1/INFO]: Preparing spawn area: 19%
[18:34:17] [Worker-Main-2/INFO]: Preparing spawn area: 26%
[18:34:17] [Worker-Main-1/INFO]: Preparing spawn area: 26%
[18:34:18] [Worker-Main-3/INFO]: Preparing spawn area: 26%
[18:34:18] [Worker-Main-2/INFO]: Preparing spawn area: 73%
[18:34:19] [Worker-Main-2/INFO]: Preparing spawn area: 83%
[18:34:19] [Worker-Main-1/INFO]: Preparing spawn area: 97%
[18:34:19] [Server thread/INFO]: Time elapsed: 17616 ms
[18:34:20] [Server thread/INFO]: Preparing start region for dimension minecraft:the_nether
[18:34:28] [Worker-Main-1/INFO]: Preparing spawn area: 0%
[18:34:28] [Worker-Main-2/INFO]: Preparing spawn area: 0%
[18:34:28] [Worker-Main-3/INFO]: Preparing spawn area: 0%
[18:34:28] [Worker-Main-3/INFO]: Preparing spawn area: 0%
[18:34:28] [Worker-Main-3/INFO]: Preparing spawn area: 0%
[18:34:28] [Worker-Main-3/INFO]: Preparing spawn area: 0%
[18:34:28] [Worker-Main-3/INFO]: Preparing spawn area: 0%
[18:34:28] [Worker-Main-3/INFO]: Preparing spawn area: 0%
[18:34:28] [Worker-Main-3/INFO]: Preparing spawn area: 0%
[18:34:28] [Worker-Main-1/INFO]: Preparing spawn area: 0%
[18:34:28] [Worker-Main-1/INFO]: Preparing spawn area: 0%
[18:34:28] [Worker-Main-1/INFO]: Preparing spawn area: 0%
[18:34:28] [Worker-Main-3/INFO]: Preparing spawn area: 0%
[18:34:28] [Worker-Main-2/INFO]: Preparing spawn area: 0%
[18:34:28] [Worker-Main-2/INFO]: Preparing spawn area: 0%
[18:34:28] [Worker-Main-2/INFO]: Preparing spawn area: 0%
[18:34:28] [Worker-Main-2/INFO]: Preparing spawn area: 0%
[18:34:28] [Worker-Main-1/INFO]: Preparing spawn area: 0%
[18:34:29] [Worker-Main-2/INFO]: Preparing spawn area: 17%
[18:34:29] [Worker-Main-2/INFO]: Preparing spawn area: 49%
[18:34:30] [Worker-Main-2/INFO]: Preparing spawn area: 81%
[18:34:30] [Worker-Main-2/INFO]: Preparing spawn area: 85%
[18:34:30] [Server thread/INFO]: Time elapsed: 10591 ms
[18:34:30] [Server thread/INFO]: Preparing start region for dimension minecraft:the_end
[18:34:35] [Worker-Main-3/INFO]: Preparing spawn area: 0%
[18:34:35] [Worker-Main-2/INFO]: Preparing spawn area: 0%
[18:34:35] [Worker-Main-2/INFO]: Preparing spawn area: 0%
[18:34:35] [Worker-Main-1/INFO]: Preparing spawn area: 0%
[18:34:35] [Worker-Main-1/INFO]: Preparing spawn area: 0%
[18:34:35] [Worker-Main-1/INFO]: Preparing spawn area: 0%
[18:34:35] [Worker-Main-1/INFO]: Preparing spawn area: 0%
[18:34:35] [Worker-Main-3/INFO]: Preparing spawn area: 0%
[18:34:35] [Worker-Main-1/INFO]: Preparing spawn area: 0%
[18:34:35] [Worker-Main-3/INFO]: Preparing spawn area: 0%
[18:34:35] [Worker-Main-3/INFO]: Preparing spawn area: 21%
[18:34:36] [Worker-Main-3/INFO]: Preparing spawn area: 67%
[18:34:36] [Server thread/INFO]: Time elapsed: 5762 ms
[18:34:36] [Server thread/INFO]: [ViaVersion] Enabling ViaVersion v5.2.1
[18:34:36] [Server thread/INFO]: [ViaVersion] ViaVersion detected server version: 1.20.3-1.20.4 (765)
[18:34:36] [Server thread/WARN]: [ViaVersion] Please update your Java runtime to at least Java 21 (your version is 17.0.13).
[18:34:36] [Server thread/WARN]: [ViaVersion] At some point in the future, ViaVersion will no longer be compatible with this version of Java.
[18:34:36] [Server thread/INFO]: [floodgate] Enabling floodgate v2.2.3-SNAPSHOT (b114-83fbd6e)
[18:34:37] [Server thread/INFO]: [ViaBackwards] Enabling ViaBackwards v5.2.1
[18:34:37] [Server thread/INFO]: [Geyser-Spigot] Enabling Geyser-Spigot v2.6.0-SNAPSHOT
[18:34:37] [Server thread/INFO]: Server permissions file permissions.yml is empty, ignoring it
[18:34:38] [Server thread/INFO]: [Geyser-Spigot] ******************************************
[18:34:38] [Server thread/INFO]: [Geyser-Spigot] 
[18:34:38] [Server thread/INFO]: [Geyser-Spigot] 正在加载 Geyser 版本 2.6.0-b751 (git-master-5836dab)
[18:34:38] [Server thread/INFO]: [Geyser-Spigot] 
[18:34:38] [Server thread/INFO]: [Geyser-Spigot] ******************************************
[18:34:42] [pool-10-thread-1/WARN]: [floodgate] 
**********************************
* You specified an empty prefix in your Floodgate config for Bedrock players!
* Should a Java player join and a Bedrock player join with the same username, unwanted results and conflicts will happen!
* We strongly recommend using . as the prefix, but other alternatives that will not conflict include: +, - and *
**********************************
[18:34:47] [epollEventLoopGroup-3-2/INFO]: [Geyser-Spigot] 已在 UDP 端口 19132 上启动 Geyser
[18:34:47] [Server thread/INFO]: [Geyser-Spigot] 完成 (9.893秒)！ 运行 /geyser help 以获取帮助！
[18:34:48] [Server thread/INFO]: Done (52.907s)! For help, type "help"
[18:34:48] [Craft Scheduler Thread - 3/INFO]: [ViaVersion] Finished mapping loading, shutting down loader executor.
[18:34:48] [User Authenticator #2/INFO]: UUID of player zyh is 70c3770d-e239-3357-88d6-96e7a3c0cbb7
[18:34:48] [User Authenticator #1/INFO]: UUID of player zyh is 70c3770d-e239-3357-88d6-96e7a3c0cbb7
[18:34:48] [Craft Scheduler Thread - 0/INFO]: [33;1m[[32;22mSkinsRestorer[33;1m] [0;39m[32;1m----------------------------------------------[0;39m[m
[18:34:48] [Craft Scheduler Thread - 0/INFO]: [33;1m[[32;22mSkinsRestorer[33;1m] [0;39m[32;1m    +==================+[0;39m[m
[18:34:48] [Craft Scheduler Thread - 0/INFO]: [33;1m[[32;22mSkinsRestorer[33;1m] [0;39m[32;1m    |   SkinsRestorer  |[0;39m[m
[18:34:48] [Craft Scheduler Thread - 0/INFO]: [33;1m[[32;22mSkinsRestorer[33;1m] [0;39m[32;1m    |------------------|[0;39m[m
[18:34:48] [Craft Scheduler Thread - 0/INFO]: [33;1m[[32;22mSkinsRestorer[33;1m] [0;39m[32;1m    |  [34;1m[4m[21mStandalone Mode[0;39m[32;1m |[0;39m[m
[18:34:48] [Craft Scheduler Thread - 0/INFO]: [33;1m[[32;22mSkinsRestorer[33;1m] [0;39m[32;1m    +==================+[0;39m[m
[18:34:48] [Craft Scheduler Thread - 0/INFO]: [33;1m[[32;22mSkinsRestorer[33;1m] [0;39m[32;1m----------------------------------------------[0;39m[m
[18:34:48] [Craft Scheduler Thread - 0/INFO]: [33;1m[[32;22mSkinsRestorer[33;1m] [0;39m[36;1m    Version: [32;1m15.5.1[0;39m[m
[18:34:48] [Craft Scheduler Thread - 0/INFO]: [33;1m[[32;22mSkinsRestorer[33;1m] [0;39m[36;1m    Commit: [32;1md5d8613[0;39m[m
[18:34:48] [Craft Scheduler Thread - 0/INFO]: [33;1m[[32;22mSkinsRestorer[33;1m] [0;39m[32;1m    This is the latest version![0;39m[m
[18:34:48] [Craft Scheduler Thread - 0/INFO]: [33;1m[[32;22mSkinsRestorer[33;1m] [0;39m[32;1m----------------------------------------------[0;39m[m
[18:34:48] [Craft Scheduler Thread - 0/INFO]: [33;1m[[32;22mSkinsRestorer[33;1m] [0;39m[34;1mDo you have issues? Read our troubleshooting guide: [33;1mhttps://skinsrestorer.net/docs/troubleshooting[0;39m[m
[18:34:48] [Craft Scheduler Thread - 0/INFO]: [33;1m[[32;22mSkinsRestorer[33;1m] [0;39m[34;1mWant to support SkinsRestorer? Consider donating: [33;1mhttps://skinsrestorer.net/donate[0;39m[m
[18:34:48] [Server thread/INFO]: zyh (/127.0.0.1:43886) lost connection: Disconnected
[18:34:49] [Server thread/INFO]: zyh joined the game
[18:34:49] [Server thread/INFO]: zyh[/127.0.0.1:56664] logged in with entity id 108 at ([world]53.5, 66.0, 35.5)
[18:34:52] [Server thread/WARN]: Can't keep up! Is the server overloaded? Running 2510ms or 50 ticks behind
[18:35:03] [User Authenticator #3/INFO]: UUID of player touxl1916 is dda5a998-ba1e-3605-af21-6aeffaf8c42e
[18:35:04] [Server thread/INFO]: touxl1916 joined the game
[18:35:04] [Server thread/INFO]: touxl1916[/127.0.0.1:39146] logged in with entity id 257 at ([world]35.77810372983843, 72.0, 48.89821202912822)
[18:35:09] [Server thread/INFO]: touxl1916 issued server command: /linkaccount
[18:35:17] [Async Chat Thread - #0/INFO]: [Not Secure] <touxl1916> 你怎么在这
[18:35:29] [Server thread/INFO]: touxl1916 issued server command: /linkaccount touxl1916 1145
[18:35:35] [Server thread/INFO]: touxl1916 issued server command: /linkaccount touxl1916
[18:36:23] [Server thread/INFO]: touxl1916 lost connection: Disconnected
[18:36:23] [Server thread/INFO]: touxl1916 left the game
[18:36:54] [Server thread/INFO]: zyh lost connection: Disconnected
[18:36:54] [Server thread/INFO]: zyh left the game
[18:39:21] [User Authenticator #4/INFO]: UUID of player ysydZiYouRen is cbb5bd76-2bc6-391d-9b29-857501acaa1d
[18:39:21] [Server thread/INFO]: ysydZiYouRen joined the game
[18:39:21] [Server thread/INFO]: ysydZiYouRen[/127.0.0.1:47708] logged in with entity id 751 at ([world]703.6385119137012, 70.76636799395752, 1122.130833245347)
[18:40:31] [User Authenticator #5/INFO]: UUID of player zyh is 70c3770d-e239-3357-88d6-96e7a3c0cbb7
[18:40:32] [Server thread/INFO]: zyh joined the game
[18:40:32] [Server thread/INFO]: zyh[/127.0.0.1:42896] logged in with entity id 1016 at ([world]-53.749455395826836, 75.0, 87.50232020228938)
[18:40:38] [Server thread/INFO]: zyh lost connection: Disconnected
[18:40:38] [Server thread/INFO]: zyh left the game
[18:41:54] [Server thread/INFO]: Stopping the server
[18:41:54] [Server thread/INFO]: Stopping server
[18:41:54] [Server thread/INFO]: [Geyser-Spigot] Disabling Geyser-Spigot v2.6.0-SNAPSHOT
[18:41:54] [Server thread/INFO]: [Geyser-Spigot] 正在关闭 Geyser。
[18:41:54] [Server thread/INFO]: [Geyser-Spigot] Geyser 关闭成功。
[18:41:54] [Server thread/INFO]: [SkinsRestorer] Disabling SkinsRestorer v15.5.1
[18:41:54] [Server thread/INFO]: [ViaRewind] Disabling ViaRewind v4.0.5
[18:41:54] [Server thread/INFO]: [ViaBackwards] Disabling ViaBackwards v5.2.1
[18:41:54] [Server thread/INFO]: [floodgate] Disabling floodgate v2.2.3-SNAPSHOT (b114-83fbd6e)
[18:41:54] [Server thread/INFO]: [ViaVersion] Disabling ViaVersion v5.2.1
[18:41:54] [Server thread/INFO]: [ViaVersion] ViaVersion is disabling. If this is a reload and you experience issues, please reboot instead.
[18:41:54] [Server thread/INFO]: [ViaVersion] Empty pipeline, nothing to uninject
[18:41:54] [Server thread/INFO]: [ViaVersion] ViaVersion has been disabled; uninjected the platform and shut down the scheduler.
[18:41:54] [Server thread/INFO]: Saving players
[18:41:54] [Server thread/INFO]: ysydZiYouRen lost connection: Server closed
[18:41:54] [Server thread/INFO]: ysydZiYouRen left the game.
[18:41:54] [Server thread/INFO]: Saving worlds
[18:41:55] [WebSocketConnectReadThread-74/INFO]: [Geyser-Spigot] The skin uploader has been closed
[18:41:57] [Server thread/INFO]: Saving chunks for level 'ServerLevel[world]'/minecraft:overworld
[18:42:00] [Server thread/INFO]: Saving chunks for level 'ServerLevel[world_nether]'/minecraft:the_nether
[18:42:00] [Server thread/INFO]: Saving chunks for level 'ServerLevel[world_the_end]'/minecraft:the_end
[18:42:00] [Server thread/INFO]: ThreadedAnvilChunkStorage (world): All chunks are saved
[18:42:00] [Server thread/INFO]: ThreadedAnvilChunkStorage (DIM-1): All chunks are saved
[18:42:00] [Server thread/INFO]: ThreadedAnvilChunkStorage (DIM1): All chunks are saved
[18:42:00] [Server thread/INFO]: ThreadedAnvilChunkStorage: All dimensions are saved
