[23:59:54] [ServerMain/INFO]: Environment: Environment[sessionHost=https://sessionserver.mojang.com, servicesHost=https://api.minecraftservices.com, name=PROD]
[23:59:56] [ServerMain/INFO]: Loaded 7 recipes
[23:59:57] [Server thread/INFO]: Starting minecraft server version 1.20.4
[23:59:57] [Server thread/INFO]: Loading properties
[23:59:57] [Server thread/INFO]: This server is running CraftBukkit version 4074-Spigot-e9ec548-51bbab2 (MC: 1.20.4) (Implementing API version 1.20.4-R0.1-SNAPSHOT)
[23:59:58] [Server thread/INFO]: Server Ping Player Sample Count: 12
[23:59:58] [Server thread/INFO]: Using 4 threads for Netty based IO
[23:59:58] [Server thread/INFO]: Debug logging is disabled
[23:59:58] [Server thread/INFO]: Default game type: SURVIVAL
[23:59:58] [Server thread/INFO]: Generating keypair
[23:59:58] [Server thread/INFO]: Starting Minecraft server on *:25566
[23:59:58] [Server thread/INFO]: Using epoll channel type
[23:59:58] [Server thread/WARN]: **** SERVER IS RUNNING IN OFFLINE/INSECURE MODE!
[23:59:58] [Server thread/WARN]: The server will make no attempt to authenticate usernames. Beware.
[23:59:58] [Server thread/WARN]: While this makes the game possible to play without internet access, it also opens up the ability for hackers to connect with any username they choose.
[23:59:58] [Server thread/WARN]: To change this, set "online-mode" to "true" in the server.properties file.
[23:59:58] [Server thread/INFO]: Preparing level "world"
[23:59:58] [Server thread/INFO]: -------- World Settings For [world] --------
[23:59:58] [Server thread/INFO]: Entity Activation Range: An 32 / Mo 32 / Ra 48 / Mi 16 / Tiv true / Isa false
[23:59:58] [Server thread/INFO]: Entity Tracking Range: Pl 48 / An 48 / Mo 48 / Mi 32 / Di 128 / Other 64
[23:59:58] [Server thread/INFO]: Hopper Transfer: 8 Hopper Check: 1 Hopper Amount: 1 Hopper Can Load Chunks: false
[23:59:58] [Server thread/INFO]: Custom Map Seeds:  Village: 10387312 Desert: 14357617 Igloo: 14357618 Jungle: 14357619 Swamp: 14357620 Monument: 10387313 Ocean: 14357621 Shipwreck: 165745295 End City: 10387313 Slime: 987234911 Nether: 30084232 Mansion: 10387319 Fossil: 14357921 Portal: 34222645
[23:59:58] [Server thread/INFO]: Experience Merge Radius: 3.0
[23:59:58] [Server thread/INFO]: Mob Spawn Range: 6
[23:59:58] [Server thread/INFO]: Cactus Growth Modifier: 100%
[23:59:58] [Server thread/INFO]: Cane Growth Modifier: 100%
[23:59:58] [Server thread/INFO]: Melon Growth Modifier: 100%
[23:59:58] [Server thread/INFO]: Mushroom Growth Modifier: 100%
[23:59:58] [Server thread/INFO]: Pumpkin Growth Modifier: 100%
[23:59:58] [Server thread/INFO]: Sapling Growth Modifier: 100%
[23:59:58] [Server thread/INFO]: Beetroot Growth Modifier: 100%
[23:59:58] [Server thread/INFO]: Carrot Growth Modifier: 100%
[23:59:58] [Server thread/INFO]: Potato Growth Modifier: 100%
[23:59:58] [Server thread/INFO]: Wheat Growth Modifier: 100%
[23:59:58] [Server thread/INFO]: NetherWart Growth Modifier: 100%
[23:59:58] [Server thread/INFO]: Vine Growth Modifier: 100%
[23:59:58] [Server thread/INFO]: Cocoa Growth Modifier: 100%
[23:59:58] [Server thread/INFO]: Bamboo Growth Modifier: 100%
[23:59:58] [Server thread/INFO]: SweetBerry Growth Modifier: 100%
[23:59:58] [Server thread/INFO]: Kelp Growth Modifier: 100%
[23:59:58] [Server thread/INFO]: TwistingVines Growth Modifier: 100%
[23:59:58] [Server thread/INFO]: WeepingVines Growth Modifier: 100%
[23:59:58] [Server thread/INFO]: CaveVines Growth Modifier: 100%
[23:59:58] [Server thread/INFO]: Max TNT Explosions: 100
[23:59:58] [Server thread/INFO]: Tile Max Tick Time: 50ms Entity max Tick Time: 50ms
[23:59:58] [Server thread/INFO]: View Distance: 10
[23:59:58] [Server thread/INFO]: Simulation Distance: 10
[23:59:58] [Server thread/INFO]: Item Despawn Rate: 6000
[23:59:58] [Server thread/INFO]: Item Merge Radius: 2.5
[23:59:58] [Server thread/INFO]: Allow Zombie Pigmen to spawn from portal blocks: true
[23:59:58] [Server thread/INFO]: Arrow Despawn Rate: 1200 Trident Respawn Rate:1200
[23:59:58] [Server thread/INFO]: Zombie Aggressive Towards Villager: true
[23:59:58] [Server thread/INFO]: Nerfing mobs spawned from spawners: false
[23:59:59] [Server thread/INFO]: -------- World Settings For [world_nether] --------
[23:59:59] [Server thread/INFO]: Entity Activation Range: An 32 / Mo 32 / Ra 48 / Mi 16 / Tiv true / Isa false
[23:59:59] [Server thread/INFO]: Entity Tracking Range: Pl 48 / An 48 / Mo 48 / Mi 32 / Di 128 / Other 64
[23:59:59] [Server thread/INFO]: Hopper Transfer: 8 Hopper Check: 1 Hopper Amount: 1 Hopper Can Load Chunks: false
[23:59:59] [Server thread/INFO]: Custom Map Seeds:  Village: 10387312 Desert: 14357617 Igloo: 14357618 Jungle: 14357619 Swamp: 14357620 Monument: 10387313 Ocean: 14357621 Shipwreck: 165745295 End City: 10387313 Slime: 987234911 Nether: 30084232 Mansion: 10387319 Fossil: 14357921 Portal: 34222645
[23:59:59] [Server thread/INFO]: Experience Merge Radius: 3.0
[23:59:59] [Server thread/INFO]: Mob Spawn Range: 6
[23:59:59] [Server thread/INFO]: Cactus Growth Modifier: 100%
[23:59:59] [Server thread/INFO]: Cane Growth Modifier: 100%
[23:59:59] [Server thread/INFO]: Melon Growth Modifier: 100%
[23:59:59] [Server thread/INFO]: Mushroom Growth Modifier: 100%
[23:59:59] [Server thread/INFO]: Pumpkin Growth Modifier: 100%
[23:59:59] [Server thread/INFO]: Sapling Growth Modifier: 100%
[23:59:59] [Server thread/INFO]: Beetroot Growth Modifier: 100%
[23:59:59] [Server thread/INFO]: Carrot Growth Modifier: 100%
[23:59:59] [Server thread/INFO]: Potato Growth Modifier: 100%
[23:59:59] [Server thread/INFO]: Wheat Growth Modifier: 100%
[23:59:59] [Server thread/INFO]: NetherWart Growth Modifier: 100%
[23:59:59] [Server thread/INFO]: Vine Growth Modifier: 100%
[23:59:59] [Server thread/INFO]: Cocoa Growth Modifier: 100%
[23:59:59] [Server thread/INFO]: Bamboo Growth Modifier: 100%
[23:59:59] [Server thread/INFO]: SweetBerry Growth Modifier: 100%
[23:59:59] [Server thread/INFO]: Kelp Growth Modifier: 100%
[23:59:59] [Server thread/INFO]: TwistingVines Growth Modifier: 100%
[23:59:59] [Server thread/INFO]: WeepingVines Growth Modifier: 100%
[23:59:59] [Server thread/INFO]: CaveVines Growth Modifier: 100%
[23:59:59] [Server thread/INFO]: Max TNT Explosions: 100
[23:59:59] [Server thread/INFO]: Tile Max Tick Time: 50ms Entity max Tick Time: 50ms
[23:59:59] [Server thread/INFO]: View Distance: 10
[23:59:59] [Server thread/INFO]: Simulation Distance: 10
[23:59:59] [Server thread/INFO]: Item Despawn Rate: 6000
[23:59:59] [Server thread/INFO]: Item Merge Radius: 2.5
[23:59:59] [Server thread/INFO]: Allow Zombie Pigmen to spawn from portal blocks: true
[23:59:59] [Server thread/INFO]: Arrow Despawn Rate: 1200 Trident Respawn Rate:1200
[23:59:59] [Server thread/INFO]: Zombie Aggressive Towards Villager: true
[23:59:59] [Server thread/INFO]: Nerfing mobs spawned from spawners: false
