[00:00:31] [ServerMain/INFO]: Environment: Environment[sessionHost=https://sessionserver.mojang.com, servicesHost=https://api.minecraftservices.com, name=PROD]
[00:00:34] [ServerMain/INFO]: Loaded 7 recipes
[00:00:35] [Server thread/INFO]: Starting minecraft server version 1.20.4
[00:00:35] [Server thread/INFO]: Loading properties
[00:00:35] [Server thread/INFO]: This server is running CraftBukkit version 4074-Spigot-e9ec548-51bbab2 (MC: 1.20.4) (Implementing API version 1.20.4-R0.1-SNAPSHOT)
[00:00:35] [Server thread/INFO]: Server Ping Player Sample Count: 12
[00:00:35] [Server thread/INFO]: Using 4 threads for Netty based IO
[00:00:35] [Server thread/INFO]: Debug logging is disabled
[00:00:35] [Server thread/INFO]: Default game type: SURVIVAL
[00:00:35] [Server thread/INFO]: Generating keypair
[00:00:35] [Server thread/INFO]: Starting Minecraft server on *:25566
[00:00:35] [Server thread/INFO]: Using epoll channel type
[00:00:36] [Server thread/INFO]: [CoreProtect] Loading CoreProtect v22.4
[00:00:36] [Server thread/INFO]: [ViaVersion] Loading ViaVersion v5.2.1
[00:00:36] [Server thread/INFO]: [ViaVersion] ViaVersion 5.2.1 is now loaded. Registering protocol transformers and injecting...
[00:00:37] [Via-Mappingloader-0/INFO]: [ViaVersion] Loading block connection mappings ...
[00:00:37] [Via-Mappingloader-0/INFO]: [ViaVersion] Using FastUtil Long2ObjectOpenHashMap for block connections
[00:00:37] [Server thread/INFO]: [ViaBackwards] Loading translations...
[00:00:37] [Server thread/INFO]: [ViaBackwards] Registering protocols...
[00:00:38] [Server thread/INFO]: [ViaRewind] Registering protocols...
[00:00:38] [Server thread/INFO]: [MeowPlugin] Loading MeowPlugin v0.1
[00:00:38] [Server thread/INFO]: [TabTPS] Loading TabTPS v1.3.22
[00:00:38] [Server thread/INFO]: [ViaBackwards] Loading ViaBackwards v5.2.1
[00:00:38] [Server thread/INFO]: [ViaRewind] Loading ViaRewind v4.0.5
[00:00:38] [Server thread/INFO]: [SkinsRestorer] Loading SkinsRestorer v15.5.2
[00:00:38] [Server thread/INFO]: [ViaRewind] Enabling ViaRewind v4.0.5
[00:00:38] [Server thread/INFO]: [SkinsRestorer] Enabling SkinsRestorer v15.5.2
[00:00:39] [Server thread/WARN]: [33;1m[[32;22mSkinsRestorer[33;1m] [0;39m[33;1mYou must agree to the rules at 'commands.perSkinPermissionsConsent' in the config to use per skin permissions.[0;39m
[00:00:39] [Server thread/INFO]: [33;1m[[32;22mSkinsRestorer[33;1m] [0;39m[32;1mRunning on Minecraft [33;1m1.20.4[32;1m.[0;39m[m
[00:00:40] [Server thread/WARN]: [33;1m[[32;22mSkinsRestorer[33;1m] [0;39m[33;1m[33;1mPlease update your Java runtime to at least Java 21 (your version is 17).[0;39m
[00:00:40] [Server thread/WARN]: [33;1m[[32;22mSkinsRestorer[33;1m] [0;39m[33;1m[33;1mAt some point in the future, SkinsRestorer will no longer be compatible with this version of Java.[0;39m
[00:00:40] [Server thread/WARN]: **** SERVER IS RUNNING IN OFFLINE/INSECURE MODE!
[00:00:40] [Server thread/WARN]: The server will make no attempt to authenticate usernames. Beware.
[00:00:40] [Server thread/WARN]: While this makes the game possible to play without internet access, it also opens up the ability for hackers to connect with any username they choose.
[00:00:40] [Server thread/WARN]: To change this, set "online-mode" to "true" in the server.properties file.
[00:00:40] [Server thread/INFO]: Preparing level "world"
[00:00:40] [Server thread/INFO]: -------- World Settings For [world] --------
[00:00:40] [Server thread/INFO]: Experience Merge Radius: 3.0
[00:00:40] [Server thread/INFO]: Mob Spawn Range: 6
[00:00:40] [Server thread/INFO]: Custom Map Seeds:  Village: 10387312 Desert: 14357617 Igloo: 14357618 Jungle: 14357619 Swamp: 14357620 Monument: 10387313 Ocean: 14357621 Shipwreck: 165745295 End City: 10387313 Slime: 987234911 Nether: 30084232 Mansion: 10387319 Fossil: 14357921 Portal: 34222645
[00:00:40] [Server thread/INFO]: Max TNT Explosions: 100
[00:00:40] [Server thread/INFO]: Tile Max Tick Time: 50ms Entity max Tick Time: 50ms
[00:00:40] [Server thread/INFO]: Cactus Growth Modifier: 100%
[00:00:40] [Server thread/INFO]: Cane Growth Modifier: 100%
[00:00:40] [Server thread/INFO]: Melon Growth Modifier: 100%
[00:00:40] [Server thread/INFO]: Mushroom Growth Modifier: 100%
[00:00:40] [Server thread/INFO]: Pumpkin Growth Modifier: 100%
[00:00:40] [Server thread/INFO]: Sapling Growth Modifier: 100%
[00:00:40] [Server thread/INFO]: Beetroot Growth Modifier: 100%
[00:00:40] [Server thread/INFO]: Carrot Growth Modifier: 100%
[00:00:40] [Server thread/INFO]: Potato Growth Modifier: 100%
[00:00:40] [Server thread/INFO]: Wheat Growth Modifier: 100%
[00:00:40] [Server thread/INFO]: NetherWart Growth Modifier: 100%
[00:00:40] [Server thread/INFO]: Vine Growth Modifier: 100%
[00:00:40] [Server thread/INFO]: Cocoa Growth Modifier: 100%
[00:00:40] [Server thread/INFO]: Bamboo Growth Modifier: 100%
[00:00:40] [Server thread/INFO]: SweetBerry Growth Modifier: 100%
[00:00:40] [Server thread/INFO]: Kelp Growth Modifier: 100%
[00:00:40] [Server thread/INFO]: TwistingVines Growth Modifier: 100%
[00:00:40] [Server thread/INFO]: WeepingVines Growth Modifier: 100%
[00:00:40] [Server thread/INFO]: CaveVines Growth Modifier: 100%
[00:00:40] [Server thread/INFO]: Entity Activation Range: An 32 / Mo 32 / Ra 48 / Mi 16 / Tiv true / Isa false
[00:00:40] [Server thread/INFO]: Entity Tracking Range: Pl 48 / An 48 / Mo 48 / Mi 32 / Di 128 / Other 64
[00:00:40] [Server thread/INFO]: Hopper Transfer: 8 Hopper Check: 1 Hopper Amount: 1 Hopper Can Load Chunks: false
[00:00:40] [Server thread/INFO]: Zombie Aggressive Towards Villager: true
[00:00:40] [Server thread/INFO]: Nerfing mobs spawned from spawners: false
[00:00:40] [Server thread/INFO]: View Distance: 10
[00:00:40] [Server thread/INFO]: Simulation Distance: 10
[00:00:40] [Server thread/INFO]: Item Despawn Rate: 6000
[00:00:40] [Server thread/INFO]: Item Merge Radius: 2.5
[00:00:40] [Server thread/INFO]: Allow Zombie Pigmen to spawn from portal blocks: true
[00:00:40] [Server thread/INFO]: Arrow Despawn Rate: 1200 Trident Respawn Rate:1200
[00:00:40] [Server thread/INFO]: -------- World Settings For [world_nether] --------
[00:00:40] [Server thread/INFO]: Experience Merge Radius: 3.0
[00:00:40] [Server thread/INFO]: Mob Spawn Range: 6
[00:00:40] [Server thread/INFO]: Custom Map Seeds:  Village: 10387312 Desert: 14357617 Igloo: 14357618 Jungle: 14357619 Swamp: 14357620 Monument: 10387313 Ocean: 14357621 Shipwreck: 165745295 End City: 10387313 Slime: 987234911 Nether: 30084232 Mansion: 10387319 Fossil: 14357921 Portal: 34222645
[00:00:40] [Server thread/INFO]: Max TNT Explosions: 100
[00:00:40] [Server thread/INFO]: Tile Max Tick Time: 50ms Entity max Tick Time: 50ms
[00:00:40] [Server thread/INFO]: Cactus Growth Modifier: 100%
[00:00:40] [Server thread/INFO]: Cane Growth Modifier: 100%
[00:00:40] [Server thread/INFO]: Melon Growth Modifier: 100%
[00:00:40] [Server thread/INFO]: Mushroom Growth Modifier: 100%
[00:00:40] [Server thread/INFO]: Pumpkin Growth Modifier: 100%
[00:00:40] [Server thread/INFO]: Sapling Growth Modifier: 100%
[00:00:40] [Server thread/INFO]: Beetroot Growth Modifier: 100%
[00:00:40] [Server thread/INFO]: Carrot Growth Modifier: 100%
[00:00:40] [Server thread/INFO]: Potato Growth Modifier: 100%
[00:00:40] [Server thread/INFO]: Wheat Growth Modifier: 100%
[00:00:40] [Server thread/INFO]: NetherWart Growth Modifier: 100%
[00:00:40] [Server thread/INFO]: Vine Growth Modifier: 100%
[00:00:40] [Server thread/INFO]: Cocoa Growth Modifier: 100%
[00:00:40] [Server thread/INFO]: Bamboo Growth Modifier: 100%
[00:00:40] [Server thread/INFO]: SweetBerry Growth Modifier: 100%
[00:00:40] [Server thread/INFO]: Kelp Growth Modifier: 100%
[00:00:40] [Server thread/INFO]: TwistingVines Growth Modifier: 100%
[00:00:40] [Server thread/INFO]: WeepingVines Growth Modifier: 100%
[00:00:40] [Server thread/INFO]: CaveVines Growth Modifier: 100%
[00:00:40] [Server thread/INFO]: Entity Activation Range: An 32 / Mo 32 / Ra 48 / Mi 16 / Tiv true / Isa false
[00:00:40] [Server thread/INFO]: Entity Tracking Range: Pl 48 / An 48 / Mo 48 / Mi 32 / Di 128 / Other 64
[00:00:40] [Server thread/INFO]: Hopper Transfer: 8 Hopper Check: 1 Hopper Amount: 1 Hopper Can Load Chunks: false
[00:00:40] [Server thread/INFO]: Zombie Aggressive Towards Villager: true
[00:00:40] [Server thread/INFO]: Nerfing mobs spawned from spawners: false
[00:00:40] [Server thread/INFO]: View Distance: 10
[00:00:40] [Server thread/INFO]: Simulation Distance: 10
[00:00:40] [Server thread/INFO]: Item Despawn Rate: 6000
[00:00:40] [Server thread/INFO]: Item Merge Radius: 2.5
[00:00:40] [Server thread/INFO]: Allow Zombie Pigmen to spawn from portal blocks: true
[00:00:40] [Server thread/INFO]: Arrow Despawn Rate: 1200 Trident Respawn Rate:1200
[00:00:44] [Server thread/INFO]: -------- World Settings For [world_the_end] --------
[00:00:44] [Server thread/INFO]: Experience Merge Radius: 3.0
[00:00:44] [Server thread/INFO]: Mob Spawn Range: 6
[00:00:44] [Server thread/INFO]: Custom Map Seeds:  Village: 10387312 Desert: 14357617 Igloo: 14357618 Jungle: 14357619 Swamp: 14357620 Monument: 10387313 Ocean: 14357621 Shipwreck: 165745295 End City: 10387313 Slime: 987234911 Nether: 30084232 Mansion: 10387319 Fossil: 14357921 Portal: 34222645
[00:00:44] [Server thread/INFO]: Max TNT Explosions: 100
[00:00:44] [Server thread/INFO]: Tile Max Tick Time: 50ms Entity max Tick Time: 50ms
[00:00:44] [Server thread/INFO]: Cactus Growth Modifier: 100%
[00:00:44] [Server thread/INFO]: Cane Growth Modifier: 100%
[00:00:44] [Server thread/INFO]: Melon Growth Modifier: 100%
[00:00:44] [Server thread/INFO]: Mushroom Growth Modifier: 100%
[00:00:44] [Server thread/INFO]: Pumpkin Growth Modifier: 100%
[00:00:44] [Server thread/INFO]: Sapling Growth Modifier: 100%
[00:00:44] [Server thread/INFO]: Beetroot Growth Modifier: 100%
[00:00:44] [Server thread/INFO]: Carrot Growth Modifier: 100%
[00:00:44] [Server thread/INFO]: Potato Growth Modifier: 100%
[00:00:44] [Server thread/INFO]: Wheat Growth Modifier: 100%
[00:00:44] [Server thread/INFO]: NetherWart Growth Modifier: 100%
[00:00:44] [Server thread/INFO]: Vine Growth Modifier: 100%
[00:00:44] [Server thread/INFO]: Cocoa Growth Modifier: 100%
[00:00:44] [Server thread/INFO]: Bamboo Growth Modifier: 100%
[00:00:44] [Server thread/INFO]: SweetBerry Growth Modifier: 100%
[00:00:44] [Server thread/INFO]: Kelp Growth Modifier: 100%
[00:00:44] [Server thread/INFO]: TwistingVines Growth Modifier: 100%
[00:00:44] [Server thread/INFO]: WeepingVines Growth Modifier: 100%
[00:00:44] [Server thread/INFO]: CaveVines Growth Modifier: 100%
[00:00:44] [Server thread/INFO]: Entity Activation Range: An 32 / Mo 32 / Ra 48 / Mi 16 / Tiv true / Isa false
[00:00:44] [Server thread/INFO]: Entity Tracking Range: Pl 48 / An 48 / Mo 48 / Mi 32 / Di 128 / Other 64
[00:00:44] [Server thread/INFO]: Hopper Transfer: 8 Hopper Check: 1 Hopper Amount: 1 Hopper Can Load Chunks: false
[00:00:44] [Server thread/INFO]: Zombie Aggressive Towards Villager: true
[00:00:44] [Server thread/INFO]: Nerfing mobs spawned from spawners: false
[00:00:44] [Server thread/INFO]: View Distance: 10
[00:00:44] [Server thread/INFO]: Simulation Distance: 10
[00:00:44] [Server thread/INFO]: Item Despawn Rate: 6000
[00:00:44] [Server thread/INFO]: Item Merge Radius: 2.5
[00:00:44] [Server thread/INFO]: Allow Zombie Pigmen to spawn from portal blocks: true
[00:00:44] [Server thread/INFO]: Arrow Despawn Rate: 1200 Trident Respawn Rate:1200
[00:00:44] [Server thread/INFO]: Preparing start region for dimension minecraft:overworld
[00:00:50] [Worker-Main-3/INFO]: Preparing spawn area: 0%
[00:00:50] [Worker-Main-3/INFO]: Preparing spawn area: 0%
[00:00:50] [Worker-Main-2/INFO]: Preparing spawn area: 0%
[00:00:50] [Worker-Main-3/INFO]: Preparing spawn area: 0%
[00:00:50] [Worker-Main-3/INFO]: Preparing spawn area: 0%
[00:00:50] [Worker-Main-3/INFO]: Preparing spawn area: 0%
[00:00:50] [Worker-Main-3/INFO]: Preparing spawn area: 0%
[00:00:50] [Worker-Main-1/INFO]: Preparing spawn area: 0%
[00:00:50] [Worker-Main-1/INFO]: Preparing spawn area: 0%
[00:00:50] [Worker-Main-1/INFO]: Preparing spawn area: 0%
[00:00:50] [Worker-Main-1/INFO]: Preparing spawn area: 0%
[00:00:50] [Worker-Main-1/INFO]: Preparing spawn area: 0%
[00:00:50] [Worker-Main-2/INFO]: Preparing spawn area: 0%
[00:00:50] [Worker-Main-3/INFO]: Preparing spawn area: 7%
[00:00:51] [Worker-Main-3/INFO]: Preparing spawn area: 73%
[00:00:51] [Server thread/INFO]: Time elapsed: 7331 ms
[00:00:51] [Server thread/INFO]: Preparing start region for dimension minecraft:the_nether
[00:00:54] [Worker-Main-2/INFO]: Preparing spawn area: 0%
[00:00:54] [Worker-Main-2/INFO]: Preparing spawn area: 0%
[00:00:54] [Worker-Main-3/INFO]: Preparing spawn area: 0%
[00:00:54] [Worker-Main-2/INFO]: Preparing spawn area: 0%
[00:00:54] [Worker-Main-1/INFO]: Preparing spawn area: 0%
[00:00:54] [Worker-Main-1/INFO]: Preparing spawn area: 0%
[00:00:54] [Worker-Main-1/INFO]: Preparing spawn area: 0%
[00:00:54] [Worker-Main-3/INFO]: Preparing spawn area: 13%
[00:00:55] [Worker-Main-1/INFO]: Preparing spawn area: 93%
[00:00:55] [Server thread/INFO]: Time elapsed: 4034 ms
[00:00:55] [Server thread/INFO]: Preparing start region for dimension minecraft:the_end
[00:00:56] [Worker-Main-3/INFO]: Preparing spawn area: 0%
[00:00:56] [Worker-Main-1/INFO]: Preparing spawn area: 0%
[00:00:56] [Worker-Main-1/INFO]: Preparing spawn area: 0%
[00:00:57] [Worker-Main-3/INFO]: Preparing spawn area: 0%
[00:00:57] [Worker-Main-2/INFO]: Preparing spawn area: 54%
[00:00:57] [Server thread/INFO]: Time elapsed: 2279 ms
[00:00:57] [Server thread/INFO]: [CoreProtect] Enabling CoreProtect v22.4
[00:00:58] [Server thread/INFO]: [0;37;1m[0;37;1m[m[CoreProtect] CoreProtect has been successfully enabled![0;37;1m[0;37;1m [m
[00:00:58] [Server thread/INFO]: [CoreProtect] Using SQLite for data storage.
[00:00:58] [Server thread/INFO]: --------------------
[00:00:58] [Server thread/INFO]: [CoreProtect] Enjoy CoreProtect? Join our Discord!
[00:00:58] [Server thread/INFO]: [CoreProtect] Discord: www.coreprotect.net/discord/
[00:00:58] [Server thread/INFO]: --------------------
[00:00:58] [Server thread/INFO]: [ViaVersion] Enabling ViaVersion v5.2.1
[00:00:58] [Server thread/INFO]: [ViaVersion] ViaVersion detected server version: 1.20.3-1.20.4 (765)
[00:00:58] [Server thread/WARN]: [ViaVersion] Please update your Java runtime to at least Java 21 (your version is 17.0.14).
[00:00:58] [Server thread/WARN]: [ViaVersion] At some point in the future, ViaVersion will no longer be compatible with this version of Java.
[00:00:58] [Server thread/INFO]: [MeowPlugin] Enabling MeowPlugin v0.1
[00:00:58] [Server thread/WARN]: [MeowPlugin] Could not save config.yml to plugins/MeowPlugin/config.yml because config.yml already exists.
[00:00:58] [Server thread/INFO]: [TabTPS] Enabling TabTPS v1.3.22
[00:00:58] [Server thread/WARN]: [TabTPS] ====================================================
[00:00:58] [Server thread/WARN]: [TabTPS]  TabTPS works better if you use Paper 
[00:00:58] [Server thread/WARN]: [TabTPS]  as your server software. 
[00:00:58] [Server thread/WARN]: [TabTPS]   
[00:00:58] [Server thread/WARN]: [TabTPS]  Paper offers significant performance improvements,
[00:00:58] [Server thread/WARN]: [TabTPS]  bug fixes, security enhancements and optional
[00:00:58] [Server thread/WARN]: [TabTPS]  features for server owners to enhance their server.
[00:00:58] [Server thread/WARN]: [TabTPS]   
[00:00:58] [Server thread/WARN]: [TabTPS]  Paper includes Timings v2, which is significantly
[00:00:58] [Server thread/WARN]: [TabTPS]  better at diagnosing lag problems over v1.
[00:00:58] [Server thread/WARN]: [TabTPS]   
[00:00:58] [Server thread/WARN]: [TabTPS]  All of your plugins should still work, and the
[00:00:58] [Server thread/WARN]: [TabTPS]  Paper community will gladly help you fix any issues.
[00:00:58] [Server thread/WARN]: [TabTPS]   
[00:00:58] [Server thread/WARN]: [TabTPS]  Join the Paper Community @ https://papermc.io
[00:00:58] [Server thread/WARN]: [TabTPS] ====================================================
[00:00:58] [Server thread/INFO]: [ViaBackwards] Enabling ViaBackwards v5.2.1
[00:00:58] [Server thread/INFO]: Server permissions file permissions.yml is empty, ignoring it
[00:00:58] [Server thread/INFO]: Done (18.645s)! For help, type "help"
[00:00:58] [Craft Scheduler Thread - 3/INFO]: [ViaVersion] Finished mapping loading, shutting down loader executor.
[00:00:59] [Craft Scheduler Thread - 1/INFO]: [33;1m[[32;22mSkinsRestorer[33;1m] [0;39m[32;1m----------------------------------------------[0;39m[m
[00:00:59] [Craft Scheduler Thread - 1/INFO]: [33;1m[[32;22mSkinsRestorer[33;1m] [0;39m[32;1m    +==================+[0;39m[m
[00:00:59] [Craft Scheduler Thread - 1/INFO]: [33;1m[[32;22mSkinsRestorer[33;1m] [0;39m[32;1m    |   SkinsRestorer  |[0;39m[m
[00:00:59] [Craft Scheduler Thread - 1/INFO]: [33;1m[[32;22mSkinsRestorer[33;1m] [0;39m[32;1m    |------------------|[0;39m[m
[00:00:59] [Craft Scheduler Thread - 1/INFO]: [33;1m[[32;22mSkinsRestorer[33;1m] [0;39m[32;1m    |  [34;1m[4m[21mStandalone Mode[0;39m[32;1m |[0;39m[m
[00:00:59] [Craft Scheduler Thread - 1/INFO]: [33;1m[[32;22mSkinsRestorer[33;1m] [0;39m[32;1m    +==================+[0;39m[m
[00:00:59] [Craft Scheduler Thread - 1/INFO]: [33;1m[[32;22mSkinsRestorer[33;1m] [0;39m[32;1m----------------------------------------------[0;39m[m
[00:00:59] [Craft Scheduler Thread - 1/INFO]: [33;1m[[32;22mSkinsRestorer[33;1m] [0;39m[36;1m    Version: [32;1m15.5.2[0;39m[m
[00:00:59] [Craft Scheduler Thread - 1/INFO]: [33;1m[[32;22mSkinsRestorer[33;1m] [0;39m[36;1m    Commit: [32;1mae257f6[0;39m[m
[00:00:59] [Craft Scheduler Thread - 1/INFO]: [33;1m[[32;22mSkinsRestorer[33;1m] [0;39m[32;1m    This is the latest version![0;39m[m
[00:00:59] [Craft Scheduler Thread - 1/INFO]: [33;1m[[32;22mSkinsRestorer[33;1m] [0;39m[32;1m----------------------------------------------[0;39m[m
[00:00:59] [Craft Scheduler Thread - 1/INFO]: [33;1m[[32;22mSkinsRestorer[33;1m] [0;39m[34;1mDo you have issues? Read our troubleshooting guide: [33;1mhttps://skinsrestorer.net/docs/troubleshooting[0;39m[m
[00:00:59] [Craft Scheduler Thread - 1/INFO]: [33;1m[[32;22mSkinsRestorer[33;1m] [0;39m[34;1mWant to support SkinsRestorer? Consider donating: [33;1mhttps://skinsrestorer.net/donate[0;39m[m
[00:01:00] [Craft Scheduler Thread - 4/INFO]: There is an update available for TabTPS!
[00:01:00] [Craft Scheduler Thread - 4/INFO]: This server is running version v1.3.22, which is 4 versions outdated.
[00:01:00] [Craft Scheduler Thread - 4/INFO]: Download the latest version, v1.3.26 from GitHub at the link below:
[00:01:00] [Craft Scheduler Thread - 4/INFO]: https://github.com/jpenilla/TabTPS/releases/tag/v1.3.26
[00:12:05] [Server thread/WARN]: handleDisconnection() called twice
[01:05:35] [User Authenticator #1/INFO]: UUID of player touxl1916 is dda5a998-ba1e-3605-af21-6aeffaf8c42e
[01:05:36] [Server thread/INFO]: touxl1916 joined the game
[01:05:36] [Server thread/INFO]: touxl1916[/127.0.0.1:44662] logged in with entity id 232 at ([world]676.5, 79.0, 1052.5)
[01:05:36] [Server thread/INFO]: [touxl1916: Set [CountLeaveGame] for touxl1916 to 0]
[01:05:36] [Server thread/INFO]: [touxl1916: Showing new title for touxl1916]
[01:05:36] [Server thread/INFO]: [touxl1916: Showing new subtitle for touxl1916]
[01:07:52] [Server thread/INFO]: touxl1916 issued server command: /meow ask 可以和我做爱吗
[01:08:23] [Server thread/INFO]: touxl1916 issued server command: /meow ask 摸摸耳朵
[01:08:35] [Server thread/INFO]: touxl1916 lost connection: Disconnected
[01:08:35] [Server thread/INFO]: touxl1916 left the game
[01:08:37] [User Authenticator #2/INFO]: UUID of player touxl1916 is dda5a998-ba1e-3605-af21-6aeffaf8c42e
[01:08:37] [Server thread/INFO]: touxl1916 joined the game
[01:08:37] [Server thread/INFO]: touxl1916[/127.0.0.1:58186] logged in with entity id 1039 at ([world]659.8702552303035, 63.0, 1181.5840419625827)
[01:08:37] [Server thread/INFO]: [touxl1916: Set [CountLeaveGame] for touxl1916 to 0]
[01:08:37] [Server thread/INFO]: [touxl1916: Showing new title for touxl1916]
[01:08:37] [Server thread/INFO]: [touxl1916: Showing new subtitle for touxl1916]
[01:08:50] [Server thread/INFO]: touxl1916 issued server command: /meow ask 默默耳朵
[01:09:19] [Server thread/INFO]: touxl1916 lost connection: Disconnected
[01:09:19] [Server thread/INFO]: touxl1916 left the game
[01:09:20] [User Authenticator #3/INFO]: UUID of player touxl1916 is dda5a998-ba1e-3605-af21-6aeffaf8c42e
[01:09:20] [Server thread/INFO]: touxl1916 joined the game
[01:09:20] [Server thread/INFO]: touxl1916[/127.0.0.1:34720] logged in with entity id 1608 at ([world]659.2054573981842, 63.0, 1219.395253718138)
[01:09:20] [Server thread/INFO]: [touxl1916: Set [CountLeaveGame] for touxl1916 to 0]
[01:09:20] [Server thread/INFO]: [touxl1916: Showing new title for touxl1916]
[01:09:20] [Server thread/INFO]: [touxl1916: Showing new subtitle for touxl1916]
[01:09:32] [Server thread/INFO]: touxl1916 issued server command: /meow ask 摸摸耳朵
[01:10:47] [Server thread/INFO]: touxl1916 issued server command: /meow ask 摸摸尾巴
[01:12:22] [Server thread/INFO]: touxl1916 issued server command: /meow ask 帮我写一篇名为 我眼中的简•爱 的作文，500字
[01:15:42] [Server thread/INFO]: touxl1916 issued server command: /meow ask 根据 简爱 这本书，写一篇名为 我眼中的简爱 作文,500字
[01:22:00] [Server thread/WARN]: Can't keep up! Is the server overloaded? Running 15104ms or 302 ticks behind
[01:35:35] [Server thread/INFO]: touxl1916 hit the ground too hard
[01:35:49] [Server thread/INFO]: touxl1916 lost connection: Disconnected
[01:35:49] [Server thread/INFO]: touxl1916 left the game
[12:29:35] [User Authenticator #4/INFO]: UUID of player zyc is 6508a288-cfc5-39a7-b04c-e806846b5f53
[12:29:36] [Server thread/INFO]: zyc joined the game
[12:29:36] [Server thread/INFO]: zyc[/127.0.0.1:41700] logged in with entity id 17484 at ([world]738.0631222921113, 33.0, 1177.9810486951988)
[12:29:36] [Server thread/INFO]: [zyc: Set [CountLeaveGame] for zyc to 0]
[12:29:36] [Server thread/INFO]: [zyc: Showing new title for zyc]
[12:29:36] [Server thread/INFO]: [zyc: Showing new subtitle for zyc]
[12:32:50] [User Authenticator #5/INFO]: UUID of player touxl1916 is dda5a998-ba1e-3605-af21-6aeffaf8c42e
[12:32:51] [Server thread/INFO]: touxl1916 joined the game
[12:32:51] [Server thread/INFO]: touxl1916[/127.0.0.1:50164] logged in with entity id 18146 at ([world]2766.7089502154145, 69.0, 2557.8856101532024)
[12:32:51] [Server thread/INFO]: [touxl1916: Set [CountLeaveGame] for touxl1916 to 0]
[12:32:51] [Server thread/INFO]: [zyc: Showing new title for zyc]
[12:32:51] [Server thread/INFO]: [touxl1916: Showing new title for touxl1916]
[12:32:51] [Server thread/INFO]: [zyc: Showing new subtitle for zyc]
[12:32:51] [Server thread/INFO]: [touxl1916: Showing new subtitle for touxl1916]
[12:36:04] [Server thread/INFO]: touxl1916 fell from a high place
[12:36:49] [Server thread/INFO]: zyc hit the ground too hard
[12:38:51] [Server thread/INFO]: touxl1916 lost connection: Disconnected
[12:38:51] [Server thread/INFO]: touxl1916 left the game
[12:40:16] [Server thread/INFO]: zyc lost connection: Disconnected
[12:40:16] [Server thread/INFO]: zyc left the game
[13:23:23] [User Authenticator #6/INFO]: UUID of player ysydZiYouRen is cbb5bd76-2bc6-391d-9b29-857501acaa1d
[13:23:23] [Server thread/INFO]: ysydZiYouRen joined the game
[13:23:23] [Netty Epoll Server IO #0/WARN]: [ViaVersion] (1.17->1.16.4) Increased world height is NOT SUPPORTED for 1.16 players and below. They will see a void below y 0 and above 256. You can enable the `bedrock-at-y-0` config option to replace the air with a bedrock layer.
[13:23:23] [Server thread/INFO]: ysydZiYouRen[/127.0.0.1:60154] logged in with entity id 26750 at ([world]698.3286882496018, 68.5625, 1117.903223093049)
[13:23:23] [Server thread/INFO]: [ysydZiYouRen: Set [CountLeaveGame] for ysydZiYouRen to 0]
[13:23:23] [Server thread/INFO]: [ysydZiYouRen: Showing new title for ysydZiYouRen]
[13:23:23] [Server thread/INFO]: [ysydZiYouRen: Showing new subtitle for ysydZiYouRen]
[13:24:36] [Server thread/INFO]: ysydZiYouRen lost connection: Disconnected
[13:24:36] [Server thread/INFO]: ysydZiYouRen left the game
[13:36:33] [User Authenticator #7/INFO]: UUID of player zyc is 6508a288-cfc5-39a7-b04c-e806846b5f53
[13:36:33] [Server thread/INFO]: zyc joined the game
[13:36:33] [Server thread/INFO]: zyc[/127.0.0.1:59262] logged in with entity id 27265 at ([world]752.3000000119209, 39.0, 1159.5369638986365)
[13:36:33] [Server thread/INFO]: [zyc: Set [CountLeaveGame] for zyc to 0]
[13:36:33] [Server thread/INFO]: [zyc: Showing new title for zyc]
[13:36:33] [Server thread/INFO]: [zyc: Showing new subtitle for zyc]
[13:37:14] [User Authenticator #8/INFO]: UUID of player touxl1916 is dda5a998-ba1e-3605-af21-6aeffaf8c42e
[13:37:14] [Server thread/INFO]: touxl1916 joined the game
[13:37:14] [Server thread/INFO]: touxl1916[/127.0.0.1:51922] logged in with entity id 27731 at ([world]1233.5175104321704, 64.0, 1597.096011960886)
[13:37:14] [Server thread/INFO]: [touxl1916: Set [CountLeaveGame] for touxl1916 to 0]
[13:37:14] [Server thread/INFO]: [zyc: Showing new title for zyc]
[13:37:14] [Server thread/INFO]: [touxl1916: Showing new title for touxl1916]
[13:37:14] [Server thread/INFO]: [zyc: Showing new subtitle for zyc]
[13:37:14] [Server thread/INFO]: [touxl1916: Showing new subtitle for touxl1916]
[13:39:18] [Server thread/INFO]: touxl1916 lost connection: Disconnected
[13:39:18] [Server thread/INFO]: touxl1916 left the game
[13:39:22] [User Authenticator #9/INFO]: UUID of player touxl1916 is dda5a998-ba1e-3605-af21-6aeffaf8c42e
[13:39:22] [Server thread/INFO]: touxl1916 joined the game
[13:39:22] [Server thread/INFO]: touxl1916[/127.0.0.1:56904] logged in with entity id 29066 at ([world]838.9378067215598, 61.297033649084476, 1355.5726206431514)
[13:39:22] [Server thread/INFO]: [touxl1916: Set [CountLeaveGame] for touxl1916 to 0]
[13:39:22] [Server thread/INFO]: [zyc: Showing new title for zyc]
[13:39:22] [Server thread/INFO]: [touxl1916: Showing new title for touxl1916]
[13:39:22] [Server thread/INFO]: [zyc: Showing new subtitle for zyc]
[13:39:22] [Server thread/INFO]: [touxl1916: Showing new subtitle for touxl1916]
[13:46:18] [Server thread/INFO]: zyc has made the advancement [Cover Me with Diamonds]
[13:46:57] [Server thread/INFO]: zyc was slain by touxl1916
[13:47:50] [Server thread/INFO]: touxl1916 lost connection: Disconnected
[13:47:50] [Server thread/INFO]: touxl1916 left the game
[13:47:55] [Server thread/INFO]: zyc lost connection: Disconnected
[13:47:55] [Server thread/INFO]: zyc left the game
[14:32:24] [User Authenticator #10/INFO]: UUID of player touxl1916 is dda5a998-ba1e-3605-af21-6aeffaf8c42e
[14:32:24] [Server thread/INFO]: touxl1916 joined the game
[14:32:24] [Server thread/INFO]: touxl1916[/127.0.0.1:33742] logged in with entity id 39685 at ([world]704.1881813979207, 68.0, 1137.3954871207618)
[14:32:24] [Server thread/INFO]: [touxl1916: Set [CountLeaveGame] for touxl1916 to 0]
[14:32:24] [Server thread/INFO]: [touxl1916: Showing new title for touxl1916]
[14:32:24] [Server thread/INFO]: [touxl1916: Showing new subtitle for touxl1916]
[14:32:24] [User Authenticator #11/INFO]: UUID of player zyc is 6508a288-cfc5-39a7-b04c-e806846b5f53
[14:32:25] [Server thread/INFO]: zyc joined the game
[14:32:25] [Server thread/INFO]: zyc[/127.0.0.1:33750] logged in with entity id 39686 at ([world]700.8810056278522, 68.0, 1136.9999831380007)
[14:32:25] [Server thread/INFO]: [zyc: Set [CountLeaveGame] for zyc to 0]
[14:32:25] [Server thread/INFO]: [touxl1916: Showing new title for touxl1916]
[14:32:25] [Server thread/INFO]: [zyc: Showing new title for zyc]
[14:32:25] [Server thread/INFO]: [touxl1916: Showing new subtitle for touxl1916]
[14:32:25] [Server thread/INFO]: [zyc: Showing new subtitle for zyc]
[14:37:22] [User Authenticator #12/INFO]: UUID of player ysydZiYouRen is cbb5bd76-2bc6-391d-9b29-857501acaa1d
[14:37:22] [Server thread/INFO]: ysydZiYouRen joined the game
[14:37:22] [Server thread/INFO]: ysydZiYouRen[/127.0.0.1:53912] logged in with entity id 43140 at ([world]714.6777954837871, 69.0, 1151.699999988079)
[14:37:22] [Server thread/INFO]: [ysydZiYouRen: Set [CountLeaveGame] for ysydZiYouRen to 0]
[14:37:22] [Server thread/INFO]: [touxl1916: Showing new title for touxl1916]
[14:37:22] [Server thread/INFO]: [zyc: Showing new title for zyc]
[14:37:22] [Server thread/INFO]: [ysydZiYouRen: Showing new title for ysydZiYouRen]
[14:37:22] [Server thread/INFO]: [touxl1916: Showing new subtitle for touxl1916]
[14:37:22] [Server thread/INFO]: [zyc: Showing new subtitle for zyc]
[14:37:22] [Server thread/INFO]: [ysydZiYouRen: Showing new subtitle for ysydZiYouRen]
[14:38:17] [Server thread/INFO]: touxl1916 issued server command: /meow ask 写一篇作文，名为 唐诗涵悲惨的一生 200字
[14:38:52] [Server thread/INFO]: ysydZiYouRen lost connection: Disconnected
[14:38:52] [Server thread/INFO]: ysydZiYouRen left the game
[14:39:44] [User Authenticator #13/INFO]: UUID of player ysydZiYouRen is cbb5bd76-2bc6-391d-9b29-857501acaa1d
[14:39:44] [Server thread/INFO]: ysydZiYouRen joined the game
[14:39:44] [Server thread/INFO]: ysydZiYouRen[/127.0.0.1:57980] logged in with entity id 44692 at ([world]711.5056169073916, 68.0, 1138.9151474603586)
[14:39:44] [Server thread/INFO]: [ysydZiYouRen: Set [CountLeaveGame] for ysydZiYouRen to 0]
[14:39:44] [Server thread/INFO]: [touxl1916: Showing new title for touxl1916]
[14:39:44] [Server thread/INFO]: [zyc: Showing new title for zyc]
[14:39:44] [Server thread/INFO]: [ysydZiYouRen: Showing new title for ysydZiYouRen]
[14:39:44] [Server thread/INFO]: [touxl1916: Showing new subtitle for touxl1916]
[14:39:44] [Server thread/INFO]: [zyc: Showing new subtitle for zyc]
[14:39:44] [Server thread/INFO]: [ysydZiYouRen: Showing new subtitle for ysydZiYouRen]
[14:41:26] [Server thread/INFO]: ysydZiYouRen lost connection: Disconnected
[14:41:26] [Server thread/INFO]: ysydZiYouRen left the game
[14:41:27] [Server thread/INFO]: touxl1916 lost connection: Disconnected
[14:41:27] [Server thread/INFO]: touxl1916 left the game
[14:41:30] [Server thread/INFO]: zyc lost connection: Disconnected
[14:41:30] [Server thread/INFO]: zyc left the game
[15:33:30] [User Authenticator #14/INFO]: UUID of player zyc is 6508a288-cfc5-39a7-b04c-e806846b5f53
[15:33:31] [Server thread/INFO]: zyc joined the game
[15:33:31] [Server thread/INFO]: zyc[/127.0.0.1:37292] logged in with entity id 46345 at ([world]704.3646816167588, 67.0, 1154.316995053595)
[15:33:31] [Server thread/INFO]: [zyc: Set [CountLeaveGame] for zyc to 0]
[15:33:31] [Server thread/INFO]: [zyc: Showing new title for zyc]
[15:33:31] [Server thread/INFO]: [zyc: Showing new subtitle for zyc]
[15:37:10] [Server thread/INFO]: zyc fell off a ladder
[15:44:03] [Server thread/INFO]: zyc lost connection: Disconnected
[15:44:03] [Server thread/INFO]: zyc left the game
[18:15:21] [User Authenticator #15/INFO]: UUID of player touxl1916 is dda5a998-ba1e-3605-af21-6aeffaf8c42e
[18:15:21] [Server thread/INFO]: touxl1916 joined the game
[18:15:21] [Server thread/INFO]: touxl1916[/127.0.0.1:35212] logged in with entity id 49289 at ([world]666.654312501921, 72.0, 1045.6524702796296)
[18:15:21] [Server thread/INFO]: [touxl1916: Set [CountLeaveGame] for touxl1916 to 0]
[18:15:21] [Server thread/INFO]: [touxl1916: Showing new title for touxl1916]
[18:15:21] [Server thread/INFO]: [touxl1916: Showing new subtitle for touxl1916]
[18:15:47] [Server thread/INFO]: touxl1916 lost connection: Disconnected
[18:15:47] [Server thread/INFO]: touxl1916 left the game
[18:16:21] [User Authenticator #16/INFO]: UUID of player touxl1916 is dda5a998-ba1e-3605-af21-6aeffaf8c42e
[18:16:21] [Server thread/INFO]: touxl1916 joined the game
[18:16:21] [Server thread/INFO]: touxl1916[/127.0.0.1:42096] logged in with entity id 49732 at ([world]668.6862592266324, 79.0, 1045.8674690822104)
[18:16:21] [Server thread/INFO]: [touxl1916: Set [CountLeaveGame] for touxl1916 to 0]
[18:16:21] [Server thread/INFO]: [touxl1916: Showing new title for touxl1916]
[18:16:21] [Server thread/INFO]: [touxl1916: Showing new subtitle for touxl1916]
[18:29:16] [Server thread/INFO]: touxl1916 lost connection: Disconnected
[18:29:16] [Server thread/INFO]: touxl1916 left the game
[18:31:01] [User Authenticator #17/INFO]: UUID of player touxl1916 is dda5a998-ba1e-3605-af21-6aeffaf8c42e
[18:31:02] [Server thread/INFO]: touxl1916 joined the game
[18:31:02] [Server thread/INFO]: touxl1916[/127.0.0.1:48854] logged in with entity id 53205 at ([world]676.9110383694334, 79.0, 1050.1199081811665)
[18:31:02] [Server thread/INFO]: [touxl1916: Set [CountLeaveGame] for touxl1916 to 0]
[18:31:02] [Server thread/INFO]: [touxl1916: Showing new title for touxl1916]
[18:31:02] [Server thread/INFO]: [touxl1916: Showing new subtitle for touxl1916]
[18:44:09] [Server thread/INFO]: touxl1916 lost connection: Disconnected
[18:44:09] [Server thread/INFO]: touxl1916 left the game
[18:46:02] [User Authenticator #18/INFO]: UUID of player ysydZiYouRen is cbb5bd76-2bc6-391d-9b29-857501acaa1d
[18:46:02] [Server thread/INFO]: ysydZiYouRen joined the game
[18:46:02] [Server thread/INFO]: ysydZiYouRen[/127.0.0.1:46920] logged in with entity id 62197 at ([world_the_end]253.02416614384447, 7.0, 1.7001729461042172)
[18:46:02] [Server thread/INFO]: [ysydZiYouRen: Set [CountLeaveGame] for ysydZiYouRen to 0]
[18:46:02] [Server thread/INFO]: [ysydZiYouRen: Showing new title for ysydZiYouRen]
[18:46:02] [Server thread/INFO]: [ysydZiYouRen: Showing new subtitle for ysydZiYouRen]
[18:48:06] [Server thread/INFO]: ysydZiYouRen fell out of the world
[18:50:06] [User Authenticator #19/INFO]: UUID of player ysydZiYouRen is cbb5bd76-2bc6-391d-9b29-857501acaa1d
[18:50:06] [Server thread/INFO]: ysydZiYouRen lost connection: You logged in from another location
[18:50:06] [Server thread/INFO]: ysydZiYouRen left the game.
[18:50:06] [Server thread/INFO]: ysydZiYouRen joined the game
[18:50:06] [Server thread/INFO]: ysydZiYouRen[/127.0.0.1:32904] logged in with entity id 65753 at ([world]709.615335317165, 69.0, 1122.827366650744)
[18:50:06] [Server thread/INFO]: [ysydZiYouRen: Set [CountLeaveGame] for ysydZiYouRen to 0]
[18:50:06] [Server thread/INFO]: [ysydZiYouRen: Showing new title for ysydZiYouRen]
[18:50:06] [Server thread/INFO]: [ysydZiYouRen: Showing new subtitle for ysydZiYouRen]
[18:53:51] [Server thread/INFO]: ysydZiYouRen fell out of the world
[18:57:42] [Server thread/INFO]: ysydZiYouRen lost connection: Disconnected
[18:57:42] [Server thread/INFO]: ysydZiYouRen left the game
