[00:00:55] [ServerMain/INFO]: Environment: Environment[sessionHost=https://sessionserver.mojang.com, servicesHost=https://api.minecraftservices.com, name=PROD]
[00:00:57] [ServerMain/INFO]: Loaded 7 recipes
[00:00:58] [Server thread/INFO]: Starting minecraft server version 1.20.4
[00:00:58] [Server thread/INFO]: Loading properties
[00:00:59] [Server thread/INFO]: This server is running CraftBukkit version 4074-Spigot-e9ec548-51bbab2 (MC: 1.20.4) (Implementing API version 1.20.4-R0.1-SNAPSHOT)
[00:00:59] [Server thread/INFO]: Server Ping Player Sample Count: 12
[00:00:59] [Server thread/INFO]: Using 4 threads for Netty based IO
[00:00:59] [Server thread/INFO]: Debug logging is disabled
[00:00:59] [Server thread/INFO]: Default game type: SURVIVAL
[00:00:59] [Server thread/INFO]: Generating keypair
[00:00:59] [Server thread/INFO]: Starting Minecraft server on *:25566
[00:00:59] [Server thread/INFO]: Using epoll channel type
[00:01:00] [Server thread/WARN]: **** SERVER IS RUNNING IN OFFLINE/INSECURE MODE!
[00:01:00] [Server thread/WARN]: The server will make no attempt to authenticate usernames. Beware.
[00:01:00] [Server thread/WARN]: While this makes the game possible to play without internet access, it also opens up the ability for hackers to connect with any username they choose.
[00:01:00] [Server thread/WARN]: To change this, set "online-mode" to "true" in the server.properties file.
[00:01:00] [Server thread/INFO]: Preparing level "world"
[00:01:00] [Server thread/INFO]: -------- World Settings For [world] --------
[00:01:00] [Server thread/INFO]: Entity Activation Range: An 32 / Mo 32 / Ra 48 / Mi 16 / Tiv true / Isa false
[00:01:00] [Server thread/INFO]: Entity Tracking Range: Pl 48 / An 48 / Mo 48 / Mi 32 / Di 128 / Other 64
[00:01:00] [Server thread/INFO]: Hopper Transfer: 8 Hopper Check: 1 Hopper Amount: 1 Hopper Can Load Chunks: false
[00:01:00] [Server thread/INFO]: Cactus Growth Modifier: 100%
[00:01:00] [Server thread/INFO]: Cane Growth Modifier: 100%
[00:01:00] [Server thread/INFO]: Melon Growth Modifier: 100%
[00:01:00] [Server thread/INFO]: Mushroom Growth Modifier: 100%
[00:01:00] [Server thread/INFO]: Pumpkin Growth Modifier: 100%
[00:01:00] [Server thread/INFO]: Sapling Growth Modifier: 100%
[00:01:00] [Server thread/INFO]: Beetroot Growth Modifier: 100%
[00:01:00] [Server thread/INFO]: Carrot Growth Modifier: 100%
[00:01:00] [Server thread/INFO]: Potato Growth Modifier: 100%
[00:01:00] [Server thread/INFO]: Wheat Growth Modifier: 100%
[00:01:00] [Server thread/INFO]: NetherWart Growth Modifier: 100%
[00:01:00] [Server thread/INFO]: Vine Growth Modifier: 100%
[00:01:00] [Server thread/INFO]: Cocoa Growth Modifier: 100%
[00:01:00] [Server thread/INFO]: Bamboo Growth Modifier: 100%
[00:01:00] [Server thread/INFO]: SweetBerry Growth Modifier: 100%
[00:01:00] [Server thread/INFO]: Kelp Growth Modifier: 100%
[00:01:00] [Server thread/INFO]: TwistingVines Growth Modifier: 100%
[00:01:00] [Server thread/INFO]: WeepingVines Growth Modifier: 100%
[00:01:00] [Server thread/INFO]: CaveVines Growth Modifier: 100%
[00:01:00] [Server thread/INFO]: Experience Merge Radius: 3.0
[00:01:00] [Server thread/INFO]: Mob Spawn Range: 6
[00:01:00] [Server thread/INFO]: Custom Map Seeds:  Village: 10387312 Desert: 14357617 Igloo: 14357618 Jungle: 14357619 Swamp: 14357620 Monument: 10387313 Ocean: 14357621 Shipwreck: 165745295 End City: 10387313 Slime: 987234911 Nether: 30084232 Mansion: 10387319 Fossil: 14357921 Portal: 34222645
[00:01:00] [Server thread/INFO]: Max TNT Explosions: 100
[00:01:00] [Server thread/INFO]: Tile Max Tick Time: 50ms Entity max Tick Time: 50ms
[00:01:00] [Server thread/INFO]: View Distance: 10
[00:01:00] [Server thread/INFO]: Simulation Distance: 10
[00:01:00] [Server thread/INFO]: Item Despawn Rate: 6000
[00:01:00] [Server thread/INFO]: Item Merge Radius: 2.5
[00:01:00] [Server thread/INFO]: Allow Zombie Pigmen to spawn from portal blocks: true
[00:01:00] [Server thread/INFO]: Arrow Despawn Rate: 1200 Trident Respawn Rate:1200
[00:01:00] [Server thread/INFO]: Zombie Aggressive Towards Villager: true
[00:01:00] [Server thread/INFO]: Nerfing mobs spawned from spawners: false
[00:01:00] [Server thread/INFO]: -------- World Settings For [world_nether] --------
[00:01:00] [Server thread/INFO]: Entity Activation Range: An 32 / Mo 32 / Ra 48 / Mi 16 / Tiv true / Isa false
[00:01:00] [Server thread/INFO]: Entity Tracking Range: Pl 48 / An 48 / Mo 48 / Mi 32 / Di 128 / Other 64
[00:01:00] [Server thread/INFO]: Hopper Transfer: 8 Hopper Check: 1 Hopper Amount: 1 Hopper Can Load Chunks: false
[00:01:00] [Server thread/INFO]: Cactus Growth Modifier: 100%
[00:01:00] [Server thread/INFO]: Cane Growth Modifier: 100%
[00:01:00] [Server thread/INFO]: Melon Growth Modifier: 100%
[00:01:00] [Server thread/INFO]: Mushroom Growth Modifier: 100%
[00:01:00] [Server thread/INFO]: Pumpkin Growth Modifier: 100%
[00:01:00] [Server thread/INFO]: Sapling Growth Modifier: 100%
[00:01:00] [Server thread/INFO]: Beetroot Growth Modifier: 100%
[00:01:00] [Server thread/INFO]: Carrot Growth Modifier: 100%
[00:01:00] [Server thread/INFO]: Potato Growth Modifier: 100%
[00:01:00] [Server thread/INFO]: Wheat Growth Modifier: 100%
[00:01:00] [Server thread/INFO]: NetherWart Growth Modifier: 100%
[00:01:00] [Server thread/INFO]: Vine Growth Modifier: 100%
[00:01:00] [Server thread/INFO]: Cocoa Growth Modifier: 100%
[00:01:00] [Server thread/INFO]: Bamboo Growth Modifier: 100%
[00:01:00] [Server thread/INFO]: SweetBerry Growth Modifier: 100%
[00:01:00] [Server thread/INFO]: Kelp Growth Modifier: 100%
[00:01:00] [Server thread/INFO]: TwistingVines Growth Modifier: 100%
[00:01:00] [Server thread/INFO]: WeepingVines Growth Modifier: 100%
[00:01:00] [Server thread/INFO]: CaveVines Growth Modifier: 100%
[00:01:00] [Server thread/INFO]: Experience Merge Radius: 3.0
[00:01:00] [Server thread/INFO]: Mob Spawn Range: 6
[00:01:00] [Server thread/INFO]: Custom Map Seeds:  Village: 10387312 Desert: 14357617 Igloo: 14357618 Jungle: 14357619 Swamp: 14357620 Monument: 10387313 Ocean: 14357621 Shipwreck: 165745295 End City: 10387313 Slime: 987234911 Nether: 30084232 Mansion: 10387319 Fossil: 14357921 Portal: 34222645
[00:01:00] [Server thread/INFO]: Max TNT Explosions: 100
[00:01:00] [Server thread/INFO]: Tile Max Tick Time: 50ms Entity max Tick Time: 50ms
[00:01:00] [Server thread/INFO]: View Distance: 10
[00:01:00] [Server thread/INFO]: Simulation Distance: 10
[00:01:00] [Server thread/INFO]: Item Despawn Rate: 6000
[00:01:00] [Server thread/INFO]: Item Merge Radius: 2.5
[00:01:00] [Server thread/INFO]: Allow Zombie Pigmen to spawn from portal blocks: true
[00:01:00] [Server thread/INFO]: Arrow Despawn Rate: 1200 Trident Respawn Rate:1200
[00:01:00] [Server thread/INFO]: Zombie Aggressive Towards Villager: true
[00:01:00] [Server thread/INFO]: Nerfing mobs spawned from spawners: false
[00:01:05] [Server thread/INFO]: -------- World Settings For [world_the_end] --------
[00:01:05] [Server thread/INFO]: Entity Activation Range: An 32 / Mo 32 / Ra 48 / Mi 16 / Tiv true / Isa false
[00:01:05] [Server thread/INFO]: Entity Tracking Range: Pl 48 / An 48 / Mo 48 / Mi 32 / Di 128 / Other 64
[00:01:05] [Server thread/INFO]: Hopper Transfer: 8 Hopper Check: 1 Hopper Amount: 1 Hopper Can Load Chunks: false
[00:01:05] [Server thread/INFO]: Cactus Growth Modifier: 100%
[00:01:05] [Server thread/INFO]: Cane Growth Modifier: 100%
[00:01:05] [Server thread/INFO]: Melon Growth Modifier: 100%
[00:01:05] [Server thread/INFO]: Mushroom Growth Modifier: 100%
[00:01:05] [Server thread/INFO]: Pumpkin Growth Modifier: 100%
[00:01:05] [Server thread/INFO]: Sapling Growth Modifier: 100%
[00:01:05] [Server thread/INFO]: Beetroot Growth Modifier: 100%
[00:01:05] [Server thread/INFO]: Carrot Growth Modifier: 100%
[00:01:05] [Server thread/INFO]: Potato Growth Modifier: 100%
[00:01:05] [Server thread/INFO]: Wheat Growth Modifier: 100%
[00:01:05] [Server thread/INFO]: NetherWart Growth Modifier: 100%
[00:01:05] [Server thread/INFO]: Vine Growth Modifier: 100%
[00:01:05] [Server thread/INFO]: Cocoa Growth Modifier: 100%
[00:01:05] [Server thread/INFO]: Bamboo Growth Modifier: 100%
[00:01:05] [Server thread/INFO]: SweetBerry Growth Modifier: 100%
[00:01:05] [Server thread/INFO]: Kelp Growth Modifier: 100%
[00:01:05] [Server thread/INFO]: TwistingVines Growth Modifier: 100%
[00:01:05] [Server thread/INFO]: WeepingVines Growth Modifier: 100%
[00:01:05] [Server thread/INFO]: CaveVines Growth Modifier: 100%
[00:01:05] [Server thread/INFO]: Experience Merge Radius: 3.0
[00:01:05] [Server thread/INFO]: Mob Spawn Range: 6
[00:01:05] [Server thread/INFO]: Custom Map Seeds:  Village: 10387312 Desert: 14357617 Igloo: 14357618 Jungle: 14357619 Swamp: 14357620 Monument: 10387313 Ocean: 14357621 Shipwreck: 165745295 End City: 10387313 Slime: 987234911 Nether: 30084232 Mansion: 10387319 Fossil: 14357921 Portal: 34222645
[00:01:05] [Server thread/INFO]: Max TNT Explosions: 100
[00:01:05] [Server thread/INFO]: Tile Max Tick Time: 50ms Entity max Tick Time: 50ms
[00:01:05] [Server thread/INFO]: View Distance: 10
[00:01:05] [Server thread/INFO]: Simulation Distance: 10
[00:01:05] [Server thread/INFO]: Item Despawn Rate: 6000
[00:01:05] [Server thread/INFO]: Item Merge Radius: 2.5
[00:01:05] [Server thread/INFO]: Allow Zombie Pigmen to spawn from portal blocks: true
[00:01:05] [Server thread/INFO]: Arrow Despawn Rate: 1200 Trident Respawn Rate:1200
[00:01:05] [Server thread/INFO]: Zombie Aggressive Towards Villager: true
[00:01:05] [Server thread/INFO]: Nerfing mobs spawned from spawners: false
[00:01:05] [Server thread/INFO]: Preparing start region for dimension minecraft:overworld
[00:01:12] [Worker-Main-1/INFO]: Preparing spawn area: 0%
[00:01:12] [Worker-Main-1/INFO]: Preparing spawn area: 0%
[00:01:12] [Worker-Main-3/INFO]: Preparing spawn area: 0%
[00:01:12] [Worker-Main-3/INFO]: Preparing spawn area: 0%
[00:01:12] [Worker-Main-3/INFO]: Preparing spawn area: 0%
[00:01:12] [Worker-Main-1/INFO]: Preparing spawn area: 0%
[00:01:12] [Worker-Main-1/INFO]: Preparing spawn area: 0%
[00:01:12] [Worker-Main-1/INFO]: Preparing spawn area: 0%
[00:01:12] [Worker-Main-3/INFO]: Preparing spawn area: 0%
[00:01:12] [Worker-Main-3/INFO]: Preparing spawn area: 0%
[00:01:12] [Worker-Main-3/INFO]: Preparing spawn area: 0%
[00:01:12] [Worker-Main-2/INFO]: Preparing spawn area: 0%
[00:01:12] [Worker-Main-2/INFO]: Preparing spawn area: 0%
[00:01:12] [Worker-Main-2/INFO]: Preparing spawn area: 0%
[00:01:12] [Worker-Main-1/INFO]: Preparing spawn area: 0%
[00:01:12] [Worker-Main-3/INFO]: Preparing spawn area: 0%
[00:01:13] [Worker-Main-2/INFO]: Preparing spawn area: 0%
[00:01:13] [Worker-Main-2/INFO]: Preparing spawn area: 10%
[00:01:14] [Worker-Main-2/INFO]: Preparing spawn area: 13%
[00:01:14] [Worker-Main-1/INFO]: Preparing spawn area: 13%
[00:01:15] [Worker-Main-1/INFO]: Preparing spawn area: 14%
[00:01:15] [Server thread/INFO]: Time elapsed: 10490 ms
[00:01:15] [Server thread/INFO]: Preparing start region for dimension minecraft:the_nether
[00:01:22] [Worker-Main-1/INFO]: Preparing spawn area: 0%
[00:01:22] [Worker-Main-1/INFO]: Preparing spawn area: 0%
[00:01:22] [Worker-Main-1/INFO]: Preparing spawn area: 0%
[00:01:22] [Worker-Main-1/INFO]: Preparing spawn area: 0%
[00:01:22] [Worker-Main-2/INFO]: Preparing spawn area: 0%
[00:01:22] [Worker-Main-3/INFO]: Preparing spawn area: 0%
[00:01:22] [Worker-Main-3/INFO]: Preparing spawn area: 0%
[00:01:22] [Worker-Main-3/INFO]: Preparing spawn area: 0%
[00:01:22] [Worker-Main-1/INFO]: Preparing spawn area: 0%
[00:01:22] [Worker-Main-1/INFO]: Preparing spawn area: 0%
[00:01:22] [Worker-Main-2/INFO]: Preparing spawn area: 0%
[00:01:22] [Worker-Main-1/INFO]: Preparing spawn area: 0%
[00:01:22] [Worker-Main-2/INFO]: Preparing spawn area: 0%
[00:01:22] [Worker-Main-1/INFO]: Preparing spawn area: 0%
[00:01:22] [Worker-Main-1/INFO]: Preparing spawn area: 17%
[00:01:23] [Worker-Main-1/INFO]: Preparing spawn area: 43%
[00:01:23] [Worker-Main-2/INFO]: Preparing spawn area: 68%
[00:01:24] [Worker-Main-2/INFO]: Preparing spawn area: 83%
[00:01:24] [Worker-Main-1/INFO]: Preparing spawn area: 93%
[00:01:25] [Server thread/INFO]: Time elapsed: 9232 ms
[00:01:25] [Server thread/INFO]: Preparing start region for dimension minecraft:the_end
[00:01:31] [Worker-Main-1/INFO]: Preparing spawn area: 0%
[00:01:31] [Worker-Main-2/INFO]: Preparing spawn area: 0%
[00:01:31] [Worker-Main-2/INFO]: Preparing spawn area: 0%
[00:01:31] [Worker-Main-2/INFO]: Preparing spawn area: 0%
[00:01:31] [Worker-Main-2/INFO]: Preparing spawn area: 0%
[00:01:31] [Worker-Main-1/INFO]: Preparing spawn area: 0%
[00:01:31] [Worker-Main-1/INFO]: Preparing spawn area: 0%
[00:01:31] [Worker-Main-3/INFO]: Preparing spawn area: 0%
[00:01:31] [Worker-Main-3/INFO]: Preparing spawn area: 0%
[00:01:31] [Worker-Main-1/INFO]: Preparing spawn area: 0%
[00:01:31] [Worker-Main-3/INFO]: Preparing spawn area: 0%
[00:01:31] [Worker-Main-3/INFO]: Preparing spawn area: 0%
[00:01:31] [Worker-Main-3/INFO]: Preparing spawn area: 0%
[00:01:31] [Worker-Main-3/INFO]: Preparing spawn area: 0%
[00:01:32] [Worker-Main-2/INFO]: Preparing spawn area: 5%
[00:01:32] [Worker-Main-1/INFO]: Preparing spawn area: 29%
[00:01:33] [Worker-Main-2/INFO]: Preparing spawn area: 83%
[00:01:33] [Server thread/INFO]: Time elapsed: 8256 ms
[00:01:33] [Server thread/INFO]: Server permissions file permissions.yml is empty, ignoring it
[00:01:33] [Server thread/INFO]: Done (33.535s)! For help, type "help"
[00:01:55] [User Authenticator #1/INFO]: UUID of player touxl is 809b1e92-9f93-36ea-97a8-612db960112f
[00:01:56] [Server thread/INFO]: touxl joined the game
[00:01:56] [Server thread/INFO]: touxl[/127.0.0.1:53076] logged in with entity id 178 at ([world]-452.69999998807907, 92.0, 688.6767781960594)
[00:01:58] [Server thread/WARN]: Can't keep up! Is the server overloaded? Running 2542ms or 50 ticks behind
[00:05:02] [Server thread/INFO]: touxl has made the advancement [Acquire Hardware]
[00:06:48] [Server thread/INFO]: touxl has made the advancement [Take Aim]
[00:11:51] [Server thread/INFO]: touxl has made the advancement [Isn't It Iron Pick]
[00:12:05] [Server thread/INFO]: touxl has made the advancement [Suit Up]
[00:12:54] [Server thread/INFO]: touxl has made the advancement [Not Today, Thank You]
[00:20:37] [Server thread/INFO]: touxl fell from a high place
[00:21:23] [Server thread/INFO]: touxl lost connection: Disconnected
[00:21:24] [Server thread/INFO]: touxl left the game
[08:34:14] [User Authenticator #2/INFO]: UUID of player ysydZiYouRen is cbb5bd76-2bc6-391d-9b29-857501acaa1d
[08:34:15] [Server thread/INFO]: ysydZiYouRen joined the game
[08:34:15] [Server thread/INFO]: ysydZiYouRen[/127.0.0.1:43764] logged in with entity id 3064 at ([world]103.69999998807907, 55.0, 463.08472739316545)
[08:42:06] [Server thread/INFO]: ysydZiYouRen has made the advancement [Sweet Dreams]
[08:46:53] [Server thread/INFO]: ysydZiYouRen lost connection: Disconnected
[08:46:53] [Server thread/INFO]: ysydZiYouRen left the game
[08:47:37] [User Authenticator #3/INFO]: UUID of player ysydZiYouRen is cbb5bd76-2bc6-391d-9b29-857501acaa1d
[08:47:37] [Server thread/INFO]: ysydZiYouRen joined the game
[08:47:37] [Server thread/INFO]: ysydZiYouRen[/127.0.0.1:45276] logged in with entity id 5374 at ([world]425.26404075795176, 13.0, 360.211050996807)
[08:56:30] [Server thread/INFO]: ysydZiYouRen lost connection: Disconnected
[08:56:30] [Server thread/INFO]: ysydZiYouRen left the game
[09:07:10] [User Authenticator #4/INFO]: UUID of player ysydZiYouRen is cbb5bd76-2bc6-391d-9b29-857501acaa1d
[09:07:10] [Server thread/INFO]: ysydZiYouRen joined the game
[09:07:10] [Server thread/INFO]: ysydZiYouRen[/127.0.0.1:36810] logged in with entity id 6923 at ([world]381.2013368417122, -16.0, 385.30000001192093)
[09:07:49] [Server thread/INFO]: ysydZiYouRen has made the advancement [Diamonds!]
[09:10:08] [Server thread/INFO]: There are 1 of a max of 114514 players online: ysydZiYouRen
[09:14:09] [Server thread/INFO]: ysydZiYouRen has made the advancement [Ice Bucket Challenge]
[09:17:45] [Server thread/INFO]: ysydZiYouRen lost connection: Disconnected
[09:17:45] [Server thread/INFO]: ysydZiYouRen left the game
[09:18:16] [User Authenticator #5/INFO]: UUID of player ysydZiYouRen is cbb5bd76-2bc6-391d-9b29-857501acaa1d
[09:18:16] [Server thread/INFO]: ysydZiYouRen joined the game
[09:18:16] [Server thread/INFO]: ysydZiYouRen[/127.0.0.1:44938] logged in with entity id 8563 at ([world]404.8565785388422, -28.0, 462.58520197457545)
[09:35:53] [Server thread/INFO]: Incorrect argument for command
[09:35:53] [Server thread/INFO]: gamerule KeepInventory true<--[HERE]
[09:36:20] [Server thread/INFO]: Gamerule keepInventory is now set to: true
[09:41:28] [Server thread/INFO]: ysydZiYouRen tried to swim in lava
[09:42:39] [Server thread/INFO]: ysydZiYouRen was slain by Zombie
[09:44:48] [Server thread/INFO]: ysydZiYouRen has made the advancement [Cover Me with Diamonds]
[09:46:57] [Server thread/INFO]: [Not Secure] [Server] 我重启一下服务器，加载那个插件
[09:47:02] [Async Chat Thread - #0/INFO]: [Not Secure] <ysydZiYouRen> ok
[09:47:04] [Server thread/INFO]: Stopping the server
[09:47:04] [Server thread/INFO]: Stopping server
[09:47:04] [Server thread/INFO]: Saving players
[09:47:04] [Server thread/INFO]: ysydZiYouRen lost connection: Server closed
[09:47:04] [Server thread/INFO]: ysydZiYouRen left the game.
[09:47:04] [Server thread/INFO]: Saving worlds
[09:47:06] [Server thread/INFO]: Saving chunks for level 'ServerLevel[world]'/minecraft:overworld
[09:47:09] [Server thread/INFO]: Saving chunks for level 'ServerLevel[world_nether]'/minecraft:the_nether
[09:47:09] [Server thread/INFO]: Saving chunks for level 'ServerLevel[world_the_end]'/minecraft:the_end
[09:47:10] [Server thread/INFO]: ThreadedAnvilChunkStorage (world): All chunks are saved
[09:47:10] [Server thread/INFO]: ThreadedAnvilChunkStorage (DIM-1): All chunks are saved
[09:47:10] [Server thread/INFO]: ThreadedAnvilChunkStorage (DIM1): All chunks are saved
[09:47:10] [Server thread/INFO]: ThreadedAnvilChunkStorage: All dimensions are saved
