[15:50:21] [ServerMain/INFO]: Environment: Environment[sessionHost=https://sessionserver.mojang.com, servicesHost=https://api.minecraftservices.com, name=PROD]
[15:50:23] [ServerMain/INFO]: Loaded 7 recipes
[15:50:24] [Server thread/INFO]: Starting minecraft server version 1.20.4
[15:50:24] [Server thread/INFO]: Loading properties
[15:50:24] [Server thread/INFO]: This server is running CraftBukkit version 4074-Spigot-e9ec548-51bbab2 (MC: 1.20.4) (Implementing API version 1.20.4-R0.1-SNAPSHOT)
[15:50:25] [Server thread/WARN]: Couldn't load server icon
java.lang.IllegalArgumentException: BufferedImage must be 64 pixels wide (512)
	at com.google.common.base.Preconditions.checkArgument(Preconditions.java:191) ~[guava-32.1.2-jre.jar:?]
	at org.bukkit.craftbukkit.v1_20_R3.CraftServer.loadServerIcon0(CraftServer.java:2245) ~[spigot-1.20.4-R0.1-SNAPSHOT.jar:4074-Spigot-e9ec548-51bbab2]
	at org.bukkit.craftbukkit.v1_20_R3.CraftServer.loadServerIcon0(CraftServer.java:2235) ~[spigot-1.20.4-R0.1-SNAPSHOT.jar:4074-Spigot-e9ec548-51bbab2]
	at org.bukkit.craftbukkit.v1_20_R3.CraftServer.loadIcon(CraftServer.java:992) ~[spigot-1.20.4-R0.1-SNAPSHOT.jar:4074-Spigot-e9ec548-51bbab2]
	at org.bukkit.craftbukkit.v1_20_R3.CraftServer.<init>(CraftServer.java:380) ~[spigot-1.20.4-R0.1-SNAPSHOT.jar:4074-Spigot-e9ec548-51bbab2]
	at net.minecraft.server.players.PlayerList.<init>(PlayerList.java:162) ~[spigot-1.20.4-R0.1-SNAPSHOT.jar:4074-Spigot-e9ec548-51bbab2]
	at net.minecraft.server.dedicated.DedicatedPlayerList.<init>(SourceFile:17) ~[spigot-1.20.4-R0.1-SNAPSHOT.jar:4074-Spigot-e9ec548-51bbab2]
	at net.minecraft.server.dedicated.DedicatedServer.e(DedicatedServer.java:183) ~[spigot-1.20.4-R0.1-SNAPSHOT.jar:4074-Spigot-e9ec548-51bbab2]
	at net.minecraft.server.MinecraftServer.w(MinecraftServer.java:1000) ~[spigot-1.20.4-R0.1-SNAPSHOT.jar:4074-Spigot-e9ec548-51bbab2]
	at net.minecraft.server.MinecraftServer.lambda$0(MinecraftServer.java:304) ~[spigot-1.20.4-R0.1-SNAPSHOT.jar:4074-Spigot-e9ec548-51bbab2]
	at java.lang.Thread.run(Thread.java:840) ~[?:?]
[15:50:25] [Server thread/INFO]: Server Ping Player Sample Count: 12
[15:50:25] [Server thread/INFO]: Using 4 threads for Netty based IO
[15:50:25] [Server thread/INFO]: Debug logging is disabled
[15:50:25] [Server thread/INFO]: Default game type: SURVIVAL
[15:50:25] [Server thread/INFO]: Generating keypair
[15:50:25] [Server thread/INFO]: Starting Minecraft server on *:25566
[15:50:25] [Server thread/INFO]: Using epoll channel type
[15:50:25] [Server thread/INFO]: [SkinsRestorer] Loading SkinsRestorer v15.5.1
[15:50:25] [Server thread/INFO]: [SkinsRestorer] Enabling SkinsRestorer v15.5.1
[15:50:26] [Server thread/WARN]: [33;1m[[32;22mSkinsRestorer[33;1m] [0;39m[33;1mYou must agree to the rules at 'commands.perSkinPermissionsConsent' in the config to use per skin permissions.[0;39m
[15:50:26] [Server thread/INFO]: [33;1m[[32;22mSkinsRestorer[33;1m] [0;39m[32;1mRunning on Minecraft [33;1m1.20.4[32;1m.[0;39m[m
[15:50:27] [Server thread/WARN]: [33;1m[[32;22mSkinsRestorer[33;1m] [0;39m[33;1m[33;1mPlease update your Java runtime to at least Java 21 (your version is 17).[0;39m
[15:50:27] [Server thread/WARN]: [33;1m[[32;22mSkinsRestorer[33;1m] [0;39m[33;1m[33;1mAt some point in the future, SkinsRestorer will no longer be compatible with this version of Java.[0;39m
[15:50:27] [Server thread/WARN]: **** SERVER IS RUNNING IN OFFLINE/INSECURE MODE!
[15:50:27] [Server thread/WARN]: The server will make no attempt to authenticate usernames. Beware.
[15:50:27] [Server thread/WARN]: While this makes the game possible to play without internet access, it also opens up the ability for hackers to connect with any username they choose.
[15:50:27] [Server thread/WARN]: To change this, set "online-mode" to "true" in the server.properties file.
[15:50:27] [Server thread/INFO]: Preparing level "world"
[15:50:27] [Server thread/INFO]: -------- World Settings For [world] --------
[15:50:27] [Server thread/INFO]: Cactus Growth Modifier: 100%
[15:50:27] [Server thread/INFO]: Cane Growth Modifier: 100%
[15:50:27] [Server thread/INFO]: Melon Growth Modifier: 100%
[15:50:27] [Server thread/INFO]: Mushroom Growth Modifier: 100%
[15:50:27] [Server thread/INFO]: Pumpkin Growth Modifier: 100%
[15:50:27] [Server thread/INFO]: Sapling Growth Modifier: 100%
[15:50:27] [Server thread/INFO]: Beetroot Growth Modifier: 100%
[15:50:27] [Server thread/INFO]: Carrot Growth Modifier: 100%
[15:50:27] [Server thread/INFO]: Potato Growth Modifier: 100%
[15:50:27] [Server thread/INFO]: Wheat Growth Modifier: 100%
[15:50:27] [Server thread/INFO]: NetherWart Growth Modifier: 100%
[15:50:27] [Server thread/INFO]: Vine Growth Modifier: 100%
[15:50:27] [Server thread/INFO]: Cocoa Growth Modifier: 100%
[15:50:27] [Server thread/INFO]: Bamboo Growth Modifier: 100%
[15:50:27] [Server thread/INFO]: SweetBerry Growth Modifier: 100%
[15:50:27] [Server thread/INFO]: Kelp Growth Modifier: 100%
[15:50:27] [Server thread/INFO]: TwistingVines Growth Modifier: 100%
[15:50:27] [Server thread/INFO]: WeepingVines Growth Modifier: 100%
[15:50:27] [Server thread/INFO]: CaveVines Growth Modifier: 100%
[15:50:27] [Server thread/INFO]: Entity Activation Range: An 32 / Mo 32 / Ra 48 / Mi 16 / Tiv true / Isa false
[15:50:27] [Server thread/INFO]: Entity Tracking Range: Pl 48 / An 48 / Mo 48 / Mi 32 / Di 128 / Other 64
[15:50:27] [Server thread/INFO]: Hopper Transfer: 8 Hopper Check: 1 Hopper Amount: 1 Hopper Can Load Chunks: false
[15:50:27] [Server thread/INFO]: Experience Merge Radius: 3.0
[15:50:27] [Server thread/INFO]: Mob Spawn Range: 6
[15:50:27] [Server thread/INFO]: Custom Map Seeds:  Village: 10387312 Desert: 14357617 Igloo: 14357618 Jungle: 14357619 Swamp: 14357620 Monument: 10387313 Ocean: 14357621 Shipwreck: 165745295 End City: 10387313 Slime: 987234911 Nether: 30084232 Mansion: 10387319 Fossil: 14357921 Portal: 34222645
[15:50:27] [Server thread/INFO]: Max TNT Explosions: 100
[15:50:27] [Server thread/INFO]: Tile Max Tick Time: 50ms Entity max Tick Time: 50ms
[15:50:27] [Server thread/INFO]: View Distance: 10
[15:50:27] [Server thread/INFO]: Simulation Distance: 10
[15:50:27] [Server thread/INFO]: Item Despawn Rate: 6000
[15:50:27] [Server thread/INFO]: Item Merge Radius: 2.5
[15:50:27] [Server thread/INFO]: Allow Zombie Pigmen to spawn from portal blocks: true
[15:50:27] [Server thread/INFO]: Arrow Despawn Rate: 1200 Trident Respawn Rate:1200
[15:50:27] [Server thread/INFO]: Zombie Aggressive Towards Villager: true
[15:50:27] [Server thread/INFO]: Nerfing mobs spawned from spawners: false
[15:50:27] [Server thread/INFO]: -------- World Settings For [world_nether] --------
[15:50:27] [Server thread/INFO]: Cactus Growth Modifier: 100%
[15:50:27] [Server thread/INFO]: Cane Growth Modifier: 100%
[15:50:27] [Server thread/INFO]: Melon Growth Modifier: 100%
[15:50:27] [Server thread/INFO]: Mushroom Growth Modifier: 100%
[15:50:27] [Server thread/INFO]: Pumpkin Growth Modifier: 100%
[15:50:27] [Server thread/INFO]: Sapling Growth Modifier: 100%
[15:50:27] [Server thread/INFO]: Beetroot Growth Modifier: 100%
[15:50:27] [Server thread/INFO]: Carrot Growth Modifier: 100%
[15:50:27] [Server thread/INFO]: Potato Growth Modifier: 100%
[15:50:27] [Server thread/INFO]: Wheat Growth Modifier: 100%
[15:50:27] [Server thread/INFO]: NetherWart Growth Modifier: 100%
[15:50:27] [Server thread/INFO]: Vine Growth Modifier: 100%
[15:50:27] [Server thread/INFO]: Cocoa Growth Modifier: 100%
[15:50:27] [Server thread/INFO]: Bamboo Growth Modifier: 100%
[15:50:27] [Server thread/INFO]: SweetBerry Growth Modifier: 100%
[15:50:27] [Server thread/INFO]: Kelp Growth Modifier: 100%
[15:50:27] [Server thread/INFO]: TwistingVines Growth Modifier: 100%
[15:50:27] [Server thread/INFO]: WeepingVines Growth Modifier: 100%
[15:50:27] [Server thread/INFO]: CaveVines Growth Modifier: 100%
[15:50:27] [Server thread/INFO]: Entity Activation Range: An 32 / Mo 32 / Ra 48 / Mi 16 / Tiv true / Isa false
[15:50:27] [Server thread/INFO]: Entity Tracking Range: Pl 48 / An 48 / Mo 48 / Mi 32 / Di 128 / Other 64
[15:50:27] [Server thread/INFO]: Hopper Transfer: 8 Hopper Check: 1 Hopper Amount: 1 Hopper Can Load Chunks: false
[15:50:27] [Server thread/INFO]: Experience Merge Radius: 3.0
[15:50:27] [Server thread/INFO]: Mob Spawn Range: 6
[15:50:27] [Server thread/INFO]: Custom Map Seeds:  Village: 10387312 Desert: 14357617 Igloo: 14357618 Jungle: 14357619 Swamp: 14357620 Monument: 10387313 Ocean: 14357621 Shipwreck: 165745295 End City: 10387313 Slime: 987234911 Nether: 30084232 Mansion: 10387319 Fossil: 14357921 Portal: 34222645
[15:50:27] [Server thread/INFO]: Max TNT Explosions: 100
[15:50:28] [Server thread/INFO]: Tile Max Tick Time: 50ms Entity max Tick Time: 50ms
[15:50:28] [Server thread/INFO]: View Distance: 10
[15:50:28] [Server thread/INFO]: Simulation Distance: 10
[15:50:28] [Server thread/INFO]: Item Despawn Rate: 6000
[15:50:28] [Server thread/INFO]: Item Merge Radius: 2.5
[15:50:28] [Server thread/INFO]: Allow Zombie Pigmen to spawn from portal blocks: true
[15:50:28] [Server thread/INFO]: Arrow Despawn Rate: 1200 Trident Respawn Rate:1200
[15:50:28] [Server thread/INFO]: Zombie Aggressive Towards Villager: true
[15:50:28] [Server thread/INFO]: Nerfing mobs spawned from spawners: false
[15:50:32] [Server thread/INFO]: -------- World Settings For [world_the_end] --------
[15:50:32] [Server thread/INFO]: Cactus Growth Modifier: 100%
[15:50:32] [Server thread/INFO]: Cane Growth Modifier: 100%
[15:50:32] [Server thread/INFO]: Melon Growth Modifier: 100%
[15:50:32] [Server thread/INFO]: Mushroom Growth Modifier: 100%
[15:50:32] [Server thread/INFO]: Pumpkin Growth Modifier: 100%
[15:50:32] [Server thread/INFO]: Sapling Growth Modifier: 100%
[15:50:32] [Server thread/INFO]: Beetroot Growth Modifier: 100%
[15:50:32] [Server thread/INFO]: Carrot Growth Modifier: 100%
[15:50:32] [Server thread/INFO]: Potato Growth Modifier: 100%
[15:50:32] [Server thread/INFO]: Wheat Growth Modifier: 100%
[15:50:32] [Server thread/INFO]: NetherWart Growth Modifier: 100%
[15:50:32] [Server thread/INFO]: Vine Growth Modifier: 100%
[15:50:32] [Server thread/INFO]: Cocoa Growth Modifier: 100%
[15:50:32] [Server thread/INFO]: Bamboo Growth Modifier: 100%
[15:50:32] [Server thread/INFO]: SweetBerry Growth Modifier: 100%
[15:50:32] [Server thread/INFO]: Kelp Growth Modifier: 100%
[15:50:32] [Server thread/INFO]: TwistingVines Growth Modifier: 100%
[15:50:32] [Server thread/INFO]: WeepingVines Growth Modifier: 100%
[15:50:32] [Server thread/INFO]: CaveVines Growth Modifier: 100%
[15:50:32] [Server thread/INFO]: Entity Activation Range: An 32 / Mo 32 / Ra 48 / Mi 16 / Tiv true / Isa false
[15:50:32] [Server thread/INFO]: Entity Tracking Range: Pl 48 / An 48 / Mo 48 / Mi 32 / Di 128 / Other 64
[15:50:32] [Server thread/INFO]: Hopper Transfer: 8 Hopper Check: 1 Hopper Amount: 1 Hopper Can Load Chunks: false
[15:50:32] [Server thread/INFO]: Experience Merge Radius: 3.0
[15:50:32] [Server thread/INFO]: Mob Spawn Range: 6
[15:50:32] [Server thread/INFO]: Custom Map Seeds:  Village: 10387312 Desert: 14357617 Igloo: 14357618 Jungle: 14357619 Swamp: 14357620 Monument: 10387313 Ocean: 14357621 Shipwreck: 165745295 End City: 10387313 Slime: 987234911 Nether: 30084232 Mansion: 10387319 Fossil: 14357921 Portal: 34222645
[15:50:32] [Server thread/INFO]: Max TNT Explosions: 100
[15:50:32] [Server thread/INFO]: Tile Max Tick Time: 50ms Entity max Tick Time: 50ms
[15:50:32] [Server thread/INFO]: View Distance: 10
[15:50:32] [Server thread/INFO]: Simulation Distance: 10
[15:50:32] [Server thread/INFO]: Item Despawn Rate: 6000
[15:50:32] [Server thread/INFO]: Item Merge Radius: 2.5
[15:50:32] [Server thread/INFO]: Allow Zombie Pigmen to spawn from portal blocks: true
[15:50:32] [Server thread/INFO]: Arrow Despawn Rate: 1200 Trident Respawn Rate:1200
[15:50:32] [Server thread/INFO]: Zombie Aggressive Towards Villager: true
[15:50:32] [Server thread/INFO]: Nerfing mobs spawned from spawners: false
[15:50:32] [Server thread/INFO]: Preparing start region for dimension minecraft:overworld
[15:50:42] [Worker-Main-1/INFO]: Preparing spawn area: 0%
[15:50:42] [Worker-Main-2/INFO]: Preparing spawn area: 0%
[15:50:42] [Worker-Main-1/INFO]: Preparing spawn area: 0%
[15:50:42] [Worker-Main-1/INFO]: Preparing spawn area: 0%
[15:50:42] [Worker-Main-1/INFO]: Preparing spawn area: 0%
[15:50:42] [Worker-Main-3/INFO]: Preparing spawn area: 0%
[15:50:42] [Worker-Main-3/INFO]: Preparing spawn area: 0%
[15:50:42] [Worker-Main-3/INFO]: Preparing spawn area: 0%
[15:50:42] [Worker-Main-1/INFO]: Preparing spawn area: 0%
[15:50:42] [Worker-Main-1/INFO]: Preparing spawn area: 0%
[15:50:42] [Worker-Main-1/INFO]: Preparing spawn area: 0%
[15:50:42] [Worker-Main-1/INFO]: Preparing spawn area: 0%
[15:50:42] [Worker-Main-2/INFO]: Preparing spawn area: 0%
[15:50:42] [Worker-Main-2/INFO]: Preparing spawn area: 0%
[15:50:42] [Worker-Main-3/INFO]: Preparing spawn area: 0%
[15:50:42] [Worker-Main-1/INFO]: Preparing spawn area: 0%
[15:50:42] [Worker-Main-1/INFO]: Preparing spawn area: 0%
[15:50:42] [Worker-Main-1/INFO]: Preparing spawn area: 0%
[15:50:42] [Worker-Main-1/INFO]: Preparing spawn area: 0%
[15:50:42] [Worker-Main-1/INFO]: Preparing spawn area: 0%
[15:50:42] [Worker-Main-1/INFO]: Preparing spawn area: 7%
[15:50:43] [Worker-Main-2/INFO]: Preparing spawn area: 27%
[15:50:43] [Worker-Main-2/INFO]: Preparing spawn area: 34%
[15:50:44] [Worker-Main-3/INFO]: Preparing spawn area: 86%
[15:50:44] [Server thread/INFO]: Time elapsed: 11807 ms
[15:50:44] [Server thread/INFO]: Preparing start region for dimension minecraft:the_nether
[15:50:51] [Worker-Main-1/INFO]: Preparing spawn area: 0%
[15:50:51] [Worker-Main-3/INFO]: Preparing spawn area: 0%
[15:50:51] [Worker-Main-1/INFO]: Preparing spawn area: 0%
[15:50:51] [Worker-Main-3/INFO]: Preparing spawn area: 0%
[15:50:51] [Worker-Main-1/INFO]: Preparing spawn area: 0%
[15:50:51] [Worker-Main-1/INFO]: Preparing spawn area: 0%
[15:50:51] [Worker-Main-2/INFO]: Preparing spawn area: 0%
[15:50:51] [Worker-Main-1/INFO]: Preparing spawn area: 0%
[15:50:51] [Worker-Main-2/INFO]: Preparing spawn area: 0%
[15:50:51] [Worker-Main-1/INFO]: Preparing spawn area: 0%
[15:50:51] [Worker-Main-2/INFO]: Preparing spawn area: 0%
[15:50:51] [Worker-Main-1/INFO]: Preparing spawn area: 0%
[15:50:51] [Worker-Main-1/INFO]: Preparing spawn area: 0%
[15:50:51] [Worker-Main-1/INFO]: Preparing spawn area: 0%
[15:50:51] [Worker-Main-3/INFO]: Preparing spawn area: 0%
[15:50:52] [Worker-Main-3/INFO]: Preparing spawn area: 0%
[15:50:52] [Worker-Main-3/INFO]: Preparing spawn area: 4%
[15:50:53] [Worker-Main-2/INFO]: Preparing spawn area: 17%
[15:50:53] [Worker-Main-1/INFO]: Preparing spawn area: 31%
[15:50:54] [Worker-Main-1/INFO]: Preparing spawn area: 55%
[15:50:55] [Worker-Main-3/INFO]: Preparing spawn area: 71%
[15:50:55] [Worker-Main-2/INFO]: Preparing spawn area: 84%
[15:50:55] [Worker-Main-1/INFO]: Preparing spawn area: 88%
[15:50:56] [Server thread/INFO]: Time elapsed: 11144 ms
[15:50:56] [Server thread/INFO]: Preparing start region for dimension minecraft:the_end
[15:51:00] [Worker-Main-1/INFO]: Preparing spawn area: 0%
[15:51:00] [Worker-Main-3/INFO]: Preparing spawn area: 0%
[15:51:00] [Worker-Main-1/INFO]: Preparing spawn area: 0%
[15:51:00] [Worker-Main-1/INFO]: Preparing spawn area: 0%
[15:51:00] [Worker-Main-1/INFO]: Preparing spawn area: 0%
[15:51:00] [Worker-Main-1/INFO]: Preparing spawn area: 0%
[15:51:00] [Worker-Main-3/INFO]: Preparing spawn area: 0%
[15:51:00] [Worker-Main-1/INFO]: Preparing spawn area: 0%
[15:51:00] [Worker-Main-1/INFO]: Preparing spawn area: 0%
[15:51:00] [Worker-Main-1/INFO]: Preparing spawn area: 0%
[15:51:01] [Worker-Main-3/INFO]: Preparing spawn area: 0%
[15:51:01] [Worker-Main-1/INFO]: Preparing spawn area: 16%
[15:51:02] [Worker-Main-1/INFO]: Preparing spawn area: 55%
[15:51:02] [Worker-Main-3/INFO]: Preparing spawn area: 92%
[15:51:02] [Server thread/INFO]: Time elapsed: 6675 ms
[15:51:02] [Server thread/INFO]: Server permissions file permissions.yml is empty, ignoring it
[15:51:02] [Server thread/INFO]: Done (35.295s)! For help, type "help"
[15:51:02] [Server thread/ERROR]: Couldn't load server icon
java.lang.IllegalStateException: Must be 64 pixels wide
	at com.google.common.base.Preconditions.checkState(Preconditions.java:512) ~[guava-32.1.2-jre.jar:?]
	at net.minecraft.server.MinecraftServer.lambda$15(MinecraftServer.java:1207) ~[spigot-1.20.4-R0.1-SNAPSHOT.jar:4074-Spigot-e9ec548-51bbab2]
	at java.util.Optional.flatMap(Optional.java:289) ~[?:?]
	at net.minecraft.server.MinecraftServer.bm(MinecraftServer.java:1203) ~[spigot-1.20.4-R0.1-SNAPSHOT.jar:4074-Spigot-e9ec548-51bbab2]
	at net.minecraft.server.MinecraftServer.w(MinecraftServer.java:1005) ~[spigot-1.20.4-R0.1-SNAPSHOT.jar:4074-Spigot-e9ec548-51bbab2]
	at net.minecraft.server.MinecraftServer.lambda$0(MinecraftServer.java:304) ~[spigot-1.20.4-R0.1-SNAPSHOT.jar:4074-Spigot-e9ec548-51bbab2]
	at java.lang.Thread.run(Thread.java:840) ~[?:?]
[15:51:03] [Craft Scheduler Thread - 1/INFO]: [33;1m[[32;22mSkinsRestorer[33;1m] [0;39m[32;1m----------------------------------------------[0;39m[m
[15:51:03] [Craft Scheduler Thread - 1/INFO]: [33;1m[[32;22mSkinsRestorer[33;1m] [0;39m[32;1m    +==================+[0;39m[m
[15:51:03] [Craft Scheduler Thread - 1/INFO]: [33;1m[[32;22mSkinsRestorer[33;1m] [0;39m[32;1m    |   SkinsRestorer  |[0;39m[m
[15:51:03] [Craft Scheduler Thread - 1/INFO]: [33;1m[[32;22mSkinsRestorer[33;1m] [0;39m[32;1m    |------------------|[0;39m[m
[15:51:03] [Craft Scheduler Thread - 1/INFO]: [33;1m[[32;22mSkinsRestorer[33;1m] [0;39m[32;1m    |  [34;1m[4m[21mStandalone Mode[0;39m[32;1m |[0;39m[m
[15:51:03] [Craft Scheduler Thread - 1/INFO]: [33;1m[[32;22mSkinsRestorer[33;1m] [0;39m[32;1m    +==================+[0;39m[m
[15:51:03] [Craft Scheduler Thread - 1/INFO]: [33;1m[[32;22mSkinsRestorer[33;1m] [0;39m[32;1m----------------------------------------------[0;39m[m
[15:51:03] [Craft Scheduler Thread - 1/INFO]: [33;1m[[32;22mSkinsRestorer[33;1m] [0;39m[36;1m    Version: [32;1m15.5.1[0;39m[m
[15:51:03] [Craft Scheduler Thread - 1/INFO]: [33;1m[[32;22mSkinsRestorer[33;1m] [0;39m[36;1m    Commit: [32;1md5d8613[0;39m[m
[15:51:03] [Craft Scheduler Thread - 1/INFO]: [33;1m[[32;22mSkinsRestorer[33;1m] [0;39m[32;1m    This is the latest version![0;39m[m
[15:51:03] [Craft Scheduler Thread - 1/INFO]: [33;1m[[32;22mSkinsRestorer[33;1m] [0;39m[32;1m----------------------------------------------[0;39m[m
[15:51:03] [Craft Scheduler Thread - 1/INFO]: [33;1m[[32;22mSkinsRestorer[33;1m] [0;39m[34;1mDo you have issues? Read our troubleshooting guide: [33;1mhttps://skinsrestorer.net/docs/troubleshooting[0;39m[m
[15:51:03] [Craft Scheduler Thread - 1/INFO]: [33;1m[[32;22mSkinsRestorer[33;1m] [0;39m[34;1mWant to support SkinsRestorer? Consider donating: [33;1mhttps://skinsrestorer.net/donate[0;39m[m
[18:30:50] [User Authenticator #1/INFO]: UUID of player touxl is 809b1e92-9f93-36ea-97a8-612db960112f
[18:30:51] [Server thread/INFO]: touxl joined the game
[18:30:51] [Server thread/INFO]: touxl[/127.0.0.1:47236] logged in with entity id 150 at ([world]666.3949008332088, 78.0, 1053.3091209031993)
[18:45:57] [Server thread/INFO]: touxl lost connection: Disconnected
[18:45:57] [Server thread/INFO]: touxl left the game
[18:47:02] [User Authenticator #2/INFO]: UUID of player pb is 38a257e1-2913-37d3-8dc7-ffe7cf5e33dd
[18:47:02] [User Authenticator #3/INFO]: UUID of player touxl is 809b1e92-9f93-36ea-97a8-612db960112f
[18:47:03] [Server thread/INFO]: touxl joined the game
[18:47:03] [Server thread/INFO]: touxl[/127.0.0.1:51114] logged in with entity id 2649 at ([world]671.6999999880791, 79.0, 1049.740707610901)
[18:47:04] [Server thread/INFO]: pb joined the game
[18:47:04] [Server thread/INFO]: pb[/127.0.0.1:51100] logged in with entity id 2648 at ([world]38.739440587665385, 70.0, 39.83787799021659)
[18:47:29] [Async Chat Thread - #0/INFO]: [Not Secure] <touxl> ä½ åˆ° 673 80 1047
[18:47:41] [Async Chat Thread - #1/INFO]: [Not Secure] <touxl> æœ‰ç‚¹è¿œ
[18:47:47] [Async Chat Thread - #0/INFO]: [Not Secure] <pb> èµ°è¿‡æ¥å—
[18:47:51] [Async Chat Thread - #1/INFO]: [Not Secure] <touxl> å¯¹
[18:48:11] [Async Chat Thread - #0/INFO]: [Not Secure] <touxl> tshæ‰¾äº†æ‘åº„æ‰€ä»¥æˆ‘è¿‡æ¥äº†
[18:48:31] [Server thread/WARN]: pb moved too quickly! 13.259179914512153,0.16610926093821377,1.153348201000874
[18:53:54] [Server thread/INFO]: pb was blown up by Creeper
[18:53:59] [Async Chat Thread - #3/INFO]: [Not Secure] <touxl> y
[18:54:03] [Async Chat Thread - #2/INFO]: [Not Secure] <pb> TM
[18:54:04] [Async Chat Thread - #3/INFO]: [Not Secure] <touxl> 6
[18:54:25] [Async Chat Thread - #2/INFO]: [Not Secure] <touxl> é‡ä¸­ä¹‹é‡zzzzzz
[18:54:26] [Server thread/INFO]: pb lost connection: Disconnected
[18:54:26] [Server thread/INFO]: pb left the game
[18:54:27] [User Authenticator #4/INFO]: UUID of player pb is 38a257e1-2913-37d3-8dc7-ffe7cf5e33dd
[18:54:28] [Server thread/INFO]: pb joined the game
[18:54:28] [Server thread/INFO]: pb[/127.0.0.1:49764] logged in with entity id 6152 at ([world]77.81738315776998, 64.0, 68.93216435419927)
[18:54:32] [Server thread/INFO]: Villager EntityVillager['Fisherman'/2876, l='ServerLevel[world]', x=696.65, y=66.00, z=1124.83] died, message: 'Fisherman was shot by Pillager'
[18:54:56] [Server thread/INFO]: Villager EntityVillager['Toolsmith'/2879, l='ServerLevel[world]', x=697.22, y=66.00, z=1124.30] died, message: 'Toolsmith was shot by Pillager'
[18:55:20] [Server thread/INFO]: Villager EntityVillager['Nitwit'/2880, l='ServerLevel[world]', x=696.74, y=66.00, z=1124.38] died, message: 'Nitwit was shot by Pillager'
[18:56:27] [Server thread/INFO]: Villager EntityVillager['Fisherman'/2873, l='ServerLevel[world]', x=698.32, y=66.00, z=1125.26] died, message: 'Fisherman was shot by Pillager'
[18:56:46] [Server thread/INFO]: Villager EntityVillager['Toolsmith'/2881, l='ServerLevel[world]', x=698.00, y=67.00, z=1126.59] died, message: 'Toolsmith was shot by Pillager'
[18:56:54] [Server thread/INFO]: Villager EntityVillager['Fisherman'/2875, l='ServerLevel[world]', x=698.30, y=66.14, z=1121.01] died, message: 'Fisherman was shot by Pillager'
[18:57:01] [Server thread/INFO]: pb fell from a high place
[18:57:06] [Server thread/INFO]: Villager EntityVillager['Fisherman'/2882, l='ServerLevel[world]', x=696.49, y=66.00, z=1124.64] died, message: 'Fisherman was shot by Pillager'
[18:57:06] [Async Chat Thread - #5/INFO]: [Not Secure] <pb> AAA
[18:57:17] [Server thread/INFO]: Villager EntityVillager['Weaponsmith'/2874, l='ServerLevel[world]', x=698.27, y=66.00, z=1125.14] died, message: 'Weaponsmith was shot by Pillager'
[18:57:22] [Async Chat Thread - #4/INFO]: [Not Secure] <touxl> æˆ‘å»æ‰¾ä½ å§
[18:57:25] [Async Chat Thread - #5/INFO]: [Not Secure] <touxl> ä½ åœ¨å“ª
[18:57:35] [Async Chat Thread - #4/INFO]: [Not Secure] <touxl> æˆ‘é¡ºä¾¿å¥½æç‚¹æœ¨å¤´
[18:57:42] [Async Chat Thread - #5/INFO]: [Not Secure] <pb> WOYOUMUTOU
[18:58:00] [Async Chat Thread - #4/INFO]: [Not Secure] <touxl> ä½ å°±åœ¨é‚£ææœ¨å¤´ï¼Œæˆ‘å»æ‰¾ä½ 
[18:58:04] [Async Chat Thread - #5/INFO]: [Not Secure] <touxl> ä½ åœ¨å“ª
[18:58:07] [Async Chat Thread - #5/INFO]: [Not Secure] <pb> meishi
[18:58:16] [Async Chat Thread - #4/INFO]: [Not Secure] <pb> æˆ‘å»æ‘åº„
[18:58:17] [Async Chat Thread - #4/INFO]: [Not Secure] <touxl> å¥½å§
[19:00:50] [Async Chat Thread - #7/INFO]: [Not Secure] <pb> DAOLE
[19:01:27] [Async Chat Thread - #6/INFO]: [Not Secure] <touxl> å“ªé‡Œ
[19:01:36] [Async Chat Thread - #6/INFO]: [Not Secure] <pb> CUNZHUANG
[19:02:17] [Async Chat Thread - #7/INFO]: [Not Secure] <touxl> äººåœ¨å“ª
[19:02:23] [Async Chat Thread - #6/INFO]: [Not Secure] <touxl> æ²¡çœ‹åˆ°
[19:04:38] [Async Chat Thread - #9/INFO]: [Not Secure] <pb> 735 124 151
[19:04:54] [Async Chat Thread - #8/INFO]: [Not Secure] <touxl> ä¸æ˜¯å•Š
[19:05:02] [Server thread/INFO]: pb has made the advancement [Sweet Dreams]
[19:05:34] [Async Chat Thread - #9/INFO]: [Not Secure] <touxl> 673 80 1047
[19:06:18] [Server thread/INFO]: pb has made the advancement [Acquire Hardware]
[19:06:32] [Async Chat Thread - #8/INFO]: [Not Secure] <pb> éš¾é“è¿™æ˜¯å¦å¤–ä¸€ä¸ª
[19:06:39] [Async Chat Thread - #9/INFO]: [Not Secure] <touxl> æ˜¯çš„
[19:06:53] [Async Chat Thread - #8/INFO]: [Not Secure] <touxl> æˆ‘éƒ½èµ¶äº†ä¸¤å¤©
[19:06:58] [Async Chat Thread - #9/INFO]: [Not Secure] <touxl> æˆ‘è¯´ä½ æ€ä¹ˆè¿™ä¹ˆå¿«
[19:09:46] [Async Chat Thread - #11/INFO]: [Not Secure] <pb> è¿™é™„è¿‘åªæœ‰ä¸€ä¸ªæ‘åº„å•Š
[19:10:05] [Async Chat Thread - #10/INFO]: [Not Secure] <pb> ä½ ç¡®å®šæ²¡éœ²ç¬¦å·
[19:10:30] [Async Chat Thread - #11/INFO]: [Not Secure] <touxl> ä¸æ˜¯ï¼Œä¸­é—´çš„æ˜¯é«˜åº¦
[19:10:35] [Async Chat Thread - #10/INFO]: [Not Secure] <touxl> è¿™ä¸ªåæ ‡
[19:10:52] [Async Chat Thread - #11/INFO]: [Not Secure] <touxl> æ¨ªè½´600å¤šçºµè½´100å¤š
[19:11:05] [Async Chat Thread - #10/INFO]: [Not Secure] <touxl> ä¸­é—´é‚£ä¸ª80æ˜¯çºµè½´
[19:11:14] [Async Chat Thread - #11/INFO]: [Not Secure] <touxl> ä¸å¯¹ï¼Œæ˜¯é«˜åº¦
[19:12:38] [Async Chat Thread - #13/INFO]: [Not Secure] <pb> WCä½ ä¸€å¼€å§‹å‘çš„æ˜¯104
[19:13:38] [Async Chat Thread - #12/INFO]: [Not Secure] <touxl> è·¯ä¸Šçœ‹åˆ°æ²™æ¼ é‡Œçš„é‚£ç§æ¯æå¸®æˆ‘å¸¦å‡ ä¸ª
[19:13:52] [Async Chat Thread - #13/INFO]: [Not Secure] <pb> é‚£ä¸ªä¸æ˜¯æœ¨æ£å—
[19:14:05] [Async Chat Thread - #12/INFO]: [Not Secure] <touxl> å¥½å§
[19:14:21] [User Authenticator #5/INFO]: UUID of player zxzaizxy is b6abe65a-78ff-3474-894d-f1e0bc539b6d
[19:14:22] [Server thread/INFO]: zxzaizxy joined the game
[19:14:22] [Server thread/INFO]: zxzaizxy[/127.0.0.1:44634] logged in with entity id 15074 at ([world]54.5, 64.0, 28.5)
[19:14:56] [Async Chat Thread - #13/INFO]: [Not Secure] <touxl> zxz æ¥ 673 80 1047
[19:16:03] [Async Chat Thread - #15/INFO]: [Not Secure] <pb> DAOLE
[19:17:21] [Async Chat Thread - #17/INFO]: [Not Secure] <pb> ZZZZZZZ
[19:17:36] [Async Chat Thread - #16/INFO]: [Not Secure] <pb> ç¡è§‰
[19:17:43] [Server thread/INFO]: zxzaizxy lost connection: Disconnected
[19:17:43] [Server thread/INFO]: zxzaizxy left the game
[19:18:34] [Async Chat Thread - #17/INFO]: [Not Secure] <pb> GHB ä½ äººå‘¢
[19:19:06] [Async Chat Thread - #16/INFO]: [Not Secure] <touxl> ä½ åˆ°äº†
[19:19:12] [Async Chat Thread - #17/INFO]: [Not Secure] <pb> DUI
[19:19:19] [Async Chat Thread - #16/INFO]: [Not Secure] <touxl> å±±ä¸Šæœ‰ä¸ªå±‹å­
[19:19:32] [Server thread/INFO]: pb has made the advancement [Suit Up]
[19:19:33] [Async Chat Thread - #17/INFO]: [Not Secure] <touxl> å°±åœ¨æ‘åº„æ—
[19:20:03] [Server thread/INFO]: pb has made the advancement [Isn't It Iron Pick]
[19:20:17] [Async Chat Thread - #16/INFO]: [Not Secure] <pb> KANDAOL
[19:20:19] [User Authenticator #6/INFO]: UUID of player zxzaizxy is b6abe65a-78ff-3474-894d-f1e0bc539b6d
[19:20:19] [Server thread/INFO]: zxzaizxy joined the game
[19:20:19] [Server thread/INFO]: zxzaizxy[/127.0.0.1:48728] logged in with entity id 17535 at ([world]48.567035782573086, 72.0, 67.99726038755605)
[19:20:25] [Async Chat Thread - #17/INFO]: [Not Secure] <pb> ä½ ä¹Ÿä¸åœ¨å•Š
[19:20:35] [Async Chat Thread - #16/INFO]: [Not Secure] <touxl> åœ¨é˜¿
[19:21:46] [Server thread/INFO]: pb has made the advancement [Diamonds!]
[19:22:24] [Async Chat Thread - #19/INFO]: [Not Secure] <pb> æˆ‘è¦æŒ–åœ°çª–
[19:22:50] [Async Chat Thread - #18/INFO]: [Not Secure] <touxl> tshå±‹å­åœ¨é‚£è¾¹
[19:26:30] [Async Chat Thread - #21/INFO]: [Not Secure] <touxl> æˆ‘æŒ–çŸ¿å»äº†
[19:28:45] [Server thread/INFO]: zxzaizxy lost connection: Disconnected
[19:28:45] [Server thread/INFO]: zxzaizxy left the game
[19:29:08] [Server thread/INFO]: touxl lost connection: Disconnected
[19:29:08] [Server thread/INFO]: touxl left the game
[19:29:20] [User Authenticator #7/INFO]: UUID of player touxl is 809b1e92-9f93-36ea-97a8-612db960112f
[19:29:21] [Server thread/INFO]: touxl joined the game
[19:29:21] [Server thread/INFO]: touxl[/127.0.0.1:35434] logged in with entity id 20993 at ([world]695.4445773228788, 53.0, 1021.5280210293761)
[19:29:31] [User Authenticator #8/INFO]: UUID of player zxzaizxy is b6abe65a-78ff-3474-894d-f1e0bc539b6d
[19:29:31] [Server thread/INFO]: zxzaizxy joined the game
[19:29:31] [Server thread/INFO]: zxzaizxy[/127.0.0.1:48224] logged in with entity id 21151 at ([world]30.50626180434473, 78.0, 87.99712929503448)
[19:29:36] [Server thread/INFO]: zxzaizxy lost connection: Disconnected
[19:29:36] [Server thread/INFO]: zxzaizxy left the game
[19:29:41] [Async Chat Thread - #23/INFO]: [Not Secure] <touxl> ç¡
[19:29:45] [Async Chat Thread - #22/INFO]: [Not Secure] <touxl> æˆ‘é€€
[19:29:47] [Server thread/INFO]: touxl lost connection: Disconnected
[19:29:47] [Server thread/INFO]: touxl left the game
[19:29:53] [User Authenticator #9/INFO]: UUID of player touxl is 809b1e92-9f93-36ea-97a8-612db960112f
[19:29:53] [Server thread/INFO]: touxl joined the game
[19:29:53] [Server thread/INFO]: touxl[/127.0.0.1:35486] logged in with entity id 21337 at ([world]695.6581476665164, 53.0, 1022.5272644436845)
[19:30:40] [User Authenticator #10/INFO]: UUID of player zxzaizxy is b6abe65a-78ff-3474-894d-f1e0bc539b6d
[19:30:40] [Server thread/INFO]: zxzaizxy joined the game
[19:30:40] [Server thread/INFO]: zxzaizxy[/127.0.0.1:60730] logged in with entity id 21584 at ([world]30.50626180434473, 78.0, 87.99712929503448)
[19:32:14] [Server thread/INFO]: zxzaizxy has made the advancement [Stone Age]
[19:33:25] [Server thread/INFO]: zxzaizxy discovered the floor was lava
[19:33:31] [Async Chat Thread - #25/INFO]: [Not Secure] <touxl> ä¸€æŒ–13ä¸ªé’»
[19:38:29] [Async Chat Thread - #27/INFO]: [Not Secure] <touxl> ç›´æ¥tpå§
[19:38:39] [Async Chat Thread - #26/INFO]: [Not Secure] <touxl> è¿™ä¸ªåœ°æ–¹ç¡®å®æœ‰ç‚¹è¿œ
[19:39:07] [Async Chat Thread - #27/INFO]: [Not Secure] <touxl> pytä½ åœ¨åœ°ä¸‹å—
[19:39:18] [Async Chat Thread - #27/INFO]: [Not Secure] <pb> SHIDE
[19:39:33] [Async Chat Thread - #26/INFO]: [Not Secure] <touxl> é‚£tpä¸äº†å•Š
[19:39:42] [Async Chat Thread - #27/INFO]: [Not Secure] <pb> WEISHA
[19:39:54] [Async Chat Thread - #26/INFO]: [Not Secure] <touxl> ä»–æ²¡æœ‰è´´å¥—ï¼Œä¸‹çŸ¿å°±æ­»äº†
[19:39:58] [Async Chat Thread - #27/INFO]: [Not Secure] <touxl> æœ€å¥½åœ°ä¸Š
[19:40:04] [Async Chat Thread - #26/INFO]: [Not Secure] <pb> æˆ‘åœ¨æŒ–åœ°çª–
[19:40:09] [Async Chat Thread - #26/INFO]: [Not Secure] <touxl> ç®—äº†æˆ‘æ­»å›å»
[19:40:12] [Async Chat Thread - #27/INFO]: [Not Secure] <pb> æ²¡ä¸‹çŸ¿
[19:41:08] [Server thread/INFO]: touxl drowned
[19:41:47] [Server thread/INFO]: Unknown or incomplete command, see below for error
[19:41:47] [Server thread/INFO]: tp<--[HERE]
[19:41:58] [Server thread/INFO]: Teleported zxzaizxy to touxl
[19:42:21] [Async Chat Thread - #29/INFO]: [Not Secure] <touxl> æ‹¿ç€å•Š
[19:42:26] [Server thread/INFO]: zxzaizxy has made the advancement [Diamonds!]
[19:42:37] [Server thread/INFO]: zxzaizxy lost connection: Disconnected
[19:42:37] [Server thread/INFO]: zxzaizxy left the game
[19:42:37] [Async Chat Thread - #28/INFO]: [Not Secure] <touxl> zzzzzzz
[19:42:50] [User Authenticator #11/INFO]: UUID of player zxzaizxy is b6abe65a-78ff-3474-894d-f1e0bc539b6d
[19:42:50] [Server thread/INFO]: zxzaizxy joined the game
[19:42:50] [Server thread/INFO]: zxzaizxy[/127.0.0.1:52204] logged in with entity id 26453 at ([world]672.8237609035004, 79.0, 1044.7826345442702)
[19:44:03] [Async Chat Thread - #31/INFO]: [Not Secure] <touxl> zxä½ å»æ‰¾ä¸ªåºŠ
[19:44:19] [Async Chat Thread - #30/INFO]: [Not Secure] <touxl> ä¸ç„¶æ­»äº†å°±ä¼šå›å‡ºç”Ÿç‚¹
[19:45:36] [Async Chat Thread - #33/INFO]: [Not Secure] <pb> è°å¤©å¤©è®©è‹¦åŠ›æ€•ç‚¸å•Š
[19:45:49] [Async Chat Thread - #32/INFO]: [Not Secure] <touxl> å…¨æ˜¯åº“é‡Œå•ª
[19:45:56] [Server thread/INFO]: touxl issued server command: /tell touxl æˆ‘æ€äº†4ä¸ªäº†
[19:46:02] [Async Chat Thread - #33/INFO]: [Not Secure] <touxl> ä¸­é‚£ä¹ˆå›äº‹
[19:46:19] [Async Chat Thread - #32/INFO]: [Not Secure] <touxl> æˆ‘æ€äº†4ä¸ªäº†
[19:54:11] [Async Chat Thread - #35/INFO]: [Not Secure] <touxl> zzzzzzzz
[19:54:20] [Server thread/INFO]: zxzaizxy lost connection: Disconnected
[19:54:20] [Server thread/INFO]: zxzaizxy left the game
[19:54:53] [User Authenticator #12/INFO]: UUID of player zxzaizxy is b6abe65a-78ff-3474-894d-f1e0bc539b6d
[19:54:53] [Server thread/INFO]: zxzaizxy joined the game
[19:54:53] [Server thread/INFO]: zxzaizxy[/127.0.0.1:56222] logged in with entity id 29568 at ([world]686.1087126824671, 64.0, 1164.9194209581883)
[19:59:00] [Server thread/INFO]: zxzaizxy lost connection: Disconnected
[19:59:00] [Server thread/INFO]: zxzaizxy left the game
[20:02:06] [Async Chat Thread - #37/INFO]: [Not Secure] <touxl> ä½ è¿™æ˜¯ä»€ä¹ˆçš®è‚¤
[20:02:10] [Async Chat Thread - #36/INFO]: [Not Secure] <pb> ä¸çŸ¥é“
[20:02:17] [Async Chat Thread - #37/INFO]: [Not Secure] <touxl> å¥½å§
[20:02:21] [Async Chat Thread - #36/INFO]: [Not Secure] <pb> å†ç»™æˆ‘ä¸‰ä¸ªé’»çŸ³æ¯
[20:02:30] [Async Chat Thread - #37/INFO]: [Not Secure] <pb> æˆ‘å“‡æŠ¥äº†ä¸€ä¸ª
[20:14:11] [Server thread/INFO]: touxl lost connection: Disconnected
[20:14:11] [Server thread/INFO]: touxl left the game
[20:16:44] [Server thread/INFO]: pb lost connection: Disconnected
[20:16:45] [Server thread/INFO]: pb left the game
[20:18:17] [User Authenticator #13/INFO]: UUID of player touxl is 809b1e92-9f93-36ea-97a8-612db960112f
[20:18:17] [Server thread/INFO]: touxl joined the game
[20:18:17] [Server thread/INFO]: touxl[/127.0.0.1:42380] logged in with entity id 34730 at ([world]667.9673396468681, 75.0, 1049.936221182425)
[20:30:20] [User Authenticator #14/INFO]: UUID of player zxzaizxy is b6abe65a-78ff-3474-894d-f1e0bc539b6d
[20:30:20] [Server thread/INFO]: zxzaizxy joined the game
[20:30:20] [Server thread/INFO]: zxzaizxy[/127.0.0.1:55250] logged in with entity id 36825 at ([world]685.0490852501074, 64.0, 1164.1043712930425)
[20:38:06] [Server thread/INFO]: zxzaizxy has made the advancement [Sweet Dreams]
[20:38:17] [Server thread/INFO]: touxl lost connection: Disconnected
[20:38:17] [Server thread/INFO]: touxl left the game
[20:38:25] [User Authenticator #15/INFO]: UUID of player touxl is 809b1e92-9f93-36ea-97a8-612db960112f
[20:38:25] [Server thread/INFO]: touxl joined the game
[20:38:25] [Server thread/INFO]: touxl[/127.0.0.1:52566] logged in with entity id 38652 at ([world]667.379610389671, 72.0, 1054.407558775825)
[20:46:54] [Server thread/INFO]: zxzaizxy drowned
[20:49:26] [Async Chat Thread - #39/INFO]: [Not Secure] <touxl> zzzzzzzzzzzz
[20:51:33] [Server thread/INFO]: zxzaizxy has made the advancement [Getting an Upgrade]
[20:56:08] [Server thread/INFO]: touxl was impaled on a stalagmite
[21:00:17] [Async Chat Thread - #41/INFO]: [Not Secure] <touxl> ZZZZZZZZZZZZZZZZZZZZZZZZZZZZZZZZZZZZZZZZZZZZZZZZZ
[21:00:24] [Server thread/INFO]: zxzaizxy lost connection: Disconnected
[21:00:24] [Server thread/INFO]: zxzaizxy left the game
[21:00:33] [User Authenticator #16/INFO]: UUID of player zxzaizxy is b6abe65a-78ff-3474-894d-f1e0bc539b6d
[21:00:34] [Server thread/INFO]: zxzaizxy joined the game
[21:00:34] [Server thread/INFO]: zxzaizxy[/127.0.0.1:53354] logged in with entity id 45391 at ([world]999.5786981594831, 121.0, 1211.0345844281662)
[21:11:49] [Server thread/INFO]: zxzaizxy lost connection: Disconnected
[21:11:49] [Server thread/INFO]: zxzaizxy left the game
[21:25:30] [Server thread/INFO]: touxl lost connection: Disconnected
[21:25:30] [Server thread/INFO]: touxl left the game
[23:06:43] [Server thread/INFO]: Stopping the server
[23:06:43] [Server thread/INFO]: Stopping server
[23:06:43] [Server thread/INFO]: [SkinsRestorer] Disabling SkinsRestorer v15.5.1
[23:06:43] [Server thread/INFO]: Saving players
[23:06:43] [Server thread/INFO]: Saving worlds
[23:06:44] [Server thread/INFO]: Saving chunks for level 'ServerLevel[world]'/minecraft:overworld
[23:06:46] [Server thread/INFO]: Saving chunks for level 'ServerLevel[world_nether]'/minecraft:the_nether
[23:06:47] [Server thread/INFO]: Saving chunks for level 'ServerLevel[world_the_end]'/minecraft:the_end
[23:06:48] [Server thread/INFO]: ThreadedAnvilChunkStorage (world): All chunks are saved
[23:06:48] [Server thread/INFO]: ThreadedAnvilChunkStorage (DIM-1): All chunks are saved
[23:06:48] [Server thread/INFO]: ThreadedAnvilChunkStorage (DIM1): All chunks are saved
[23:06:48] [Server thread/INFO]: ThreadedAnvilChunkStorage: All dimensions are saved
