[16:47:50] [ServerMain/INFO]: Environment: Environment[sessionHost=https://sessionserver.mojang.com, servicesHost=https://api.minecraftservices.com, name=PROD]
[16:47:52] [ServerMain/INFO]: Loaded 7 recipes
[16:47:53] [Server thread/INFO]: Starting minecraft server version 1.20.4
[16:47:53] [Server thread/INFO]: Loading properties
[16:47:53] [Server thread/INFO]: This server is running CraftBukkit version 4074-Spigot-e9ec548-51bbab2 (MC: 1.20.4) (Implementing API version 1.20.4-R0.1-SNAPSHOT)
[16:47:54] [Server thread/INFO]: Server Ping Player Sample Count: 12
[16:47:54] [Server thread/INFO]: Using 4 threads for Netty based IO
[16:47:54] [Server thread/INFO]: Debug logging is disabled
[16:47:54] [Server thread/INFO]: Default game type: SURVIVAL
[16:47:54] [Server thread/INFO]: Generating keypair
[16:47:54] [Server thread/INFO]: Starting Minecraft server on *:25566
[16:47:54] [Server thread/INFO]: Using epoll channel type
[16:47:55] [Server thread/INFO]: [CoreProtect] Loading CoreProtect v22.4
[16:47:55] [Server thread/INFO]: [ViaVersion] Loading ViaVersion v5.2.1
[16:47:55] [Server thread/INFO]: [ViaVersion] ViaVersion 5.2.1 is now loaded. Registering protocol transformers and injecting...
[16:47:56] [Via-Mappingloader-0/INFO]: [ViaVersion] Loading block connection mappings ...
[16:47:56] [Via-Mappingloader-0/INFO]: [ViaVersion] Using FastUtil Long2ObjectOpenHashMap for block connections
[16:47:56] [Server thread/INFO]: [ViaBackwards] Loading translations...
[16:47:56] [Server thread/INFO]: [ViaBackwards] Registering protocols...
[16:47:57] [Server thread/INFO]: [ViaRewind] Registering protocols...
[16:47:57] [Server thread/INFO]: [MeowPlugin] Loading MeowPlugin v0.1
[16:47:57] [Server thread/INFO]: [TabTPS] Loading TabTPS v1.3.22
[16:47:57] [Server thread/INFO]: [ViaBackwards] Loading ViaBackwards v5.2.1
[16:47:57] [Server thread/INFO]: [ViaRewind] Loading ViaRewind v4.0.5
[16:47:57] [Server thread/INFO]: [SkinsRestorer] Loading SkinsRestorer v15.5.2
[16:47:57] [Server thread/INFO]: [ViaRewind] Enabling ViaRewind v4.0.5
[16:47:57] [Server thread/INFO]: [SkinsRestorer] Enabling SkinsRestorer v15.5.2
[16:47:58] [Server thread/WARN]: [33;1m[[32;22mSkinsRestorer[33;1m] [0;39m[33;1mYou must agree to the rules at 'commands.perSkinPermissionsConsent' in the config to use per skin permissions.[0;39m
[16:47:58] [Server thread/INFO]: [33;1m[[32;22mSkinsRestorer[33;1m] [0;39m[32;1mRunning on Minecraft [33;1m1.20.4[32;1m.[0;39m[m
[16:47:59] [Server thread/WARN]: [33;1m[[32;22mSkinsRestorer[33;1m] [0;39m[33;1m[33;1mPlease update your Java runtime to at least Java 21 (your version is 17).[0;39m
[16:47:59] [Server thread/WARN]: [33;1m[[32;22mSkinsRestorer[33;1m] [0;39m[33;1m[33;1mAt some point in the future, SkinsRestorer will no longer be compatible with this version of Java.[0;39m
[16:47:59] [Server thread/WARN]: **** SERVER IS RUNNING IN OFFLINE/INSECURE MODE!
[16:47:59] [Server thread/WARN]: The server will make no attempt to authenticate usernames. Beware.
[16:47:59] [Server thread/WARN]: While this makes the game possible to play without internet access, it also opens up the ability for hackers to connect with any username they choose.
[16:47:59] [Server thread/WARN]: To change this, set "online-mode" to "true" in the server.properties file.
[16:47:59] [Server thread/INFO]: Preparing level "world"
[16:47:59] [Server thread/INFO]: -------- World Settings For [world] --------
[16:47:59] [Server thread/INFO]: Cactus Growth Modifier: 100%
[16:47:59] [Server thread/INFO]: Cane Growth Modifier: 100%
[16:47:59] [Server thread/INFO]: Melon Growth Modifier: 100%
[16:47:59] [Server thread/INFO]: Mushroom Growth Modifier: 100%
[16:47:59] [Server thread/INFO]: Pumpkin Growth Modifier: 100%
[16:47:59] [Server thread/INFO]: Sapling Growth Modifier: 100%
[16:47:59] [Server thread/INFO]: Beetroot Growth Modifier: 100%
[16:47:59] [Server thread/INFO]: Carrot Growth Modifier: 100%
[16:47:59] [Server thread/INFO]: Potato Growth Modifier: 100%
[16:47:59] [Server thread/INFO]: Wheat Growth Modifier: 100%
[16:47:59] [Server thread/INFO]: NetherWart Growth Modifier: 100%
[16:47:59] [Server thread/INFO]: Vine Growth Modifier: 100%
[16:47:59] [Server thread/INFO]: Cocoa Growth Modifier: 100%
[16:47:59] [Server thread/INFO]: Bamboo Growth Modifier: 100%
[16:47:59] [Server thread/INFO]: SweetBerry Growth Modifier: 100%
[16:47:59] [Server thread/INFO]: Kelp Growth Modifier: 100%
[16:47:59] [Server thread/INFO]: TwistingVines Growth Modifier: 100%
[16:47:59] [Server thread/INFO]: WeepingVines Growth Modifier: 100%
[16:47:59] [Server thread/INFO]: CaveVines Growth Modifier: 100%
[16:47:59] [Server thread/INFO]: Entity Activation Range: An 32 / Mo 32 / Ra 48 / Mi 16 / Tiv true / Isa false
[16:47:59] [Server thread/INFO]: Entity Tracking Range: Pl 48 / An 48 / Mo 48 / Mi 32 / Di 128 / Other 64
[16:47:59] [Server thread/INFO]: Hopper Transfer: 8 Hopper Check: 1 Hopper Amount: 1 Hopper Can Load Chunks: false
[16:47:59] [Server thread/INFO]: Experience Merge Radius: 3.0
[16:47:59] [Server thread/INFO]: Mob Spawn Range: 6
[16:47:59] [Server thread/INFO]: Custom Map Seeds:  Village: 10387312 Desert: 14357617 Igloo: 14357618 Jungle: 14357619 Swamp: 14357620 Monument: 10387313 Ocean: 14357621 Shipwreck: 165745295 End City: 10387313 Slime: 987234911 Nether: 30084232 Mansion: 10387319 Fossil: 14357921 Portal: 34222645
[16:47:59] [Server thread/INFO]: Max TNT Explosions: 100
[16:47:59] [Server thread/INFO]: Tile Max Tick Time: 50ms Entity max Tick Time: 50ms
[16:47:59] [Server thread/INFO]: View Distance: 10
[16:47:59] [Server thread/INFO]: Simulation Distance: 10
[16:47:59] [Server thread/INFO]: Item Despawn Rate: 6000
[16:47:59] [Server thread/INFO]: Item Merge Radius: 2.5
[16:47:59] [Server thread/INFO]: Allow Zombie Pigmen to spawn from portal blocks: true
[16:47:59] [Server thread/INFO]: Arrow Despawn Rate: 1200 Trident Respawn Rate:1200
[16:47:59] [Server thread/INFO]: Zombie Aggressive Towards Villager: true
[16:47:59] [Server thread/INFO]: Nerfing mobs spawned from spawners: false
[16:47:59] [Server thread/INFO]: -------- World Settings For [world_nether] --------
[16:47:59] [Server thread/INFO]: Cactus Growth Modifier: 100%
[16:47:59] [Server thread/INFO]: Cane Growth Modifier: 100%
[16:47:59] [Server thread/INFO]: Melon Growth Modifier: 100%
[16:47:59] [Server thread/INFO]: Mushroom Growth Modifier: 100%
[16:47:59] [Server thread/INFO]: Pumpkin Growth Modifier: 100%
[16:47:59] [Server thread/INFO]: Sapling Growth Modifier: 100%
[16:47:59] [Server thread/INFO]: Beetroot Growth Modifier: 100%
[16:47:59] [Server thread/INFO]: Carrot Growth Modifier: 100%
[16:47:59] [Server thread/INFO]: Potato Growth Modifier: 100%
[16:47:59] [Server thread/INFO]: Wheat Growth Modifier: 100%
[16:47:59] [Server thread/INFO]: NetherWart Growth Modifier: 100%
[16:47:59] [Server thread/INFO]: Vine Growth Modifier: 100%
[16:47:59] [Server thread/INFO]: Cocoa Growth Modifier: 100%
[16:47:59] [Server thread/INFO]: Bamboo Growth Modifier: 100%
[16:47:59] [Server thread/INFO]: SweetBerry Growth Modifier: 100%
[16:47:59] [Server thread/INFO]: Kelp Growth Modifier: 100%
[16:47:59] [Server thread/INFO]: TwistingVines Growth Modifier: 100%
[16:47:59] [Server thread/INFO]: WeepingVines Growth Modifier: 100%
[16:47:59] [Server thread/INFO]: CaveVines Growth Modifier: 100%
[16:47:59] [Server thread/INFO]: Entity Activation Range: An 32 / Mo 32 / Ra 48 / Mi 16 / Tiv true / Isa false
[16:47:59] [Server thread/INFO]: Entity Tracking Range: Pl 48 / An 48 / Mo 48 / Mi 32 / Di 128 / Other 64
[16:47:59] [Server thread/INFO]: Hopper Transfer: 8 Hopper Check: 1 Hopper Amount: 1 Hopper Can Load Chunks: false
[16:47:59] [Server thread/INFO]: Experience Merge Radius: 3.0
[16:47:59] [Server thread/INFO]: Mob Spawn Range: 6
[16:47:59] [Server thread/INFO]: Custom Map Seeds:  Village: 10387312 Desert: 14357617 Igloo: 14357618 Jungle: 14357619 Swamp: 14357620 Monument: 10387313 Ocean: 14357621 Shipwreck: 165745295 End City: 10387313 Slime: 987234911 Nether: 30084232 Mansion: 10387319 Fossil: 14357921 Portal: 34222645
[16:47:59] [Server thread/INFO]: Max TNT Explosions: 100
[16:47:59] [Server thread/INFO]: Tile Max Tick Time: 50ms Entity max Tick Time: 50ms
[16:47:59] [Server thread/INFO]: View Distance: 10
[16:47:59] [Server thread/INFO]: Simulation Distance: 10
[16:47:59] [Server thread/INFO]: Item Despawn Rate: 6000
[16:47:59] [Server thread/INFO]: Item Merge Radius: 2.5
[16:47:59] [Server thread/INFO]: Allow Zombie Pigmen to spawn from portal blocks: true
[16:47:59] [Server thread/INFO]: Arrow Despawn Rate: 1200 Trident Respawn Rate:1200
[16:47:59] [Server thread/INFO]: Zombie Aggressive Towards Villager: true
[16:47:59] [Server thread/INFO]: Nerfing mobs spawned from spawners: false
[16:48:03] [Server thread/INFO]: -------- World Settings For [world_the_end] --------
[16:48:03] [Server thread/INFO]: Cactus Growth Modifier: 100%
[16:48:03] [Server thread/INFO]: Cane Growth Modifier: 100%
[16:48:03] [Server thread/INFO]: Melon Growth Modifier: 100%
[16:48:03] [Server thread/INFO]: Mushroom Growth Modifier: 100%
[16:48:03] [Server thread/INFO]: Pumpkin Growth Modifier: 100%
[16:48:03] [Server thread/INFO]: Sapling Growth Modifier: 100%
[16:48:03] [Server thread/INFO]: Beetroot Growth Modifier: 100%
[16:48:03] [Server thread/INFO]: Carrot Growth Modifier: 100%
[16:48:03] [Server thread/INFO]: Potato Growth Modifier: 100%
[16:48:03] [Server thread/INFO]: Wheat Growth Modifier: 100%
[16:48:03] [Server thread/INFO]: NetherWart Growth Modifier: 100%
[16:48:03] [Server thread/INFO]: Vine Growth Modifier: 100%
[16:48:03] [Server thread/INFO]: Cocoa Growth Modifier: 100%
[16:48:03] [Server thread/INFO]: Bamboo Growth Modifier: 100%
[16:48:03] [Server thread/INFO]: SweetBerry Growth Modifier: 100%
[16:48:03] [Server thread/INFO]: Kelp Growth Modifier: 100%
[16:48:03] [Server thread/INFO]: TwistingVines Growth Modifier: 100%
[16:48:03] [Server thread/INFO]: WeepingVines Growth Modifier: 100%
[16:48:03] [Server thread/INFO]: CaveVines Growth Modifier: 100%
[16:48:03] [Server thread/INFO]: Entity Activation Range: An 32 / Mo 32 / Ra 48 / Mi 16 / Tiv true / Isa false
[16:48:03] [Server thread/INFO]: Entity Tracking Range: Pl 48 / An 48 / Mo 48 / Mi 32 / Di 128 / Other 64
[16:48:03] [Server thread/INFO]: Hopper Transfer: 8 Hopper Check: 1 Hopper Amount: 1 Hopper Can Load Chunks: false
[16:48:03] [Server thread/INFO]: Experience Merge Radius: 3.0
[16:48:03] [Server thread/INFO]: Mob Spawn Range: 6
[16:48:03] [Server thread/INFO]: Custom Map Seeds:  Village: 10387312 Desert: 14357617 Igloo: 14357618 Jungle: 14357619 Swamp: 14357620 Monument: 10387313 Ocean: 14357621 Shipwreck: 165745295 End City: 10387313 Slime: 987234911 Nether: 30084232 Mansion: 10387319 Fossil: 14357921 Portal: 34222645
[16:48:03] [Server thread/INFO]: Max TNT Explosions: 100
[16:48:03] [Server thread/INFO]: Tile Max Tick Time: 50ms Entity max Tick Time: 50ms
[16:48:03] [Server thread/INFO]: View Distance: 10
[16:48:03] [Server thread/INFO]: Simulation Distance: 10
[16:48:03] [Server thread/INFO]: Item Despawn Rate: 6000
[16:48:03] [Server thread/INFO]: Item Merge Radius: 2.5
[16:48:03] [Server thread/INFO]: Allow Zombie Pigmen to spawn from portal blocks: true
[16:48:03] [Server thread/INFO]: Arrow Despawn Rate: 1200 Trident Respawn Rate:1200
[16:48:03] [Server thread/INFO]: Zombie Aggressive Towards Villager: true
[16:48:03] [Server thread/INFO]: Nerfing mobs spawned from spawners: false
[16:48:03] [Server thread/INFO]: Preparing start region for dimension minecraft:overworld
[16:48:08] [Worker-Main-1/INFO]: Preparing spawn area: 0%
[16:48:08] [Worker-Main-2/INFO]: Preparing spawn area: 0%
[16:48:08] [Worker-Main-1/INFO]: Preparing spawn area: 0%
[16:48:08] [Worker-Main-1/INFO]: Preparing spawn area: 0%
[16:48:08] [Worker-Main-3/INFO]: Preparing spawn area: 0%
[16:48:08] [Worker-Main-3/INFO]: Preparing spawn area: 0%
[16:48:08] [Worker-Main-2/INFO]: Preparing spawn area: 0%
[16:48:08] [Worker-Main-2/INFO]: Preparing spawn area: 0%
[16:48:08] [Worker-Main-2/INFO]: Preparing spawn area: 0%
[16:48:08] [Worker-Main-1/INFO]: Preparing spawn area: 0%
[16:48:08] [Worker-Main-1/INFO]: Preparing spawn area: 0%
[16:48:08] [Worker-Main-2/INFO]: Preparing spawn area: 0%
[16:48:09] [Worker-Main-2/INFO]: Preparing spawn area: 0%
[16:48:09] [Worker-Main-2/INFO]: Preparing spawn area: 15%
[16:48:10] [Worker-Main-3/INFO]: Preparing spawn area: 35%
[16:48:10] [Server thread/INFO]: Time elapsed: 7371 ms
[16:48:10] [Server thread/INFO]: Preparing start region for dimension minecraft:the_nether
[16:48:13] [Worker-Main-2/INFO]: Preparing spawn area: 0%
[16:48:13] [Worker-Main-2/INFO]: Preparing spawn area: 0%
[16:48:13] [Worker-Main-2/INFO]: Preparing spawn area: 0%
[16:48:13] [Worker-Main-3/INFO]: Preparing spawn area: 0%
[16:48:13] [Worker-Main-3/INFO]: Preparing spawn area: 0%
[16:48:13] [Worker-Main-2/INFO]: Preparing spawn area: 0%
[16:48:13] [Worker-Main-2/INFO]: Preparing spawn area: 0%
[16:48:14] [Worker-Main-1/INFO]: Preparing spawn area: 2%
[16:48:14] [Worker-Main-1/INFO]: Preparing spawn area: 68%
[16:48:14] [Server thread/INFO]: Time elapsed: 4353 ms
[16:48:14] [Server thread/INFO]: Preparing start region for dimension minecraft:the_end
[16:48:16] [Worker-Main-2/INFO]: Preparing spawn area: 0%
[16:48:16] [Worker-Main-1/INFO]: Preparing spawn area: 0%
[16:48:16] [Worker-Main-1/INFO]: Preparing spawn area: 0%
[16:48:16] [Worker-Main-1/INFO]: Preparing spawn area: 0%
[16:48:16] [Worker-Main-1/INFO]: Preparing spawn area: 15%
[16:48:17] [Worker-Main-1/INFO]: Preparing spawn area: 83%
[16:48:17] [Server thread/INFO]: Time elapsed: 2640 ms
[16:48:17] [Server thread/INFO]: [CoreProtect] Enabling CoreProtect v22.4
[16:48:17] [Server thread/INFO]: [0;37;1m[0;37;1m[m[CoreProtect] CoreProtect has been successfully enabled![0;37;1m[0;37;1m [m
[16:48:17] [Server thread/INFO]: [CoreProtect] Using SQLite for data storage.
[16:48:17] [Server thread/INFO]: --------------------
[16:48:17] [Server thread/INFO]: [CoreProtect] Enjoy CoreProtect? Join our Discord!
[16:48:17] [Server thread/INFO]: [CoreProtect] Discord: www.coreprotect.net/discord/
[16:48:17] [Server thread/INFO]: --------------------
[16:48:17] [Server thread/INFO]: [ViaVersion] Enabling ViaVersion v5.2.1
[16:48:17] [Server thread/INFO]: [ViaVersion] ViaVersion detected server version: 1.20.3-1.20.4 (765)
[16:48:17] [Server thread/WARN]: [ViaVersion] Please update your Java runtime to at least Java 21 (your version is 17.0.14).
[16:48:17] [Server thread/WARN]: [ViaVersion] At some point in the future, ViaVersion will no longer be compatible with this version of Java.
[16:48:18] [Server thread/INFO]: [MeowPlugin] Enabling MeowPlugin v0.1
[16:48:18] [Server thread/WARN]: [MeowPlugin] Could not save config.yml to plugins/MeowPlugin/config.yml because config.yml already exists.
[16:48:18] [Server thread/INFO]: [TabTPS] Enabling TabTPS v1.3.22
[16:48:18] [Server thread/WARN]: [TabTPS] ====================================================
[16:48:18] [Server thread/WARN]: [TabTPS]  TabTPS works better if you use Paper 
[16:48:18] [Server thread/WARN]: [TabTPS]  as your server software. 
[16:48:18] [Server thread/WARN]: [TabTPS]   
[16:48:18] [Server thread/WARN]: [TabTPS]  Paper offers significant performance improvements,
[16:48:18] [Server thread/WARN]: [TabTPS]  bug fixes, security enhancements and optional
[16:48:18] [Server thread/WARN]: [TabTPS]  features for server owners to enhance their server.
[16:48:18] [Server thread/WARN]: [TabTPS]   
[16:48:18] [Server thread/WARN]: [TabTPS]  Paper includes Timings v2, which is significantly
[16:48:18] [Server thread/WARN]: [TabTPS]  better at diagnosing lag problems over v1.
[16:48:18] [Server thread/WARN]: [TabTPS]   
[16:48:18] [Server thread/WARN]: [TabTPS]  All of your plugins should still work, and the
[16:48:18] [Server thread/WARN]: [TabTPS]  Paper community will gladly help you fix any issues.
[16:48:18] [Server thread/WARN]: [TabTPS]   
[16:48:18] [Server thread/WARN]: [TabTPS]  Join the Paper Community @ https://papermc.io
[16:48:18] [Server thread/WARN]: [TabTPS] ====================================================
[16:48:18] [Server thread/INFO]: [ViaBackwards] Enabling ViaBackwards v5.2.1
[16:48:19] [Server thread/INFO]: Server permissions file permissions.yml is empty, ignoring it
[16:48:19] [Server thread/INFO]: Done (19.697s)! For help, type "help"
[16:48:19] [Craft Scheduler Thread - 3/INFO]: [ViaVersion] Finished mapping loading, shutting down loader executor.
[16:48:19] [Craft Scheduler Thread - 1/INFO]: [33;1m[[32;22mSkinsRestorer[33;1m] [0;39m[32;1m----------------------------------------------[0;39m[m
[16:48:19] [Craft Scheduler Thread - 1/INFO]: [33;1m[[32;22mSkinsRestorer[33;1m] [0;39m[32;1m    +==================+[0;39m[m
[16:48:19] [Craft Scheduler Thread - 1/INFO]: [33;1m[[32;22mSkinsRestorer[33;1m] [0;39m[32;1m    |   SkinsRestorer  |[0;39m[m
[16:48:19] [Craft Scheduler Thread - 1/INFO]: [33;1m[[32;22mSkinsRestorer[33;1m] [0;39m[32;1m    |------------------|[0;39m[m
[16:48:19] [Craft Scheduler Thread - 1/INFO]: [33;1m[[32;22mSkinsRestorer[33;1m] [0;39m[32;1m    |  [34;1m[4m[21mStandalone Mode[0;39m[32;1m |[0;39m[m
[16:48:19] [Craft Scheduler Thread - 1/INFO]: [33;1m[[32;22mSkinsRestorer[33;1m] [0;39m[32;1m    +==================+[0;39m[m
[16:48:19] [Craft Scheduler Thread - 1/INFO]: [33;1m[[32;22mSkinsRestorer[33;1m] [0;39m[32;1m----------------------------------------------[0;39m[m
[16:48:19] [Craft Scheduler Thread - 1/INFO]: [33;1m[[32;22mSkinsRestorer[33;1m] [0;39m[36;1m    Version: [32;1m15.5.2[0;39m[m
[16:48:19] [Craft Scheduler Thread - 1/INFO]: [33;1m[[32;22mSkinsRestorer[33;1m] [0;39m[36;1m    Commit: [32;1mae257f6[0;39m[m
[16:48:19] [Craft Scheduler Thread - 1/INFO]: [33;1m[[32;22mSkinsRestorer[33;1m] [0;39m[32;1m    This is the latest version![0;39m[m
[16:48:19] [Craft Scheduler Thread - 1/INFO]: [33;1m[[32;22mSkinsRestorer[33;1m] [0;39m[32;1m----------------------------------------------[0;39m[m
[16:48:19] [Craft Scheduler Thread - 1/INFO]: [33;1m[[32;22mSkinsRestorer[33;1m] [0;39m[34;1mDo you have issues? Read our troubleshooting guide: [33;1mhttps://skinsrestorer.net/docs/troubleshooting[0;39m[m
[16:48:19] [Craft Scheduler Thread - 1/INFO]: [33;1m[[32;22mSkinsRestorer[33;1m] [0;39m[34;1mWant to support SkinsRestorer? Consider donating: [33;1mhttps://skinsrestorer.net/donate[0;39m[m
[16:48:20] [Craft Scheduler Thread - 4/INFO]: There is an update available for TabTPS!
[16:48:20] [Craft Scheduler Thread - 4/INFO]: This server is running version v1.3.22, which is 4 versions outdated.
[16:48:20] [Craft Scheduler Thread - 4/INFO]: Download the latest version, v1.3.26 from GitHub at the link below:
[16:48:20] [Craft Scheduler Thread - 4/INFO]: https://github.com/jpenilla/TabTPS/releases/tag/v1.3.26
[16:48:55] [User Authenticator #1/INFO]: UUID of player touxl1916 is dda5a998-ba1e-3605-af21-6aeffaf8c42e
[16:48:56] [Server thread/INFO]: touxl1916 joined the game
[16:48:56] [Server thread/INFO]: touxl1916[/127.0.0.1:56148] logged in with entity id 150 at ([world_the_end]248.40529466308018, 7.0, 0.43906883736769814)
[16:48:56] [Server thread/INFO]: [touxl1916: Set [CountLeaveGame] for touxl1916 to 0]
[16:48:56] [Server thread/INFO]: [touxl1916: Showing new title for touxl1916]
[16:48:56] [Server thread/INFO]: [touxl1916: Showing new subtitle for touxl1916]
[16:49:28] [Server thread/INFO]: touxl1916 issued server command: /meow ask hello
[16:51:52] [Server thread/INFO]: touxl1916 issued server command: /meow ask 能告诉我今天是几号吗
[16:51:58] [Server thread/INFO]: touxl1916 fell out of the world
[17:08:21] [Server thread/INFO]: touxl1916 fell out of the world
[17:09:33] [Server thread/WARN]: touxl1916 moved too quickly! 290.103205876389,85.94510665296792,-1962.8841137002844
[17:18:49] [Server thread/INFO]: touxl1916 fell out of the world
[17:19:19] [Server thread/INFO]: touxl1916 issued server command: /seed
[17:19:33] [Server thread/INFO]: touxl1916 lost connection: Disconnected
[17:19:33] [Server thread/INFO]: touxl1916 left the game
[17:21:51] [User Authenticator #2/INFO]: UUID of player touxl1916 is dda5a998-ba1e-3605-af21-6aeffaf8c42e
[17:21:51] [Server thread/INFO]: touxl1916 joined the game
[17:21:51] [Server thread/INFO]: touxl1916[/127.0.0.1:41406] logged in with entity id 13306 at ([world]662.7049320623827, 79.0, 1045.165029236259)
[17:21:52] [Server thread/INFO]: [touxl1916: Set [CountLeaveGame] for touxl1916 to 0]
[17:21:52] [Server thread/INFO]: [touxl1916: Showing new title for touxl1916]
[17:21:52] [Server thread/INFO]: [touxl1916: Showing new subtitle for touxl1916]
[17:23:19] [Server thread/INFO]: touxl1916 lost connection: Disconnected
[17:23:19] [Server thread/INFO]: touxl1916 left the game
[17:30:22] [User Authenticator #3/INFO]: UUID of player touxl1916 is dda5a998-ba1e-3605-af21-6aeffaf8c42e
[17:30:22] [Server thread/INFO]: touxl1916 joined the game
[17:30:22] [Server thread/INFO]: touxl1916[/127.0.0.1:43766] logged in with entity id 14217 at ([world_the_end]100.40898789705885, 49.0, 0.5)
[17:30:22] [Server thread/INFO]: [touxl1916: Set [CountLeaveGame] for touxl1916 to 0]
[17:30:22] [Server thread/INFO]: [touxl1916: Showing new title for touxl1916]
[17:30:22] [Server thread/INFO]: [touxl1916: Showing new subtitle for touxl1916]
[17:33:00] [Server thread/INFO]: touxl1916 lost connection: Disconnected
[17:33:00] [Server thread/INFO]: touxl1916 left the game
[17:33:10] [Server thread/INFO]: Stopping the server
[17:33:10] [Server thread/INFO]: Stopping server
[17:33:10] [Server thread/INFO]: [SkinsRestorer] Disabling SkinsRestorer v15.5.2
[17:33:10] [Server thread/INFO]: [ViaRewind] Disabling ViaRewind v4.0.5
[17:33:10] [Server thread/INFO]: [ViaBackwards] Disabling ViaBackwards v5.2.1
[17:33:10] [Server thread/INFO]: [TabTPS] Disabling TabTPS v1.3.22
[17:33:10] [Server thread/INFO]: [MeowPlugin] Disabling MeowPlugin v0.1
[17:33:10] [Server thread/INFO]: [ViaVersion] Disabling ViaVersion v5.2.1
[17:33:10] [Server thread/INFO]: [ViaVersion] ViaVersion is disabling. If this is a reload and you experience issues, please reboot instead.
[17:33:10] [Server thread/INFO]: [ViaVersion] ViaVersion has been disabled; uninjected the platform and shut down the scheduler.
[17:33:10] [Server thread/INFO]: [CoreProtect] Disabling CoreProtect v22.4
[17:33:10] [Server thread/INFO]: [CoreProtect] Finishing up data logging. Please wait...
[17:33:11] [Server thread/INFO]: [CoreProtect] Success! Disabled CoreProtect v22.4
[17:33:11] [Server thread/INFO]: Saving players
[17:33:11] [Server thread/INFO]: Saving worlds
[17:33:12] [Server thread/INFO]: Saving chunks for level 'ServerLevel[world]'/minecraft:overworld
[17:33:14] [Server thread/INFO]: Saving chunks for level 'ServerLevel[world_nether]'/minecraft:the_nether
[17:33:14] [Server thread/INFO]: Saving chunks for level 'ServerLevel[world_the_end]'/minecraft:the_end
[17:33:15] [Server thread/INFO]: ThreadedAnvilChunkStorage (world): All chunks are saved
[17:33:15] [Server thread/INFO]: ThreadedAnvilChunkStorage (DIM-1): All chunks are saved
[17:33:15] [Server thread/INFO]: ThreadedAnvilChunkStorage (DIM1): All chunks are saved
[17:33:15] [Server thread/INFO]: ThreadedAnvilChunkStorage: All dimensions are saved
