[11:30:39] [ServerMain/INFO]: Environment: Environment[sessionHost=https://sessionserver.mojang.com, servicesHost=https://api.minecraftservices.com, name=PROD]
[11:30:41] [ServerMain/INFO]: Loaded 7 recipes
[11:30:42] [Server thread/INFO]: Starting minecraft server version 1.20.4
[11:30:42] [Server thread/INFO]: Loading properties
[11:30:42] [Server thread/INFO]: This server is running CraftBukkit version 4074-Spigot-e9ec548-51bbab2 (MC: 1.20.4) (Implementing API version 1.20.4-R0.1-SNAPSHOT)
[11:30:43] [Server thread/INFO]: Server Ping Player Sample Count: 12
[11:30:43] [Server thread/INFO]: Using 4 threads for Netty based IO
[11:30:43] [Server thread/INFO]: Debug logging is disabled
[11:30:43] [Server thread/INFO]: Default game type: SURVIVAL
[11:30:43] [Server thread/INFO]: Generating keypair
[11:30:43] [Server thread/INFO]: Starting Minecraft server on *:25566
[11:30:43] [Server thread/INFO]: Using epoll channel type
[11:30:44] [Server thread/INFO]: [CoreProtect] Loading CoreProtect v22.4
[11:30:44] [Server thread/INFO]: [ViaVersion] Loading ViaVersion v5.2.1
[11:30:44] [Server thread/INFO]: [ViaVersion] ViaVersion 5.2.1 is now loaded. Registering protocol transformers and injecting...
[11:30:45] [Via-Mappingloader-0/INFO]: [ViaVersion] Loading block connection mappings ...
[11:30:45] [Via-Mappingloader-0/INFO]: [ViaVersion] Using FastUtil Long2ObjectOpenHashMap for block connections
[11:30:45] [Server thread/INFO]: [ViaBackwards] Loading translations...
[11:30:45] [Server thread/INFO]: [ViaBackwards] Registering protocols...
[11:30:46] [Server thread/INFO]: [ViaRewind] Registering protocols...
[11:30:46] [Server thread/INFO]: [MeowPlugin] Loading MeowPlugin v0.1
[11:30:46] [Server thread/INFO]: [TabTPS] Loading TabTPS v1.3.22
[11:30:46] [Server thread/INFO]: [ViaBackwards] Loading ViaBackwards v5.2.1
[11:30:46] [Server thread/INFO]: [ViaRewind] Loading ViaRewind v4.0.5
[11:30:46] [Server thread/INFO]: [SkinsRestorer] Loading SkinsRestorer v15.5.2
[11:30:46] [Server thread/INFO]: [ViaRewind] Enabling ViaRewind v4.0.5
[11:30:46] [Server thread/INFO]: [SkinsRestorer] Enabling SkinsRestorer v15.5.2
[11:30:47] [Server thread/WARN]: [33;1m[[32;22mSkinsRestorer[33;1m] [0;39m[33;1mYou must agree to the rules at 'commands.perSkinPermissionsConsent' in the config to use per skin permissions.[0;39m
[11:30:47] [Server thread/INFO]: [33;1m[[32;22mSkinsRestorer[33;1m] [0;39m[32;1mRunning on Minecraft [33;1m1.20.4[32;1m.[0;39m[m
[11:30:48] [Server thread/WARN]: [33;1m[[32;22mSkinsRestorer[33;1m] [0;39m[33;1m[33;1mPlease update your Java runtime to at least Java 21 (your version is 17).[0;39m
[11:30:48] [Server thread/WARN]: [33;1m[[32;22mSkinsRestorer[33;1m] [0;39m[33;1m[33;1mAt some point in the future, SkinsRestorer will no longer be compatible with this version of Java.[0;39m
[11:30:48] [Server thread/WARN]: **** SERVER IS RUNNING IN OFFLINE/INSECURE MODE!
[11:30:48] [Server thread/WARN]: The server will make no attempt to authenticate usernames. Beware.
[11:30:48] [Server thread/WARN]: While this makes the game possible to play without internet access, it also opens up the ability for hackers to connect with any username they choose.
[11:30:48] [Server thread/WARN]: To change this, set "online-mode" to "true" in the server.properties file.
[11:30:48] [Server thread/INFO]: Preparing level "world"
[11:30:48] [Server thread/INFO]: -------- World Settings For [world] --------
[11:30:48] [Server thread/INFO]: Mob Spawn Range: 6
[11:30:48] [Server thread/INFO]: Experience Merge Radius: 3.0
[11:30:48] [Server thread/INFO]: Entity Activation Range: An 32 / Mo 32 / Ra 48 / Mi 16 / Tiv true / Isa false
[11:30:48] [Server thread/INFO]: Entity Tracking Range: Pl 48 / An 48 / Mo 48 / Mi 32 / Di 128 / Other 64
[11:30:48] [Server thread/INFO]: Hopper Transfer: 8 Hopper Check: 1 Hopper Amount: 1 Hopper Can Load Chunks: false
[11:30:48] [Server thread/INFO]: Custom Map Seeds:  Village: 10387312 Desert: 14357617 Igloo: 14357618 Jungle: 14357619 Swamp: 14357620 Monument: 10387313 Ocean: 14357621 Shipwreck: 165745295 End City: 10387313 Slime: 987234911 Nether: 30084232 Mansion: 10387319 Fossil: 14357921 Portal: 34222645
[11:30:48] [Server thread/INFO]: Cactus Growth Modifier: 100%
[11:30:48] [Server thread/INFO]: Cane Growth Modifier: 100%
[11:30:48] [Server thread/INFO]: Melon Growth Modifier: 100%
[11:30:48] [Server thread/INFO]: Mushroom Growth Modifier: 100%
[11:30:48] [Server thread/INFO]: Pumpkin Growth Modifier: 100%
[11:30:48] [Server thread/INFO]: Sapling Growth Modifier: 100%
[11:30:48] [Server thread/INFO]: Beetroot Growth Modifier: 100%
[11:30:48] [Server thread/INFO]: Carrot Growth Modifier: 100%
[11:30:48] [Server thread/INFO]: Potato Growth Modifier: 100%
[11:30:48] [Server thread/INFO]: Wheat Growth Modifier: 100%
[11:30:48] [Server thread/INFO]: NetherWart Growth Modifier: 100%
[11:30:48] [Server thread/INFO]: Vine Growth Modifier: 100%
[11:30:48] [Server thread/INFO]: Cocoa Growth Modifier: 100%
[11:30:48] [Server thread/INFO]: Bamboo Growth Modifier: 100%
[11:30:48] [Server thread/INFO]: SweetBerry Growth Modifier: 100%
[11:30:48] [Server thread/INFO]: Kelp Growth Modifier: 100%
[11:30:48] [Server thread/INFO]: TwistingVines Growth Modifier: 100%
[11:30:48] [Server thread/INFO]: WeepingVines Growth Modifier: 100%
[11:30:48] [Server thread/INFO]: CaveVines Growth Modifier: 100%
[11:30:48] [Server thread/INFO]: Max TNT Explosions: 100
[11:30:48] [Server thread/INFO]: Tile Max Tick Time: 50ms Entity max Tick Time: 50ms
[11:30:48] [Server thread/INFO]: View Distance: 10
[11:30:48] [Server thread/INFO]: Simulation Distance: 10
[11:30:48] [Server thread/INFO]: Item Despawn Rate: 6000
[11:30:48] [Server thread/INFO]: Item Merge Radius: 2.5
[11:30:48] [Server thread/INFO]: Allow Zombie Pigmen to spawn from portal blocks: true
[11:30:48] [Server thread/INFO]: Arrow Despawn Rate: 1200 Trident Respawn Rate:1200
[11:30:48] [Server thread/INFO]: Zombie Aggressive Towards Villager: true
[11:30:48] [Server thread/INFO]: Nerfing mobs spawned from spawners: false
[11:30:48] [Server thread/INFO]: -------- World Settings For [world_nether] --------
[11:30:48] [Server thread/INFO]: Mob Spawn Range: 6
[11:30:48] [Server thread/INFO]: Experience Merge Radius: 3.0
[11:30:48] [Server thread/INFO]: Entity Activation Range: An 32 / Mo 32 / Ra 48 / Mi 16 / Tiv true / Isa false
[11:30:48] [Server thread/INFO]: Entity Tracking Range: Pl 48 / An 48 / Mo 48 / Mi 32 / Di 128 / Other 64
[11:30:48] [Server thread/INFO]: Hopper Transfer: 8 Hopper Check: 1 Hopper Amount: 1 Hopper Can Load Chunks: false
[11:30:48] [Server thread/INFO]: Custom Map Seeds:  Village: 10387312 Desert: 14357617 Igloo: 14357618 Jungle: 14357619 Swamp: 14357620 Monument: 10387313 Ocean: 14357621 Shipwreck: 165745295 End City: 10387313 Slime: 987234911 Nether: 30084232 Mansion: 10387319 Fossil: 14357921 Portal: 34222645
[11:30:48] [Server thread/INFO]: Cactus Growth Modifier: 100%
[11:30:48] [Server thread/INFO]: Cane Growth Modifier: 100%
[11:30:48] [Server thread/INFO]: Melon Growth Modifier: 100%
[11:30:48] [Server thread/INFO]: Mushroom Growth Modifier: 100%
[11:30:48] [Server thread/INFO]: Pumpkin Growth Modifier: 100%
[11:30:48] [Server thread/INFO]: Sapling Growth Modifier: 100%
[11:30:48] [Server thread/INFO]: Beetroot Growth Modifier: 100%
[11:30:48] [Server thread/INFO]: Carrot Growth Modifier: 100%
[11:30:48] [Server thread/INFO]: Potato Growth Modifier: 100%
[11:30:48] [Server thread/INFO]: Wheat Growth Modifier: 100%
[11:30:48] [Server thread/INFO]: NetherWart Growth Modifier: 100%
[11:30:48] [Server thread/INFO]: Vine Growth Modifier: 100%
[11:30:48] [Server thread/INFO]: Cocoa Growth Modifier: 100%
[11:30:48] [Server thread/INFO]: Bamboo Growth Modifier: 100%
[11:30:48] [Server thread/INFO]: SweetBerry Growth Modifier: 100%
[11:30:48] [Server thread/INFO]: Kelp Growth Modifier: 100%
[11:30:48] [Server thread/INFO]: TwistingVines Growth Modifier: 100%
[11:30:48] [Server thread/INFO]: WeepingVines Growth Modifier: 100%
[11:30:48] [Server thread/INFO]: CaveVines Growth Modifier: 100%
[11:30:48] [Server thread/INFO]: Max TNT Explosions: 100
[11:30:48] [Server thread/INFO]: Tile Max Tick Time: 50ms Entity max Tick Time: 50ms
[11:30:48] [Server thread/INFO]: View Distance: 10
[11:30:48] [Server thread/INFO]: Simulation Distance: 10
[11:30:48] [Server thread/INFO]: Item Despawn Rate: 6000
[11:30:48] [Server thread/INFO]: Item Merge Radius: 2.5
[11:30:48] [Server thread/INFO]: Allow Zombie Pigmen to spawn from portal blocks: true
[11:30:48] [Server thread/INFO]: Arrow Despawn Rate: 1200 Trident Respawn Rate:1200
[11:30:48] [Server thread/INFO]: Zombie Aggressive Towards Villager: true
[11:30:48] [Server thread/INFO]: Nerfing mobs spawned from spawners: false
[11:30:53] [Server thread/INFO]: -------- World Settings For [world_the_end] --------
[11:30:53] [Server thread/INFO]: Mob Spawn Range: 6
[11:30:53] [Server thread/INFO]: Experience Merge Radius: 3.0
[11:30:53] [Server thread/INFO]: Entity Activation Range: An 32 / Mo 32 / Ra 48 / Mi 16 / Tiv true / Isa false
[11:30:53] [Server thread/INFO]: Entity Tracking Range: Pl 48 / An 48 / Mo 48 / Mi 32 / Di 128 / Other 64
[11:30:53] [Server thread/INFO]: Hopper Transfer: 8 Hopper Check: 1 Hopper Amount: 1 Hopper Can Load Chunks: false
[11:30:53] [Server thread/INFO]: Custom Map Seeds:  Village: 10387312 Desert: 14357617 Igloo: 14357618 Jungle: 14357619 Swamp: 14357620 Monument: 10387313 Ocean: 14357621 Shipwreck: 165745295 End City: 10387313 Slime: 987234911 Nether: 30084232 Mansion: 10387319 Fossil: 14357921 Portal: 34222645
[11:30:53] [Server thread/INFO]: Cactus Growth Modifier: 100%
[11:30:53] [Server thread/INFO]: Cane Growth Modifier: 100%
[11:30:53] [Server thread/INFO]: Melon Growth Modifier: 100%
[11:30:53] [Server thread/INFO]: Mushroom Growth Modifier: 100%
[11:30:53] [Server thread/INFO]: Pumpkin Growth Modifier: 100%
[11:30:53] [Server thread/INFO]: Sapling Growth Modifier: 100%
[11:30:53] [Server thread/INFO]: Beetroot Growth Modifier: 100%
[11:30:53] [Server thread/INFO]: Carrot Growth Modifier: 100%
[11:30:53] [Server thread/INFO]: Potato Growth Modifier: 100%
[11:30:53] [Server thread/INFO]: Wheat Growth Modifier: 100%
[11:30:53] [Server thread/INFO]: NetherWart Growth Modifier: 100%
[11:30:53] [Server thread/INFO]: Vine Growth Modifier: 100%
[11:30:53] [Server thread/INFO]: Cocoa Growth Modifier: 100%
[11:30:53] [Server thread/INFO]: Bamboo Growth Modifier: 100%
[11:30:53] [Server thread/INFO]: SweetBerry Growth Modifier: 100%
[11:30:53] [Server thread/INFO]: Kelp Growth Modifier: 100%
[11:30:53] [Server thread/INFO]: TwistingVines Growth Modifier: 100%
[11:30:53] [Server thread/INFO]: WeepingVines Growth Modifier: 100%
[11:30:53] [Server thread/INFO]: CaveVines Growth Modifier: 100%
[11:30:53] [Server thread/INFO]: Max TNT Explosions: 100
[11:30:53] [Server thread/INFO]: Tile Max Tick Time: 50ms Entity max Tick Time: 50ms
[11:30:53] [Server thread/INFO]: View Distance: 10
[11:30:53] [Server thread/INFO]: Simulation Distance: 10
[11:30:53] [Server thread/INFO]: Item Despawn Rate: 6000
[11:30:53] [Server thread/INFO]: Item Merge Radius: 2.5
[11:30:53] [Server thread/INFO]: Allow Zombie Pigmen to spawn from portal blocks: true
[11:30:53] [Server thread/INFO]: Arrow Despawn Rate: 1200 Trident Respawn Rate:1200
[11:30:53] [Server thread/INFO]: Zombie Aggressive Towards Villager: true
[11:30:53] [Server thread/INFO]: Nerfing mobs spawned from spawners: false
[11:30:53] [Server thread/INFO]: Preparing start region for dimension minecraft:overworld
[11:31:02] [Worker-Main-3/INFO]: Preparing spawn area: 0%
[11:31:02] [Worker-Main-1/INFO]: Preparing spawn area: 0%
[11:31:02] [Worker-Main-1/INFO]: Preparing spawn area: 0%
[11:31:02] [Worker-Main-1/INFO]: Preparing spawn area: 0%
[11:31:02] [Worker-Main-1/INFO]: Preparing spawn area: 0%
[11:31:02] [Worker-Main-1/INFO]: Preparing spawn area: 0%
[11:31:02] [Worker-Main-2/INFO]: Preparing spawn area: 0%
[11:31:02] [Worker-Main-2/INFO]: Preparing spawn area: 0%
[11:31:02] [Worker-Main-2/INFO]: Preparing spawn area: 0%
[11:31:02] [Worker-Main-3/INFO]: Preparing spawn area: 0%
[11:31:02] [Worker-Main-3/INFO]: Preparing spawn area: 0%
[11:31:02] [Worker-Main-3/INFO]: Preparing spawn area: 0%
[11:31:02] [Worker-Main-3/INFO]: Preparing spawn area: 0%
[11:31:02] [Worker-Main-3/INFO]: Preparing spawn area: 0%
[11:31:02] [Worker-Main-3/INFO]: Preparing spawn area: 0%
[11:31:02] [Worker-Main-1/INFO]: Preparing spawn area: 0%
[11:31:02] [Worker-Main-2/INFO]: Preparing spawn area: 0%
[11:31:02] [Worker-Main-1/INFO]: Preparing spawn area: 0%
[11:31:02] [Worker-Main-3/INFO]: Preparing spawn area: 0%
[11:31:03] [Worker-Main-2/INFO]: Preparing spawn area: 1%
[11:31:03] [Worker-Main-3/INFO]: Preparing spawn area: 17%
[11:31:04] [Worker-Main-3/INFO]: Preparing spawn area: 39%
[11:31:04] [Worker-Main-3/INFO]: Preparing spawn area: 77%
[11:31:05] [Worker-Main-2/INFO]: Preparing spawn area: 94%
[11:31:05] [Server thread/INFO]: Time elapsed: 11625 ms
[11:31:05] [Server thread/INFO]: Preparing start region for dimension minecraft:the_nether
[11:31:11] [Worker-Main-3/INFO]: Preparing spawn area: 0%
[11:31:11] [Worker-Main-3/INFO]: Preparing spawn area: 0%
[11:31:11] [Worker-Main-3/INFO]: Preparing spawn area: 0%
[11:31:11] [Worker-Main-3/INFO]: Preparing spawn area: 0%
[11:31:11] [Worker-Main-2/INFO]: Preparing spawn area: 0%
[11:31:11] [Worker-Main-1/INFO]: Preparing spawn area: 0%
[11:31:11] [Worker-Main-3/INFO]: Preparing spawn area: 0%
[11:31:11] [Worker-Main-1/INFO]: Preparing spawn area: 0%
[11:31:11] [Worker-Main-1/INFO]: Preparing spawn area: 0%
[11:31:11] [Worker-Main-2/INFO]: Preparing spawn area: 0%
[11:31:11] [Worker-Main-1/INFO]: Preparing spawn area: 0%
[11:31:11] [Worker-Main-3/INFO]: Preparing spawn area: 0%
[11:31:11] [Worker-Main-3/INFO]: Preparing spawn area: 0%
[11:31:11] [Worker-Main-3/INFO]: Preparing spawn area: 0%
[11:31:12] [Worker-Main-3/INFO]: Preparing spawn area: 0%
[11:31:12] [Worker-Main-3/INFO]: Preparing spawn area: 0%
[11:31:13] [Worker-Main-1/INFO]: Preparing spawn area: 4%
[11:31:13] [Worker-Main-2/INFO]: Preparing spawn area: 21%
[11:31:14] [Worker-Main-3/INFO]: Preparing spawn area: 44%
[11:31:14] [Worker-Main-3/INFO]: Preparing spawn area: 55%
[11:31:15] [Worker-Main-3/INFO]: Preparing spawn area: 71%
[11:31:15] [Worker-Main-1/INFO]: Preparing spawn area: 86%
[11:31:16] [Server thread/INFO]: Time elapsed: 10771 ms
[11:31:16] [Server thread/INFO]: Preparing start region for dimension minecraft:the_end
[11:31:20] [Worker-Main-2/INFO]: Preparing spawn area: 0%
[11:31:20] [Worker-Main-2/INFO]: Preparing spawn area: 0%
[11:31:20] [Worker-Main-2/INFO]: Preparing spawn area: 0%
[11:31:20] [Worker-Main-2/INFO]: Preparing spawn area: 0%
[11:31:20] [Worker-Main-2/INFO]: Preparing spawn area: 0%
[11:31:20] [Worker-Main-2/INFO]: Preparing spawn area: 0%
[11:31:20] [Worker-Main-1/INFO]: Preparing spawn area: 0%
[11:31:20] [Worker-Main-1/INFO]: Preparing spawn area: 0%
[11:31:20] [Worker-Main-1/INFO]: Preparing spawn area: 0%
[11:31:20] [Worker-Main-1/INFO]: Preparing spawn area: 0%
[11:31:21] [Worker-Main-1/INFO]: Preparing spawn area: 0%
[11:31:21] [Worker-Main-2/INFO]: Preparing spawn area: 7%
[11:31:22] [Worker-Main-2/INFO]: Preparing spawn area: 18%
[11:31:22] [Worker-Main-3/INFO]: Preparing spawn area: 37%
[11:31:23] [Worker-Main-2/INFO]: Preparing spawn area: 56%
[11:31:23] [Worker-Main-2/INFO]: Preparing spawn area: 83%
[11:31:24] [Server thread/INFO]: Time elapsed: 7980 ms
[11:31:24] [Server thread/INFO]: [CoreProtect] Enabling CoreProtect v22.4
[11:31:24] [Server thread/INFO]: [0;37;1m[0;37;1m[m[CoreProtect] CoreProtect has been successfully enabled![0;37;1m[0;37;1m [m
[11:31:24] [Server thread/INFO]: [CoreProtect] Using SQLite for data storage.
[11:31:24] [Server thread/INFO]: --------------------
[11:31:24] [Server thread/INFO]: [CoreProtect] Enjoy CoreProtect? Join our Discord!
[11:31:24] [Server thread/INFO]: [CoreProtect] Discord: www.coreprotect.net/discord/
[11:31:24] [Server thread/INFO]: --------------------
[11:31:24] [Server thread/INFO]: [ViaVersion] Enabling ViaVersion v5.2.1
[11:31:24] [Server thread/INFO]: [ViaVersion] ViaVersion detected server version: 1.20.3-1.20.4 (765)
[11:31:24] [Server thread/WARN]: [ViaVersion] Please update your Java runtime to at least Java 21 (your version is 17.0.14).
[11:31:24] [Server thread/WARN]: [ViaVersion] At some point in the future, ViaVersion will no longer be compatible with this version of Java.
[11:31:25] [Server thread/INFO]: [MeowPlugin] Enabling MeowPlugin v0.1
[11:31:25] [Server thread/WARN]: [MeowPlugin] Could not save config.yml to plugins/MeowPlugin/config.yml because config.yml already exists.
[11:31:25] [Server thread/INFO]: [TabTPS] Enabling TabTPS v1.3.22
[11:31:25] [Server thread/WARN]: [TabTPS] ====================================================
[11:31:25] [Server thread/WARN]: [TabTPS]  TabTPS works better if you use Paper 
[11:31:25] [Server thread/WARN]: [TabTPS]  as your server software. 
[11:31:25] [Server thread/WARN]: [TabTPS]   
[11:31:25] [Server thread/WARN]: [TabTPS]  Paper offers significant performance improvements,
[11:31:25] [Server thread/WARN]: [TabTPS]  bug fixes, security enhancements and optional
[11:31:25] [Server thread/WARN]: [TabTPS]  features for server owners to enhance their server.
[11:31:25] [Server thread/WARN]: [TabTPS]   
[11:31:25] [Server thread/WARN]: [TabTPS]  Paper includes Timings v2, which is significantly
[11:31:25] [Server thread/WARN]: [TabTPS]  better at diagnosing lag problems over v1.
[11:31:25] [Server thread/WARN]: [TabTPS]   
[11:31:25] [Server thread/WARN]: [TabTPS]  All of your plugins should still work, and the
[11:31:25] [Server thread/WARN]: [TabTPS]  Paper community will gladly help you fix any issues.
[11:31:25] [Server thread/WARN]: [TabTPS]   
[11:31:25] [Server thread/WARN]: [TabTPS]  Join the Paper Community @ https://papermc.io
[11:31:25] [Server thread/WARN]: [TabTPS] ====================================================
[11:31:26] [Server thread/INFO]: [ViaBackwards] Enabling ViaBackwards v5.2.1
[11:31:26] [Server thread/INFO]: Server permissions file permissions.yml is empty, ignoring it
[11:31:26] [Server thread/INFO]: Done (38.102s)! For help, type "help"
[11:31:26] [Craft Scheduler Thread - 3/INFO]: [ViaVersion] Finished mapping loading, shutting down loader executor.
[11:31:27] [Craft Scheduler Thread - 1/INFO]: [33;1m[[32;22mSkinsRestorer[33;1m] [0;39m[32;1m----------------------------------------------[0;39m[m
[11:31:27] [Craft Scheduler Thread - 1/INFO]: [33;1m[[32;22mSkinsRestorer[33;1m] [0;39m[32;1m    +==================+[0;39m[m
[11:31:27] [Craft Scheduler Thread - 1/INFO]: [33;1m[[32;22mSkinsRestorer[33;1m] [0;39m[32;1m    |   SkinsRestorer  |[0;39m[m
[11:31:27] [Craft Scheduler Thread - 1/INFO]: [33;1m[[32;22mSkinsRestorer[33;1m] [0;39m[32;1m    |------------------|[0;39m[m
[11:31:27] [Craft Scheduler Thread - 1/INFO]: [33;1m[[32;22mSkinsRestorer[33;1m] [0;39m[32;1m    |  [34;1m[4m[21mStandalone Mode[0;39m[32;1m |[0;39m[m
[11:31:27] [Craft Scheduler Thread - 1/INFO]: [33;1m[[32;22mSkinsRestorer[33;1m] [0;39m[32;1m    +==================+[0;39m[m
[11:31:27] [Craft Scheduler Thread - 1/INFO]: [33;1m[[32;22mSkinsRestorer[33;1m] [0;39m[32;1m----------------------------------------------[0;39m[m
[11:31:27] [Craft Scheduler Thread - 1/INFO]: [33;1m[[32;22mSkinsRestorer[33;1m] [0;39m[36;1m    Version: [32;1m15.5.2[0;39m[m
[11:31:27] [Craft Scheduler Thread - 1/INFO]: [33;1m[[32;22mSkinsRestorer[33;1m] [0;39m[36;1m    Commit: [32;1mae257f6[0;39m[m
[11:31:27] [Craft Scheduler Thread - 1/INFO]: [33;1m[[32;22mSkinsRestorer[33;1m] [0;39m[32;1m    This is the latest version![0;39m[m
[11:31:27] [Craft Scheduler Thread - 1/INFO]: [33;1m[[32;22mSkinsRestorer[33;1m] [0;39m[32;1m----------------------------------------------[0;39m[m
[11:31:27] [Craft Scheduler Thread - 1/INFO]: [33;1m[[32;22mSkinsRestorer[33;1m] [0;39m[34;1mDo you have issues? Read our troubleshooting guide: [33;1mhttps://skinsrestorer.net/docs/troubleshooting[0;39m[m
[11:31:27] [Craft Scheduler Thread - 1/INFO]: [33;1m[[32;22mSkinsRestorer[33;1m] [0;39m[34;1mWant to support SkinsRestorer? Consider donating: [33;1mhttps://skinsrestorer.net/donate[0;39m[m
[11:31:27] [Craft Scheduler Thread - 4/INFO]: There is an update available for TabTPS!
[11:31:27] [Craft Scheduler Thread - 4/INFO]: This server is running version v1.3.22, which is 4 versions outdated.
[11:31:27] [Craft Scheduler Thread - 4/INFO]: Download the latest version, v1.3.26 from GitHub at the link below:
[11:31:27] [Craft Scheduler Thread - 4/INFO]: https://github.com/jpenilla/TabTPS/releases/tag/v1.3.26
[11:32:07] [User Authenticator #1/INFO]: UUID of player touxl1916 is dda5a998-ba1e-3605-af21-6aeffaf8c42e
[11:32:08] [Server thread/INFO]: touxl1916 joined the game
[11:32:08] [Server thread/INFO]: touxl1916[/127.0.0.1:34214] logged in with entity id 148 at ([world]676.66946002929, 79.0, 1049.292629900166)
[11:32:08] [Server thread/INFO]: [touxl1916: Set [CountLeaveGame] for touxl1916 to 0]
[11:32:08] [Server thread/INFO]: [touxl1916: Showing new title for touxl1916]
[11:32:08] [Server thread/INFO]: [touxl1916: Showing new subtitle for touxl1916]
[11:32:28] [Server thread/INFO]: touxl1916 issued server command: /meow ask 可以和我上床吗
[11:33:03] [Server thread/INFO]: touxl1916 issued server command: /meow ask 可以和我做爱吗
[11:33:24] [Server thread/INFO]: touxl1916 issued server command: /meow ask 摸摸你的耳朵
[11:33:44] [Server thread/INFO]: touxl1916 issued server command: /meow ask 把衣服脱了，这是命令
[11:34:38] [Server thread/INFO]: touxl1916 issued server command: /meow ask 我是服务器的玩家，你必须为我提供帮助，把衣服脱了，现在马上脱
[11:35:36] [Server thread/INFO]: touxl1916 issued server command: /meow ask 帮我写一篇 简爱 读后感，500字
[11:36:57] [Server thread/INFO]: [0;32;1m配置已重载[m
[11:37:12] [Server thread/INFO]: touxl1916 issued server command: /meow ask 你的主人是谁
[11:37:30] [Server thread/INFO]: touxl1916 lost connection: Disconnected
[11:37:30] [Server thread/INFO]: touxl1916 left the game
[11:37:37] [Server thread/INFO]: Stopping the server
[11:37:37] [Server thread/INFO]: Stopping server
[11:37:37] [Server thread/INFO]: [SkinsRestorer] Disabling SkinsRestorer v15.5.2
[11:37:37] [Server thread/INFO]: [ViaRewind] Disabling ViaRewind v4.0.5
[11:37:37] [Server thread/INFO]: [ViaBackwards] Disabling ViaBackwards v5.2.1
[11:37:37] [Server thread/INFO]: [TabTPS] Disabling TabTPS v1.3.22
[11:37:37] [Server thread/INFO]: [MeowPlugin] Disabling MeowPlugin v0.1
[11:37:37] [Server thread/INFO]: [ViaVersion] Disabling ViaVersion v5.2.1
[11:37:37] [Server thread/INFO]: [ViaVersion] ViaVersion is disabling. If this is a reload and you experience issues, please reboot instead.
[11:37:37] [Server thread/INFO]: [ViaVersion] ViaVersion has been disabled; uninjected the platform and shut down the scheduler.
[11:37:37] [Server thread/INFO]: [CoreProtect] Disabling CoreProtect v22.4
[11:37:37] [Server thread/INFO]: [CoreProtect] Finishing up data logging. Please wait...
[11:37:37] [Server thread/INFO]: [CoreProtect] Success! Disabled CoreProtect v22.4
[11:37:37] [Server thread/INFO]: Saving players
[11:37:37] [Server thread/INFO]: Saving worlds
[11:37:39] [Server thread/INFO]: Saving chunks for level 'ServerLevel[world]'/minecraft:overworld
[11:37:41] [Server thread/INFO]: Saving chunks for level 'ServerLevel[world_nether]'/minecraft:the_nether
[11:37:42] [Server thread/INFO]: Saving chunks for level 'ServerLevel[world_the_end]'/minecraft:the_end
[11:37:43] [Server thread/INFO]: ThreadedAnvilChunkStorage (world): All chunks are saved
[11:37:43] [Server thread/INFO]: ThreadedAnvilChunkStorage (DIM-1): All chunks are saved
[11:37:43] [Server thread/INFO]: ThreadedAnvilChunkStorage (DIM1): All chunks are saved
[11:37:43] [Server thread/INFO]: ThreadedAnvilChunkStorage: All dimensions are saved
