[15:49:19] [ServerMain/INFO]: Environment: Environment[sessionHost=https://sessionserver.mojang.com, servicesHost=https://api.minecraftservices.com, name=PROD]
[15:49:25] [ServerMain/INFO]: Loaded 7 recipes
[15:49:27] [Server thread/INFO]: Starting minecraft server version 1.20.4
[15:49:27] [Server thread/INFO]: Loading properties
[15:49:28] [Server thread/INFO]: This server is running CraftBukkit version 4074-Spigot-e9ec548-51bbab2 (MC: 1.20.4) (Implementing API version 1.20.4-R0.1-SNAPSHOT)
[15:49:29] [Server thread/INFO]: Server Ping Player Sample Count: 12
[15:49:29] [Server thread/INFO]: Using 4 threads for Netty based IO
[15:49:29] [Server thread/INFO]: Debug logging is disabled
[15:49:29] [Server thread/INFO]: Default game type: SURVIVAL
[15:49:29] [Server thread/INFO]: Generating keypair
[15:49:29] [Server thread/INFO]: Starting Minecraft server on *:25566
[15:49:29] [Server thread/INFO]: Using epoll channel type
[15:49:32] [Server thread/INFO]: [CoreProtect] Loading CoreProtect v22.4
[15:49:32] [Server thread/INFO]: [ViaVersion] Loading ViaVersion v5.2.1
[15:49:32] [Server thread/INFO]: [ViaVersion] ViaVersion 5.2.1 is now loaded. Registering protocol transformers and injecting...
[15:49:33] [Via-Mappingloader-0/INFO]: [ViaVersion] Loading block connection mappings ...
[15:49:34] [Via-Mappingloader-0/INFO]: [ViaVersion] Using FastUtil Long2ObjectOpenHashMap for block connections
[15:49:35] [Server thread/INFO]: [ViaBackwards] Loading translations...
[15:49:35] [Server thread/INFO]: [ViaBackwards] Registering protocols...
[15:49:36] [Yggdrasil Key Fetcher/ERROR]: Failed to request yggdrasil public key
com.mojang.authlib.exceptions.MinecraftClientException: Failed to read from https://api.minecraftservices.com/publickeys due to api.minecraftservices.com
	at com.mojang.authlib.minecraft.client.MinecraftClient.readInputStream(MinecraftClient.java:108) ~[authlib-5.0.51.jar:?]
	at com.mojang.authlib.minecraft.client.MinecraftClient.get(MinecraftClient.java:57) ~[authlib-5.0.51.jar:?]
	at com.mojang.authlib.yggdrasil.YggdrasilServicesKeyInfo.fetch(YggdrasilServicesKeyInfo.java:94) ~[authlib-5.0.51.jar:?]
	at com.mojang.authlib.yggdrasil.YggdrasilServicesKeyInfo.lambda$get$1(YggdrasilServicesKeyInfo.java:81) ~[authlib-5.0.51.jar:?]
	at java.util.concurrent.Executors$RunnableAdapter.call(Executors.java:539) ~[?:?]
	at java.util.concurrent.FutureTask.runAndReset(FutureTask.java:305) ~[?:?]
	at java.util.concurrent.ScheduledThreadPoolExecutor$ScheduledFutureTask.run(ScheduledThreadPoolExecutor.java:305) ~[?:?]
	at java.util.concurrent.ThreadPoolExecutor.runWorker(ThreadPoolExecutor.java:1136) ~[?:?]
	at java.util.concurrent.ThreadPoolExecutor$Worker.run(ThreadPoolExecutor.java:635) ~[?:?]
	at java.lang.Thread.run(Thread.java:840) ~[?:?]
Caused by: java.net.UnknownHostException: api.minecraftservices.com
	at sun.nio.ch.NioSocketImpl.connect(NioSocketImpl.java:572) ~[?:?]
	at java.net.SocksSocketImpl.connect(SocksSocketImpl.java:327) ~[?:?]
	at java.net.Socket.connect(Socket.java:633) ~[?:?]
	at sun.security.ssl.SSLSocketImpl.connect(SSLSocketImpl.java:304) ~[?:?]
	at sun.net.NetworkClient.doConnect(NetworkClient.java:178) ~[?:?]
	at sun.net.www.http.HttpClient.openServer(HttpClient.java:533) ~[?:?]
	at sun.net.www.http.HttpClient.openServer(HttpClient.java:638) ~[?:?]
	at sun.net.www.protocol.https.HttpsClient.<init>(HttpsClient.java:266) ~[?:?]
	at sun.net.www.protocol.https.HttpsClient.New(HttpsClient.java:380) ~[?:?]
	at sun.net.www.protocol.https.AbstractDelegateHttpsURLConnection.getNewHttpClient(AbstractDelegateHttpsURLConnection.java:193) ~[?:?]
	at sun.net.www.protocol.http.HttpURLConnection.plainConnect0(HttpURLConnection.java:1302) ~[?:?]
	at sun.net.www.protocol.http.HttpURLConnection.plainConnect(HttpURLConnection.java:1143) ~[?:?]
	at sun.net.www.protocol.https.AbstractDelegateHttpsURLConnection.connect(AbstractDelegateHttpsURLConnection.java:179) ~[?:?]
	at sun.net.www.protocol.http.HttpURLConnection.getInputStream0(HttpURLConnection.java:1702) ~[?:?]
	at sun.net.www.protocol.http.HttpURLConnection.getInputStream(HttpURLConnection.java:1626) ~[?:?]
	at java.net.HttpURLConnection.getResponseCode(HttpURLConnection.java:529) ~[?:?]
	at sun.net.www.protocol.https.HttpsURLConnectionImpl.getResponseCode(HttpsURLConnectionImpl.java:308) ~[?:?]
	at com.mojang.authlib.minecraft.client.MinecraftClient.readInputStream(MinecraftClient.java:84) ~[authlib-5.0.51.jar:?]
	... 9 more
[15:49:36] [Server thread/INFO]: [ViaRewind] Registering protocols...
[15:49:37] [Server thread/INFO]: [MeowPlugin] Loading MeowPlugin v0.1
[15:49:37] [Server thread/INFO]: [TabTPS] Loading TabTPS v1.3.22
[15:49:37] [Server thread/INFO]: [ViaBackwards] Loading ViaBackwards v5.2.1
[15:49:37] [Server thread/INFO]: [ViaRewind] Loading ViaRewind v4.0.5
[15:49:37] [Server thread/INFO]: [SkinsRestorer] Loading SkinsRestorer v15.5.3
[15:49:37] [Server thread/INFO]: [ViaRewind] Enabling ViaRewind v4.0.5
[15:49:37] [Server thread/INFO]: [SkinsRestorer] Enabling SkinsRestorer v15.5.3
[15:49:38] [Server thread/WARN]: [33;1m[[32;22mSkinsRestorer[33;1m] [0;39m[33;1mYou must agree to the rules at 'commands.perSkinPermissionsConsent' in the config to use per skin permissions.[0;39m
[15:49:39] [Server thread/INFO]: [33;1m[[32;22mSkinsRestorer[33;1m] [0;39m[32;1mRunning on Minecraft [33;1m1.20.4[32;1m.[0;39m[m
[15:49:41] [Server thread/WARN]: [33;1m[[32;22mSkinsRestorer[33;1m] [0;39m[33;1m[33;1mPlease update your Java runtime to at least Java 21 (your version is 17).[0;39m
[15:49:41] [Server thread/WARN]: [33;1m[[32;22mSkinsRestorer[33;1m] [0;39m[33;1m[33;1mAt some point in the future, SkinsRestorer will no longer be compatible with this version of Java.[0;39m
[15:49:41] [Server thread/WARN]: **** SERVER IS RUNNING IN OFFLINE/INSECURE MODE!
[15:49:41] [Server thread/WARN]: The server will make no attempt to authenticate usernames. Beware.
[15:49:41] [Server thread/WARN]: While this makes the game possible to play without internet access, it also opens up the ability for hackers to connect with any username they choose.
[15:49:41] [Server thread/WARN]: To change this, set "online-mode" to "true" in the server.properties file.
[15:49:41] [Server thread/INFO]: Preparing level "world"
[15:49:41] [Server thread/INFO]: -------- World Settings For [world] --------
[15:49:41] [Server thread/INFO]: Cactus Growth Modifier: 100%
[15:49:41] [Server thread/INFO]: Cane Growth Modifier: 100%
[15:49:41] [Server thread/INFO]: Melon Growth Modifier: 100%
[15:49:41] [Server thread/INFO]: Mushroom Growth Modifier: 100%
[15:49:41] [Server thread/INFO]: Pumpkin Growth Modifier: 100%
[15:49:41] [Server thread/INFO]: Sapling Growth Modifier: 100%
[15:49:41] [Server thread/INFO]: Beetroot Growth Modifier: 100%
[15:49:41] [Server thread/INFO]: Carrot Growth Modifier: 100%
[15:49:41] [Server thread/INFO]: Potato Growth Modifier: 100%
[15:49:41] [Server thread/INFO]: Wheat Growth Modifier: 100%
[15:49:41] [Server thread/INFO]: NetherWart Growth Modifier: 100%
[15:49:41] [Server thread/INFO]: Vine Growth Modifier: 100%
[15:49:41] [Server thread/INFO]: Cocoa Growth Modifier: 100%
[15:49:41] [Server thread/INFO]: Bamboo Growth Modifier: 100%
[15:49:41] [Server thread/INFO]: SweetBerry Growth Modifier: 100%
[15:49:41] [Server thread/INFO]: Kelp Growth Modifier: 100%
[15:49:41] [Server thread/INFO]: TwistingVines Growth Modifier: 100%
[15:49:41] [Server thread/INFO]: WeepingVines Growth Modifier: 100%
[15:49:41] [Server thread/INFO]: CaveVines Growth Modifier: 100%
[15:49:41] [Server thread/INFO]: Entity Activation Range: An 32 / Mo 32 / Ra 48 / Mi 16 / Tiv true / Isa false
[15:49:41] [Server thread/INFO]: Entity Tracking Range: Pl 48 / An 48 / Mo 48 / Mi 32 / Di 128 / Other 64
[15:49:41] [Server thread/INFO]: Hopper Transfer: 8 Hopper Check: 1 Hopper Amount: 1 Hopper Can Load Chunks: false
[15:49:41] [Server thread/INFO]: Experience Merge Radius: 3.0
[15:49:41] [Server thread/INFO]: Mob Spawn Range: 6
[15:49:41] [Server thread/INFO]: Custom Map Seeds:  Village: 10387312 Desert: 14357617 Igloo: 14357618 Jungle: 14357619 Swamp: 14357620 Monument: 10387313 Ocean: 14357621 Shipwreck: 165745295 End City: 10387313 Slime: 987234911 Nether: 30084232 Mansion: 10387319 Fossil: 14357921 Portal: 34222645
[15:49:41] [Server thread/INFO]: Max TNT Explosions: 100
[15:49:41] [Server thread/INFO]: Tile Max Tick Time: 50ms Entity max Tick Time: 50ms
[15:49:41] [Server thread/INFO]: Arrow Despawn Rate: 1200 Trident Respawn Rate:1200
[15:49:41] [Server thread/INFO]: View Distance: 10
[15:49:41] [Server thread/INFO]: Simulation Distance: 10
[15:49:41] [Server thread/INFO]: Item Despawn Rate: 6000
[15:49:41] [Server thread/INFO]: Item Merge Radius: 2.5
[15:49:41] [Server thread/INFO]: Allow Zombie Pigmen to spawn from portal blocks: true
[15:49:41] [Server thread/INFO]: Zombie Aggressive Towards Villager: true
[15:49:41] [Server thread/INFO]: Nerfing mobs spawned from spawners: false
[15:49:42] [Server thread/INFO]: -------- World Settings For [world_nether] --------
[15:49:42] [Server thread/INFO]: Cactus Growth Modifier: 100%
[15:49:42] [Server thread/INFO]: Cane Growth Modifier: 100%
[15:49:42] [Server thread/INFO]: Melon Growth Modifier: 100%
[15:49:42] [Server thread/INFO]: Mushroom Growth Modifier: 100%
[15:49:42] [Server thread/INFO]: Pumpkin Growth Modifier: 100%
[15:49:42] [Server thread/INFO]: Sapling Growth Modifier: 100%
[15:49:42] [Server thread/INFO]: Beetroot Growth Modifier: 100%
[15:49:42] [Server thread/INFO]: Carrot Growth Modifier: 100%
[15:49:42] [Server thread/INFO]: Potato Growth Modifier: 100%
[15:49:42] [Server thread/INFO]: Wheat Growth Modifier: 100%
[15:49:42] [Server thread/INFO]: NetherWart Growth Modifier: 100%
[15:49:42] [Server thread/INFO]: Vine Growth Modifier: 100%
[15:49:42] [Server thread/INFO]: Cocoa Growth Modifier: 100%
[15:49:42] [Server thread/INFO]: Bamboo Growth Modifier: 100%
[15:49:42] [Server thread/INFO]: SweetBerry Growth Modifier: 100%
[15:49:42] [Server thread/INFO]: Kelp Growth Modifier: 100%
[15:49:42] [Server thread/INFO]: TwistingVines Growth Modifier: 100%
[15:49:42] [Server thread/INFO]: WeepingVines Growth Modifier: 100%
[15:49:42] [Server thread/INFO]: CaveVines Growth Modifier: 100%
[15:49:42] [Server thread/INFO]: Entity Activation Range: An 32 / Mo 32 / Ra 48 / Mi 16 / Tiv true / Isa false
[15:49:42] [Server thread/INFO]: Entity Tracking Range: Pl 48 / An 48 / Mo 48 / Mi 32 / Di 128 / Other 64
[15:49:42] [Server thread/INFO]: Hopper Transfer: 8 Hopper Check: 1 Hopper Amount: 1 Hopper Can Load Chunks: false
[15:49:42] [Server thread/INFO]: Experience Merge Radius: 3.0
[15:49:42] [Server thread/INFO]: Mob Spawn Range: 6
[15:49:42] [Server thread/INFO]: Custom Map Seeds:  Village: 10387312 Desert: 14357617 Igloo: 14357618 Jungle: 14357619 Swamp: 14357620 Monument: 10387313 Ocean: 14357621 Shipwreck: 165745295 End City: 10387313 Slime: 987234911 Nether: 30084232 Mansion: 10387319 Fossil: 14357921 Portal: 34222645
[15:49:42] [Server thread/INFO]: Max TNT Explosions: 100
[15:49:42] [Server thread/INFO]: Tile Max Tick Time: 50ms Entity max Tick Time: 50ms
[15:49:42] [Server thread/INFO]: Arrow Despawn Rate: 1200 Trident Respawn Rate:1200
[15:49:42] [Server thread/INFO]: View Distance: 10
[15:49:42] [Server thread/INFO]: Simulation Distance: 10
[15:49:42] [Server thread/INFO]: Item Despawn Rate: 6000
[15:49:42] [Server thread/INFO]: Item Merge Radius: 2.5
[15:49:42] [Server thread/INFO]: Allow Zombie Pigmen to spawn from portal blocks: true
[15:49:42] [Server thread/INFO]: Zombie Aggressive Towards Villager: true
[15:49:42] [Server thread/INFO]: Nerfing mobs spawned from spawners: false
[15:49:50] [Server thread/INFO]: -------- World Settings For [world_the_end] --------
[15:49:50] [Server thread/INFO]: Cactus Growth Modifier: 100%
[15:49:50] [Server thread/INFO]: Cane Growth Modifier: 100%
[15:49:50] [Server thread/INFO]: Melon Growth Modifier: 100%
[15:49:50] [Server thread/INFO]: Mushroom Growth Modifier: 100%
[15:49:50] [Server thread/INFO]: Pumpkin Growth Modifier: 100%
[15:49:50] [Server thread/INFO]: Sapling Growth Modifier: 100%
[15:49:50] [Server thread/INFO]: Beetroot Growth Modifier: 100%
[15:49:50] [Server thread/INFO]: Carrot Growth Modifier: 100%
[15:49:50] [Server thread/INFO]: Potato Growth Modifier: 100%
[15:49:50] [Server thread/INFO]: Wheat Growth Modifier: 100%
[15:49:50] [Server thread/INFO]: NetherWart Growth Modifier: 100%
[15:49:50] [Server thread/INFO]: Vine Growth Modifier: 100%
[15:49:50] [Server thread/INFO]: Cocoa Growth Modifier: 100%
[15:49:50] [Server thread/INFO]: Bamboo Growth Modifier: 100%
[15:49:50] [Server thread/INFO]: SweetBerry Growth Modifier: 100%
[15:49:50] [Server thread/INFO]: Kelp Growth Modifier: 100%
[15:49:50] [Server thread/INFO]: TwistingVines Growth Modifier: 100%
[15:49:50] [Server thread/INFO]: WeepingVines Growth Modifier: 100%
[15:49:50] [Server thread/INFO]: CaveVines Growth Modifier: 100%
[15:49:50] [Server thread/INFO]: Entity Activation Range: An 32 / Mo 32 / Ra 48 / Mi 16 / Tiv true / Isa false
[15:49:50] [Server thread/INFO]: Entity Tracking Range: Pl 48 / An 48 / Mo 48 / Mi 32 / Di 128 / Other 64
[15:49:50] [Server thread/INFO]: Hopper Transfer: 8 Hopper Check: 1 Hopper Amount: 1 Hopper Can Load Chunks: false
[15:49:50] [Server thread/INFO]: Experience Merge Radius: 3.0
[15:49:50] [Server thread/INFO]: Mob Spawn Range: 6
[15:49:50] [Server thread/INFO]: Custom Map Seeds:  Village: 10387312 Desert: 14357617 Igloo: 14357618 Jungle: 14357619 Swamp: 14357620 Monument: 10387313 Ocean: 14357621 Shipwreck: 165745295 End City: 10387313 Slime: 987234911 Nether: 30084232 Mansion: 10387319 Fossil: 14357921 Portal: 34222645
[15:49:50] [Server thread/INFO]: Max TNT Explosions: 100
[15:49:50] [Server thread/INFO]: Tile Max Tick Time: 50ms Entity max Tick Time: 50ms
[15:49:50] [Server thread/INFO]: Arrow Despawn Rate: 1200 Trident Respawn Rate:1200
[15:49:50] [Server thread/INFO]: View Distance: 10
[15:49:50] [Server thread/INFO]: Simulation Distance: 10
[15:49:50] [Server thread/INFO]: Item Despawn Rate: 6000
[15:49:50] [Server thread/INFO]: Item Merge Radius: 2.5
[15:49:50] [Server thread/INFO]: Allow Zombie Pigmen to spawn from portal blocks: true
[15:49:50] [Server thread/INFO]: Zombie Aggressive Towards Villager: true
[15:49:50] [Server thread/INFO]: Nerfing mobs spawned from spawners: false
[15:49:50] [Server thread/INFO]: Preparing start region for dimension minecraft:overworld
[15:50:01] [Worker-Main-3/INFO]: Preparing spawn area: 0%
[15:50:01] [Worker-Main-3/INFO]: Preparing spawn area: 0%
[15:50:01] [Worker-Main-1/INFO]: Preparing spawn area: 0%
[15:50:01] [Worker-Main-2/INFO]: Preparing spawn area: 0%
[15:50:01] [Worker-Main-2/INFO]: Preparing spawn area: 0%
[15:50:01] [Worker-Main-1/INFO]: Preparing spawn area: 0%
[15:50:01] [Worker-Main-2/INFO]: Preparing spawn area: 0%
[15:50:01] [Worker-Main-1/INFO]: Preparing spawn area: 0%
[15:50:01] [Worker-Main-2/INFO]: Preparing spawn area: 0%
[15:50:01] [Worker-Main-2/INFO]: Preparing spawn area: 0%
[15:50:01] [Worker-Main-2/INFO]: Preparing spawn area: 0%
[15:50:01] [Worker-Main-3/INFO]: Preparing spawn area: 0%
[15:50:01] [Worker-Main-2/INFO]: Preparing spawn area: 0%
[15:50:01] [Worker-Main-3/INFO]: Preparing spawn area: 0%
[15:50:01] [Worker-Main-2/INFO]: Preparing spawn area: 0%
[15:50:01] [Worker-Main-3/INFO]: Preparing spawn area: 0%
[15:50:01] [Worker-Main-1/INFO]: Preparing spawn area: 0%
[15:50:01] [Worker-Main-3/INFO]: Preparing spawn area: 0%
[15:50:01] [Worker-Main-3/INFO]: Preparing spawn area: 0%
[15:50:01] [Worker-Main-1/INFO]: Preparing spawn area: 0%
[15:50:01] [Worker-Main-2/INFO]: Preparing spawn area: 0%
[15:50:01] [Worker-Main-1/INFO]: Preparing spawn area: 0%
[15:50:01] [Worker-Main-1/INFO]: Preparing spawn area: 0%
[15:50:02] [Worker-Main-2/INFO]: Preparing spawn area: 0%
[15:50:03] [Worker-Main-1/INFO]: Preparing spawn area: 0%
[15:50:03] [Worker-Main-1/INFO]: Preparing spawn area: 0%
[15:50:03] [Worker-Main-3/INFO]: Preparing spawn area: 0%
[15:50:04] [Worker-Main-1/INFO]: Preparing spawn area: 9%
[15:50:04] [Worker-Main-3/INFO]: Preparing spawn area: 39%
[15:50:05] [Worker-Main-3/INFO]: Preparing spawn area: 39%
[15:50:05] [Server thread/INFO]: Time elapsed: 14918 ms
[15:50:06] [Server thread/INFO]: Preparing start region for dimension minecraft:the_nether
[15:50:09] [Worker-Main-2/INFO]: Preparing spawn area: 0%
[15:50:09] [Worker-Main-2/INFO]: Preparing spawn area: 0%
[15:50:09] [Worker-Main-1/INFO]: Preparing spawn area: 0%
[15:50:09] [Worker-Main-2/INFO]: Preparing spawn area: 0%
[15:50:09] [Worker-Main-2/INFO]: Preparing spawn area: 0%
[15:50:09] [Worker-Main-1/INFO]: Preparing spawn area: 0%
[15:50:09] [Worker-Main-3/INFO]: Preparing spawn area: 0%
[15:50:09] [Worker-Main-2/INFO]: Preparing spawn area: 0%
[15:50:10] [Worker-Main-1/INFO]: Preparing spawn area: 0%
[15:50:10] [Worker-Main-1/INFO]: Preparing spawn area: 0%
[15:50:11] [Worker-Main-1/INFO]: Preparing spawn area: 0%
[15:50:11] [Worker-Main-1/INFO]: Preparing spawn area: 0%
[15:50:12] [Worker-Main-3/INFO]: Preparing spawn area: 0%
[15:50:12] [Worker-Main-2/INFO]: Preparing spawn area: 5%
[15:50:13] [Worker-Main-3/INFO]: Preparing spawn area: 47%
[15:50:13] [Worker-Main-3/INFO]: Preparing spawn area: 89%
[15:50:13] [Server thread/INFO]: Time elapsed: 7692 ms
[15:50:13] [Server thread/INFO]: Preparing start region for dimension minecraft:the_end
[15:50:16] [Worker-Main-1/INFO]: Preparing spawn area: 0%
[15:50:16] [Worker-Main-1/INFO]: Preparing spawn area: 0%
[15:50:16] [Worker-Main-2/INFO]: Preparing spawn area: 0%
[15:50:16] [Worker-Main-2/INFO]: Preparing spawn area: 0%
[15:50:16] [Worker-Main-2/INFO]: Preparing spawn area: 0%
[15:50:16] [Worker-Main-3/INFO]: Preparing spawn area: 0%
[15:50:16] [Worker-Main-1/INFO]: Preparing spawn area: 0%
[15:50:17] [Worker-Main-2/INFO]: Preparing spawn area: 33%
[15:50:17] [Worker-Main-3/INFO]: Preparing spawn area: 92%
[15:50:17] [Server thread/INFO]: Time elapsed: 4055 ms
[15:50:17] [Server thread/INFO]: [CoreProtect] Enabling CoreProtect v22.4
[15:50:18] [Server thread/INFO]: [0;37;1m[0;37;1m[m[CoreProtect] CoreProtect has been successfully enabled![0;37;1m[0;37;1m [m
[15:50:18] [Server thread/INFO]: [CoreProtect] Using SQLite for data storage.
[15:50:18] [Server thread/INFO]: --------------------
[15:50:18] [Server thread/INFO]: [CoreProtect] Enjoy CoreProtect? Join our Discord!
[15:50:18] [Server thread/INFO]: [CoreProtect] Discord: www.coreprotect.net/discord/
[15:50:18] [Server thread/INFO]: --------------------
[15:50:18] [Server thread/INFO]: [ViaVersion] Enabling ViaVersion v5.2.1
[15:50:18] [Server thread/INFO]: [ViaVersion] ViaVersion detected server version: 1.20.3-1.20.4 (765)
[15:50:18] [Server thread/WARN]: [ViaVersion] Please update your Java runtime to at least Java 21 (your version is 17.0.14).
[15:50:18] [Server thread/WARN]: [ViaVersion] At some point in the future, ViaVersion will no longer be compatible with this version of Java.
[15:50:18] [Server thread/INFO]: [MeowPlugin] Enabling MeowPlugin v0.1
[15:50:18] [Server thread/INFO]: [TabTPS] Enabling TabTPS v1.3.22
[15:50:18] [Server thread/WARN]: [TabTPS] ====================================================
[15:50:18] [Server thread/WARN]: [TabTPS]  TabTPS works better if you use Paper 
[15:50:18] [Server thread/WARN]: [TabTPS]  as your server software. 
[15:50:18] [Server thread/WARN]: [TabTPS]   
[15:50:18] [Server thread/WARN]: [TabTPS]  Paper offers significant performance improvements,
[15:50:18] [Server thread/WARN]: [TabTPS]  bug fixes, security enhancements and optional
[15:50:18] [Server thread/WARN]: [TabTPS]  features for server owners to enhance their server.
[15:50:18] [Server thread/WARN]: [TabTPS]   
[15:50:18] [Server thread/WARN]: [TabTPS]  Paper includes Timings v2, which is significantly
[15:50:18] [Server thread/WARN]: [TabTPS]  better at diagnosing lag problems over v1.
[15:50:18] [Server thread/WARN]: [TabTPS]   
[15:50:18] [Server thread/WARN]: [TabTPS]  All of your plugins should still work, and the
[15:50:18] [Server thread/WARN]: [TabTPS]  Paper community will gladly help you fix any issues.
[15:50:18] [Server thread/WARN]: [TabTPS]   
[15:50:18] [Server thread/WARN]: [TabTPS]  Join the Paper Community @ https://papermc.io
[15:50:18] [Server thread/WARN]: [TabTPS] ====================================================
[15:50:19] [Server thread/INFO]: [ViaBackwards] Enabling ViaBackwards v5.2.1
[15:50:19] [Server thread/INFO]: Server permissions file permissions.yml is empty, ignoring it
[15:50:19] [Server thread/INFO]: Done (38.486s)! For help, type "help"
[15:50:19] [Craft Scheduler Thread - 3/INFO]: [ViaVersion] Finished mapping loading, shutting down loader executor.
[15:50:20] [Craft Scheduler Thread - 0/INFO]: [33;1m[[32;22mSkinsRestorer[33;1m] [0;39m[32;1m----------------------------------------------[0;39m[m
[15:50:20] [Craft Scheduler Thread - 0/INFO]: [33;1m[[32;22mSkinsRestorer[33;1m] [0;39m[32;1m    +==================+[0;39m[m
[15:50:20] [Craft Scheduler Thread - 0/INFO]: [33;1m[[32;22mSkinsRestorer[33;1m] [0;39m[32;1m    |   SkinsRestorer  |[0;39m[m
[15:50:20] [Craft Scheduler Thread - 0/INFO]: [33;1m[[32;22mSkinsRestorer[33;1m] [0;39m[32;1m    |------------------|[0;39m[m
[15:50:20] [Craft Scheduler Thread - 0/INFO]: [33;1m[[32;22mSkinsRestorer[33;1m] [0;39m[32;1m    |  [34;1m[4m[21mStandalone Mode[0;39m[32;1m |[0;39m[m
[15:50:20] [Craft Scheduler Thread - 0/INFO]: [33;1m[[32;22mSkinsRestorer[33;1m] [0;39m[32;1m    +==================+[0;39m[m
[15:50:20] [Craft Scheduler Thread - 0/INFO]: [33;1m[[32;22mSkinsRestorer[33;1m] [0;39m[32;1m----------------------------------------------[0;39m[m
[15:50:20] [Craft Scheduler Thread - 0/INFO]: [33;1m[[32;22mSkinsRestorer[33;1m] [0;39m[36;1m    Version: [32;1m15.5.3[0;39m[m
[15:50:20] [Craft Scheduler Thread - 0/INFO]: [33;1m[[32;22mSkinsRestorer[33;1m] [0;39m[36;1m    Commit: [32;1m86e796c[0;39m[m
[15:50:20] [Craft Scheduler Thread - 0/INFO]: [33;1m[[32;22mSkinsRestorer[33;1m] [0;39m[32;1m    This is the latest version![0;39m[m
[15:50:20] [Craft Scheduler Thread - 0/INFO]: [33;1m[[32;22mSkinsRestorer[33;1m] [0;39m[32;1m----------------------------------------------[0;39m[m
[15:50:20] [Craft Scheduler Thread - 0/INFO]: [33;1m[[32;22mSkinsRestorer[33;1m] [0;39m[34;1mDo you have issues? Read our troubleshooting guide: [33;1mhttps://skinsrestorer.net/docs/troubleshooting[0;39m[m
[15:50:20] [Craft Scheduler Thread - 0/INFO]: [33;1m[[32;22mSkinsRestorer[33;1m] [0;39m[34;1mWant to support SkinsRestorer? Consider donating: [33;1mhttps://skinsrestorer.net/donate[0;39m[m
[15:50:22] [Craft Scheduler Thread - 4/INFO]: There is an update available for TabTPS!
[15:50:22] [Craft Scheduler Thread - 4/INFO]: This server is running version v1.3.22, which is 4 versions outdated.
[15:50:22] [Craft Scheduler Thread - 4/INFO]: Download the latest version, v1.3.26 from GitHub at the link below:
[15:50:22] [Craft Scheduler Thread - 4/INFO]: https://github.com/jpenilla/TabTPS/releases/tag/v1.3.26
[21:59:21] [Craft Scheduler Thread - 7/WARN]: [33;1m[[32;22mSkinsRestorer[33;1m] [0;39m[33;1mFailed to get recommended skins: Connect timed out[0;39m
