[18:36:53] [ServerMain/INFO]: Environment: Environment[sessionHost=https://sessionserver.mojang.com, servicesHost=https://api.minecraftservices.com, name=PROD]
[18:36:56] [ServerMain/INFO]: Loaded 7 recipes
[18:36:57] [Server thread/INFO]: Starting minecraft server version 1.20.4
[18:36:57] [Server thread/INFO]: Loading properties
[18:36:57] [Server thread/INFO]: This server is running CraftBukkit version 4074-Spigot-e9ec548-51bbab2 (MC: 1.20.4) (Implementing API version 1.20.4-R0.1-SNAPSHOT)
[18:36:58] [Server thread/INFO]: Server Ping Player Sample Count: 12
[18:36:58] [Server thread/INFO]: Using 4 threads for Netty based IO
[18:36:58] [Server thread/INFO]: Debug logging is disabled
[18:36:58] [Server thread/INFO]: Default game type: SURVIVAL
[18:36:58] [Server thread/INFO]: Generating keypair
[18:36:58] [Server thread/INFO]: Starting Minecraft server on *:25566
[18:36:58] [Server thread/INFO]: Using epoll channel type
[18:36:59] [Server thread/INFO]: [CoreProtect] Loading CoreProtect v22.4
[18:36:59] [Server thread/INFO]: [ViaVersion] Loading ViaVersion v5.2.1
[18:36:59] [Server thread/INFO]: [ViaVersion] ViaVersion 5.2.1 is now loaded. Registering protocol transformers and injecting...
[18:36:59] [Via-Mappingloader-0/INFO]: [ViaVersion] Loading block connection mappings ...
[18:37:00] [Via-Mappingloader-0/INFO]: [ViaVersion] Using FastUtil Long2ObjectOpenHashMap for block connections
[18:37:00] [Server thread/INFO]: [ViaBackwards] Loading translations...
[18:37:00] [Server thread/INFO]: [ViaBackwards] Registering protocols...
[18:37:01] [Server thread/INFO]: [ViaRewind] Registering protocols...
[18:37:01] [Server thread/INFO]: [MeowPlugin] Loading MeowPlugin v0.1
[18:37:01] [Server thread/INFO]: [TabTPS] Loading TabTPS v1.3.22
[18:37:01] [Server thread/INFO]: [ViaBackwards] Loading ViaBackwards v5.2.1
[18:37:01] [Server thread/INFO]: [ViaRewind] Loading ViaRewind v4.0.5
[18:37:01] [Server thread/INFO]: [SkinsRestorer] Loading SkinsRestorer v15.5.2
[18:37:01] [Server thread/INFO]: [ViaRewind] Enabling ViaRewind v4.0.5
[18:37:01] [Server thread/INFO]: [SkinsRestorer] Enabling SkinsRestorer v15.5.2
[18:37:02] [Server thread/WARN]: [33;1m[[32;22mSkinsRestorer[33;1m] [0;39m[33;1mYou must agree to the rules at 'commands.perSkinPermissionsConsent' in the config to use per skin permissions.[0;39m
[18:37:02] [Server thread/INFO]: [33;1m[[32;22mSkinsRestorer[33;1m] [0;39m[32;1mRunning on Minecraft [33;1m1.20.4[32;1m.[0;39m[m
[18:37:03] [Server thread/WARN]: [33;1m[[32;22mSkinsRestorer[33;1m] [0;39m[33;1m[33;1mPlease update your Java runtime to at least Java 21 (your version is 17).[0;39m
[18:37:03] [Server thread/WARN]: [33;1m[[32;22mSkinsRestorer[33;1m] [0;39m[33;1m[33;1mAt some point in the future, SkinsRestorer will no longer be compatible with this version of Java.[0;39m
[18:37:03] [Server thread/WARN]: **** SERVER IS RUNNING IN OFFLINE/INSECURE MODE!
[18:37:03] [Server thread/WARN]: The server will make no attempt to authenticate usernames. Beware.
[18:37:03] [Server thread/WARN]: While this makes the game possible to play without internet access, it also opens up the ability for hackers to connect with any username they choose.
[18:37:03] [Server thread/WARN]: To change this, set "online-mode" to "true" in the server.properties file.
[18:37:03] [Server thread/INFO]: Preparing level "world"
[18:37:03] [Server thread/INFO]: -------- World Settings For [world] --------
[18:37:03] [Server thread/INFO]: Cactus Growth Modifier: 100%
[18:37:03] [Server thread/INFO]: Cane Growth Modifier: 100%
[18:37:03] [Server thread/INFO]: Melon Growth Modifier: 100%
[18:37:03] [Server thread/INFO]: Mushroom Growth Modifier: 100%
[18:37:03] [Server thread/INFO]: Pumpkin Growth Modifier: 100%
[18:37:03] [Server thread/INFO]: Sapling Growth Modifier: 100%
[18:37:03] [Server thread/INFO]: Beetroot Growth Modifier: 100%
[18:37:03] [Server thread/INFO]: Carrot Growth Modifier: 100%
[18:37:03] [Server thread/INFO]: Potato Growth Modifier: 100%
[18:37:03] [Server thread/INFO]: Wheat Growth Modifier: 100%
[18:37:03] [Server thread/INFO]: NetherWart Growth Modifier: 100%
[18:37:03] [Server thread/INFO]: Vine Growth Modifier: 100%
[18:37:03] [Server thread/INFO]: Cocoa Growth Modifier: 100%
[18:37:03] [Server thread/INFO]: Bamboo Growth Modifier: 100%
[18:37:03] [Server thread/INFO]: SweetBerry Growth Modifier: 100%
[18:37:03] [Server thread/INFO]: Kelp Growth Modifier: 100%
[18:37:03] [Server thread/INFO]: TwistingVines Growth Modifier: 100%
[18:37:03] [Server thread/INFO]: WeepingVines Growth Modifier: 100%
[18:37:03] [Server thread/INFO]: CaveVines Growth Modifier: 100%
[18:37:03] [Server thread/INFO]: Entity Activation Range: An 32 / Mo 32 / Ra 48 / Mi 16 / Tiv true / Isa false
[18:37:03] [Server thread/INFO]: Entity Tracking Range: Pl 48 / An 48 / Mo 48 / Mi 32 / Di 128 / Other 64
[18:37:03] [Server thread/INFO]: Hopper Transfer: 8 Hopper Check: 1 Hopper Amount: 1 Hopper Can Load Chunks: false
[18:37:03] [Server thread/INFO]: Experience Merge Radius: 3.0
[18:37:03] [Server thread/INFO]: Mob Spawn Range: 6
[18:37:03] [Server thread/INFO]: Custom Map Seeds:  Village: 10387312 Desert: 14357617 Igloo: 14357618 Jungle: 14357619 Swamp: 14357620 Monument: 10387313 Ocean: 14357621 Shipwreck: 165745295 End City: 10387313 Slime: 987234911 Nether: 30084232 Mansion: 10387319 Fossil: 14357921 Portal: 34222645
[18:37:03] [Server thread/INFO]: Max TNT Explosions: 100
[18:37:03] [Server thread/INFO]: Tile Max Tick Time: 50ms Entity max Tick Time: 50ms
[18:37:03] [Server thread/INFO]: Nerfing mobs spawned from spawners: false
[18:37:03] [Server thread/INFO]: View Distance: 10
[18:37:03] [Server thread/INFO]: Simulation Distance: 10
[18:37:03] [Server thread/INFO]: Item Despawn Rate: 6000
[18:37:03] [Server thread/INFO]: Item Merge Radius: 2.5
[18:37:03] [Server thread/INFO]: Allow Zombie Pigmen to spawn from portal blocks: true
[18:37:03] [Server thread/INFO]: Arrow Despawn Rate: 1200 Trident Respawn Rate:1200
[18:37:03] [Server thread/INFO]: Zombie Aggressive Towards Villager: true
[18:37:04] [Server thread/INFO]: -------- World Settings For [world_nether] --------
[18:37:04] [Server thread/INFO]: Cactus Growth Modifier: 100%
[18:37:04] [Server thread/INFO]: Cane Growth Modifier: 100%
[18:37:04] [Server thread/INFO]: Melon Growth Modifier: 100%
[18:37:04] [Server thread/INFO]: Mushroom Growth Modifier: 100%
[18:37:04] [Server thread/INFO]: Pumpkin Growth Modifier: 100%
[18:37:04] [Server thread/INFO]: Sapling Growth Modifier: 100%
[18:37:04] [Server thread/INFO]: Beetroot Growth Modifier: 100%
[18:37:04] [Server thread/INFO]: Carrot Growth Modifier: 100%
[18:37:04] [Server thread/INFO]: Potato Growth Modifier: 100%
[18:37:04] [Server thread/INFO]: Wheat Growth Modifier: 100%
[18:37:04] [Server thread/INFO]: NetherWart Growth Modifier: 100%
[18:37:04] [Server thread/INFO]: Vine Growth Modifier: 100%
[18:37:04] [Server thread/INFO]: Cocoa Growth Modifier: 100%
[18:37:04] [Server thread/INFO]: Bamboo Growth Modifier: 100%
[18:37:04] [Server thread/INFO]: SweetBerry Growth Modifier: 100%
[18:37:04] [Server thread/INFO]: Kelp Growth Modifier: 100%
[18:37:04] [Server thread/INFO]: TwistingVines Growth Modifier: 100%
[18:37:04] [Server thread/INFO]: WeepingVines Growth Modifier: 100%
[18:37:04] [Server thread/INFO]: CaveVines Growth Modifier: 100%
[18:37:04] [Server thread/INFO]: Entity Activation Range: An 32 / Mo 32 / Ra 48 / Mi 16 / Tiv true / Isa false
[18:37:04] [Server thread/INFO]: Entity Tracking Range: Pl 48 / An 48 / Mo 48 / Mi 32 / Di 128 / Other 64
[18:37:04] [Server thread/INFO]: Hopper Transfer: 8 Hopper Check: 1 Hopper Amount: 1 Hopper Can Load Chunks: false
[18:37:04] [Server thread/INFO]: Experience Merge Radius: 3.0
[18:37:04] [Server thread/INFO]: Mob Spawn Range: 6
[18:37:04] [Server thread/INFO]: Custom Map Seeds:  Village: 10387312 Desert: 14357617 Igloo: 14357618 Jungle: 14357619 Swamp: 14357620 Monument: 10387313 Ocean: 14357621 Shipwreck: 165745295 End City: 10387313 Slime: 987234911 Nether: 30084232 Mansion: 10387319 Fossil: 14357921 Portal: 34222645
[18:37:04] [Server thread/INFO]: Max TNT Explosions: 100
[18:37:04] [Server thread/INFO]: Tile Max Tick Time: 50ms Entity max Tick Time: 50ms
[18:37:04] [Server thread/INFO]: Nerfing mobs spawned from spawners: false
[18:37:04] [Server thread/INFO]: View Distance: 10
[18:37:04] [Server thread/INFO]: Simulation Distance: 10
[18:37:04] [Server thread/INFO]: Item Despawn Rate: 6000
[18:37:04] [Server thread/INFO]: Item Merge Radius: 2.5
[18:37:04] [Server thread/INFO]: Allow Zombie Pigmen to spawn from portal blocks: true
[18:37:04] [Server thread/INFO]: Arrow Despawn Rate: 1200 Trident Respawn Rate:1200
[18:37:04] [Server thread/INFO]: Zombie Aggressive Towards Villager: true
[18:37:09] [Server thread/INFO]: -------- World Settings For [world_the_end] --------
[18:37:09] [Server thread/INFO]: Cactus Growth Modifier: 100%
[18:37:09] [Server thread/INFO]: Cane Growth Modifier: 100%
[18:37:09] [Server thread/INFO]: Melon Growth Modifier: 100%
[18:37:09] [Server thread/INFO]: Mushroom Growth Modifier: 100%
[18:37:09] [Server thread/INFO]: Pumpkin Growth Modifier: 100%
[18:37:09] [Server thread/INFO]: Sapling Growth Modifier: 100%
[18:37:09] [Server thread/INFO]: Beetroot Growth Modifier: 100%
[18:37:09] [Server thread/INFO]: Carrot Growth Modifier: 100%
[18:37:09] [Server thread/INFO]: Potato Growth Modifier: 100%
[18:37:09] [Server thread/INFO]: Wheat Growth Modifier: 100%
[18:37:09] [Server thread/INFO]: NetherWart Growth Modifier: 100%
[18:37:09] [Server thread/INFO]: Vine Growth Modifier: 100%
[18:37:09] [Server thread/INFO]: Cocoa Growth Modifier: 100%
[18:37:09] [Server thread/INFO]: Bamboo Growth Modifier: 100%
[18:37:09] [Server thread/INFO]: SweetBerry Growth Modifier: 100%
[18:37:09] [Server thread/INFO]: Kelp Growth Modifier: 100%
[18:37:09] [Server thread/INFO]: TwistingVines Growth Modifier: 100%
[18:37:09] [Server thread/INFO]: WeepingVines Growth Modifier: 100%
[18:37:09] [Server thread/INFO]: CaveVines Growth Modifier: 100%
[18:37:09] [Server thread/INFO]: Entity Activation Range: An 32 / Mo 32 / Ra 48 / Mi 16 / Tiv true / Isa false
[18:37:09] [Server thread/INFO]: Entity Tracking Range: Pl 48 / An 48 / Mo 48 / Mi 32 / Di 128 / Other 64
[18:37:09] [Server thread/INFO]: Hopper Transfer: 8 Hopper Check: 1 Hopper Amount: 1 Hopper Can Load Chunks: false
[18:37:09] [Server thread/INFO]: Experience Merge Radius: 3.0
[18:37:09] [Server thread/INFO]: Mob Spawn Range: 6
[18:37:09] [Server thread/INFO]: Custom Map Seeds:  Village: 10387312 Desert: 14357617 Igloo: 14357618 Jungle: 14357619 Swamp: 14357620 Monument: 10387313 Ocean: 14357621 Shipwreck: 165745295 End City: 10387313 Slime: 987234911 Nether: 30084232 Mansion: 10387319 Fossil: 14357921 Portal: 34222645
[18:37:09] [Server thread/INFO]: Max TNT Explosions: 100
[18:37:09] [Server thread/INFO]: Tile Max Tick Time: 50ms Entity max Tick Time: 50ms
[18:37:09] [Server thread/INFO]: Nerfing mobs spawned from spawners: false
[18:37:09] [Server thread/INFO]: View Distance: 10
[18:37:09] [Server thread/INFO]: Simulation Distance: 10
[18:37:09] [Server thread/INFO]: Item Despawn Rate: 6000
[18:37:09] [Server thread/INFO]: Item Merge Radius: 2.5
[18:37:09] [Server thread/INFO]: Allow Zombie Pigmen to spawn from portal blocks: true
[18:37:09] [Server thread/INFO]: Arrow Despawn Rate: 1200 Trident Respawn Rate:1200
[18:37:09] [Server thread/INFO]: Zombie Aggressive Towards Villager: true
[18:37:09] [Server thread/INFO]: Preparing start region for dimension minecraft:overworld
[18:37:18] [Worker-Main-3/INFO]: Preparing spawn area: 0%
[18:37:18] [Worker-Main-3/INFO]: Preparing spawn area: 0%
[18:37:18] [Worker-Main-1/INFO]: Preparing spawn area: 0%
[18:37:18] [Worker-Main-2/INFO]: Preparing spawn area: 0%
[18:37:18] [Worker-Main-2/INFO]: Preparing spawn area: 0%
[18:37:18] [Worker-Main-3/INFO]: Preparing spawn area: 0%
[18:37:18] [Worker-Main-1/INFO]: Preparing spawn area: 0%
[18:37:18] [Worker-Main-1/INFO]: Preparing spawn area: 0%
[18:37:18] [Worker-Main-3/INFO]: Preparing spawn area: 0%
[18:37:18] [Worker-Main-3/INFO]: Preparing spawn area: 0%
[18:37:18] [Worker-Main-3/INFO]: Preparing spawn area: 0%
[18:37:18] [Worker-Main-2/INFO]: Preparing spawn area: 0%
[18:37:18] [Worker-Main-2/INFO]: Preparing spawn area: 0%
[18:37:18] [Worker-Main-2/INFO]: Preparing spawn area: 0%
[18:37:18] [Worker-Main-2/INFO]: Preparing spawn area: 0%
[18:37:18] [Worker-Main-3/INFO]: Preparing spawn area: 0%
[18:37:18] [Worker-Main-2/INFO]: Preparing spawn area: 0%
[18:37:18] [Worker-Main-3/INFO]: Preparing spawn area: 0%
[18:37:18] [Worker-Main-3/INFO]: Preparing spawn area: 0%
[18:37:18] [Worker-Main-1/INFO]: Preparing spawn area: 0%
[18:37:19] [Worker-Main-3/INFO]: Preparing spawn area: 1%
[18:37:19] [Worker-Main-1/INFO]: Preparing spawn area: 14%
[18:37:20] [Worker-Main-3/INFO]: Preparing spawn area: 33%
[18:37:20] [Worker-Main-2/INFO]: Preparing spawn area: 37%
[18:37:21] [Worker-Main-2/INFO]: Preparing spawn area: 81%
[18:37:21] [Worker-Main-3/INFO]: Preparing spawn area: 90%
[18:37:21] [Server thread/INFO]: Time elapsed: 12725 ms
[18:37:22] [Server thread/INFO]: Preparing start region for dimension minecraft:the_nether
[18:37:32] [Worker-Main-3/INFO]: Preparing spawn area: 0%
[18:37:32] [Worker-Main-1/INFO]: Preparing spawn area: 0%
[18:37:32] [Worker-Main-3/INFO]: Preparing spawn area: 0%
[18:37:32] [Worker-Main-1/INFO]: Preparing spawn area: 0%
[18:37:32] [Worker-Main-2/INFO]: Preparing spawn area: 0%
[18:37:32] [Worker-Main-3/INFO]: Preparing spawn area: 0%
[18:37:32] [Worker-Main-3/INFO]: Preparing spawn area: 0%
[18:37:32] [Worker-Main-3/INFO]: Preparing spawn area: 0%
[18:37:32] [Worker-Main-2/INFO]: Preparing spawn area: 0%
[18:37:32] [Worker-Main-1/INFO]: Preparing spawn area: 0%
[18:37:32] [Worker-Main-2/INFO]: Preparing spawn area: 0%
[18:37:32] [Worker-Main-2/INFO]: Preparing spawn area: 0%
[18:37:32] [Worker-Main-3/INFO]: Preparing spawn area: 0%
[18:37:32] [Worker-Main-1/INFO]: Preparing spawn area: 0%
[18:37:32] [Worker-Main-2/INFO]: Preparing spawn area: 0%
[18:37:32] [Worker-Main-2/INFO]: Preparing spawn area: 0%
[18:37:32] [Worker-Main-1/INFO]: Preparing spawn area: 0%
[18:37:32] [Worker-Main-3/INFO]: Preparing spawn area: 0%
[18:37:32] [Worker-Main-2/INFO]: Preparing spawn area: 0%
[18:37:32] [Worker-Main-3/INFO]: Preparing spawn area: 0%
[18:37:32] [Worker-Main-2/INFO]: Preparing spawn area: 0%
[18:37:32] [Worker-Main-1/INFO]: Preparing spawn area: 0%
[18:37:33] [Worker-Main-1/INFO]: Preparing spawn area: 0%
[18:37:33] [Worker-Main-1/INFO]: Preparing spawn area: 0%
[18:37:34] [Worker-Main-1/INFO]: Preparing spawn area: 0%
[18:37:34] [Worker-Main-1/INFO]: Preparing spawn area: 11%
[18:37:35] [Worker-Main-3/INFO]: Preparing spawn area: 42%
[18:37:35] [Worker-Main-2/INFO]: Preparing spawn area: 68%
[18:37:36] [Worker-Main-1/INFO]: Preparing spawn area: 86%
[18:37:36] [Server thread/INFO]: Time elapsed: 14371 ms
[18:37:36] [Server thread/INFO]: Preparing start region for dimension minecraft:the_end
[18:37:40] [Worker-Main-1/INFO]: Preparing spawn area: 0%
[18:37:40] [Worker-Main-1/INFO]: Preparing spawn area: 0%
[18:37:40] [Worker-Main-3/INFO]: Preparing spawn area: 0%
[18:37:40] [Worker-Main-3/INFO]: Preparing spawn area: 0%
[18:37:40] [Worker-Main-3/INFO]: Preparing spawn area: 0%
[18:37:40] [Worker-Main-3/INFO]: Preparing spawn area: 0%
[18:37:40] [Worker-Main-3/INFO]: Preparing spawn area: 0%
[18:37:40] [Worker-Main-3/INFO]: Preparing spawn area: 0%
[18:37:40] [Worker-Main-2/INFO]: Preparing spawn area: 0%
[18:37:41] [Worker-Main-3/INFO]: Preparing spawn area: 0%
[18:37:41] [Worker-Main-3/INFO]: Preparing spawn area: 9%
[18:37:42] [Worker-Main-3/INFO]: Preparing spawn area: 16%
[18:37:42] [Worker-Main-1/INFO]: Preparing spawn area: 25%
[18:37:43] [Worker-Main-3/INFO]: Preparing spawn area: 35%
[18:37:43] [Worker-Main-1/INFO]: Preparing spawn area: 57%
[18:37:44] [Worker-Main-2/INFO]: Preparing spawn area: 84%
[18:37:44] [Server thread/INFO]: Time elapsed: 7754 ms
[18:37:44] [Server thread/INFO]: [CoreProtect] Enabling CoreProtect v22.4
[18:37:45] [Server thread/INFO]: [0;37;1m[0;37;1m[m[CoreProtect] CoreProtect has been successfully enabled![0;37;1m[0;37;1m [m
[18:37:45] [Server thread/INFO]: [CoreProtect] Using SQLite for data storage.
[18:37:45] [Server thread/INFO]: --------------------
[18:37:45] [Server thread/INFO]: [CoreProtect] Enjoy CoreProtect? Join our Discord!
[18:37:45] [Server thread/INFO]: [CoreProtect] Discord: www.coreprotect.net/discord/
[18:37:45] [Server thread/INFO]: --------------------
[18:37:45] [Server thread/INFO]: [ViaVersion] Enabling ViaVersion v5.2.1
[18:37:45] [Server thread/INFO]: [ViaVersion] ViaVersion detected server version: 1.20.3-1.20.4 (765)
[18:37:45] [Server thread/WARN]: [ViaVersion] Please update your Java runtime to at least Java 21 (your version is 17.0.13).
[18:37:45] [Server thread/WARN]: [ViaVersion] At some point in the future, ViaVersion will no longer be compatible with this version of Java.
[18:37:45] [Server thread/INFO]: [MeowPlugin] Enabling MeowPlugin v0.1
[18:37:45] [Server thread/WARN]: [MeowPlugin] Could not save config.yml to plugins/MeowPlugin/config.yml because config.yml already exists.
[18:37:45] [Server thread/INFO]: [TabTPS] Enabling TabTPS v1.3.22
[18:37:46] [Server thread/WARN]: [TabTPS] ====================================================
[18:37:46] [Server thread/WARN]: [TabTPS]  TabTPS works better if you use Paper 
[18:37:46] [Server thread/WARN]: [TabTPS]  as your server software. 
[18:37:46] [Server thread/WARN]: [TabTPS]   
[18:37:46] [Server thread/WARN]: [TabTPS]  Paper offers significant performance improvements,
[18:37:46] [Server thread/WARN]: [TabTPS]  bug fixes, security enhancements and optional
[18:37:46] [Server thread/WARN]: [TabTPS]  features for server owners to enhance their server.
[18:37:46] [Server thread/WARN]: [TabTPS]   
[18:37:46] [Server thread/WARN]: [TabTPS]  Paper includes Timings v2, which is significantly
[18:37:46] [Server thread/WARN]: [TabTPS]  better at diagnosing lag problems over v1.
[18:37:46] [Server thread/WARN]: [TabTPS]   
[18:37:46] [Server thread/WARN]: [TabTPS]  All of your plugins should still work, and the
[18:37:46] [Server thread/WARN]: [TabTPS]  Paper community will gladly help you fix any issues.
[18:37:46] [Server thread/WARN]: [TabTPS]   
[18:37:46] [Server thread/WARN]: [TabTPS]  Join the Paper Community @ https://papermc.io
[18:37:46] [Server thread/WARN]: [TabTPS] ====================================================
[18:37:48] [Server thread/INFO]: [ViaBackwards] Enabling ViaBackwards v5.2.1
[18:37:48] [Server thread/INFO]: Server permissions file permissions.yml is empty, ignoring it
[18:37:48] [Server thread/INFO]: Done (44.756s)! For help, type "help"
[18:37:48] [Craft Scheduler Thread - 3/INFO]: [ViaVersion] Finished mapping loading, shutting down loader executor.
[18:37:48] [Craft Scheduler Thread - 1/INFO]: [33;1m[[32;22mSkinsRestorer[33;1m] [0;39m[32;1m----------------------------------------------[0;39m[m
[18:37:48] [Craft Scheduler Thread - 1/INFO]: [33;1m[[32;22mSkinsRestorer[33;1m] [0;39m[32;1m    +==================+[0;39m[m
[18:37:48] [Craft Scheduler Thread - 1/INFO]: [33;1m[[32;22mSkinsRestorer[33;1m] [0;39m[32;1m    |   SkinsRestorer  |[0;39m[m
[18:37:48] [Craft Scheduler Thread - 1/INFO]: [33;1m[[32;22mSkinsRestorer[33;1m] [0;39m[32;1m    |------------------|[0;39m[m
[18:37:48] [Craft Scheduler Thread - 1/INFO]: [33;1m[[32;22mSkinsRestorer[33;1m] [0;39m[32;1m    |  [34;1m[4m[21mStandalone Mode[0;39m[32;1m |[0;39m[m
[18:37:48] [Craft Scheduler Thread - 1/INFO]: [33;1m[[32;22mSkinsRestorer[33;1m] [0;39m[32;1m    +==================+[0;39m[m
[18:37:48] [Craft Scheduler Thread - 1/INFO]: [33;1m[[32;22mSkinsRestorer[33;1m] [0;39m[32;1m----------------------------------------------[0;39m[m
[18:37:48] [Craft Scheduler Thread - 1/INFO]: [33;1m[[32;22mSkinsRestorer[33;1m] [0;39m[36;1m    Version: [32;1m15.5.2[0;39m[m
[18:37:48] [Craft Scheduler Thread - 1/INFO]: [33;1m[[32;22mSkinsRestorer[33;1m] [0;39m[36;1m    Commit: [32;1mae257f6[0;39m[m
[18:37:48] [Craft Scheduler Thread - 1/INFO]: [33;1m[[32;22mSkinsRestorer[33;1m] [0;39m[32;1m    This is the latest version![0;39m[m
[18:37:48] [Craft Scheduler Thread - 1/INFO]: [33;1m[[32;22mSkinsRestorer[33;1m] [0;39m[32;1m----------------------------------------------[0;39m[m
[18:37:48] [Craft Scheduler Thread - 1/INFO]: [33;1m[[32;22mSkinsRestorer[33;1m] [0;39m[34;1mDo you have issues? Read our troubleshooting guide: [33;1mhttps://skinsrestorer.net/docs/troubleshooting[0;39m[m
[18:37:48] [Craft Scheduler Thread - 1/INFO]: [33;1m[[32;22mSkinsRestorer[33;1m] [0;39m[34;1mWant to support SkinsRestorer? Consider donating: [33;1mhttps://skinsrestorer.net/donate[0;39m[m
[18:37:49] [Craft Scheduler Thread - 4/INFO]: There is an update available for TabTPS!
[18:37:49] [Craft Scheduler Thread - 4/INFO]: This server is running version v1.3.22, which is 4 versions outdated.
[18:37:49] [Craft Scheduler Thread - 4/INFO]: Download the latest version, v1.3.26 from GitHub at the link below:
[18:37:49] [Craft Scheduler Thread - 4/INFO]: https://github.com/jpenilla/TabTPS/releases/tag/v1.3.26
[18:37:52] [User Authenticator #1/INFO]: UUID of player touxl1916 is dda5a998-ba1e-3605-af21-6aeffaf8c42e
[18:37:53] [Server thread/INFO]: touxl1916 joined the game
[18:37:54] [Server thread/INFO]: touxl1916[/127.0.0.1:47900] logged in with entity id 157 at ([world]672.3097110829863, 79.0, 1049.216010691222)
[18:37:54] [Server thread/INFO]: [touxl1916: Set [CountLeaveGame] for touxl1916 to 0]
[18:37:54] [Server thread/INFO]: [touxl1916: Showing new title for touxl1916]
[18:37:54] [Server thread/INFO]: [touxl1916: Showing new subtitle for touxl1916]
[18:37:59] [Server thread/WARN]: Can't keep up! Is the server overloaded? Running 5857ms or 117 ticks behind
[18:38:14] [Server thread/INFO]: touxl1916 issued server command: /meow ask 你是谁
[18:38:29] [Server thread/WARN]: Can't keep up! Is the server overloaded? Running 2505ms or 50 ticks behind
[18:38:30] [Server thread/INFO]: touxl1916 issued server command: /meow ask 锐评一下唐诗涵
[18:39:16] [Server thread/INFO]: touxl1916 issued server command: /meow ask 锐评一下躺尸汉
[18:39:31] [Server thread/INFO]: touxl1916 lost connection: Disconnected
[18:39:32] [Server thread/INFO]: touxl1916 left the game
[18:41:11] [User Authenticator #2/INFO]: UUID of player touxl1916 is dda5a998-ba1e-3605-af21-6aeffaf8c42e
[18:41:41] [Server thread/INFO]: com.mojang.authlib.GameProfile@62d3339e[id=dda5a998-ba1e-3605-af21-6aeffaf8c42e,name=touxl1916,properties={}] lost connection: Timed out
[19:07:29] [User Authenticator #3/INFO]: UUID of player touxl1916 is dda5a998-ba1e-3605-af21-6aeffaf8c42e
[19:07:29] [Server thread/INFO]: touxl1916 joined the game
[19:07:29] [Server thread/INFO]: touxl1916[/127.0.0.1:53216] logged in with entity id 592 at ([world]677.2720116738509, 79.0, 1050.0102855144257)
[19:07:29] [Server thread/INFO]: [touxl1916: Set [CountLeaveGame] for touxl1916 to 0]
[19:07:29] [Server thread/INFO]: [touxl1916: Showing new title for touxl1916]
[19:07:29] [Server thread/INFO]: [touxl1916: Showing new subtitle for touxl1916]
[19:07:35] [Server thread/INFO]: touxl1916 lost connection: Disconnected
[19:07:35] [Server thread/INFO]: touxl1916 left the game
[19:40:39] [User Authenticator #4/INFO]: UUID of player touxl1916 is dda5a998-ba1e-3605-af21-6aeffaf8c42e
[19:40:39] [Server thread/INFO]: touxl1916 joined the game
[19:40:39] [Server thread/INFO]: touxl1916[/127.0.0.1:59086] logged in with entity id 930 at ([world]677.3234811657369, 79.0, 1048.865611428115)
[19:40:39] [Server thread/INFO]: [touxl1916: Set [CountLeaveGame] for touxl1916 to 0]
[19:40:39] [Server thread/INFO]: [touxl1916: Showing new title for touxl1916]
[19:40:39] [Server thread/INFO]: [touxl1916: Showing new subtitle for touxl1916]
[19:40:54] [Server thread/INFO]: touxl1916 issued server command: /meow ask 可以和我上床吗
[19:41:58] [Server thread/INFO]: touxl1916 issued server command: /meow ask 可以和我做爱吗
[19:42:32] [Server thread/INFO]: touxl1916 lost connection: Disconnected
[19:42:32] [Server thread/INFO]: touxl1916 left the game
