[17:29:17] [ServerMain/INFO]: Environment: Environment[sessionHost=https://sessionserver.mojang.com, servicesHost=https://api.minecraftservices.com, name=PROD]
[17:29:19] [ServerMain/INFO]: Loaded 7 recipes
[17:29:20] [Server thread/INFO]: Starting minecraft server version 1.20.4
[17:29:20] [Server thread/INFO]: Loading properties
[17:29:20] [Server thread/INFO]: This server is running CraftBukkit version 4074-Spigot-e9ec548-51bbab2 (MC: 1.20.4) (Implementing API version 1.20.4-R0.1-SNAPSHOT)
[17:29:21] [Server thread/INFO]: Server Ping Player Sample Count: 12
[17:29:21] [Server thread/INFO]: Using 4 threads for Netty based IO
[17:29:21] [Server thread/INFO]: Debug logging is disabled
[17:29:21] [Server thread/INFO]: Default game type: SURVIVAL
[17:29:21] [Server thread/INFO]: Generating keypair
[17:29:21] [Server thread/INFO]: Starting Minecraft server on *:25566
[17:29:21] [Server thread/INFO]: Using epoll channel type
[17:29:22] [Server thread/INFO]: [ViaVersion] Loading ViaVersion v5.2.1
[17:29:22] [Server thread/INFO]: [ViaVersion] ViaVersion 5.2.1 is now loaded. Registering protocol transformers and injecting...
[17:29:22] [Via-Mappingloader-0/INFO]: [ViaVersion] Loading block connection mappings ...
[17:29:22] [Via-Mappingloader-0/INFO]: [ViaVersion] Using FastUtil Long2ObjectOpenHashMap for block connections
[17:29:23] [Server thread/INFO]: [ViaBackwards] Loading translations...
[17:29:23] [Server thread/INFO]: [ViaBackwards] Registering protocols...
[17:29:23] [Server thread/INFO]: [ViaRewind] Registering protocols...
[17:29:23] [Server thread/INFO]: [floodgate] Loading floodgate v2.2.3-SNAPSHOT (b114-83fbd6e)
[17:29:24] [Server thread/INFO]: [floodgate] 启动 Floodgate，耗时780ms
[17:29:24] [Server thread/INFO]: [ViaBackwards] Loading ViaBackwards v5.2.1
[17:29:24] [Server thread/INFO]: [ViaRewind] Loading ViaRewind v4.0.5
[17:29:24] [Server thread/INFO]: [SkinsRestorer] Loading SkinsRestorer v15.5.1
[17:29:24] [Server thread/INFO]: [Geyser-Spigot] Loading Geyser-Spigot v2.6.0-SNAPSHOT
[17:29:25] [Server thread/INFO]: [Geyser-Spigot] 正在加载扩展...
[17:29:25] [Server thread/INFO]: [Geyser-Spigot] 已加载 0 个扩展
[17:29:25] [Server thread/INFO]: [ViaRewind] Enabling ViaRewind v4.0.5
[17:29:25] [Server thread/INFO]: [SkinsRestorer] Enabling SkinsRestorer v15.5.1
[17:29:25] [Server thread/WARN]: [33;1m[[32;22mSkinsRestorer[33;1m] [0;39m[33;1mYou must agree to the rules at 'commands.perSkinPermissionsConsent' in the config to use per skin permissions.[0;39m
[17:29:26] [Server thread/INFO]: [33;1m[[32;22mSkinsRestorer[33;1m] [0;39m[32;1mRunning on Minecraft [33;1m1.20.4[32;1m.[0;39m[m
[17:29:26] [Server thread/INFO]: [33;1m[[32;22mSkinsRestorer[33;1m] [0;39mFloodgate skin listener registered[0;39m[m
[17:29:26] [Server thread/WARN]: [33;1m[[32;22mSkinsRestorer[33;1m] [0;39m[33;1m[33;1mPlease update your Java runtime to at least Java 21 (your version is 17).[0;39m
[17:29:26] [Server thread/WARN]: [33;1m[[32;22mSkinsRestorer[33;1m] [0;39m[33;1m[33;1mAt some point in the future, SkinsRestorer will no longer be compatible with this version of Java.[0;39m
[17:29:26] [Server thread/WARN]: **** SERVER IS RUNNING IN OFFLINE/INSECURE MODE!
[17:29:26] [Server thread/WARN]: The server will make no attempt to authenticate usernames. Beware.
[17:29:26] [Server thread/WARN]: While this makes the game possible to play without internet access, it also opens up the ability for hackers to connect with any username they choose.
[17:29:26] [Server thread/WARN]: To change this, set "online-mode" to "true" in the server.properties file.
[17:29:26] [Server thread/INFO]: Preparing level "world"
[17:29:26] [Server thread/INFO]: -------- World Settings For [world] --------
[17:29:26] [Server thread/INFO]: Experience Merge Radius: 3.0
[17:29:26] [Server thread/INFO]: Mob Spawn Range: 6
[17:29:26] [Server thread/INFO]: Cactus Growth Modifier: 100%
[17:29:26] [Server thread/INFO]: Cane Growth Modifier: 100%
[17:29:26] [Server thread/INFO]: Melon Growth Modifier: 100%
[17:29:26] [Server thread/INFO]: Mushroom Growth Modifier: 100%
[17:29:26] [Server thread/INFO]: Pumpkin Growth Modifier: 100%
[17:29:26] [Server thread/INFO]: Sapling Growth Modifier: 100%
[17:29:26] [Server thread/INFO]: Beetroot Growth Modifier: 100%
[17:29:26] [Server thread/INFO]: Carrot Growth Modifier: 100%
[17:29:26] [Server thread/INFO]: Potato Growth Modifier: 100%
[17:29:26] [Server thread/INFO]: Wheat Growth Modifier: 100%
[17:29:26] [Server thread/INFO]: NetherWart Growth Modifier: 100%
[17:29:26] [Server thread/INFO]: Vine Growth Modifier: 100%
[17:29:26] [Server thread/INFO]: Cocoa Growth Modifier: 100%
[17:29:26] [Server thread/INFO]: Bamboo Growth Modifier: 100%
[17:29:26] [Server thread/INFO]: SweetBerry Growth Modifier: 100%
[17:29:26] [Server thread/INFO]: Kelp Growth Modifier: 100%
[17:29:26] [Server thread/INFO]: TwistingVines Growth Modifier: 100%
[17:29:26] [Server thread/INFO]: WeepingVines Growth Modifier: 100%
[17:29:26] [Server thread/INFO]: CaveVines Growth Modifier: 100%
[17:29:26] [Server thread/INFO]: Custom Map Seeds:  Village: 10387312 Desert: 14357617 Igloo: 14357618 Jungle: 14357619 Swamp: 14357620 Monument: 10387313 Ocean: 14357621 Shipwreck: 165745295 End City: 10387313 Slime: 987234911 Nether: 30084232 Mansion: 10387319 Fossil: 14357921 Portal: 34222645
[17:29:26] [Server thread/INFO]: Max TNT Explosions: 100
[17:29:26] [Server thread/INFO]: Tile Max Tick Time: 50ms Entity max Tick Time: 50ms
[17:29:26] [Server thread/INFO]: Entity Activation Range: An 32 / Mo 32 / Ra 48 / Mi 16 / Tiv true / Isa false
[17:29:26] [Server thread/INFO]: Entity Tracking Range: Pl 48 / An 48 / Mo 48 / Mi 32 / Di 128 / Other 64
[17:29:26] [Server thread/INFO]: Hopper Transfer: 8 Hopper Check: 1 Hopper Amount: 1 Hopper Can Load Chunks: false
[17:29:26] [Server thread/INFO]: View Distance: 10
[17:29:26] [Server thread/INFO]: Simulation Distance: 10
[17:29:26] [Server thread/INFO]: Item Despawn Rate: 6000
[17:29:26] [Server thread/INFO]: Item Merge Radius: 2.5
[17:29:26] [Server thread/INFO]: Allow Zombie Pigmen to spawn from portal blocks: true
[17:29:26] [Server thread/INFO]: Arrow Despawn Rate: 1200 Trident Respawn Rate:1200
[17:29:26] [Server thread/INFO]: Zombie Aggressive Towards Villager: true
[17:29:26] [Server thread/INFO]: Nerfing mobs spawned from spawners: false
[17:29:27] [Server thread/INFO]: -------- World Settings For [world_nether] --------
[17:29:27] [Server thread/INFO]: Experience Merge Radius: 3.0
[17:29:27] [Server thread/INFO]: Mob Spawn Range: 6
[17:29:27] [Server thread/INFO]: Cactus Growth Modifier: 100%
[17:29:27] [Server thread/INFO]: Cane Growth Modifier: 100%
[17:29:27] [Server thread/INFO]: Melon Growth Modifier: 100%
[17:29:27] [Server thread/INFO]: Mushroom Growth Modifier: 100%
[17:29:27] [Server thread/INFO]: Pumpkin Growth Modifier: 100%
[17:29:27] [Server thread/INFO]: Sapling Growth Modifier: 100%
[17:29:27] [Server thread/INFO]: Beetroot Growth Modifier: 100%
[17:29:27] [Server thread/INFO]: Carrot Growth Modifier: 100%
[17:29:27] [Server thread/INFO]: Potato Growth Modifier: 100%
[17:29:27] [Server thread/INFO]: Wheat Growth Modifier: 100%
[17:29:27] [Server thread/INFO]: NetherWart Growth Modifier: 100%
[17:29:27] [Server thread/INFO]: Vine Growth Modifier: 100%
[17:29:27] [Server thread/INFO]: Cocoa Growth Modifier: 100%
[17:29:27] [Server thread/INFO]: Bamboo Growth Modifier: 100%
[17:29:27] [Server thread/INFO]: SweetBerry Growth Modifier: 100%
[17:29:27] [Server thread/INFO]: Kelp Growth Modifier: 100%
[17:29:27] [Server thread/INFO]: TwistingVines Growth Modifier: 100%
[17:29:27] [Server thread/INFO]: WeepingVines Growth Modifier: 100%
[17:29:27] [Server thread/INFO]: CaveVines Growth Modifier: 100%
[17:29:27] [Server thread/INFO]: Custom Map Seeds:  Village: 10387312 Desert: 14357617 Igloo: 14357618 Jungle: 14357619 Swamp: 14357620 Monument: 10387313 Ocean: 14357621 Shipwreck: 165745295 End City: 10387313 Slime: 987234911 Nether: 30084232 Mansion: 10387319 Fossil: 14357921 Portal: 34222645
[17:29:27] [Server thread/INFO]: Max TNT Explosions: 100
[17:29:27] [Server thread/INFO]: Tile Max Tick Time: 50ms Entity max Tick Time: 50ms
[17:29:27] [Server thread/INFO]: Entity Activation Range: An 32 / Mo 32 / Ra 48 / Mi 16 / Tiv true / Isa false
[17:29:27] [Server thread/INFO]: Entity Tracking Range: Pl 48 / An 48 / Mo 48 / Mi 32 / Di 128 / Other 64
[17:29:27] [Server thread/INFO]: Hopper Transfer: 8 Hopper Check: 1 Hopper Amount: 1 Hopper Can Load Chunks: false
[17:29:27] [Server thread/INFO]: View Distance: 10
[17:29:27] [Server thread/INFO]: Simulation Distance: 10
[17:29:27] [Server thread/INFO]: Item Despawn Rate: 6000
[17:29:27] [Server thread/INFO]: Item Merge Radius: 2.5
[17:29:27] [Server thread/INFO]: Allow Zombie Pigmen to spawn from portal blocks: true
[17:29:27] [Server thread/INFO]: Arrow Despawn Rate: 1200 Trident Respawn Rate:1200
[17:29:27] [Server thread/INFO]: Zombie Aggressive Towards Villager: true
[17:29:27] [Server thread/INFO]: Nerfing mobs spawned from spawners: false
[17:29:31] [Server thread/INFO]: -------- World Settings For [world_the_end] --------
[17:29:31] [Server thread/INFO]: Experience Merge Radius: 3.0
[17:29:31] [Server thread/INFO]: Mob Spawn Range: 6
[17:29:31] [Server thread/INFO]: Cactus Growth Modifier: 100%
[17:29:31] [Server thread/INFO]: Cane Growth Modifier: 100%
[17:29:31] [Server thread/INFO]: Melon Growth Modifier: 100%
[17:29:31] [Server thread/INFO]: Mushroom Growth Modifier: 100%
[17:29:31] [Server thread/INFO]: Pumpkin Growth Modifier: 100%
[17:29:31] [Server thread/INFO]: Sapling Growth Modifier: 100%
[17:29:31] [Server thread/INFO]: Beetroot Growth Modifier: 100%
[17:29:31] [Server thread/INFO]: Carrot Growth Modifier: 100%
[17:29:31] [Server thread/INFO]: Potato Growth Modifier: 100%
[17:29:31] [Server thread/INFO]: Wheat Growth Modifier: 100%
[17:29:31] [Server thread/INFO]: NetherWart Growth Modifier: 100%
[17:29:31] [Server thread/INFO]: Vine Growth Modifier: 100%
[17:29:31] [Server thread/INFO]: Cocoa Growth Modifier: 100%
[17:29:31] [Server thread/INFO]: Bamboo Growth Modifier: 100%
[17:29:31] [Server thread/INFO]: SweetBerry Growth Modifier: 100%
[17:29:31] [Server thread/INFO]: Kelp Growth Modifier: 100%
[17:29:31] [Server thread/INFO]: TwistingVines Growth Modifier: 100%
[17:29:31] [Server thread/INFO]: WeepingVines Growth Modifier: 100%
[17:29:31] [Server thread/INFO]: CaveVines Growth Modifier: 100%
[17:29:31] [Server thread/INFO]: Custom Map Seeds:  Village: 10387312 Desert: 14357617 Igloo: 14357618 Jungle: 14357619 Swamp: 14357620 Monument: 10387313 Ocean: 14357621 Shipwreck: 165745295 End City: 10387313 Slime: 987234911 Nether: 30084232 Mansion: 10387319 Fossil: 14357921 Portal: 34222645
[17:29:31] [Server thread/INFO]: Max TNT Explosions: 100
[17:29:31] [Server thread/INFO]: Tile Max Tick Time: 50ms Entity max Tick Time: 50ms
[17:29:31] [Server thread/INFO]: Entity Activation Range: An 32 / Mo 32 / Ra 48 / Mi 16 / Tiv true / Isa false
[17:29:31] [Server thread/INFO]: Entity Tracking Range: Pl 48 / An 48 / Mo 48 / Mi 32 / Di 128 / Other 64
[17:29:31] [Server thread/INFO]: Hopper Transfer: 8 Hopper Check: 1 Hopper Amount: 1 Hopper Can Load Chunks: false
[17:29:31] [Server thread/INFO]: View Distance: 10
[17:29:31] [Server thread/INFO]: Simulation Distance: 10
[17:29:31] [Server thread/INFO]: Item Despawn Rate: 6000
[17:29:31] [Server thread/INFO]: Item Merge Radius: 2.5
[17:29:31] [Server thread/INFO]: Allow Zombie Pigmen to spawn from portal blocks: true
[17:29:31] [Server thread/INFO]: Arrow Despawn Rate: 1200 Trident Respawn Rate:1200
[17:29:31] [Server thread/INFO]: Zombie Aggressive Towards Villager: true
[17:29:31] [Server thread/INFO]: Nerfing mobs spawned from spawners: false
[17:29:31] [Server thread/INFO]: Preparing start region for dimension minecraft:overworld
[17:29:36] [Worker-Main-2/INFO]: Preparing spawn area: 0%
[17:29:36] [Worker-Main-1/INFO]: Preparing spawn area: 0%
[17:29:36] [Worker-Main-3/INFO]: Preparing spawn area: 0%
[17:29:36] [Worker-Main-3/INFO]: Preparing spawn area: 0%
[17:29:36] [Worker-Main-3/INFO]: Preparing spawn area: 0%
[17:29:36] [Worker-Main-3/INFO]: Preparing spawn area: 0%
[17:29:36] [Worker-Main-3/INFO]: Preparing spawn area: 0%
[17:29:36] [Worker-Main-2/INFO]: Preparing spawn area: 0%
[17:29:36] [Worker-Main-1/INFO]: Preparing spawn area: 0%
[17:29:36] [Worker-Main-1/INFO]: Preparing spawn area: 0%
[17:29:37] [Worker-Main-2/INFO]: Preparing spawn area: 0%
[17:29:37] [Worker-Main-2/INFO]: Preparing spawn area: 0%
[17:29:37] [Worker-Main-2/INFO]: Preparing spawn area: 0%
[17:29:37] [Worker-Main-3/INFO]: Preparing spawn area: 6%
[17:29:38] [Worker-Main-2/INFO]: Preparing spawn area: 41%
[17:29:38] [Worker-Main-2/INFO]: Preparing spawn area: 90%
[17:29:38] [Server thread/INFO]: Time elapsed: 7626 ms
[17:29:39] [Server thread/INFO]: Preparing start region for dimension minecraft:the_nether
[17:29:42] [Worker-Main-2/INFO]: Preparing spawn area: 0%
[17:29:42] [Worker-Main-2/INFO]: Preparing spawn area: 0%
[17:29:42] [Worker-Main-3/INFO]: Preparing spawn area: 0%
[17:29:42] [Worker-Main-2/INFO]: Preparing spawn area: 0%
[17:29:42] [Worker-Main-1/INFO]: Preparing spawn area: 0%
[17:29:42] [Worker-Main-1/INFO]: Preparing spawn area: 0%
[17:29:42] [Worker-Main-3/INFO]: Preparing spawn area: 0%
[17:29:42] [Worker-Main-1/INFO]: Preparing spawn area: 0%
[17:29:43] [Worker-Main-1/INFO]: Preparing spawn area: 0%
[17:29:43] [Worker-Main-2/INFO]: Preparing spawn area: 16%
[17:29:44] [Worker-Main-3/INFO]: Preparing spawn area: 63%
[17:29:44] [Worker-Main-1/INFO]: Preparing spawn area: 92%
[17:29:44] [Server thread/INFO]: Time elapsed: 5535 ms
[17:29:44] [Server thread/INFO]: Preparing start region for dimension minecraft:the_end
[17:29:47] [Worker-Main-1/INFO]: Preparing spawn area: 0%
[17:29:47] [Worker-Main-1/INFO]: Preparing spawn area: 0%
[17:29:47] [Worker-Main-1/INFO]: Preparing spawn area: 0%
[17:29:47] [Worker-Main-2/INFO]: Preparing spawn area: 0%
[17:29:47] [Worker-Main-2/INFO]: Preparing spawn area: 0%
[17:29:47] [Worker-Main-2/INFO]: Preparing spawn area: 0%
[17:29:47] [Worker-Main-3/INFO]: Preparing spawn area: 16%
[17:29:48] [Worker-Main-3/INFO]: Preparing spawn area: 73%
[17:29:48] [Server thread/INFO]: Time elapsed: 3846 ms
[17:29:48] [Server thread/INFO]: [ViaVersion] Enabling ViaVersion v5.2.1
[17:29:48] [Server thread/INFO]: [ViaVersion] ViaVersion detected server version: 1.20.3-1.20.4 (765)
[17:29:48] [Server thread/WARN]: [ViaVersion] Please update your Java runtime to at least Java 21 (your version is 17.0.13).
[17:29:48] [Server thread/WARN]: [ViaVersion] At some point in the future, ViaVersion will no longer be compatible with this version of Java.
[17:29:48] [Server thread/INFO]: [floodgate] Enabling floodgate v2.2.3-SNAPSHOT (b114-83fbd6e)
[17:29:49] [Server thread/INFO]: [ViaBackwards] Enabling ViaBackwards v5.2.1
[17:29:49] [Server thread/INFO]: [Geyser-Spigot] Enabling Geyser-Spigot v2.6.0-SNAPSHOT
[17:29:49] [Server thread/INFO]: Server permissions file permissions.yml is empty, ignoring it
[17:29:49] [Server thread/INFO]: [Geyser-Spigot] ******************************************
[17:29:49] [Server thread/INFO]: [Geyser-Spigot] 
[17:29:49] [Server thread/INFO]: [Geyser-Spigot] 正在加载 Geyser 版本 2.6.0-b751 (git-master-5836dab)
[17:29:49] [Server thread/INFO]: [Geyser-Spigot] 
[17:29:49] [Server thread/INFO]: [Geyser-Spigot] ******************************************
[17:30:00] [epollEventLoopGroup-3-1/INFO]: [Geyser-Spigot] 已在 UDP 端口 19132 上启动 Geyser
[17:30:00] [Server thread/INFO]: [Geyser-Spigot] 完成 (10.728秒)！ 运行 /geyser help 以获取帮助！
[17:30:00] [Server thread/INFO]: Done (33.917s)! For help, type "help"
[17:30:00] [Craft Scheduler Thread - 3/INFO]: [ViaVersion] Finished mapping loading, shutting down loader executor.
[17:30:01] [Craft Scheduler Thread - 1/INFO]: [33;1m[[32;22mSkinsRestorer[33;1m] [0;39m[32;1m----------------------------------------------[0;39m[m
[17:30:01] [Craft Scheduler Thread - 1/INFO]: [33;1m[[32;22mSkinsRestorer[33;1m] [0;39m[32;1m    +==================+[0;39m[m
[17:30:01] [Craft Scheduler Thread - 1/INFO]: [33;1m[[32;22mSkinsRestorer[33;1m] [0;39m[32;1m    |   SkinsRestorer  |[0;39m[m
[17:30:01] [Craft Scheduler Thread - 1/INFO]: [33;1m[[32;22mSkinsRestorer[33;1m] [0;39m[32;1m    |------------------|[0;39m[m
[17:30:01] [Craft Scheduler Thread - 1/INFO]: [33;1m[[32;22mSkinsRestorer[33;1m] [0;39m[32;1m    |  [34;1m[4m[21mStandalone Mode[0;39m[32;1m |[0;39m[m
[17:30:01] [Craft Scheduler Thread - 1/INFO]: [33;1m[[32;22mSkinsRestorer[33;1m] [0;39m[32;1m    +==================+[0;39m[m
[17:30:01] [Craft Scheduler Thread - 1/INFO]: [33;1m[[32;22mSkinsRestorer[33;1m] [0;39m[32;1m----------------------------------------------[0;39m[m
[17:30:01] [Craft Scheduler Thread - 1/INFO]: [33;1m[[32;22mSkinsRestorer[33;1m] [0;39m[36;1m    Version: [32;1m15.5.1[0;39m[m
[17:30:01] [Craft Scheduler Thread - 1/INFO]: [33;1m[[32;22mSkinsRestorer[33;1m] [0;39m[36;1m    Commit: [32;1md5d8613[0;39m[m
[17:30:01] [Craft Scheduler Thread - 1/INFO]: [33;1m[[32;22mSkinsRestorer[33;1m] [0;39m[32;1m    This is the latest version![0;39m[m
[17:30:01] [Craft Scheduler Thread - 1/INFO]: [33;1m[[32;22mSkinsRestorer[33;1m] [0;39m[32;1m----------------------------------------------[0;39m[m
[17:30:01] [Craft Scheduler Thread - 1/INFO]: [33;1m[[32;22mSkinsRestorer[33;1m] [0;39m[34;1mDo you have issues? Read our troubleshooting guide: [33;1mhttps://skinsrestorer.net/docs/troubleshooting[0;39m[m
[17:30:01] [Craft Scheduler Thread - 1/INFO]: [33;1m[[32;22mSkinsRestorer[33;1m] [0;39m[34;1mWant to support SkinsRestorer? Consider donating: [33;1mhttps://skinsrestorer.net/donate[0;39m[m
[17:30:59] [epollEventLoopGroup-4-1/INFO]: [Geyser-Spigot] 玩家已连接，用户名为touxl1916
[17:30:59] [localSession-7-2/INFO]: [Geyser-Spigot] touxl1916（以 touxl1916 登录）已连接到 Java 服务器
[17:31:00] [Server thread/INFO]: [floodgate] Floodgate 玩家 .touxl1916 加入了 (UUID: 00000000-0000-0000-0009-01f6278f59e2)
[17:31:01] [Server thread/INFO]: .touxl1916 joined the game
[17:31:01] [Server thread/INFO]: .touxl1916[/192.168.10.17:0] logged in with entity id 108 at ([world]57.5, 64.0, 29.5)
[17:31:11] [localSession-7-2/INFO]: [Geyser-Spigot] touxl1916 已因 基岩版客户端已断开连接 与 Java 服务器断开了连接
[17:31:11] [Geyser Spigot connection thread-6-3/INFO]: [floodgate] Floodgate 玩家 .touxl1916 已断开连接
[17:31:11] [Server thread/INFO]: .touxl1916 lost connection: Disconnected
[17:31:11] [Server thread/INFO]: .touxl1916 left the game
[17:33:49] [Server thread/WARN]: handleDisconnection() called twice
[17:35:41] [User Authenticator #1/INFO]: UUID of player touxl is 809b1e92-9f93-36ea-97a8-612db960112f
[17:35:41] [Server thread/INFO]: touxl joined the game
[17:35:42] [Server thread/INFO]: touxl[/127.0.0.1:60410] logged in with entity id 255 at ([world]677.3655406741996, 79.0, 1050.6142088437591)
[17:36:18] [Server thread/INFO]: touxl lost connection: Disconnected
[17:36:18] [Server thread/INFO]: touxl left the game
[17:37:05] [Thread-2/INFO]: Stopping server
[17:37:05] [Thread-2/INFO]: [Geyser-Spigot] Disabling Geyser-Spigot v2.6.0-SNAPSHOT
