[21:24:22] [ServerMain/INFO]: Environment: Environment[sessionHost=https://sessionserver.mojang.com, servicesHost=https://api.minecraftservices.com, name=PROD]
[21:24:24] [ServerMain/INFO]: Loaded 7 recipes
[21:24:25] [Server thread/INFO]: Starting minecraft server version 1.20.4
[21:24:25] [Server thread/INFO]: Loading properties
[21:24:26] [Server thread/INFO]: This server is running CraftBukkit version 4074-Spigot-e9ec548-51bbab2 (MC: 1.20.4) (Implementing API version 1.20.4-R0.1-SNAPSHOT)
[21:24:26] [Server thread/INFO]: Server Ping Player Sample Count: 12
[21:24:26] [Server thread/INFO]: Using 4 threads for Netty based IO
[21:24:26] [Server thread/INFO]: Debug logging is disabled
[21:24:26] [Server thread/INFO]: Default game type: SURVIVAL
[21:24:26] [Server thread/INFO]: Generating keypair
[21:24:27] [Server thread/INFO]: Starting Minecraft server on *:25566
[21:24:27] [Server thread/INFO]: Using epoll channel type
[21:24:28] [Server thread/INFO]: [CoreProtect] Loading CoreProtect v22.4
[21:24:28] [Server thread/INFO]: [ViaVersion] Loading ViaVersion v5.2.1
[21:24:28] [Server thread/INFO]: [ViaVersion] ViaVersion 5.2.1 is now loaded. Registering protocol transformers and injecting...
[21:24:28] [Via-Mappingloader-0/INFO]: [ViaVersion] Loading block connection mappings ...
[21:24:28] [Via-Mappingloader-0/INFO]: [ViaVersion] Using FastUtil Long2ObjectOpenHashMap for block connections
[21:24:29] [Server thread/INFO]: [ViaBackwards] Loading translations...
[21:24:29] [Server thread/INFO]: [ViaBackwards] Registering protocols...
[21:24:29] [Server thread/INFO]: [ViaRewind] Registering protocols...
[21:24:29] [Server thread/INFO]: [MeowPlugin] Loading MeowPlugin v0.1
[21:24:29] [Server thread/INFO]: [TabTPS] Loading TabTPS v1.3.22
[21:24:29] [Server thread/INFO]: [floodgate] Loading floodgate v2.2.4-SNAPSHOT (b116-0e3163c)
[21:24:30] [Server thread/INFO]: [floodgate] 启动 Floodgate，耗时685ms
[21:24:30] [Server thread/INFO]: [ViaBackwards] Loading ViaBackwards v5.2.1
[21:24:30] [Server thread/INFO]: [ViaRewind] Loading ViaRewind v4.0.5
[21:24:30] [Server thread/INFO]: [SkinsRestorer] Loading SkinsRestorer v15.5.3
[21:24:30] [Server thread/INFO]: [Geyser-Spigot] Loading Geyser-Spigot v2.6.1-SNAPSHOT
[21:24:31] [Server thread/INFO]: [Geyser-Spigot] 正在加载扩展...
[21:24:31] [Server thread/INFO]: [Geyser-Spigot] 已加载 0 个扩展
[21:24:31] [Server thread/INFO]: [ViaRewind] Enabling ViaRewind v4.0.5
[21:24:31] [Server thread/INFO]: [SkinsRestorer] Enabling SkinsRestorer v15.5.3
[21:24:32] [Server thread/WARN]: [33;1m[[32;22mSkinsRestorer[33;1m] [0;39m[33;1mYou must agree to the rules at 'commands.perSkinPermissionsConsent' in the config to use per skin permissions.[0;39m
[21:24:32] [Server thread/INFO]: [33;1m[[32;22mSkinsRestorer[33;1m] [0;39m[32;1mRunning on Minecraft [33;1m1.20.4[32;1m.[0;39m[m
[21:24:32] [Server thread/INFO]: [33;1m[[32;22mSkinsRestorer[33;1m] [0;39mFloodgate skin listener registered[0;39m[m
[21:24:32] [Server thread/WARN]: [33;1m[[32;22mSkinsRestorer[33;1m] [0;39m[33;1m[33;1mPlease update your Java runtime to at least Java 21 (your version is 17).[0;39m
[21:24:32] [Server thread/WARN]: [33;1m[[32;22mSkinsRestorer[33;1m] [0;39m[33;1m[33;1mAt some point in the future, SkinsRestorer will no longer be compatible with this version of Java.[0;39m
[21:24:32] [Server thread/WARN]: **** SERVER IS RUNNING IN OFFLINE/INSECURE MODE!
[21:24:32] [Server thread/WARN]: The server will make no attempt to authenticate usernames. Beware.
[21:24:32] [Server thread/WARN]: While this makes the game possible to play without internet access, it also opens up the ability for hackers to connect with any username they choose.
[21:24:32] [Server thread/WARN]: To change this, set "online-mode" to "true" in the server.properties file.
[21:24:32] [Server thread/INFO]: Preparing level "world"
[21:24:32] [Server thread/INFO]: -------- World Settings For [world] --------
[21:24:32] [Server thread/INFO]: Entity Activation Range: An 32 / Mo 32 / Ra 48 / Mi 16 / Tiv true / Isa false
[21:24:32] [Server thread/INFO]: Entity Tracking Range: Pl 48 / An 48 / Mo 48 / Mi 32 / Di 128 / Other 64
[21:24:32] [Server thread/INFO]: Hopper Transfer: 8 Hopper Check: 1 Hopper Amount: 1 Hopper Can Load Chunks: false
[21:24:32] [Server thread/INFO]: Experience Merge Radius: 3.0
[21:24:32] [Server thread/INFO]: Mob Spawn Range: 6
[21:24:32] [Server thread/INFO]: Cactus Growth Modifier: 100%
[21:24:32] [Server thread/INFO]: Cane Growth Modifier: 100%
[21:24:32] [Server thread/INFO]: Melon Growth Modifier: 100%
[21:24:32] [Server thread/INFO]: Mushroom Growth Modifier: 100%
[21:24:32] [Server thread/INFO]: Pumpkin Growth Modifier: 100%
[21:24:32] [Server thread/INFO]: Sapling Growth Modifier: 100%
[21:24:32] [Server thread/INFO]: Beetroot Growth Modifier: 100%
[21:24:32] [Server thread/INFO]: Carrot Growth Modifier: 100%
[21:24:32] [Server thread/INFO]: Potato Growth Modifier: 100%
[21:24:32] [Server thread/INFO]: Wheat Growth Modifier: 100%
[21:24:32] [Server thread/INFO]: NetherWart Growth Modifier: 100%
[21:24:32] [Server thread/INFO]: Vine Growth Modifier: 100%
[21:24:32] [Server thread/INFO]: Cocoa Growth Modifier: 100%
[21:24:32] [Server thread/INFO]: Bamboo Growth Modifier: 100%
[21:24:32] [Server thread/INFO]: SweetBerry Growth Modifier: 100%
[21:24:32] [Server thread/INFO]: Kelp Growth Modifier: 100%
[21:24:32] [Server thread/INFO]: TwistingVines Growth Modifier: 100%
[21:24:32] [Server thread/INFO]: WeepingVines Growth Modifier: 100%
[21:24:32] [Server thread/INFO]: CaveVines Growth Modifier: 100%
[21:24:32] [Server thread/INFO]: Custom Map Seeds:  Village: 10387312 Desert: 14357617 Igloo: 14357618 Jungle: 14357619 Swamp: 14357620 Monument: 10387313 Ocean: 14357621 Shipwreck: 165745295 End City: 10387313 Slime: 987234911 Nether: 30084232 Mansion: 10387319 Fossil: 14357921 Portal: 34222645
[21:24:32] [Server thread/INFO]: Max TNT Explosions: 100
[21:24:32] [Server thread/INFO]: Tile Max Tick Time: 50ms Entity max Tick Time: 50ms
[21:24:32] [Server thread/INFO]: View Distance: 32
[21:24:32] [Server thread/INFO]: Simulation Distance: 10
[21:24:32] [Server thread/INFO]: Item Despawn Rate: 6000
[21:24:32] [Server thread/INFO]: Item Merge Radius: 2.5
[21:24:32] [Server thread/INFO]: Nerfing mobs spawned from spawners: false
[21:24:32] [Server thread/INFO]: Allow Zombie Pigmen to spawn from portal blocks: true
[21:24:32] [Server thread/INFO]: Arrow Despawn Rate: 1200 Trident Respawn Rate:1200
[21:24:32] [Server thread/INFO]: Zombie Aggressive Towards Villager: true
[21:24:33] [Server thread/INFO]: -------- World Settings For [world_nether] --------
[21:24:33] [Server thread/INFO]: Entity Activation Range: An 32 / Mo 32 / Ra 48 / Mi 16 / Tiv true / Isa false
[21:24:33] [Server thread/INFO]: Entity Tracking Range: Pl 48 / An 48 / Mo 48 / Mi 32 / Di 128 / Other 64
[21:24:33] [Server thread/INFO]: Hopper Transfer: 8 Hopper Check: 1 Hopper Amount: 1 Hopper Can Load Chunks: false
[21:24:33] [Server thread/INFO]: Experience Merge Radius: 3.0
[21:24:33] [Server thread/INFO]: Mob Spawn Range: 6
[21:24:33] [Server thread/INFO]: Cactus Growth Modifier: 100%
[21:24:33] [Server thread/INFO]: Cane Growth Modifier: 100%
[21:24:33] [Server thread/INFO]: Melon Growth Modifier: 100%
[21:24:33] [Server thread/INFO]: Mushroom Growth Modifier: 100%
[21:24:33] [Server thread/INFO]: Pumpkin Growth Modifier: 100%
[21:24:33] [Server thread/INFO]: Sapling Growth Modifier: 100%
[21:24:33] [Server thread/INFO]: Beetroot Growth Modifier: 100%
[21:24:33] [Server thread/INFO]: Carrot Growth Modifier: 100%
[21:24:33] [Server thread/INFO]: Potato Growth Modifier: 100%
[21:24:33] [Server thread/INFO]: Wheat Growth Modifier: 100%
[21:24:33] [Server thread/INFO]: NetherWart Growth Modifier: 100%
[21:24:33] [Server thread/INFO]: Vine Growth Modifier: 100%
[21:24:33] [Server thread/INFO]: Cocoa Growth Modifier: 100%
[21:24:33] [Server thread/INFO]: Bamboo Growth Modifier: 100%
[21:24:33] [Server thread/INFO]: SweetBerry Growth Modifier: 100%
[21:24:33] [Server thread/INFO]: Kelp Growth Modifier: 100%
[21:24:33] [Server thread/INFO]: TwistingVines Growth Modifier: 100%
[21:24:33] [Server thread/INFO]: WeepingVines Growth Modifier: 100%
[21:24:33] [Server thread/INFO]: CaveVines Growth Modifier: 100%
[21:24:33] [Server thread/INFO]: Custom Map Seeds:  Village: 10387312 Desert: 14357617 Igloo: 14357618 Jungle: 14357619 Swamp: 14357620 Monument: 10387313 Ocean: 14357621 Shipwreck: 165745295 End City: 10387313 Slime: 987234911 Nether: 30084232 Mansion: 10387319 Fossil: 14357921 Portal: 34222645
[21:24:33] [Server thread/INFO]: Max TNT Explosions: 100
[21:24:33] [Server thread/INFO]: Tile Max Tick Time: 50ms Entity max Tick Time: 50ms
[21:24:33] [Server thread/INFO]: View Distance: 32
[21:24:33] [Server thread/INFO]: Simulation Distance: 10
[21:24:33] [Server thread/INFO]: Item Despawn Rate: 6000
[21:24:33] [Server thread/INFO]: Item Merge Radius: 2.5
[21:24:33] [Server thread/INFO]: Nerfing mobs spawned from spawners: false
[21:24:33] [Server thread/INFO]: Allow Zombie Pigmen to spawn from portal blocks: true
[21:24:33] [Server thread/INFO]: Arrow Despawn Rate: 1200 Trident Respawn Rate:1200
[21:24:33] [Server thread/INFO]: Zombie Aggressive Towards Villager: true
[21:24:36] [Server thread/INFO]: -------- World Settings For [world_the_end] --------
[21:24:36] [Server thread/INFO]: Entity Activation Range: An 32 / Mo 32 / Ra 48 / Mi 16 / Tiv true / Isa false
[21:24:36] [Server thread/INFO]: Entity Tracking Range: Pl 48 / An 48 / Mo 48 / Mi 32 / Di 128 / Other 64
[21:24:36] [Server thread/INFO]: Hopper Transfer: 8 Hopper Check: 1 Hopper Amount: 1 Hopper Can Load Chunks: false
[21:24:36] [Server thread/INFO]: Experience Merge Radius: 3.0
[21:24:36] [Server thread/INFO]: Mob Spawn Range: 6
[21:24:36] [Server thread/INFO]: Cactus Growth Modifier: 100%
[21:24:36] [Server thread/INFO]: Cane Growth Modifier: 100%
[21:24:36] [Server thread/INFO]: Melon Growth Modifier: 100%
[21:24:36] [Server thread/INFO]: Mushroom Growth Modifier: 100%
[21:24:36] [Server thread/INFO]: Pumpkin Growth Modifier: 100%
[21:24:36] [Server thread/INFO]: Sapling Growth Modifier: 100%
[21:24:36] [Server thread/INFO]: Beetroot Growth Modifier: 100%
[21:24:36] [Server thread/INFO]: Carrot Growth Modifier: 100%
[21:24:36] [Server thread/INFO]: Potato Growth Modifier: 100%
[21:24:36] [Server thread/INFO]: Wheat Growth Modifier: 100%
[21:24:36] [Server thread/INFO]: NetherWart Growth Modifier: 100%
[21:24:36] [Server thread/INFO]: Vine Growth Modifier: 100%
[21:24:36] [Server thread/INFO]: Cocoa Growth Modifier: 100%
[21:24:36] [Server thread/INFO]: Bamboo Growth Modifier: 100%
[21:24:36] [Server thread/INFO]: SweetBerry Growth Modifier: 100%
[21:24:36] [Server thread/INFO]: Kelp Growth Modifier: 100%
[21:24:36] [Server thread/INFO]: TwistingVines Growth Modifier: 100%
[21:24:36] [Server thread/INFO]: WeepingVines Growth Modifier: 100%
[21:24:36] [Server thread/INFO]: CaveVines Growth Modifier: 100%
[21:24:36] [Server thread/INFO]: Custom Map Seeds:  Village: 10387312 Desert: 14357617 Igloo: 14357618 Jungle: 14357619 Swamp: 14357620 Monument: 10387313 Ocean: 14357621 Shipwreck: 165745295 End City: 10387313 Slime: 987234911 Nether: 30084232 Mansion: 10387319 Fossil: 14357921 Portal: 34222645
[21:24:36] [Server thread/INFO]: Max TNT Explosions: 100
[21:24:36] [Server thread/INFO]: Tile Max Tick Time: 50ms Entity max Tick Time: 50ms
[21:24:36] [Server thread/INFO]: View Distance: 32
[21:24:36] [Server thread/INFO]: Simulation Distance: 10
[21:24:36] [Server thread/INFO]: Item Despawn Rate: 6000
[21:24:36] [Server thread/INFO]: Item Merge Radius: 2.5
[21:24:36] [Server thread/INFO]: Nerfing mobs spawned from spawners: false
[21:24:36] [Server thread/INFO]: Allow Zombie Pigmen to spawn from portal blocks: true
[21:24:36] [Server thread/INFO]: Arrow Despawn Rate: 1200 Trident Respawn Rate:1200
[21:24:36] [Server thread/INFO]: Zombie Aggressive Towards Villager: true
[21:24:36] [Server thread/INFO]: Preparing start region for dimension minecraft:overworld
[21:24:42] [Worker-Main-3/INFO]: Preparing spawn area: 0%
[21:24:42] [Worker-Main-3/INFO]: Preparing spawn area: 0%
[21:24:42] [Worker-Main-3/INFO]: Preparing spawn area: 0%
[21:24:42] [Worker-Main-3/INFO]: Preparing spawn area: 0%
[21:24:42] [Worker-Main-3/INFO]: Preparing spawn area: 0%
[21:24:42] [Worker-Main-3/INFO]: Preparing spawn area: 0%
[21:24:42] [Worker-Main-3/INFO]: Preparing spawn area: 0%
[21:24:42] [Worker-Main-3/INFO]: Preparing spawn area: 0%
[21:24:42] [Worker-Main-3/INFO]: Preparing spawn area: 0%
[21:24:42] [Worker-Main-3/INFO]: Preparing spawn area: 0%
[21:24:42] [Worker-Main-3/INFO]: Preparing spawn area: 0%
[21:24:42] [Worker-Main-3/INFO]: Preparing spawn area: 0%
[21:24:42] [Worker-Main-2/INFO]: Preparing spawn area: 0%
[21:24:42] [Worker-Main-1/INFO]: Preparing spawn area: 23%
[21:24:43] [Worker-Main-2/INFO]: Preparing spawn area: 83%
[21:24:43] [Server thread/INFO]: Time elapsed: 7153 ms
[21:24:43] [Server thread/INFO]: Preparing start region for dimension minecraft:the_nether
[21:24:46] [Worker-Main-1/INFO]: Preparing spawn area: 0%
[21:24:46] [Worker-Main-3/INFO]: Preparing spawn area: 0%
[21:24:46] [Worker-Main-1/INFO]: Preparing spawn area: 0%
[21:24:46] [Worker-Main-1/INFO]: Preparing spawn area: 0%
[21:24:46] [Worker-Main-3/INFO]: Preparing spawn area: 0%
[21:24:46] [Worker-Main-1/INFO]: Preparing spawn area: 0%
[21:24:46] [Worker-Main-1/INFO]: Preparing spawn area: 0%
[21:24:47] [Worker-Main-1/INFO]: Preparing spawn area: 71%
[21:24:47] [Server thread/INFO]: Time elapsed: 3688 ms
[21:24:47] [Server thread/INFO]: Preparing start region for dimension minecraft:the_end
[21:24:49] [Worker-Main-1/INFO]: Preparing spawn area: 0%
[21:24:49] [Worker-Main-1/INFO]: Preparing spawn area: 0%
[21:24:49] [Worker-Main-1/INFO]: Preparing spawn area: 0%
[21:24:49] [Worker-Main-1/INFO]: Preparing spawn area: 0%
[21:24:49] [Worker-Main-1/INFO]: Preparing spawn area: 0%
[21:24:49] [Worker-Main-2/INFO]: Preparing spawn area: 22%
[21:24:50] [Worker-Main-1/INFO]: Preparing spawn area: 91%
[21:24:50] [Server thread/INFO]: Time elapsed: 3049 ms
[21:24:50] [Server thread/INFO]: [CoreProtect] Enabling CoreProtect v22.4
[21:24:50] [Server thread/INFO]: [0;37;1m[0;37;1m[m[CoreProtect] CoreProtect has been successfully enabled![0;37;1m[0;37;1m [m
[21:24:50] [Server thread/INFO]: [CoreProtect] Using SQLite for data storage.
[21:24:50] [Server thread/INFO]: --------------------
[21:24:50] [Server thread/INFO]: [CoreProtect] Enjoy CoreProtect? Join our Discord!
[21:24:50] [Server thread/INFO]: [CoreProtect] Discord: www.coreprotect.net/discord/
[21:24:50] [Server thread/INFO]: --------------------
[21:24:50] [Server thread/INFO]: [ViaVersion] Enabling ViaVersion v5.2.1
[21:24:50] [Server thread/INFO]: [ViaVersion] ViaVersion detected server version: 1.20.3-1.20.4 (765)
[21:24:50] [Server thread/WARN]: [ViaVersion] Please update your Java runtime to at least Java 21 (your version is 17.0.14).
[21:24:50] [Server thread/WARN]: [ViaVersion] At some point in the future, ViaVersion will no longer be compatible with this version of Java.
[21:24:50] [Server thread/INFO]: [MeowPlugin] Enabling MeowPlugin v0.1
[21:24:50] [Server thread/INFO]: [TabTPS] Enabling TabTPS v1.3.22
[21:24:51] [Server thread/WARN]: [TabTPS] ====================================================
[21:24:51] [Server thread/WARN]: [TabTPS]  TabTPS works better if you use Paper 
[21:24:51] [Server thread/WARN]: [TabTPS]  as your server software. 
[21:24:51] [Server thread/WARN]: [TabTPS]   
[21:24:51] [Server thread/WARN]: [TabTPS]  Paper offers significant performance improvements,
[21:24:51] [Server thread/WARN]: [TabTPS]  bug fixes, security enhancements and optional
[21:24:51] [Server thread/WARN]: [TabTPS]  features for server owners to enhance their server.
[21:24:51] [Server thread/WARN]: [TabTPS]   
[21:24:51] [Server thread/WARN]: [TabTPS]  Paper includes Timings v2, which is significantly
[21:24:51] [Server thread/WARN]: [TabTPS]  better at diagnosing lag problems over v1.
[21:24:51] [Server thread/WARN]: [TabTPS]   
[21:24:51] [Server thread/WARN]: [TabTPS]  All of your plugins should still work, and the
[21:24:51] [Server thread/WARN]: [TabTPS]  Paper community will gladly help you fix any issues.
[21:24:51] [Server thread/WARN]: [TabTPS]   
[21:24:51] [Server thread/WARN]: [TabTPS]  Join the Paper Community @ https://papermc.io
[21:24:51] [Server thread/WARN]: [TabTPS] ====================================================
[21:24:51] [Server thread/INFO]: [floodgate] Enabling floodgate v2.2.4-SNAPSHOT (b116-0e3163c)
[21:24:52] [Server thread/INFO]: [ViaBackwards] Enabling ViaBackwards v5.2.1
[21:24:52] [Server thread/INFO]: [Geyser-Spigot] Enabling Geyser-Spigot v2.6.1-SNAPSHOT
[21:24:52] [Server thread/INFO]: Server permissions file permissions.yml is empty, ignoring it
[21:24:52] [Server thread/INFO]: [Geyser-Spigot] ******************************************
[21:24:52] [Server thread/INFO]: [Geyser-Spigot] 
[21:24:52] [Server thread/INFO]: [Geyser-Spigot] 正在加载 Geyser 版本 2.6.1-b775 (git-master-97cc876)
[21:24:52] [Server thread/INFO]: [Geyser-Spigot] 
[21:24:52] [Server thread/INFO]: [Geyser-Spigot] ******************************************
[21:24:56] [epollEventLoopGroup-3-2/INFO]: [Geyser-Spigot] 已在 UDP 端口 19132 上启动 Geyser
[21:24:56] [Server thread/INFO]: [Geyser-Spigot] 完成 (4.303秒)！ 运行 /geyser help 以获取帮助！
[21:24:56] [Server thread/INFO]: Done (23.800s)! For help, type "help"
[21:24:56] [Craft Scheduler Thread - 3/INFO]: [ViaVersion] Finished mapping loading, shutting down loader executor.
[21:24:58] [Craft Scheduler Thread - 3/INFO]: There is an update available for TabTPS!
[21:24:58] [Craft Scheduler Thread - 3/INFO]: This server is running version v1.3.22, which is 4 versions outdated.
[21:24:58] [Craft Scheduler Thread - 3/INFO]: Download the latest version, v1.3.26 from GitHub at the link below:
[21:24:58] [Craft Scheduler Thread - 3/INFO]: https://github.com/jpenilla/TabTPS/releases/tag/v1.3.26
[21:25:32] [Craft Scheduler Thread - 1/INFO]: [33;1m[[32;22mSkinsRestorer[33;1m] [0;39m[32;1m----------------------------------------------[0;39m[m
[21:25:32] [Craft Scheduler Thread - 1/INFO]: [33;1m[[32;22mSkinsRestorer[33;1m] [0;39m[32;1m    +==================+[0;39m[m
[21:25:32] [Craft Scheduler Thread - 1/INFO]: [33;1m[[32;22mSkinsRestorer[33;1m] [0;39m[32;1m    |   SkinsRestorer  |[0;39m[m
[21:25:32] [Craft Scheduler Thread - 1/INFO]: [33;1m[[32;22mSkinsRestorer[33;1m] [0;39m[32;1m    |------------------|[0;39m[m
[21:25:32] [Craft Scheduler Thread - 1/INFO]: [33;1m[[32;22mSkinsRestorer[33;1m] [0;39m[32;1m    |  [34;1m[4m[21mStandalone Mode[0;39m[32;1m |[0;39m[m
[21:25:32] [Craft Scheduler Thread - 1/INFO]: [33;1m[[32;22mSkinsRestorer[33;1m] [0;39m[32;1m    +==================+[0;39m[m
[21:25:32] [Craft Scheduler Thread - 1/INFO]: [33;1m[[32;22mSkinsRestorer[33;1m] [0;39m[32;1m----------------------------------------------[0;39m[m
[21:25:32] [Craft Scheduler Thread - 1/INFO]: [33;1m[[32;22mSkinsRestorer[33;1m] [0;39m[36;1m    Version: [32;1m15.5.3[0;39m[m
[21:25:32] [Craft Scheduler Thread - 1/INFO]: [33;1m[[32;22mSkinsRestorer[33;1m] [0;39m[36;1m    Commit: [32;1m86e796c[0;39m[m
[21:25:32] [Craft Scheduler Thread - 1/INFO]: [33;1m[[32;22mSkinsRestorer[33;1m] [0;39m[32;1m    This is the latest version![0;39m[m
[21:25:32] [Craft Scheduler Thread - 1/INFO]: [33;1m[[32;22mSkinsRestorer[33;1m] [0;39m[32;1m----------------------------------------------[0;39m[m
[21:25:32] [Craft Scheduler Thread - 1/INFO]: [33;1m[[32;22mSkinsRestorer[33;1m] [0;39m[34;1mDo you have issues? Read our troubleshooting guide: [33;1mhttps://skinsrestorer.net/docs/troubleshooting[0;39m[m
[21:25:32] [Craft Scheduler Thread - 1/INFO]: [33;1m[[32;22mSkinsRestorer[33;1m] [0;39m[34;1mWant to support SkinsRestorer? Consider donating: [33;1mhttps://skinsrestorer.net/donate[0;39m[m
[22:34:37] [epollEventLoopGroup-4-1/INFO]: [Geyser-Spigot] 玩家已连接，用户名为touxl1916
[22:34:37] [localSession-7-2/INFO]: [Geyser-Spigot] touxl1916（以 touxl1916 登录）已连接到 Java 服务器
[22:34:38] [Server thread/INFO]: [floodgate] Floodgate 玩家 touxl1916 加入了 (UUID: 573ccf2e-f5c4-4889-888e-85475b05b4c5)
[22:34:38] [Server thread/INFO]: touxl1916 joined the game
[22:34:38] [Server thread/INFO]: touxl1916[/192.168.10.6:0] logged in with entity id 141 at ([world]658.6833904200344, 78.78633412537881, 1171.8466732484142)
[22:35:17] [Server thread/INFO]: touxl1916 has made the advancement [Sweet Dreams]
[22:36:58] [localSession-7-2/INFO]: [Geyser-Spigot] touxl1916 已因 基岩版客户端连接超时 与 Java 服务器断开了连接
[22:36:58] [Geyser Spigot connection thread-6-3/INFO]: [floodgate] Floodgate 玩家 touxl1916 已断开连接
[22:36:58] [Server thread/INFO]: touxl1916 lost connection: Disconnected
[22:36:58] [Server thread/INFO]: touxl1916 left the game
[22:37:01] [Server thread/WARN]: Can't keep up! Is the server overloaded? Running 2504ms or 50 ticks behind
[22:37:28] [epollEventLoopGroup-4-2/INFO]: [Geyser-Spigot] 玩家已连接，用户名为touxl1916
[22:37:28] [localSession-7-3/INFO]: [Geyser-Spigot] touxl1916（以 touxl1916 登录）已连接到 Java 服务器
[22:37:30] [Server thread/INFO]: [floodgate] Floodgate 玩家 touxl1916 加入了 (UUID: 573ccf2e-f5c4-4889-888e-85475b05b4c5)
[22:37:30] [Server thread/INFO]: touxl1916 joined the game
[22:37:30] [Server thread/INFO]: touxl1916[/192.168.10.6:0] logged in with entity id 1726 at ([world]711.2169, 68.5625, 1127.111)
[22:38:04] [Server thread/INFO]: touxl1916 has made the advancement [We Need to Go Deeper]
[22:38:07] [Server thread/WARN]: Can't keep up! Is the server overloaded? Running 2765ms or 55 ticks behind
[22:38:53] [localSession-7-3/INFO]: [Geyser-Spigot] touxl1916 已因 基岩版客户端已断开连接 与 Java 服务器断开了连接
[22:38:53] [Geyser Spigot connection thread-6-4/INFO]: [floodgate] Floodgate 玩家 touxl1916 已断开连接
[22:38:54] [Server thread/INFO]: touxl1916 lost connection: Disconnected
[22:38:54] [Server thread/INFO]: touxl1916 left the game
[23:04:00] [Server thread/WARN]: handleDisconnection() called twice
[23:05:42] [Server thread/WARN]: handleDisconnection() called twice
[23:08:21] [Server thread/WARN]: handleDisconnection() called twice
[23:27:39] [Server thread/WARN]: handleDisconnection() called twice
[23:34:03] [Server thread/WARN]: handleDisconnection() called twice
