[00:00:02] [Server thread/INFO]: -------- World Settings For [world_the_end] --------
[00:00:02] [Server thread/INFO]: Entity Activation Range: An 32 / Mo 32 / Ra 48 / Mi 16 / Tiv true / Isa false
[00:00:02] [Server thread/INFO]: Entity Tracking Range: Pl 48 / An 48 / Mo 48 / Mi 32 / Di 128 / Other 64
[00:00:02] [Server thread/INFO]: Hopper Transfer: 8 Hopper Check: 1 Hopper Amount: 1 Hopper Can Load Chunks: false
[00:00:02] [Server thread/INFO]: Custom Map Seeds:  Village: 10387312 Desert: 14357617 Igloo: 14357618 Jungle: 14357619 Swamp: 14357620 Monument: 10387313 Ocean: 14357621 Shipwreck: 165745295 End City: 10387313 Slime: 987234911 Nether: 30084232 Mansion: 10387319 Fossil: 14357921 Portal: 34222645
[00:00:02] [Server thread/INFO]: Experience Merge Radius: 3.0
[00:00:02] [Server thread/INFO]: Mob Spawn Range: 6
[00:00:02] [Server thread/INFO]: Cactus Growth Modifier: 100%
[00:00:02] [Server thread/INFO]: Cane Growth Modifier: 100%
[00:00:02] [Server thread/INFO]: Melon Growth Modifier: 100%
[00:00:02] [Server thread/INFO]: Mushroom Growth Modifier: 100%
[00:00:02] [Server thread/INFO]: Pumpkin Growth Modifier: 100%
[00:00:02] [Server thread/INFO]: Sapling Growth Modifier: 100%
[00:00:02] [Server thread/INFO]: Beetroot Growth Modifier: 100%
[00:00:02] [Server thread/INFO]: Carrot Growth Modifier: 100%
[00:00:02] [Server thread/INFO]: Potato Growth Modifier: 100%
[00:00:02] [Server thread/INFO]: Wheat Growth Modifier: 100%
[00:00:02] [Server thread/INFO]: NetherWart Growth Modifier: 100%
[00:00:02] [Server thread/INFO]: Vine Growth Modifier: 100%
[00:00:02] [Server thread/INFO]: Cocoa Growth Modifier: 100%
[00:00:02] [Server thread/INFO]: Bamboo Growth Modifier: 100%
[00:00:02] [Server thread/INFO]: SweetBerry Growth Modifier: 100%
[00:00:02] [Server thread/INFO]: Kelp Growth Modifier: 100%
[00:00:02] [Server thread/INFO]: TwistingVines Growth Modifier: 100%
[00:00:02] [Server thread/INFO]: WeepingVines Growth Modifier: 100%
[00:00:02] [Server thread/INFO]: CaveVines Growth Modifier: 100%
[00:00:02] [Server thread/INFO]: Max TNT Explosions: 100
[00:00:02] [Server thread/INFO]: Tile Max Tick Time: 50ms Entity max Tick Time: 50ms
[00:00:02] [Server thread/INFO]: View Distance: 10
[00:00:02] [Server thread/INFO]: Simulation Distance: 10
[00:00:02] [Server thread/INFO]: Item Despawn Rate: 6000
[00:00:02] [Server thread/INFO]: Item Merge Radius: 2.5
[00:00:02] [Server thread/INFO]: Allow Zombie Pigmen to spawn from portal blocks: true
[00:00:02] [Server thread/INFO]: Arrow Despawn Rate: 1200 Trident Respawn Rate:1200
[00:00:02] [Server thread/INFO]: Zombie Aggressive Towards Villager: true
[00:00:02] [Server thread/INFO]: Nerfing mobs spawned from spawners: false
[00:00:02] [Server thread/INFO]: Preparing start region for dimension minecraft:overworld
[00:00:07] [Worker-Main-2/INFO]: Preparing spawn area: 0%
[00:00:07] [Worker-Main-1/INFO]: Preparing spawn area: 0%
[00:00:07] [Worker-Main-1/INFO]: Preparing spawn area: 0%
[00:00:07] [Worker-Main-2/INFO]: Preparing spawn area: 0%
[00:00:07] [Worker-Main-3/INFO]: Preparing spawn area: 0%
[00:00:07] [Worker-Main-3/INFO]: Preparing spawn area: 0%
[00:00:07] [Worker-Main-3/INFO]: Preparing spawn area: 0%
[00:00:07] [Worker-Main-3/INFO]: Preparing spawn area: 0%
[00:00:07] [Worker-Main-3/INFO]: Preparing spawn area: 0%
[00:00:07] [Worker-Main-2/INFO]: Preparing spawn area: 0%
[00:00:07] [Worker-Main-2/INFO]: Preparing spawn area: 0%
[00:00:07] [Worker-Main-1/INFO]: Preparing spawn area: 0%
[00:00:08] [Worker-Main-2/INFO]: Preparing spawn area: 16%
[00:00:08] [Worker-Main-3/INFO]: Preparing spawn area: 83%
[00:00:08] [Server thread/INFO]: Time elapsed: 6697 ms
[00:00:08] [Server thread/INFO]: Preparing start region for dimension minecraft:the_nether
[00:00:12] [Worker-Main-3/INFO]: Preparing spawn area: 0%
[00:00:12] [Worker-Main-3/INFO]: Preparing spawn area: 0%
[00:00:12] [Worker-Main-3/INFO]: Preparing spawn area: 0%
[00:00:12] [Worker-Main-3/INFO]: Preparing spawn area: 0%
[00:00:12] [Worker-Main-3/INFO]: Preparing spawn area: 0%
[00:00:12] [Worker-Main-3/INFO]: Preparing spawn area: 0%
[00:00:12] [Worker-Main-3/INFO]: Preparing spawn area: 0%
[00:00:12] [Worker-Main-3/INFO]: Preparing spawn area: 0%
[00:00:12] [Worker-Main-1/INFO]: Preparing spawn area: 11%
[00:00:13] [Worker-Main-2/INFO]: Preparing spawn area: 75%
[00:00:13] [Server thread/INFO]: Time elapsed: 4812 ms
[00:00:13] [Server thread/INFO]: Preparing start region for dimension minecraft:the_end
[00:00:15] [Worker-Main-1/INFO]: Preparing spawn area: 0%
[00:00:15] [Worker-Main-1/INFO]: Preparing spawn area: 0%
[00:00:15] [Worker-Main-1/INFO]: Preparing spawn area: 0%
[00:00:15] [Worker-Main-2/INFO]: Preparing spawn area: 0%
[00:00:15] [Worker-Main-2/INFO]: Preparing spawn area: 0%
[00:00:16] [Worker-Main-2/INFO]: Preparing spawn area: 14%
[00:00:16] [Worker-Main-1/INFO]: Preparing spawn area: 69%
[00:00:16] [Server thread/INFO]: Time elapsed: 3205 ms
[00:00:16] [Server thread/INFO]: Server permissions file permissions.yml is empty, ignoring it
[00:00:17] [Server thread/INFO]: Done (18.042s)! For help, type "help"
[00:00:17] [Server thread/INFO]: Stopping the server
[00:00:17] [Server thread/INFO]: Stopping server
[00:00:17] [Server thread/INFO]: Saving players
[00:00:17] [Server thread/INFO]: Saving worlds
[00:00:22] [Server thread/INFO]: Saving chunks for level 'ServerLevel[world]'/minecraft:overworld
[00:00:23] [Server thread/INFO]: Saving chunks for level 'ServerLevel[world_nether]'/minecraft:the_nether
[00:00:26] [Server thread/INFO]: Saving chunks for level 'ServerLevel[world_the_end]'/minecraft:the_end
[00:00:28] [Server thread/INFO]: ThreadedAnvilChunkStorage (world): All chunks are saved
[00:00:28] [Server thread/INFO]: ThreadedAnvilChunkStorage (DIM-1): All chunks are saved
[00:00:28] [Server thread/INFO]: ThreadedAnvilChunkStorage (DIM1): All chunks are saved
[00:00:28] [Server thread/INFO]: ThreadedAnvilChunkStorage: All dimensions are saved
