[17:34:22] [ServerMain/INFO]: Environment: Environment[sessionHost=https://sessionserver.mojang.com, servicesHost=https://api.minecraftservices.com, name=PROD]
[17:34:29] [ServerMain/INFO]: Loaded 7 recipes
[17:34:32] [Server thread/INFO]: Starting minecraft server version 1.20.4
[17:34:32] [Server thread/INFO]: Loading properties
[17:34:32] [Server thread/INFO]: This server is running CraftBukkit version 4074-Spigot-e9ec548-51bbab2 (MC: 1.20.4) (Implementing API version 1.20.4-R0.1-SNAPSHOT)
[17:34:34] [Server thread/INFO]: Server Ping Player Sample Count: 12
[17:34:34] [Server thread/INFO]: Using 4 threads for Netty based IO
[17:34:34] [Server thread/INFO]: Debug logging is disabled
[17:34:34] [Server thread/INFO]: Default game type: SURVIVAL
[17:34:34] [Server thread/INFO]: Generating keypair
[17:34:34] [Server thread/INFO]: Starting Minecraft server on *:25566
[17:34:34] [Server thread/INFO]: Using epoll channel type
[17:34:37] [Server thread/INFO]: [CoreProtect] Loading CoreProtect v22.4
[17:34:37] [Server thread/INFO]: [ViaVersion] Loading ViaVersion v5.2.1
[17:34:37] [Server thread/INFO]: [ViaVersion] ViaVersion 5.2.1 is now loaded. Registering protocol transformers and injecting...
[17:34:38] [Via-Mappingloader-0/INFO]: [ViaVersion] Loading block connection mappings ...
[17:34:39] [Via-Mappingloader-0/INFO]: [ViaVersion] Using FastUtil Long2ObjectOpenHashMap for block connections
[17:34:40] [Server thread/INFO]: [ViaBackwards] Loading translations...
[17:34:40] [Server thread/INFO]: [ViaBackwards] Registering protocols...
[17:34:41] [Server thread/INFO]: [ViaRewind] Registering protocols...
[17:34:42] [Server thread/INFO]: [MeowPlugin] Loading MeowPlugin v0.1
[17:34:42] [Server thread/INFO]: [TabTPS] Loading TabTPS v1.3.22
[17:34:42] [Server thread/INFO]: [ViaBackwards] Loading ViaBackwards v5.2.1
[17:34:42] [Server thread/INFO]: [ViaRewind] Loading ViaRewind v4.0.5
[17:34:42] [Server thread/INFO]: [SkinsRestorer] Loading SkinsRestorer v15.5.2
[17:34:42] [Server thread/INFO]: [ViaRewind] Enabling ViaRewind v4.0.5
[17:34:42] [Server thread/INFO]: [SkinsRestorer] Enabling SkinsRestorer v15.5.2
[17:34:43] [Server thread/WARN]: [33;1m[[32;22mSkinsRestorer[33;1m] [0;39m[33;1mYou must agree to the rules at 'commands.perSkinPermissionsConsent' in the config to use per skin permissions.[0;39m
[17:34:44] [Server thread/INFO]: [33;1m[[32;22mSkinsRestorer[33;1m] [0;39m[32;1mRunning on Minecraft [33;1m1.20.4[32;1m.[0;39m[m
[17:34:46] [Server thread/WARN]: [33;1m[[32;22mSkinsRestorer[33;1m] [0;39m[33;1m[33;1mPlease update your Java runtime to at least Java 21 (your version is 17).[0;39m
[17:34:46] [Server thread/WARN]: [33;1m[[32;22mSkinsRestorer[33;1m] [0;39m[33;1m[33;1mAt some point in the future, SkinsRestorer will no longer be compatible with this version of Java.[0;39m
[17:34:46] [Server thread/WARN]: **** SERVER IS RUNNING IN OFFLINE/INSECURE MODE!
[17:34:46] [Server thread/WARN]: The server will make no attempt to authenticate usernames. Beware.
[17:34:46] [Server thread/WARN]: While this makes the game possible to play without internet access, it also opens up the ability for hackers to connect with any username they choose.
[17:34:46] [Server thread/WARN]: To change this, set "online-mode" to "true" in the server.properties file.
[17:34:46] [Server thread/INFO]: Preparing level "world"
[17:34:46] [Server thread/INFO]: -------- World Settings For [world] --------
[17:34:46] [Server thread/INFO]: Cactus Growth Modifier: 100%
[17:34:46] [Server thread/INFO]: Cane Growth Modifier: 100%
[17:34:46] [Server thread/INFO]: Melon Growth Modifier: 100%
[17:34:46] [Server thread/INFO]: Mushroom Growth Modifier: 100%
[17:34:46] [Server thread/INFO]: Pumpkin Growth Modifier: 100%
[17:34:46] [Server thread/INFO]: Sapling Growth Modifier: 100%
[17:34:46] [Server thread/INFO]: Beetroot Growth Modifier: 100%
[17:34:46] [Server thread/INFO]: Carrot Growth Modifier: 100%
[17:34:46] [Server thread/INFO]: Potato Growth Modifier: 100%
[17:34:46] [Server thread/INFO]: Wheat Growth Modifier: 100%
[17:34:46] [Server thread/INFO]: NetherWart Growth Modifier: 100%
[17:34:46] [Server thread/INFO]: Vine Growth Modifier: 100%
[17:34:46] [Server thread/INFO]: Cocoa Growth Modifier: 100%
[17:34:46] [Server thread/INFO]: Bamboo Growth Modifier: 100%
[17:34:46] [Server thread/INFO]: SweetBerry Growth Modifier: 100%
[17:34:46] [Server thread/INFO]: Kelp Growth Modifier: 100%
[17:34:46] [Server thread/INFO]: TwistingVines Growth Modifier: 100%
[17:34:46] [Server thread/INFO]: WeepingVines Growth Modifier: 100%
[17:34:46] [Server thread/INFO]: CaveVines Growth Modifier: 100%
[17:34:46] [Server thread/INFO]: Entity Activation Range: An 32 / Mo 32 / Ra 48 / Mi 16 / Tiv true / Isa false
[17:34:46] [Server thread/INFO]: Entity Tracking Range: Pl 48 / An 48 / Mo 48 / Mi 32 / Di 128 / Other 64
[17:34:46] [Server thread/INFO]: Hopper Transfer: 8 Hopper Check: 1 Hopper Amount: 1 Hopper Can Load Chunks: false
[17:34:46] [Server thread/INFO]: Experience Merge Radius: 3.0
[17:34:46] [Server thread/INFO]: Mob Spawn Range: 6
[17:34:46] [Server thread/INFO]: Custom Map Seeds:  Village: 10387312 Desert: 14357617 Igloo: 14357618 Jungle: 14357619 Swamp: 14357620 Monument: 10387313 Ocean: 14357621 Shipwreck: 165745295 End City: 10387313 Slime: 987234911 Nether: 30084232 Mansion: 10387319 Fossil: 14357921 Portal: 34222645
[17:34:46] [Server thread/INFO]: Max TNT Explosions: 100
[17:34:46] [Server thread/INFO]: Tile Max Tick Time: 50ms Entity max Tick Time: 50ms
[17:34:46] [Server thread/INFO]: Arrow Despawn Rate: 1200 Trident Respawn Rate:1200
[17:34:46] [Server thread/INFO]: View Distance: 10
[17:34:46] [Server thread/INFO]: Simulation Distance: 10
[17:34:46] [Server thread/INFO]: Item Despawn Rate: 6000
[17:34:46] [Server thread/INFO]: Item Merge Radius: 2.5
[17:34:46] [Server thread/INFO]: Allow Zombie Pigmen to spawn from portal blocks: true
[17:34:46] [Server thread/INFO]: Zombie Aggressive Towards Villager: true
[17:34:46] [Server thread/INFO]: Nerfing mobs spawned from spawners: false
[17:34:47] [Server thread/INFO]: -------- World Settings For [world_nether] --------
[17:34:47] [Server thread/INFO]: Cactus Growth Modifier: 100%
[17:34:47] [Server thread/INFO]: Cane Growth Modifier: 100%
[17:34:47] [Server thread/INFO]: Melon Growth Modifier: 100%
[17:34:47] [Server thread/INFO]: Mushroom Growth Modifier: 100%
[17:34:47] [Server thread/INFO]: Pumpkin Growth Modifier: 100%
[17:34:47] [Server thread/INFO]: Sapling Growth Modifier: 100%
[17:34:47] [Server thread/INFO]: Beetroot Growth Modifier: 100%
[17:34:47] [Server thread/INFO]: Carrot Growth Modifier: 100%
[17:34:47] [Server thread/INFO]: Potato Growth Modifier: 100%
[17:34:47] [Server thread/INFO]: Wheat Growth Modifier: 100%
[17:34:47] [Server thread/INFO]: NetherWart Growth Modifier: 100%
[17:34:47] [Server thread/INFO]: Vine Growth Modifier: 100%
[17:34:47] [Server thread/INFO]: Cocoa Growth Modifier: 100%
[17:34:47] [Server thread/INFO]: Bamboo Growth Modifier: 100%
[17:34:47] [Server thread/INFO]: SweetBerry Growth Modifier: 100%
[17:34:47] [Server thread/INFO]: Kelp Growth Modifier: 100%
[17:34:47] [Server thread/INFO]: TwistingVines Growth Modifier: 100%
[17:34:47] [Server thread/INFO]: WeepingVines Growth Modifier: 100%
[17:34:47] [Server thread/INFO]: CaveVines Growth Modifier: 100%
[17:34:47] [Server thread/INFO]: Entity Activation Range: An 32 / Mo 32 / Ra 48 / Mi 16 / Tiv true / Isa false
[17:34:47] [Server thread/INFO]: Entity Tracking Range: Pl 48 / An 48 / Mo 48 / Mi 32 / Di 128 / Other 64
[17:34:47] [Server thread/INFO]: Hopper Transfer: 8 Hopper Check: 1 Hopper Amount: 1 Hopper Can Load Chunks: false
[17:34:47] [Server thread/INFO]: Experience Merge Radius: 3.0
[17:34:47] [Server thread/INFO]: Mob Spawn Range: 6
[17:34:47] [Server thread/INFO]: Custom Map Seeds:  Village: 10387312 Desert: 14357617 Igloo: 14357618 Jungle: 14357619 Swamp: 14357620 Monument: 10387313 Ocean: 14357621 Shipwreck: 165745295 End City: 10387313 Slime: 987234911 Nether: 30084232 Mansion: 10387319 Fossil: 14357921 Portal: 34222645
[17:34:47] [Server thread/INFO]: Max TNT Explosions: 100
[17:34:47] [Server thread/INFO]: Tile Max Tick Time: 50ms Entity max Tick Time: 50ms
[17:34:47] [Server thread/INFO]: Arrow Despawn Rate: 1200 Trident Respawn Rate:1200
[17:34:47] [Server thread/INFO]: View Distance: 10
[17:34:47] [Server thread/INFO]: Simulation Distance: 10
[17:34:47] [Server thread/INFO]: Item Despawn Rate: 6000
[17:34:47] [Server thread/INFO]: Item Merge Radius: 2.5
[17:34:47] [Server thread/INFO]: Allow Zombie Pigmen to spawn from portal blocks: true
[17:34:47] [Server thread/INFO]: Zombie Aggressive Towards Villager: true
[17:34:47] [Server thread/INFO]: Nerfing mobs spawned from spawners: false
[17:34:53] [Server thread/INFO]: -------- World Settings For [world_the_end] --------
[17:34:53] [Server thread/INFO]: Cactus Growth Modifier: 100%
[17:34:53] [Server thread/INFO]: Cane Growth Modifier: 100%
[17:34:53] [Server thread/INFO]: Melon Growth Modifier: 100%
[17:34:53] [Server thread/INFO]: Mushroom Growth Modifier: 100%
[17:34:53] [Server thread/INFO]: Pumpkin Growth Modifier: 100%
[17:34:53] [Server thread/INFO]: Sapling Growth Modifier: 100%
[17:34:53] [Server thread/INFO]: Beetroot Growth Modifier: 100%
[17:34:53] [Server thread/INFO]: Carrot Growth Modifier: 100%
[17:34:53] [Server thread/INFO]: Potato Growth Modifier: 100%
[17:34:53] [Server thread/INFO]: Wheat Growth Modifier: 100%
[17:34:53] [Server thread/INFO]: NetherWart Growth Modifier: 100%
[17:34:53] [Server thread/INFO]: Vine Growth Modifier: 100%
[17:34:53] [Server thread/INFO]: Cocoa Growth Modifier: 100%
[17:34:53] [Server thread/INFO]: Bamboo Growth Modifier: 100%
[17:34:53] [Server thread/INFO]: SweetBerry Growth Modifier: 100%
[17:34:53] [Server thread/INFO]: Kelp Growth Modifier: 100%
[17:34:53] [Server thread/INFO]: TwistingVines Growth Modifier: 100%
[17:34:53] [Server thread/INFO]: WeepingVines Growth Modifier: 100%
[17:34:53] [Server thread/INFO]: CaveVines Growth Modifier: 100%
[17:34:53] [Server thread/INFO]: Entity Activation Range: An 32 / Mo 32 / Ra 48 / Mi 16 / Tiv true / Isa false
[17:34:53] [Server thread/INFO]: Entity Tracking Range: Pl 48 / An 48 / Mo 48 / Mi 32 / Di 128 / Other 64
[17:34:53] [Server thread/INFO]: Hopper Transfer: 8 Hopper Check: 1 Hopper Amount: 1 Hopper Can Load Chunks: false
[17:34:53] [Server thread/INFO]: Experience Merge Radius: 3.0
[17:34:53] [Server thread/INFO]: Mob Spawn Range: 6
[17:34:53] [Server thread/INFO]: Custom Map Seeds:  Village: 10387312 Desert: 14357617 Igloo: 14357618 Jungle: 14357619 Swamp: 14357620 Monument: 10387313 Ocean: 14357621 Shipwreck: 165745295 End City: 10387313 Slime: 987234911 Nether: 30084232 Mansion: 10387319 Fossil: 14357921 Portal: 34222645
[17:34:53] [Server thread/INFO]: Max TNT Explosions: 100
[17:34:53] [Server thread/INFO]: Tile Max Tick Time: 50ms Entity max Tick Time: 50ms
[17:34:53] [Server thread/INFO]: Arrow Despawn Rate: 1200 Trident Respawn Rate:1200
[17:34:53] [Server thread/INFO]: View Distance: 10
[17:34:53] [Server thread/INFO]: Simulation Distance: 10
[17:34:53] [Server thread/INFO]: Item Despawn Rate: 6000
[17:34:53] [Server thread/INFO]: Item Merge Radius: 2.5
[17:34:53] [Server thread/INFO]: Allow Zombie Pigmen to spawn from portal blocks: true
[17:34:53] [Server thread/INFO]: Zombie Aggressive Towards Villager: true
[17:34:53] [Server thread/INFO]: Nerfing mobs spawned from spawners: false
[17:34:53] [Server thread/INFO]: Preparing start region for dimension minecraft:overworld
[17:35:01] [Worker-Main-2/INFO]: Preparing spawn area: 0%
[17:35:01] [Worker-Main-1/INFO]: Preparing spawn area: 0%
[17:35:01] [Worker-Main-1/INFO]: Preparing spawn area: 0%
[17:35:01] [Worker-Main-1/INFO]: Preparing spawn area: 0%
[17:35:01] [Worker-Main-1/INFO]: Preparing spawn area: 0%
[17:35:01] [Worker-Main-1/INFO]: Preparing spawn area: 0%
[17:35:01] [Worker-Main-3/INFO]: Preparing spawn area: 0%
[17:35:01] [Worker-Main-2/INFO]: Preparing spawn area: 0%
[17:35:01] [Worker-Main-2/INFO]: Preparing spawn area: 0%
[17:35:01] [Worker-Main-2/INFO]: Preparing spawn area: 0%
[17:35:01] [Worker-Main-2/INFO]: Preparing spawn area: 0%
[17:35:01] [Worker-Main-1/INFO]: Preparing spawn area: 0%
[17:35:01] [Worker-Main-3/INFO]: Preparing spawn area: 0%
[17:35:01] [Worker-Main-2/INFO]: Preparing spawn area: 0%
[17:35:01] [Worker-Main-3/INFO]: Preparing spawn area: 0%
[17:35:01] [Worker-Main-2/INFO]: Preparing spawn area: 0%
[17:35:01] [Worker-Main-1/INFO]: Preparing spawn area: 0%
[17:35:02] [Worker-Main-3/INFO]: Preparing spawn area: 0%
[17:35:02] [Worker-Main-1/INFO]: Preparing spawn area: 0%
[17:35:03] [Worker-Main-1/INFO]: Preparing spawn area: 0%
[17:35:03] [Worker-Main-3/INFO]: Preparing spawn area: 0%
[17:35:04] [Worker-Main-3/INFO]: Preparing spawn area: 16%
[17:35:04] [Worker-Main-2/INFO]: Preparing spawn area: 38%
[17:35:05] [Worker-Main-1/INFO]: Preparing spawn area: 38%
[17:35:05] [Server thread/INFO]: Time elapsed: 11926 ms
[17:35:05] [Server thread/INFO]: Preparing start region for dimension minecraft:the_nether
[17:35:11] [Worker-Main-3/INFO]: Preparing spawn area: 0%
[17:35:11] [Worker-Main-3/INFO]: Preparing spawn area: 0%
[17:35:11] [Worker-Main-3/INFO]: Preparing spawn area: 0%
[17:35:11] [Worker-Main-1/INFO]: Preparing spawn area: 0%
[17:35:11] [Worker-Main-1/INFO]: Preparing spawn area: 0%
[17:35:11] [Worker-Main-3/INFO]: Preparing spawn area: 0%
[17:35:11] [Worker-Main-3/INFO]: Preparing spawn area: 0%
[17:35:11] [Worker-Main-2/INFO]: Preparing spawn area: 0%
[17:35:11] [Worker-Main-2/INFO]: Preparing spawn area: 0%
[17:35:11] [Worker-Main-1/INFO]: Preparing spawn area: 0%
[17:35:11] [Worker-Main-3/INFO]: Preparing spawn area: 0%
[17:35:11] [Worker-Main-1/INFO]: Preparing spawn area: 0%
[17:35:11] [Worker-Main-2/INFO]: Preparing spawn area: 0%
[17:35:12] [Worker-Main-2/INFO]: Preparing spawn area: 0%
[17:35:12] [Worker-Main-3/INFO]: Preparing spawn area: 0%
[17:35:13] [Worker-Main-2/INFO]: Preparing spawn area: 1%
[17:35:13] [Worker-Main-3/INFO]: Preparing spawn area: 42%
[17:35:14] [Server thread/INFO]: Time elapsed: 8556 ms
[17:35:14] [Server thread/INFO]: Preparing start region for dimension minecraft:the_end
[17:35:17] [Worker-Main-2/INFO]: Preparing spawn area: 0%
[17:35:17] [Worker-Main-3/INFO]: Preparing spawn area: 0%
[17:35:17] [Worker-Main-2/INFO]: Preparing spawn area: 0%
[17:35:17] [Worker-Main-1/INFO]: Preparing spawn area: 0%
[17:35:17] [Worker-Main-2/INFO]: Preparing spawn area: 0%
[17:35:17] [Worker-Main-3/INFO]: Preparing spawn area: 0%
[17:35:17] [Worker-Main-1/INFO]: Preparing spawn area: 0%
[17:35:17] [Worker-Main-3/INFO]: Preparing spawn area: 0%
[17:35:18] [Worker-Main-3/INFO]: Preparing spawn area: 13%
[17:35:18] [Worker-Main-3/INFO]: Preparing spawn area: 82%
[17:35:18] [Server thread/INFO]: Time elapsed: 4697 ms
[17:35:18] [Server thread/INFO]: [CoreProtect] Enabling CoreProtect v22.4
[17:35:19] [Server thread/INFO]: [0;37;1m[0;37;1m[m[CoreProtect] CoreProtect has been successfully enabled![0;37;1m[0;37;1m [m
[17:35:19] [Server thread/INFO]: [CoreProtect] Using SQLite for data storage.
[17:35:19] [Server thread/INFO]: --------------------
[17:35:19] [Server thread/INFO]: [CoreProtect] Enjoy CoreProtect? Join our Discord!
[17:35:19] [Server thread/INFO]: [CoreProtect] Discord: www.coreprotect.net/discord/
[17:35:19] [Server thread/INFO]: --------------------
[17:35:19] [Server thread/INFO]: [ViaVersion] Enabling ViaVersion v5.2.1
[17:35:19] [Server thread/INFO]: [ViaVersion] ViaVersion detected server version: 1.20.3-1.20.4 (765)
[17:35:19] [Server thread/WARN]: [ViaVersion] Please update your Java runtime to at least Java 21 (your version is 17.0.14).
[17:35:19] [Server thread/WARN]: [ViaVersion] At some point in the future, ViaVersion will no longer be compatible with this version of Java.
[17:35:19] [Server thread/INFO]: [MeowPlugin] Enabling MeowPlugin v0.1
[17:35:19] [Server thread/WARN]: [MeowPlugin] Could not save config.yml to plugins/MeowPlugin/config.yml because config.yml already exists.
[17:35:19] [Server thread/INFO]: [TabTPS] Enabling TabTPS v1.3.22
[17:35:20] [Server thread/WARN]: [TabTPS] ====================================================
[17:35:20] [Server thread/WARN]: [TabTPS]  TabTPS works better if you use Paper 
[17:35:20] [Server thread/WARN]: [TabTPS]  as your server software. 
[17:35:20] [Server thread/WARN]: [TabTPS]   
[17:35:20] [Server thread/WARN]: [TabTPS]  Paper offers significant performance improvements,
[17:35:20] [Server thread/WARN]: [TabTPS]  bug fixes, security enhancements and optional
[17:35:20] [Server thread/WARN]: [TabTPS]  features for server owners to enhance their server.
[17:35:20] [Server thread/WARN]: [TabTPS]   
[17:35:20] [Server thread/WARN]: [TabTPS]  Paper includes Timings v2, which is significantly
[17:35:20] [Server thread/WARN]: [TabTPS]  better at diagnosing lag problems over v1.
[17:35:20] [Server thread/WARN]: [TabTPS]   
[17:35:20] [Server thread/WARN]: [TabTPS]  All of your plugins should still work, and the
[17:35:20] [Server thread/WARN]: [TabTPS]  Paper community will gladly help you fix any issues.
[17:35:20] [Server thread/WARN]: [TabTPS]   
[17:35:20] [Server thread/WARN]: [TabTPS]  Join the Paper Community @ https://papermc.io
[17:35:20] [Server thread/WARN]: [TabTPS] ====================================================
[17:35:21] [Server thread/INFO]: [ViaBackwards] Enabling ViaBackwards v5.2.1
[17:35:21] [Server thread/INFO]: Server permissions file permissions.yml is empty, ignoring it
[17:35:21] [Server thread/INFO]: Done (34.817s)! For help, type "help"
[17:35:21] [Craft Scheduler Thread - 3/INFO]: [ViaVersion] Finished mapping loading, shutting down loader executor.
[17:35:21] [Craft Scheduler Thread - 1/INFO]: [33;1m[[32;22mSkinsRestorer[33;1m] [0;39m[32;1m----------------------------------------------[0;39m[m
[17:35:21] [Craft Scheduler Thread - 1/INFO]: [33;1m[[32;22mSkinsRestorer[33;1m] [0;39m[32;1m    +==================+[0;39m[m
[17:35:21] [Craft Scheduler Thread - 1/INFO]: [33;1m[[32;22mSkinsRestorer[33;1m] [0;39m[32;1m    |   SkinsRestorer  |[0;39m[m
[17:35:21] [Craft Scheduler Thread - 1/INFO]: [33;1m[[32;22mSkinsRestorer[33;1m] [0;39m[32;1m    |------------------|[0;39m[m
[17:35:21] [Craft Scheduler Thread - 1/INFO]: [33;1m[[32;22mSkinsRestorer[33;1m] [0;39m[32;1m    |  [34;1m[4m[21mStandalone Mode[0;39m[32;1m |[0;39m[m
[17:35:21] [Craft Scheduler Thread - 1/INFO]: [33;1m[[32;22mSkinsRestorer[33;1m] [0;39m[32;1m    +==================+[0;39m[m
[17:35:21] [Craft Scheduler Thread - 1/INFO]: [33;1m[[32;22mSkinsRestorer[33;1m] [0;39m[32;1m----------------------------------------------[0;39m[m
[17:35:21] [Craft Scheduler Thread - 1/INFO]: [33;1m[[32;22mSkinsRestorer[33;1m] [0;39m[36;1m    Version: [32;1m15.5.2[0;39m[m
[17:35:21] [Craft Scheduler Thread - 1/INFO]: [33;1m[[32;22mSkinsRestorer[33;1m] [0;39m[36;1m    Commit: [32;1mae257f6[0;39m[m
[17:35:21] [Craft Scheduler Thread - 1/INFO]: [33;1m[[32;22mSkinsRestorer[33;1m] [0;39m[32;1m    This is the latest version![0;39m[m
[17:35:21] [Craft Scheduler Thread - 1/INFO]: [33;1m[[32;22mSkinsRestorer[33;1m] [0;39m[32;1m----------------------------------------------[0;39m[m
[17:35:21] [Craft Scheduler Thread - 1/INFO]: [33;1m[[32;22mSkinsRestorer[33;1m] [0;39m[34;1mDo you have issues? Read our troubleshooting guide: [33;1mhttps://skinsrestorer.net/docs/troubleshooting[0;39m[m
[17:35:21] [Craft Scheduler Thread - 1/INFO]: [33;1m[[32;22mSkinsRestorer[33;1m] [0;39m[34;1mWant to support SkinsRestorer? Consider donating: [33;1mhttps://skinsrestorer.net/donate[0;39m[m
[17:35:22] [Craft Scheduler Thread - 4/INFO]: There is an update available for TabTPS!
[17:35:22] [Craft Scheduler Thread - 4/INFO]: This server is running version v1.3.22, which is 4 versions outdated.
[17:35:22] [Craft Scheduler Thread - 4/INFO]: Download the latest version, v1.3.26 from GitHub at the link below:
[17:35:22] [Craft Scheduler Thread - 4/INFO]: https://github.com/jpenilla/TabTPS/releases/tag/v1.3.26
[17:38:25] [Server thread/INFO]: Seed: [-5996224446439112157]
[17:39:23] [User Authenticator #1/INFO]: UUID of player touxl1916 is dda5a998-ba1e-3605-af21-6aeffaf8c42e
[17:39:24] [Server thread/INFO]: touxl1916 joined the game
[17:39:24] [Server thread/INFO]: touxl1916[/127.0.0.1:43304] logged in with entity id 122 at ([world_the_end]1360.4020996246984, 64.0, 123.12182549528404)
[17:39:24] [Server thread/INFO]: [touxl1916: Set [CountLeaveGame] for touxl1916 to 0]
[17:39:24] [Server thread/INFO]: [touxl1916: Showing new title for touxl1916]
[17:39:24] [Server thread/INFO]: [touxl1916: Showing new subtitle for touxl1916]
[17:42:30] [Server thread/INFO]: Teleported touxl1916 to 2376.500000, 65.000000, -189.500000
[17:42:39] [Server thread/WARN]: Can't keep up! Is the server overloaded? Running 8581ms or 171 ticks behind
[17:44:19] [Server thread/INFO]: Teleported touxl1916 to 2376.500000, 65.000000, -189.500000
[17:46:35] [Server thread/INFO]: touxl1916 has completed the challenge [Great View From Up Here]
[17:50:56] [Server thread/INFO]: Teleported touxl1916 to 2968.500000, 65.000000, -319.500000
[17:50:56] [Server thread/WARN]: touxl1916 moved too quickly! 638.7812853473024,5.0,-79.72888455872771
[17:58:45] [Server thread/INFO]: touxl1916 has made the advancement [Local Brewery]
[17:59:18] [Server thread/INFO]: touxl1916 has reached the goal [Sky's the Limit]
[18:00:03] [Server thread/INFO]: touxl1916 fell out of the world
[18:09:11] [Server thread/INFO]: touxl1916 lost connection: Disconnected
[18:09:11] [Server thread/INFO]: touxl1916 left the game
[18:09:13] [User Authenticator #2/INFO]: UUID of player touxl1916 is dda5a998-ba1e-3605-af21-6aeffaf8c42e
[18:09:14] [Server thread/INFO]: touxl1916 joined the game
[18:09:14] [Server thread/INFO]: touxl1916[/127.0.0.1:41846] logged in with entity id 6850 at ([world_the_end]249.00987102774994, 7.0, 0.251695027219206)
[18:09:14] [Server thread/INFO]: [touxl1916: Set [CountLeaveGame] for touxl1916 to 0]
[18:09:14] [Server thread/INFO]: [touxl1916: Showing new title for touxl1916]
[18:09:14] [Server thread/INFO]: [touxl1916: Showing new subtitle for touxl1916]
[18:10:53] [Server thread/INFO]: touxl1916 fell out of the world
[18:21:55] [Server thread/INFO]: touxl1916 has made the advancement [Who is Cutting Onions?]
[18:23:02] [Server thread/INFO]: touxl1916 drowned
[18:23:14] [Server thread/INFO]: touxl1916 lost connection: Disconnected
[18:23:14] [Server thread/INFO]: touxl1916 left the game
[20:50:24] [User Authenticator #3/INFO]: UUID of player pbily is 36ca8691-c099-320c-bcab-615a204dcaa1
[20:50:24] [Server thread/INFO]: pbily joined the game
[20:50:24] [Server thread/INFO]: pbily[/127.0.0.1:40400] logged in with entity id 12850 at ([world]31.77875329178457, 71.0, 36.49923875635967)
[20:50:24] [Netty Epoll Server IO #3/WARN]: [ViaVersion] (1.17->1.16.4) Increased world height is NOT SUPPORTED for 1.16 players and below. They will see a void below y 0 and above 256. You can enable the `bedrock-at-y-0` config option to replace the air with a bedrock layer.
[20:50:24] [Server thread/INFO]: [pbily: Set [CountLeaveGame] for pbily to 0]
[20:50:24] [Server thread/INFO]: [pbily: Showing new title for pbily]
[20:50:24] [Server thread/INFO]: [pbily: Showing new subtitle for pbily]
[20:50:35] [Server thread/INFO]: pbily lost connection: Disconnected
[20:50:35] [Server thread/INFO]: pbily left the game
