[09:58:07] [ServerMain/INFO]: Environment: Environment[sessionHost=https://sessionserver.mojang.com, servicesHost=https://api.minecraftservices.com, name=PROD]
[09:58:09] [ServerMain/INFO]: Loaded 7 recipes
[09:58:10] [Server thread/INFO]: Starting minecraft server version 1.20.4
[09:58:10] [Server thread/INFO]: Loading properties
[09:58:10] [Server thread/INFO]: This server is running CraftBukkit version 4074-Spigot-e9ec548-51bbab2 (MC: 1.20.4) (Implementing API version 1.20.4-R0.1-SNAPSHOT)
[09:58:11] [Server thread/INFO]: Server Ping Player Sample Count: 12
[09:58:11] [Server thread/INFO]: Using 4 threads for Netty based IO
[09:58:11] [Server thread/INFO]: Debug logging is disabled
[09:58:11] [Server thread/INFO]: Default game type: SURVIVAL
[09:58:11] [Server thread/INFO]: Generating keypair
[09:58:11] [Server thread/INFO]: Starting Minecraft server on *:25566
[09:58:11] [Server thread/INFO]: Using epoll channel type
[09:58:12] [Server thread/INFO]: [CoreProtect] Loading CoreProtect v22.4
[09:58:12] [Server thread/INFO]: [ViaVersion] Loading ViaVersion v5.2.1
[09:58:12] [Server thread/INFO]: [ViaVersion] ViaVersion 5.2.1 is now loaded. Registering protocol transformers and injecting...
[09:58:12] [Via-Mappingloader-0/INFO]: [ViaVersion] Loading block connection mappings ...
[09:58:13] [Via-Mappingloader-0/INFO]: [ViaVersion] Using FastUtil Long2ObjectOpenHashMap for block connections
[09:58:13] [Server thread/INFO]: [ViaBackwards] Loading translations...
[09:58:13] [Server thread/INFO]: [ViaBackwards] Registering protocols...
[09:58:14] [Server thread/INFO]: [ViaRewind] Registering protocols...
[09:58:14] [Server thread/INFO]: [TabTPS] Loading TabTPS v1.3.22
[09:58:14] [Server thread/INFO]: [ViaBackwards] Loading ViaBackwards v5.2.1
[09:58:14] [Server thread/INFO]: [ViaRewind] Loading ViaRewind v4.0.5
[09:58:14] [Server thread/INFO]: [SkinsRestorer] Loading SkinsRestorer v15.5.2
[09:58:14] [Server thread/INFO]: [ViaRewind] Enabling ViaRewind v4.0.5
[09:58:14] [Server thread/INFO]: [SkinsRestorer] Enabling SkinsRestorer v15.5.2
[09:58:14] [Server thread/WARN]: [33;1m[[32;22mSkinsRestorer[33;1m] [0;39m[33;1mYou must agree to the rules at 'commands.perSkinPermissionsConsent' in the config to use per skin permissions.[0;39m
[09:58:15] [Server thread/INFO]: [33;1m[[32;22mSkinsRestorer[33;1m] [0;39m[32;1mRunning on Minecraft [33;1m1.20.4[32;1m.[0;39m[m
[09:58:15] [Server thread/WARN]: [33;1m[[32;22mSkinsRestorer[33;1m] [0;39m[33;1m[33;1mPlease update your Java runtime to at least Java 21 (your version is 17).[0;39m
[09:58:15] [Server thread/WARN]: [33;1m[[32;22mSkinsRestorer[33;1m] [0;39m[33;1m[33;1mAt some point in the future, SkinsRestorer will no longer be compatible with this version of Java.[0;39m
[09:58:15] [Server thread/WARN]: **** SERVER IS RUNNING IN OFFLINE/INSECURE MODE!
[09:58:15] [Server thread/WARN]: The server will make no attempt to authenticate usernames. Beware.
[09:58:15] [Server thread/WARN]: While this makes the game possible to play without internet access, it also opens up the ability for hackers to connect with any username they choose.
[09:58:15] [Server thread/WARN]: To change this, set "online-mode" to "true" in the server.properties file.
[09:58:15] [Server thread/INFO]: Preparing level "world"
[09:58:15] [Server thread/INFO]: -------- World Settings For [world] --------
[09:58:15] [Server thread/INFO]: Experience Merge Radius: 3.0
[09:58:15] [Server thread/INFO]: Mob Spawn Range: 6
[09:58:15] [Server thread/INFO]: Custom Map Seeds:  Village: 10387312 Desert: 14357617 Igloo: 14357618 Jungle: 14357619 Swamp: 14357620 Monument: 10387313 Ocean: 14357621 Shipwreck: 165745295 End City: 10387313 Slime: 987234911 Nether: 30084232 Mansion: 10387319 Fossil: 14357921 Portal: 34222645
[09:58:15] [Server thread/INFO]: Max TNT Explosions: 100
[09:58:15] [Server thread/INFO]: Tile Max Tick Time: 50ms Entity max Tick Time: 50ms
[09:58:15] [Server thread/INFO]: Cactus Growth Modifier: 100%
[09:58:15] [Server thread/INFO]: Cane Growth Modifier: 100%
[09:58:15] [Server thread/INFO]: Melon Growth Modifier: 100%
[09:58:15] [Server thread/INFO]: Mushroom Growth Modifier: 100%
[09:58:15] [Server thread/INFO]: Pumpkin Growth Modifier: 100%
[09:58:15] [Server thread/INFO]: Sapling Growth Modifier: 100%
[09:58:15] [Server thread/INFO]: Beetroot Growth Modifier: 100%
[09:58:15] [Server thread/INFO]: Carrot Growth Modifier: 100%
[09:58:15] [Server thread/INFO]: Potato Growth Modifier: 100%
[09:58:15] [Server thread/INFO]: Wheat Growth Modifier: 100%
[09:58:15] [Server thread/INFO]: NetherWart Growth Modifier: 100%
[09:58:15] [Server thread/INFO]: Vine Growth Modifier: 100%
[09:58:15] [Server thread/INFO]: Cocoa Growth Modifier: 100%
[09:58:15] [Server thread/INFO]: Bamboo Growth Modifier: 100%
[09:58:15] [Server thread/INFO]: SweetBerry Growth Modifier: 100%
[09:58:15] [Server thread/INFO]: Kelp Growth Modifier: 100%
[09:58:15] [Server thread/INFO]: TwistingVines Growth Modifier: 100%
[09:58:15] [Server thread/INFO]: WeepingVines Growth Modifier: 100%
[09:58:15] [Server thread/INFO]: CaveVines Growth Modifier: 100%
[09:58:15] [Server thread/INFO]: Entity Activation Range: An 32 / Mo 32 / Ra 48 / Mi 16 / Tiv true / Isa false
[09:58:15] [Server thread/INFO]: Entity Tracking Range: Pl 48 / An 48 / Mo 48 / Mi 32 / Di 128 / Other 64
[09:58:15] [Server thread/INFO]: Hopper Transfer: 8 Hopper Check: 1 Hopper Amount: 1 Hopper Can Load Chunks: false
[09:58:15] [Server thread/INFO]: View Distance: 10
[09:58:15] [Server thread/INFO]: Simulation Distance: 10
[09:58:15] [Server thread/INFO]: Item Despawn Rate: 6000
[09:58:15] [Server thread/INFO]: Item Merge Radius: 2.5
[09:58:15] [Server thread/INFO]: Allow Zombie Pigmen to spawn from portal blocks: true
[09:58:15] [Server thread/INFO]: Arrow Despawn Rate: 1200 Trident Respawn Rate:1200
[09:58:15] [Server thread/INFO]: Zombie Aggressive Towards Villager: true
[09:58:15] [Server thread/INFO]: Nerfing mobs spawned from spawners: false
[09:58:15] [Server thread/INFO]: -------- World Settings For [world_nether] --------
[09:58:15] [Server thread/INFO]: Experience Merge Radius: 3.0
[09:58:15] [Server thread/INFO]: Mob Spawn Range: 6
[09:58:15] [Server thread/INFO]: Custom Map Seeds:  Village: 10387312 Desert: 14357617 Igloo: 14357618 Jungle: 14357619 Swamp: 14357620 Monument: 10387313 Ocean: 14357621 Shipwreck: 165745295 End City: 10387313 Slime: 987234911 Nether: 30084232 Mansion: 10387319 Fossil: 14357921 Portal: 34222645
[09:58:15] [Server thread/INFO]: Max TNT Explosions: 100
[09:58:15] [Server thread/INFO]: Tile Max Tick Time: 50ms Entity max Tick Time: 50ms
[09:58:15] [Server thread/INFO]: Cactus Growth Modifier: 100%
[09:58:15] [Server thread/INFO]: Cane Growth Modifier: 100%
[09:58:15] [Server thread/INFO]: Melon Growth Modifier: 100%
[09:58:15] [Server thread/INFO]: Mushroom Growth Modifier: 100%
[09:58:15] [Server thread/INFO]: Pumpkin Growth Modifier: 100%
[09:58:15] [Server thread/INFO]: Sapling Growth Modifier: 100%
[09:58:15] [Server thread/INFO]: Beetroot Growth Modifier: 100%
[09:58:15] [Server thread/INFO]: Carrot Growth Modifier: 100%
[09:58:15] [Server thread/INFO]: Potato Growth Modifier: 100%
[09:58:15] [Server thread/INFO]: Wheat Growth Modifier: 100%
[09:58:15] [Server thread/INFO]: NetherWart Growth Modifier: 100%
[09:58:15] [Server thread/INFO]: Vine Growth Modifier: 100%
[09:58:15] [Server thread/INFO]: Cocoa Growth Modifier: 100%
[09:58:15] [Server thread/INFO]: Bamboo Growth Modifier: 100%
[09:58:15] [Server thread/INFO]: SweetBerry Growth Modifier: 100%
[09:58:15] [Server thread/INFO]: Kelp Growth Modifier: 100%
[09:58:15] [Server thread/INFO]: TwistingVines Growth Modifier: 100%
[09:58:15] [Server thread/INFO]: WeepingVines Growth Modifier: 100%
[09:58:15] [Server thread/INFO]: CaveVines Growth Modifier: 100%
[09:58:15] [Server thread/INFO]: Entity Activation Range: An 32 / Mo 32 / Ra 48 / Mi 16 / Tiv true / Isa false
[09:58:15] [Server thread/INFO]: Entity Tracking Range: Pl 48 / An 48 / Mo 48 / Mi 32 / Di 128 / Other 64
[09:58:15] [Server thread/INFO]: Hopper Transfer: 8 Hopper Check: 1 Hopper Amount: 1 Hopper Can Load Chunks: false
[09:58:15] [Server thread/INFO]: View Distance: 10
[09:58:15] [Server thread/INFO]: Simulation Distance: 10
[09:58:15] [Server thread/INFO]: Item Despawn Rate: 6000
[09:58:15] [Server thread/INFO]: Item Merge Radius: 2.5
[09:58:15] [Server thread/INFO]: Allow Zombie Pigmen to spawn from portal blocks: true
[09:58:15] [Server thread/INFO]: Arrow Despawn Rate: 1200 Trident Respawn Rate:1200
[09:58:15] [Server thread/INFO]: Zombie Aggressive Towards Villager: true
[09:58:15] [Server thread/INFO]: Nerfing mobs spawned from spawners: false
[09:58:19] [Server thread/INFO]: -------- World Settings For [world_the_end] --------
[09:58:19] [Server thread/INFO]: Experience Merge Radius: 3.0
[09:58:19] [Server thread/INFO]: Mob Spawn Range: 6
[09:58:19] [Server thread/INFO]: Custom Map Seeds:  Village: 10387312 Desert: 14357617 Igloo: 14357618 Jungle: 14357619 Swamp: 14357620 Monument: 10387313 Ocean: 14357621 Shipwreck: 165745295 End City: 10387313 Slime: 987234911 Nether: 30084232 Mansion: 10387319 Fossil: 14357921 Portal: 34222645
[09:58:19] [Server thread/INFO]: Max TNT Explosions: 100
[09:58:19] [Server thread/INFO]: Tile Max Tick Time: 50ms Entity max Tick Time: 50ms
[09:58:19] [Server thread/INFO]: Cactus Growth Modifier: 100%
[09:58:19] [Server thread/INFO]: Cane Growth Modifier: 100%
[09:58:19] [Server thread/INFO]: Melon Growth Modifier: 100%
[09:58:19] [Server thread/INFO]: Mushroom Growth Modifier: 100%
[09:58:19] [Server thread/INFO]: Pumpkin Growth Modifier: 100%
[09:58:19] [Server thread/INFO]: Sapling Growth Modifier: 100%
[09:58:19] [Server thread/INFO]: Beetroot Growth Modifier: 100%
[09:58:19] [Server thread/INFO]: Carrot Growth Modifier: 100%
[09:58:19] [Server thread/INFO]: Potato Growth Modifier: 100%
[09:58:19] [Server thread/INFO]: Wheat Growth Modifier: 100%
[09:58:19] [Server thread/INFO]: NetherWart Growth Modifier: 100%
[09:58:19] [Server thread/INFO]: Vine Growth Modifier: 100%
[09:58:19] [Server thread/INFO]: Cocoa Growth Modifier: 100%
[09:58:19] [Server thread/INFO]: Bamboo Growth Modifier: 100%
[09:58:19] [Server thread/INFO]: SweetBerry Growth Modifier: 100%
[09:58:19] [Server thread/INFO]: Kelp Growth Modifier: 100%
[09:58:19] [Server thread/INFO]: TwistingVines Growth Modifier: 100%
[09:58:19] [Server thread/INFO]: WeepingVines Growth Modifier: 100%
[09:58:19] [Server thread/INFO]: CaveVines Growth Modifier: 100%
[09:58:19] [Server thread/INFO]: Entity Activation Range: An 32 / Mo 32 / Ra 48 / Mi 16 / Tiv true / Isa false
[09:58:19] [Server thread/INFO]: Entity Tracking Range: Pl 48 / An 48 / Mo 48 / Mi 32 / Di 128 / Other 64
[09:58:19] [Server thread/INFO]: Hopper Transfer: 8 Hopper Check: 1 Hopper Amount: 1 Hopper Can Load Chunks: false
[09:58:19] [Server thread/INFO]: View Distance: 10
[09:58:19] [Server thread/INFO]: Simulation Distance: 10
[09:58:19] [Server thread/INFO]: Item Despawn Rate: 6000
[09:58:19] [Server thread/INFO]: Item Merge Radius: 2.5
[09:58:19] [Server thread/INFO]: Allow Zombie Pigmen to spawn from portal blocks: true
[09:58:19] [Server thread/INFO]: Arrow Despawn Rate: 1200 Trident Respawn Rate:1200
[09:58:19] [Server thread/INFO]: Zombie Aggressive Towards Villager: true
[09:58:19] [Server thread/INFO]: Nerfing mobs spawned from spawners: false
[09:58:19] [Server thread/INFO]: Preparing start region for dimension minecraft:overworld
[09:58:26] [Worker-Main-1/INFO]: Preparing spawn area: 0%
[09:58:26] [Worker-Main-3/INFO]: Preparing spawn area: 0%
[09:58:26] [Worker-Main-3/INFO]: Preparing spawn area: 0%
[09:58:26] [Worker-Main-3/INFO]: Preparing spawn area: 0%
[09:58:26] [Worker-Main-3/INFO]: Preparing spawn area: 0%
[09:58:26] [Worker-Main-3/INFO]: Preparing spawn area: 0%
[09:58:26] [Worker-Main-3/INFO]: Preparing spawn area: 0%
[09:58:26] [Worker-Main-3/INFO]: Preparing spawn area: 0%
[09:58:26] [Worker-Main-3/INFO]: Preparing spawn area: 0%
[09:58:26] [Worker-Main-3/INFO]: Preparing spawn area: 0%
[09:58:26] [Worker-Main-3/INFO]: Preparing spawn area: 0%
[09:58:26] [Worker-Main-3/INFO]: Preparing spawn area: 0%
[09:58:26] [Worker-Main-2/INFO]: Preparing spawn area: 0%
[09:58:26] [Worker-Main-2/INFO]: Preparing spawn area: 0%
[09:58:26] [Worker-Main-1/INFO]: Preparing spawn area: 9%
[09:58:27] [Worker-Main-3/INFO]: Preparing spawn area: 41%
[09:58:27] [Server thread/INFO]: Time elapsed: 8055 ms
[09:58:27] [Server thread/INFO]: Preparing start region for dimension minecraft:the_nether
[09:58:31] [Worker-Main-3/INFO]: Preparing spawn area: 0%
[09:58:31] [Worker-Main-1/INFO]: Preparing spawn area: 0%
[09:58:32] [Worker-Main-3/INFO]: Preparing spawn area: 0%
[09:58:32] [Worker-Main-3/INFO]: Preparing spawn area: 0%
[09:58:32] [Worker-Main-2/INFO]: Preparing spawn area: 0%
[09:58:32] [Worker-Main-3/INFO]: Preparing spawn area: 0%
[09:58:32] [Worker-Main-3/INFO]: Preparing spawn area: 0%
[09:58:32] [Worker-Main-2/INFO]: Preparing spawn area: 0%
[09:58:32] [Worker-Main-2/INFO]: Preparing spawn area: 0%
[09:58:32] [Worker-Main-2/INFO]: Preparing spawn area: 0%
[09:58:32] [Worker-Main-1/INFO]: Preparing spawn area: 11%
[09:58:33] [Worker-Main-2/INFO]: Preparing spawn area: 62%
[09:58:34] [Server thread/INFO]: Time elapsed: 6022 ms
[09:58:34] [Server thread/INFO]: Preparing start region for dimension minecraft:the_end
[09:58:36] [Worker-Main-3/INFO]: Preparing spawn area: 0%
[09:58:36] [Worker-Main-3/INFO]: Preparing spawn area: 0%
[09:58:36] [Worker-Main-3/INFO]: Preparing spawn area: 0%
[09:58:36] [Worker-Main-3/INFO]: Preparing spawn area: 0%
[09:58:36] [Worker-Main-3/INFO]: Preparing spawn area: 0%
[09:58:36] [Worker-Main-1/INFO]: Preparing spawn area: 1%
[09:58:37] [Worker-Main-3/INFO]: Preparing spawn area: 26%
[09:58:37] [Worker-Main-1/INFO]: Preparing spawn area: 87%
[09:58:37] [Server thread/INFO]: Time elapsed: 3625 ms
[09:58:37] [Server thread/INFO]: [CoreProtect] Enabling CoreProtect v22.4
[09:58:38] [Server thread/INFO]: [0;37;1m[0;37;1m[m[CoreProtect] CoreProtect has been successfully enabled![0;37;1m[0;37;1m [m
[09:58:38] [Server thread/INFO]: [CoreProtect] Using SQLite for data storage.
[09:58:38] [Server thread/INFO]: --------------------
[09:58:38] [Server thread/INFO]: [CoreProtect] Enjoy CoreProtect? Join our Discord!
[09:58:38] [Server thread/INFO]: [CoreProtect] Discord: www.coreprotect.net/discord/
[09:58:38] [Server thread/INFO]: --------------------
[09:58:38] [Server thread/INFO]: [ViaVersion] Enabling ViaVersion v5.2.1
[09:58:38] [Server thread/INFO]: [ViaVersion] ViaVersion detected server version: 1.20.3-1.20.4 (765)
[09:58:38] [Server thread/WARN]: [ViaVersion] Please update your Java runtime to at least Java 21 (your version is 17.0.13).
[09:58:38] [Server thread/WARN]: [ViaVersion] At some point in the future, ViaVersion will no longer be compatible with this version of Java.
[09:58:38] [Server thread/INFO]: [TabTPS] Enabling TabTPS v1.3.22
[09:58:38] [Server thread/WARN]: [TabTPS] ====================================================
[09:58:38] [Server thread/WARN]: [TabTPS]  TabTPS works better if you use Paper 
[09:58:38] [Server thread/WARN]: [TabTPS]  as your server software. 
[09:58:38] [Server thread/WARN]: [TabTPS]   
[09:58:38] [Server thread/WARN]: [TabTPS]  Paper offers significant performance improvements,
[09:58:38] [Server thread/WARN]: [TabTPS]  bug fixes, security enhancements and optional
[09:58:38] [Server thread/WARN]: [TabTPS]  features for server owners to enhance their server.
[09:58:38] [Server thread/WARN]: [TabTPS]   
[09:58:38] [Server thread/WARN]: [TabTPS]  Paper includes Timings v2, which is significantly
[09:58:38] [Server thread/WARN]: [TabTPS]  better at diagnosing lag problems over v1.
[09:58:38] [Server thread/WARN]: [TabTPS]   
[09:58:38] [Server thread/WARN]: [TabTPS]  All of your plugins should still work, and the
[09:58:38] [Server thread/WARN]: [TabTPS]  Paper community will gladly help you fix any issues.
[09:58:38] [Server thread/WARN]: [TabTPS]   
[09:58:38] [Server thread/WARN]: [TabTPS]  Join the Paper Community @ https://papermc.io
[09:58:38] [Server thread/WARN]: [TabTPS] ====================================================
[09:58:39] [Server thread/INFO]: [ViaBackwards] Enabling ViaBackwards v5.2.1
[09:58:39] [Server thread/INFO]: Server permissions file permissions.yml is empty, ignoring it
[09:58:39] [Server thread/INFO]: Done (23.846s)! For help, type "help"
[09:58:39] [Craft Scheduler Thread - 3/INFO]: [ViaVersion] Finished mapping loading, shutting down loader executor.
[09:58:40] [Craft Scheduler Thread - 1/INFO]: [33;1m[[32;22mSkinsRestorer[33;1m] [0;39m[32;1m----------------------------------------------[0;39m[m
[09:58:40] [Craft Scheduler Thread - 1/INFO]: [33;1m[[32;22mSkinsRestorer[33;1m] [0;39m[32;1m    +==================+[0;39m[m
[09:58:40] [Craft Scheduler Thread - 1/INFO]: [33;1m[[32;22mSkinsRestorer[33;1m] [0;39m[32;1m    |   SkinsRestorer  |[0;39m[m
[09:58:40] [Craft Scheduler Thread - 1/INFO]: [33;1m[[32;22mSkinsRestorer[33;1m] [0;39m[32;1m    |------------------|[0;39m[m
[09:58:40] [Craft Scheduler Thread - 1/INFO]: [33;1m[[32;22mSkinsRestorer[33;1m] [0;39m[32;1m    |  [34;1m[4m[21mStandalone Mode[0;39m[32;1m |[0;39m[m
[09:58:40] [Craft Scheduler Thread - 1/INFO]: [33;1m[[32;22mSkinsRestorer[33;1m] [0;39m[32;1m    +==================+[0;39m[m
[09:58:40] [Craft Scheduler Thread - 1/INFO]: [33;1m[[32;22mSkinsRestorer[33;1m] [0;39m[32;1m----------------------------------------------[0;39m[m
[09:58:40] [Craft Scheduler Thread - 1/INFO]: [33;1m[[32;22mSkinsRestorer[33;1m] [0;39m[36;1m    Version: [32;1m15.5.2[0;39m[m
[09:58:40] [Craft Scheduler Thread - 1/INFO]: [33;1m[[32;22mSkinsRestorer[33;1m] [0;39m[36;1m    Commit: [32;1mae257f6[0;39m[m
[09:58:40] [Craft Scheduler Thread - 1/INFO]: [33;1m[[32;22mSkinsRestorer[33;1m] [0;39m[32;1m    This is the latest version![0;39m[m
[09:58:40] [Craft Scheduler Thread - 1/INFO]: [33;1m[[32;22mSkinsRestorer[33;1m] [0;39m[32;1m----------------------------------------------[0;39m[m
[09:58:40] [Craft Scheduler Thread - 1/INFO]: [33;1m[[32;22mSkinsRestorer[33;1m] [0;39m[34;1mDo you have issues? Read our troubleshooting guide: [33;1mhttps://skinsrestorer.net/docs/troubleshooting[0;39m[m
[09:58:40] [Craft Scheduler Thread - 1/INFO]: [33;1m[[32;22mSkinsRestorer[33;1m] [0;39m[34;1mWant to support SkinsRestorer? Consider donating: [33;1mhttps://skinsrestorer.net/donate[0;39m[m
[09:58:40] [Craft Scheduler Thread - 4/INFO]: There is an update available for TabTPS!
[09:58:40] [Craft Scheduler Thread - 4/INFO]: This server is running version v1.3.22, which is 4 versions outdated.
[09:58:40] [Craft Scheduler Thread - 4/INFO]: Download the latest version, v1.3.26 from GitHub at the link below:
[09:58:40] [Craft Scheduler Thread - 4/INFO]: https://github.com/jpenilla/TabTPS/releases/tag/v1.3.26
[10:46:15] [User Authenticator #1/INFO]: UUID of player touxl1916 is dda5a998-ba1e-3605-af21-6aeffaf8c42e
[10:46:16] [Server thread/INFO]: touxl1916 joined the game
[10:46:16] [Server thread/INFO]: touxl1916[/127.0.0.1:35382] logged in with entity id 164 at ([world]675.9620246671318, 79.0, 1049.5306059401394)
[10:58:16] [Server thread/INFO]: touxl1916 has made the advancement [Remote Getaway]
[11:00:24] [Server thread/INFO]: touxl1916 was slain by Enderman
[11:10:36] [Server thread/INFO]: touxl1916 has made the advancement [The City at the End of the Game]
[11:16:28] [Server thread/INFO]: touxl1916 fell out of the world
[11:17:02] [Server thread/INFO]: touxl1916 lost connection: Disconnected
[11:17:02] [Server thread/INFO]: touxl1916 left the game
[13:10:44] [User Authenticator #2/INFO]: UUID of player pb is 38a257e1-2913-37d3-8dc7-ffe7cf5e33dd
[13:10:45] [Server thread/INFO]: pb joined the game
[13:10:45] [Server thread/INFO]: pb[/127.0.0.1:60094] logged in with entity id 5208 at ([world]695.6914909045641, 68.0, 1149.7987810180787)
[13:52:53] [Server thread/INFO]: pb tried to swim in lava
[13:55:00] [Server thread/WARN]: Can't keep up! Is the server overloaded? Running 3995ms or 79 ticks behind
[13:55:45] [Server thread/WARN]: Can't keep up! Is the server overloaded? Running 3056ms or 61 ticks behind
[13:58:59] [User Authenticator #3/INFO]: UUID of player touxl1916 is dda5a998-ba1e-3605-af21-6aeffaf8c42e
[13:58:59] [Server thread/INFO]: touxl1916 joined the game
[13:58:59] [Server thread/INFO]: touxl1916[/127.0.0.1:36546] logged in with entity id 15927 at ([world]673.4198032381927, 79.0, 1045.728094963907)
[14:02:29] [Server thread/WARN]: Can't keep up! Is the server overloaded? Running 3320ms or 66 ticks behind
[14:05:29] [Server thread/INFO]: touxl1916 fell out of the world
[14:05:44] [Server thread/INFO]: pb tried to swim in lava
[14:06:49] [Async Chat Thread - #0/INFO]: [Not Secure] <pb> 你在干嘛
[14:06:57] [Async Chat Thread - #1/INFO]: [Not Secure] <touxl1916> 找末地船
[14:07:03] [Async Chat Thread - #0/INFO]: [Not Secure] <pb> 好的
[14:08:16] [Async Chat Thread - #3/INFO]: [Not Secure] <touxl1916> 这是什么
[14:08:52] [Async Chat Thread - #2/INFO]: [Not Secure] <pb> 我要见个小黑他
[14:09:03] [Async Chat Thread - #3/INFO]: [Not Secure] <touxl1916> ok
[14:16:13] [Server thread/INFO]: touxl1916 fell out of the world
[14:16:16] [Server thread/INFO]: pb tried to swim in lava
[14:23:13] [Server thread/INFO]: pb fell out of the world
[14:24:13] [Server thread/INFO]: touxl1916 lost connection: Disconnected
[14:24:13] [Server thread/INFO]: touxl1916 left the game
[14:25:57] [Server thread/INFO]: pb fell out of the world
[14:28:22] [User Authenticator #4/INFO]: UUID of player touxl1916 is dda5a998-ba1e-3605-af21-6aeffaf8c42e
[14:28:23] [Server thread/INFO]: touxl1916 joined the game
[14:28:23] [Server thread/INFO]: touxl1916[/127.0.0.1:52374] logged in with entity id 26853 at ([world]1412.4184251714205, 63.0, 1459.9602279917817)
[14:31:17] [Server thread/INFO]: touxl1916 lost connection: Disconnected
[14:31:17] [Server thread/INFO]: touxl1916 left the game
[14:51:30] [Server thread/INFO]: pb fell out of the world
[14:51:44] [Server thread/INFO]: pb lost connection: Disconnected
[14:51:44] [Server thread/INFO]: pb left the game
[15:13:05] [User Authenticator #5/INFO]: UUID of player touxl1916 is dda5a998-ba1e-3605-af21-6aeffaf8c42e
[15:13:06] [Server thread/INFO]: touxl1916 joined the game
[15:13:06] [Server thread/INFO]: touxl1916[/127.0.0.1:35288] logged in with entity id 28745 at ([world]1785.7420320894205, 63.0, 1683.699999988079)
[15:15:14] [Server thread/INFO]: touxl1916 lost connection: Disconnected
[15:15:14] [Server thread/INFO]: touxl1916 left the game
[15:17:00] [User Authenticator #6/INFO]: UUID of player touxl1916 is dda5a998-ba1e-3605-af21-6aeffaf8c42e
[15:17:00] [Server thread/INFO]: touxl1916 joined the game
[15:17:00] [Server thread/INFO]: touxl1916[/127.0.0.1:46118] logged in with entity id 29621 at ([world]1936.3451934662219, 98.0, 1720.9238452604538)
[15:17:54] [Server thread/INFO]: touxl1916 lost connection: Disconnected
[15:17:54] [Server thread/INFO]: touxl1916 left the game
[15:18:12] [User Authenticator #7/INFO]: UUID of player touxl1916 is dda5a998-ba1e-3605-af21-6aeffaf8c42e
[15:18:12] [Server thread/INFO]: touxl1916 joined the game
[15:18:12] [Server thread/INFO]: touxl1916[/127.0.0.1:38090] logged in with entity id 30018 at ([world]1930.235394563987, 113.0, 1765.2345962625589)
[15:22:14] [Server thread/INFO]: touxl1916 lost connection: Disconnected
[15:22:14] [Server thread/INFO]: touxl1916 left the game
[15:22:26] [User Authenticator #8/INFO]: UUID of player touxl1916 is dda5a998-ba1e-3605-af21-6aeffaf8c42e
[15:22:28] [Server thread/INFO]: touxl1916 joined the game
[15:22:28] [Server thread/INFO]: touxl1916[/127.0.0.1:54906] logged in with entity id 31985 at ([world]2001.2716733530383, 101.0, 2401.230897183888)
[15:26:33] [Server thread/INFO]: touxl1916 lost connection: Disconnected
[15:26:33] [Server thread/INFO]: touxl1916 left the game
[15:26:44] [User Authenticator #9/INFO]: UUID of player touxl1916 is dda5a998-ba1e-3605-af21-6aeffaf8c42e
[15:26:44] [Server thread/INFO]: touxl1916 joined the game
[15:26:44] [Server thread/INFO]: touxl1916[/127.0.0.1:44052] logged in with entity id 34024 at ([world]1815.7250583231744, 94.0, 2926.753100381914)
[15:28:39] [User Authenticator #10/INFO]: UUID of player zxzaizxy is b6abe65a-78ff-3474-894d-f1e0bc539b6d
[15:28:39] [Server thread/INFO]: zxzaizxy joined the game
[15:28:39] [Server thread/INFO]: zxzaizxy[/127.0.0.1:53464] logged in with entity id 35018 at ([world]824.3006449322518, 64.0, 1221.2308381212222)
[15:33:51] [Server thread/INFO]: touxl1916 lost connection: Disconnected
[15:33:51] [Server thread/INFO]: touxl1916 left the game
[15:33:56] [User Authenticator #11/INFO]: UUID of player touxl1916 is dda5a998-ba1e-3605-af21-6aeffaf8c42e
[15:33:56] [Server thread/INFO]: touxl1916 joined the game
[15:33:56] [Server thread/INFO]: touxl1916[/127.0.0.1:33104] logged in with entity id 37665 at ([world]1843.1745037426026, 67.0, 3557.699999988079)
[15:34:50] [Server thread/INFO]: Villager EntityVillager['Villager'/38172, l='ServerLevel[world]', x=1894.28, y=67.00, z=3848.37] died, message: 'Villager suffocated in a wall'
[15:37:15] [Server thread/INFO]: touxl1916 lost connection: Disconnected
[15:37:15] [Server thread/INFO]: touxl1916 left the game
[15:37:28] [User Authenticator #12/INFO]: UUID of player touxl1916 is dda5a998-ba1e-3605-af21-6aeffaf8c42e
[15:37:28] [Server thread/INFO]: touxl1916 joined the game
[15:37:28] [Server thread/INFO]: touxl1916[/127.0.0.1:36152] logged in with entity id 39795 at ([world]1871.4654348182173, 65.0, 3856.0543495507104)
[15:42:21] [Server thread/INFO]: zxzaizxy lost connection: Disconnected
[15:42:21] [Server thread/INFO]: zxzaizxy left the game
[15:43:56] [Server thread/INFO]: touxl1916 was doomed to fall
[15:44:10] [Server thread/INFO]: touxl1916 lost connection: Disconnected
[15:44:10] [Server thread/INFO]: touxl1916 left the game
[15:44:40] [User Authenticator #13/INFO]: UUID of player touxl1916 is dda5a998-ba1e-3605-af21-6aeffaf8c42e
[15:44:40] [Server thread/INFO]: touxl1916 joined the game
[15:44:40] [Server thread/INFO]: touxl1916[/127.0.0.1:52498] logged in with entity id 44281 at ([world]2271.318919033754, 22.0, 4427.015375858427)
[15:44:58] [Server thread/INFO]: touxl1916 lost connection: Disconnected
[15:44:58] [Server thread/INFO]: touxl1916 left the game
[15:45:43] [User Authenticator #14/INFO]: UUID of player touxl1916 is dda5a998-ba1e-3605-af21-6aeffaf8c42e
[15:45:43] [Server thread/INFO]: touxl1916 joined the game
[15:45:43] [Server thread/INFO]: touxl1916[/127.0.0.1:57552] logged in with entity id 44593 at ([world]2020.5, 104.0, 2418.5)
[15:45:57] [Server thread/INFO]: touxl1916 lost connection: Disconnected
[15:45:57] [Server thread/INFO]: touxl1916 left the game
[15:46:06] [User Authenticator #15/INFO]: UUID of player touxl1916 is dda5a998-ba1e-3605-af21-6aeffaf8c42e
[15:46:06] [Server thread/INFO]: touxl1916 joined the game
[15:46:06] [Server thread/INFO]: touxl1916[/127.0.0.1:33682] logged in with entity id 44869 at ([world]2020.5, 104.0, 2418.5)
[15:51:20] [Server thread/INFO]: touxl1916 lost connection: Disconnected
[15:51:20] [Server thread/INFO]: touxl1916 left the game
[15:51:30] [User Authenticator #16/INFO]: UUID of player touxl1916 is dda5a998-ba1e-3605-af21-6aeffaf8c42e
[15:51:30] [Server thread/INFO]: touxl1916 joined the game
[15:51:30] [Server thread/INFO]: touxl1916[/127.0.0.1:45316] logged in with entity id 47508 at ([world]2300.4813840662773, 78.0, 2231.3554858236926)
[15:56:18] [Server thread/INFO]: touxl1916 has made the advancement [Best Friends Forever]
[15:58:07] [Server thread/INFO]: touxl1916 lost connection: Disconnected
[15:58:07] [Server thread/INFO]: touxl1916 left the game
[17:37:32] [User Authenticator #17/INFO]: UUID of player ysydZiYouRen is cbb5bd76-2bc6-391d-9b29-857501acaa1d
[17:37:32] [Server thread/INFO]: ysydZiYouRen joined the game
[17:37:32] [Server thread/INFO]: ysydZiYouRen[/127.0.0.1:58192] logged in with entity id 49962 at ([world]-187.5, -40.0, 1957.5)
[17:43:03] [User Authenticator #18/INFO]: UUID of player touxl1916 is dda5a998-ba1e-3605-af21-6aeffaf8c42e
[17:43:03] [Server thread/INFO]: touxl1916 joined the game
[17:43:03] [Server thread/INFO]: touxl1916[/127.0.0.1:38374] logged in with entity id 51236 at ([world]1455.0338394229107, 61.36305121393099, 1820.7931080526428)
[17:43:17] [Async Chat Thread - #5/INFO]: [Not Secure] <touxl1916> tsh你在家吗
[17:43:25] [Async Chat Thread - #4/INFO]: [Not Secure] <touxl1916> 我tp过去
[17:43:27] [Async Chat Thread - #5/INFO]: [Not Secure] <ysydZiYouRen> 在
[17:43:42] [Server thread/INFO]: touxl1916 lost connection: Disconnected
[17:43:42] [Server thread/INFO]: touxl1916 left the game
[17:43:45] [User Authenticator #19/INFO]: UUID of player touxl1916 is dda5a998-ba1e-3605-af21-6aeffaf8c42e
[17:43:46] [Server thread/INFO]: touxl1916 joined the game
[17:43:46] [Server thread/INFO]: touxl1916[/127.0.0.1:46612] logged in with entity id 51699 at ([world]1444.8587493726886, 70.0, 1829.4831677009809)
[17:44:05] [Server thread/INFO]: Teleported touxl1916 to ysydZiYouRen
[17:45:25] [Server thread/INFO]: touxl1916 lost connection: Disconnected
[17:45:25] [Server thread/INFO]: touxl1916 left the game
[17:45:50] [User Authenticator #20/INFO]: UUID of player ysydZiYouRen is cbb5bd76-2bc6-391d-9b29-857501acaa1d
[17:45:50] [Server thread/INFO]: ysydZiYouRen lost connection: You logged in from another location
[17:45:50] [Server thread/INFO]: ysydZiYouRen left the game.
[17:45:51] [Server thread/INFO]: ysydZiYouRen joined the game
[17:45:51] [Server thread/INFO]: ysydZiYouRen[/127.0.0.1:49524] logged in with entity id 52533 at ([world]579.3055020312603, 68.0, 1044.5631887337868)
[17:48:27] [Server thread/INFO]: ysydZiYouRen tried to swim in lava
[17:54:16] [User Authenticator #21/INFO]: UUID of player touxl1916 is dda5a998-ba1e-3605-af21-6aeffaf8c42e
[17:54:16] [Server thread/INFO]: touxl1916 joined the game
[17:54:16] [Server thread/INFO]: touxl1916[/127.0.0.1:46532] logged in with entity id 54639 at ([world]672.9727392393727, 79.0, 1045.220852743293)
[17:58:18] [Server thread/INFO]: touxl1916 tried to swim in lava
[18:04:05] [Async Chat Thread - #7/INFO]: [Not Secure] <touxl1916> 你那边延迟显示多少
[18:04:11] [Async Chat Thread - #6/INFO]: [Not Secure] <ysydZiYouRen> 92
[18:04:20] [Async Chat Thread - #7/INFO]: [Not Secure] <touxl1916> 好吧都很高
[18:05:42] [Server thread/INFO]: ysydZiYouRen lost connection: Disconnected
[18:05:42] [Server thread/INFO]: ysydZiYouRen left the game
[18:07:41] [Server thread/WARN]: touxl1916 moved too quickly! -3.5521944657537006,-15.0,3.8505511786366924
[18:18:59] [Server thread/INFO]: touxl1916 fell from a high place
[18:21:54] [Server thread/INFO]: touxl1916 lost connection: Disconnected
[18:21:54] [Server thread/INFO]: touxl1916 left the game
[18:26:48] [User Authenticator #22/INFO]: UUID of player touxl1916 is dda5a998-ba1e-3605-af21-6aeffaf8c42e
[18:26:48] [Server thread/INFO]: touxl1916 joined the game
[18:26:48] [Server thread/INFO]: touxl1916[/127.0.0.1:44822] logged in with entity id 60906 at ([world]703.3702262836234, 69.0, 1049.87856956012)
[18:27:49] [User Authenticator #23/INFO]: UUID of player ysydZiYouRen is cbb5bd76-2bc6-391d-9b29-857501acaa1d
[18:27:50] [Server thread/INFO]: ysydZiYouRen joined the game
[18:27:50] [Server thread/INFO]: ysydZiYouRen[/127.0.0.1:57838] logged in with entity id 61289 at ([world_nether]84.30000001192093, 8.0, 204.30000001192093)
[18:28:58] [Server thread/INFO]: touxl1916 lost connection: Disconnected
[18:28:58] [Server thread/INFO]: touxl1916 left the game
[18:29:00] [User Authenticator #24/INFO]: UUID of player touxl1916 is dda5a998-ba1e-3605-af21-6aeffaf8c42e
[18:29:00] [Server thread/INFO]: touxl1916 joined the game
[18:29:00] [Server thread/INFO]: touxl1916[/127.0.0.1:59598] logged in with entity id 61688 at ([world]713.806175350288, 64.0, 1003.1919864226423)
[18:29:30] [Server thread/INFO]: touxl1916 lost connection: Disconnected
[18:29:30] [Server thread/INFO]: touxl1916 left the game
[18:30:03] [User Authenticator #25/INFO]: UUID of player touxl1916 is dda5a998-ba1e-3605-af21-6aeffaf8c42e
[18:30:04] [Server thread/INFO]: touxl1916 joined the game
[18:30:04] [Server thread/INFO]: touxl1916[/127.0.0.1:38800] logged in with entity id 62133 at ([world]708.5669243575873, 64.0, 963.3363968366525)
[18:32:20] [Async Chat Thread - #9/INFO]: [Not Secure] <touxl1916> 你在干什么
[18:32:40] [Async Chat Thread - #8/INFO]: [Not Secure] <ysydZiYouRen> 炸床
[18:32:57] [Async Chat Thread - #9/INFO]: [Not Secure] <touxl1916> ok
[18:35:40] [Server thread/INFO]: ysydZiYouRen has made the advancement [Hidden in the Depths]
[18:37:08] [Async Chat Thread - #11/INFO]: [Not Secure] <ysydZiYouRen> 卧槽我炸了一组床就一个
[18:38:36] [Server thread/INFO]: touxl1916 suffocated in a wall
[18:50:56] [Server thread/INFO]: touxl1916 lost connection: Disconnected
[18:50:56] [Server thread/INFO]: touxl1916 left the game
[18:51:01] [User Authenticator #26/INFO]: UUID of player touxl1916 is dda5a998-ba1e-3605-af21-6aeffaf8c42e
[18:51:01] [Server thread/INFO]: touxl1916 joined the game
[18:51:01] [Server thread/INFO]: touxl1916[/127.0.0.1:34560] logged in with entity id 71863 at ([world]1685.098073015733, 63.0, -448.6759625279282)
[18:52:35] [Server thread/INFO]: ysydZiYouRen tried to swim in lava
[18:52:43] [Async Chat Thread - #13/INFO]: [Not Secure] <ysydZiYouRen> zzzzz
[18:52:44] [Server thread/INFO]: touxl1916 lost connection: Disconnected
[18:52:44] [Server thread/INFO]: touxl1916 left the game
[18:52:49] [User Authenticator #27/INFO]: UUID of player touxl1916 is dda5a998-ba1e-3605-af21-6aeffaf8c42e
[18:52:49] [Server thread/INFO]: touxl1916 joined the game
[18:52:49] [Server thread/INFO]: touxl1916[/127.0.0.1:52832] logged in with entity id 73499 at ([world]1742.7440265863338, 62.0, -777.7622413334493)
[18:52:54] [User Authenticator #28/INFO]: UUID of player pb is 38a257e1-2913-37d3-8dc7-ffe7cf5e33dd
[18:52:54] [Server thread/INFO]: pb joined the game
[18:52:54] [Server thread/INFO]: pb[/127.0.0.1:41038] logged in with entity id 73828 at ([world]644.5, 57.5, 1131.5)
[18:53:07] [Async Chat Thread - #12/INFO]: [Not Secure] <pb> 人真多
[18:53:31] [Async Chat Thread - #12/INFO]: [Not Secure] <ysydZiYouRen> 是的
[18:55:28] [Async Chat Thread - #15/INFO]: [Not Secure] <touxl1916> 找到丛林神庙了
[18:55:43] [Async Chat Thread - #14/INFO]: [Not Secure] <ysydZiYouRen> 好的
[18:57:33] [Server thread/INFO]: touxl1916 drowned
[18:57:36] [Server thread/INFO]: touxl1916 lost connection: Disconnected
[18:57:36] [Server thread/INFO]: touxl1916 left the game
[18:58:34] [Server thread/INFO]: pb fell out of the world
[19:00:45] [Server thread/INFO]: ysydZiYouRen lost connection: Disconnected
[19:00:45] [Server thread/INFO]: ysydZiYouRen left the game
[19:09:51] [User Authenticator #29/INFO]: UUID of player ysydZiYouRen is cbb5bd76-2bc6-391d-9b29-857501acaa1d
[19:09:52] [Server thread/INFO]: ysydZiYouRen joined the game
[19:09:52] [Server thread/INFO]: ysydZiYouRen[/127.0.0.1:45490] logged in with entity id 78182 at ([world]716.2625346037173, 68.0, 1137.1970636600863)
[19:10:07] [Async Chat Thread - #17/INFO]: [Not Secure] <ysydZiYouRen> zzzz
[19:12:40] [Server thread/INFO]: ysydZiYouRen has made the advancement [Who is Cutting Onions?]
[19:25:18] [Server thread/INFO]: ysydZiYouRen fell from a high place
[19:36:47] [Async Chat Thread - #19/INFO]: [Not Secure] <pb> 就差明明拍了
[19:43:03] [Server thread/INFO]: [Not Secure] [Server] tsh本来有3个，只是死亡不掉落没开，直接give好了
[19:43:18] [Async Chat Thread - #21/INFO]: [Not Secure] <ysydZiYouRen> 好的
[19:43:53] [Async Chat Thread - #20/INFO]: [Not Secure] <ysydZiYouRen> 那我刷怪塔建的是不是多余了
[19:44:05] [Server thread/INFO]: Gave 3 [Name Tag] to ysydZiYouRen
[19:44:10] [Server thread/INFO]: [Not Secure] [Server] 不是啊
[19:44:17] [Async Chat Thread - #21/INFO]: [Not Secure] <pb> 可以有火药啊
[19:44:29] [Server thread/INFO]: [Not Secure] [Server] tsh你去抓只僵尸放到我的刷铁机里
[19:44:54] [Async Chat Thread - #20/INFO]: [Not Secure] <pb> 你命名牌给谁了
[19:45:02] [Async Chat Thread - #21/INFO]: [Not Secure] <ysydZiYouRen> 我
[19:45:09] [Server thread/INFO]: [Not Secure] [Server] 上面有个箱子下面有一个灵魂沙加水，把僵尸引到里面
[19:45:11] [Async Chat Thread - #20/INFO]: [Not Secure] <pb> 给我个
[19:45:16] [Async Chat Thread - #21/INFO]: [Not Secure] <ysydZiYouRen> 你在哪
[19:45:22] [Async Chat Thread - #20/INFO]: [Not Secure] <pb> 我家
[19:45:30] [Async Chat Thread - #21/INFO]: [Not Secure] <ysydZiYouRen> 你跑刷怪塔下面
[19:45:36] [Async Chat Thread - #20/INFO]: [Not Secure] <ysydZiYouRen> 那根柱子下面
[19:45:42] [Async Chat Thread - #21/INFO]: [Not Secure] <ysydZiYouRen> 我丢下来
[19:45:59] [Async Chat Thread - #20/INFO]: [Not Secure] <pb> DAOLE
[19:46:06] [Async Chat Thread - #21/INFO]: [Not Secure] <ysydZiYouRen> 你看看地上
[19:46:09] [Async Chat Thread - #20/INFO]: [Not Secure] <pb> OK
[19:56:35] [Server thread/INFO]: ysydZiYouRen fell from a high place
[19:56:43] [Server thread/INFO]: Named entity EntityEndermite['GAO'/85702, l='ServerLevel[world_the_end]', x=249.25, y=53.25, z=0.50] died: GAO was slain by Enderman
[19:59:35] [Server thread/WARN]: ysydZiYouRen moved too quickly! 13.821344813126188,2.7420008964847256,0.36553127917318307
[19:59:40] [Server thread/WARN]: ysydZiYouRen was kicked for floating too long!
[19:59:40] [Server thread/INFO]: ysydZiYouRen lost connection: Flying is not enabled on this server
[19:59:40] [Server thread/INFO]: ysydZiYouRen left the game.
[19:59:40] [Server thread/WARN]: handleDisconnection() called twice
[19:59:43] [User Authenticator #30/INFO]: UUID of player ysydZiYouRen is cbb5bd76-2bc6-391d-9b29-857501acaa1d
[19:59:43] [Server thread/INFO]: ysydZiYouRen joined the game
[19:59:43] [Server thread/INFO]: ysydZiYouRen[/127.0.0.1:46604] logged in with entity id 86803 at ([world]561.0005789821236, 68.02167597134077, 1170.6159126978728)
[20:04:47] [Server thread/INFO]: ysydZiYouRen fell from a high place
[20:11:55] [Async Chat Thread - #23/INFO]: [Not Secure] <pb> MD魔影满死活不出
[20:12:12] [Async Chat Thread - #22/INFO]: [Not Secure] <ysydZiYouRen> 多砸点
[20:12:20] [Async Chat Thread - #23/INFO]: [Not Secure] <pb> 咋了60多个了
[20:23:30] [Server thread/INFO]: ysydZiYouRen lost connection: Disconnected
[20:23:30] [Server thread/INFO]: ysydZiYouRen left the game
[20:27:22] [Server thread/INFO]: Named entity EntityEndermite['Gao'/90892, l='ServerLevel[world_the_end]', x=248.49, y=50.19, z=0.50] died: Gao was slain by Enderman
[20:27:36] [User Authenticator #31/INFO]: UUID of player touxl1916 is dda5a998-ba1e-3605-af21-6aeffaf8c42e
[20:27:37] [Server thread/INFO]: touxl1916 joined the game
[20:27:37] [Server thread/INFO]: touxl1916[/127.0.0.1:60248] logged in with entity id 90949 at ([world]676.5, 79.0, 1052.5)
[20:30:00] [Server thread/INFO]: touxl1916 lost connection: Disconnected
[20:30:00] [Server thread/INFO]: touxl1916 left the game
[20:30:47] [User Authenticator #32/INFO]: UUID of player touxl1916 is dda5a998-ba1e-3605-af21-6aeffaf8c42e
[20:30:47] [Server thread/INFO]: touxl1916 joined the game
[20:30:47] [Server thread/INFO]: touxl1916[/127.0.0.1:46880] logged in with entity id 91827 at ([world]650.3646537320757, 194.5, 1226.099560359753)
[20:31:38] [Server thread/INFO]: touxl1916 fell from a high place
[20:31:48] [Server thread/INFO]: touxl1916 lost connection: Disconnected
[20:31:48] [Server thread/INFO]: touxl1916 left the game
[20:33:41] [Server thread/INFO]: pb didn't want to live in the same world as Enderman
[20:35:56] [Server thread/INFO]: pb fell from a high place
[20:39:40] [Server thread/INFO]: pb was slain by Enderman
[20:43:35] [Server thread/INFO]: pb was doomed to fall by Enderman
[20:47:16] [Server thread/INFO]: pb was slain by Enderman
[20:50:11] [Server thread/INFO]: pb was slain by Enderman
[20:52:10] [Server thread/INFO]: pb fell from a high place
[20:55:14] [Server thread/INFO]: pb fell out of the world
[21:00:48] [Server thread/INFO]: pb didn't want to live in the same world as Enderman
[21:03:27] [Server thread/INFO]: pb fell out of the world
[21:05:17] [Server thread/INFO]: pb fell out of the world
[21:07:50] [Server thread/INFO]: pb fell out of the world
[21:13:31] [User Authenticator #33/INFO]: UUID of player touxl1916 is dda5a998-ba1e-3605-af21-6aeffaf8c42e
[21:13:32] [Server thread/INFO]: touxl1916 joined the game
[21:13:32] [Server thread/INFO]: touxl1916[/127.0.0.1:36214] logged in with entity id 107764 at ([world]677.9957134782373, 80.0, 1053.3368725990535)
[21:14:19] [Server thread/INFO]: Named entity EntityEndermite['A'/105116, l='ServerLevel[world_the_end]', x=248.73, y=50.19, z=0.25] died: A was slain by Enderman
[21:15:57] [Server thread/INFO]: touxl1916 fell from a high place
[21:16:44] [Async Chat Thread - #25/INFO]: [Not Secure] <pb> niganmale
[21:18:10] [Server thread/INFO]: pb didn't want to live in the same world as Enderman
[21:18:49] [Async Chat Thread - #27/INFO]: [Not Secure] <touxl1916> 末影螨呢
[21:19:05] [Server thread/INFO]: touxl1916 fell out of the world
[21:19:15] [Async Chat Thread - #26/INFO]: [Not Secure] <pb> 你刚刚干啥了
[21:19:26] [Async Chat Thread - #27/INFO]: [Not Secure] <pb> 我说怎么突然不刷了
[21:19:38] [Async Chat Thread - #26/INFO]: [Not Secure] <touxl1916> 被打死了
[21:19:44] [Async Chat Thread - #27/INFO]: [Not Secure] <pb> 不可能啊
[21:19:45] [Async Chat Thread - #27/INFO]: [Not Secure] <touxl1916> 只有刚好放在中间才行
[21:19:50] [Async Chat Thread - #27/INFO]: [Not Secure] <pb> 对啊
[21:19:53] [Async Chat Thread - #26/INFO]: [Not Secure] <touxl1916> 我之前那个服就是这样
[21:19:55] [Async Chat Thread - #27/INFO]: [Not Secure] <pb> 你是不是动她了
[21:20:03] [Async Chat Thread - #26/INFO]: [Not Secure] <touxl1916> 我和zzy推了半天
[21:20:05] [Async Chat Thread - #27/INFO]: [Not Secure] <pb> 我刚好放中间没问题啊
[21:20:11] [Async Chat Thread - #26/INFO]: [Not Secure] <touxl1916> 我来的时候就没刷了
[21:20:18] [Async Chat Thread - #27/INFO]: [Not Secure] <pb> 没有啊
[21:20:23] [Async Chat Thread - #26/INFO]: [Not Secure] <pb> 我都刷了好久了
[21:20:28] [Async Chat Thread - #27/INFO]: [Not Secure] <touxl1916> 那有可能吧
[21:20:44] [Async Chat Thread - #26/INFO]: [Not Secure] <pb> 咋办
[21:20:57] [Async Chat Thread - #27/INFO]: [Not Secure] <touxl1916> 再给你一个命名牌
[21:20:57] [Async Chat Thread - #26/INFO]: [Not Secure] <pb> 刚才命名牌被我浪费完了
[21:21:01] [Async Chat Thread - #27/INFO]: [Not Secure] <pb> 额
[21:21:54] [Server thread/INFO]: Gave 1 [Name Tag] to pb
[21:23:18] [Async Chat Thread - #29/INFO]: [Not Secure] <touxl1916> 有了吗
[21:23:24] [Server thread/INFO]: touxl1916 was slain by Enderman
[21:23:28] [Async Chat Thread - #28/INFO]: [Not Secure] <pb> YOULE
[21:24:58] [Server thread/INFO]: pb fell out of the world
[21:25:03] [Async Chat Thread - #31/INFO]: [Not Secure] <pb> xiuhaole
[21:25:52] [Server thread/INFO]: touxl1916 hit the ground too hard
[21:25:57] [Server thread/INFO]: touxl1916 lost connection: Disconnected
[21:25:57] [Server thread/INFO]: touxl1916 left the game
[21:46:49] [Server thread/INFO]: pb fell out of the world
[21:52:14] [Server thread/INFO]: pb was doomed to fall
[21:52:18] [Server thread/INFO]: pb lost connection: Disconnected
[21:52:18] [Server thread/INFO]: pb left the game
