[19:53:18] [ServerMain/INFO]: Environment: Environment[sessionHost=https://sessionserver.mojang.com, servicesHost=https://api.minecraftservices.com, name=PROD]
[19:53:25] [ServerMain/INFO]: Loaded 7 recipes
[19:53:28] [Server thread/INFO]: Starting minecraft server version 1.20.4
[19:53:28] [Server thread/INFO]: Loading properties
[19:53:28] [Server thread/INFO]: This server is running CraftBukkit version 4074-Spigot-e9ec548-51bbab2 (MC: 1.20.4) (Implementing API version 1.20.4-R0.1-SNAPSHOT)
[19:53:30] [Server thread/INFO]: Server Ping Player Sample Count: 12
[19:53:30] [Server thread/INFO]: Using 4 threads for Netty based IO
[19:53:30] [Server thread/INFO]: Debug logging is disabled
[19:53:30] [Server thread/INFO]: Default game type: SURVIVAL
[19:53:30] [Server thread/INFO]: Generating keypair
[19:53:31] [Server thread/INFO]: Starting Minecraft server on *:25566
[19:53:31] [Server thread/INFO]: Using epoll channel type
[19:53:33] [Server thread/INFO]: [CoreProtect] Loading CoreProtect v22.4
[19:53:33] [Server thread/INFO]: [ViaVersion] Loading ViaVersion v5.2.1
[19:53:33] [Server thread/INFO]: [ViaVersion] ViaVersion 5.2.1 is now loaded. Registering protocol transformers and injecting...
[19:53:35] [Via-Mappingloader-0/INFO]: [ViaVersion] Loading block connection mappings ...
[19:53:35] [Via-Mappingloader-0/INFO]: [ViaVersion] Using FastUtil Long2ObjectOpenHashMap for block connections
[19:53:36] [Server thread/INFO]: [ViaBackwards] Loading translations...
[19:53:36] [Server thread/INFO]: [ViaBackwards] Registering protocols...
[19:53:38] [Server thread/INFO]: [ViaRewind] Registering protocols...
[19:53:38] [Server thread/INFO]: [MeowPlugin] Loading MeowPlugin v0.1
[19:53:38] [Server thread/INFO]: [TabTPS] Loading TabTPS v1.3.22
[19:53:38] [Server thread/INFO]: [ViaBackwards] Loading ViaBackwards v5.2.1
[19:53:38] [Server thread/INFO]: [ViaRewind] Loading ViaRewind v4.0.5
[19:53:38] [Server thread/INFO]: [SkinsRestorer] Loading SkinsRestorer v15.5.2
[19:53:38] [Server thread/INFO]: [ViaRewind] Enabling ViaRewind v4.0.5
[19:53:38] [Server thread/INFO]: [SkinsRestorer] Enabling SkinsRestorer v15.5.2
[19:53:39] [Server thread/WARN]: [33;1m[[32;22mSkinsRestorer[33;1m] [0;39m[33;1mYou must agree to the rules at 'commands.perSkinPermissionsConsent' in the config to use per skin permissions.[0;39m
[19:53:40] [Server thread/INFO]: [33;1m[[32;22mSkinsRestorer[33;1m] [0;39m[32;1mRunning on Minecraft [33;1m1.20.4[32;1m.[0;39m[m
[19:53:42] [Server thread/WARN]: [33;1m[[32;22mSkinsRestorer[33;1m] [0;39m[33;1m[33;1mPlease update your Java runtime to at least Java 21 (your version is 17).[0;39m
[19:53:42] [Server thread/WARN]: [33;1m[[32;22mSkinsRestorer[33;1m] [0;39m[33;1m[33;1mAt some point in the future, SkinsRestorer will no longer be compatible with this version of Java.[0;39m
[19:53:42] [Server thread/WARN]: **** SERVER IS RUNNING IN OFFLINE/INSECURE MODE!
[19:53:42] [Server thread/WARN]: The server will make no attempt to authenticate usernames. Beware.
[19:53:42] [Server thread/WARN]: While this makes the game possible to play without internet access, it also opens up the ability for hackers to connect with any username they choose.
[19:53:42] [Server thread/WARN]: To change this, set "online-mode" to "true" in the server.properties file.
[19:53:42] [Server thread/INFO]: Preparing level "world"
[19:53:42] [Server thread/INFO]: -------- World Settings For [world] --------
[19:53:42] [Server thread/INFO]: Cactus Growth Modifier: 100%
[19:53:42] [Server thread/INFO]: Cane Growth Modifier: 100%
[19:53:42] [Server thread/INFO]: Melon Growth Modifier: 100%
[19:53:42] [Server thread/INFO]: Mushroom Growth Modifier: 100%
[19:53:42] [Server thread/INFO]: Pumpkin Growth Modifier: 100%
[19:53:42] [Server thread/INFO]: Sapling Growth Modifier: 100%
[19:53:42] [Server thread/INFO]: Beetroot Growth Modifier: 100%
[19:53:42] [Server thread/INFO]: Carrot Growth Modifier: 100%
[19:53:42] [Server thread/INFO]: Potato Growth Modifier: 100%
[19:53:42] [Server thread/INFO]: Wheat Growth Modifier: 100%
[19:53:42] [Server thread/INFO]: NetherWart Growth Modifier: 100%
[19:53:42] [Server thread/INFO]: Vine Growth Modifier: 100%
[19:53:42] [Server thread/INFO]: Cocoa Growth Modifier: 100%
[19:53:42] [Server thread/INFO]: Bamboo Growth Modifier: 100%
[19:53:42] [Server thread/INFO]: SweetBerry Growth Modifier: 100%
[19:53:42] [Server thread/INFO]: Kelp Growth Modifier: 100%
[19:53:42] [Server thread/INFO]: TwistingVines Growth Modifier: 100%
[19:53:42] [Server thread/INFO]: WeepingVines Growth Modifier: 100%
[19:53:42] [Server thread/INFO]: CaveVines Growth Modifier: 100%
[19:53:42] [Server thread/INFO]: Entity Activation Range: An 32 / Mo 32 / Ra 48 / Mi 16 / Tiv true / Isa false
[19:53:42] [Server thread/INFO]: Entity Tracking Range: Pl 48 / An 48 / Mo 48 / Mi 32 / Di 128 / Other 64
[19:53:42] [Server thread/INFO]: Hopper Transfer: 8 Hopper Check: 1 Hopper Amount: 1 Hopper Can Load Chunks: false
[19:53:42] [Server thread/INFO]: Experience Merge Radius: 3.0
[19:53:42] [Server thread/INFO]: Mob Spawn Range: 6
[19:53:42] [Server thread/INFO]: Custom Map Seeds:  Village: 10387312 Desert: 14357617 Igloo: 14357618 Jungle: 14357619 Swamp: 14357620 Monument: 10387313 Ocean: 14357621 Shipwreck: 165745295 End City: 10387313 Slime: 987234911 Nether: 30084232 Mansion: 10387319 Fossil: 14357921 Portal: 34222645
[19:53:42] [Server thread/INFO]: Max TNT Explosions: 100
[19:53:42] [Server thread/INFO]: Tile Max Tick Time: 50ms Entity max Tick Time: 50ms
[19:53:42] [Server thread/INFO]: Nerfing mobs spawned from spawners: false
[19:53:42] [Server thread/INFO]: View Distance: 10
[19:53:42] [Server thread/INFO]: Simulation Distance: 10
[19:53:42] [Server thread/INFO]: Item Despawn Rate: 6000
[19:53:42] [Server thread/INFO]: Item Merge Radius: 2.5
[19:53:42] [Server thread/INFO]: Allow Zombie Pigmen to spawn from portal blocks: true
[19:53:42] [Server thread/INFO]: Arrow Despawn Rate: 1200 Trident Respawn Rate:1200
[19:53:42] [Server thread/INFO]: Zombie Aggressive Towards Villager: true
[19:53:43] [Server thread/INFO]: -------- World Settings For [world_nether] --------
[19:53:43] [Server thread/INFO]: Cactus Growth Modifier: 100%
[19:53:43] [Server thread/INFO]: Cane Growth Modifier: 100%
[19:53:43] [Server thread/INFO]: Melon Growth Modifier: 100%
[19:53:43] [Server thread/INFO]: Mushroom Growth Modifier: 100%
[19:53:43] [Server thread/INFO]: Pumpkin Growth Modifier: 100%
[19:53:43] [Server thread/INFO]: Sapling Growth Modifier: 100%
[19:53:43] [Server thread/INFO]: Beetroot Growth Modifier: 100%
[19:53:43] [Server thread/INFO]: Carrot Growth Modifier: 100%
[19:53:43] [Server thread/INFO]: Potato Growth Modifier: 100%
[19:53:43] [Server thread/INFO]: Wheat Growth Modifier: 100%
[19:53:43] [Server thread/INFO]: NetherWart Growth Modifier: 100%
[19:53:43] [Server thread/INFO]: Vine Growth Modifier: 100%
[19:53:43] [Server thread/INFO]: Cocoa Growth Modifier: 100%
[19:53:43] [Server thread/INFO]: Bamboo Growth Modifier: 100%
[19:53:43] [Server thread/INFO]: SweetBerry Growth Modifier: 100%
[19:53:43] [Server thread/INFO]: Kelp Growth Modifier: 100%
[19:53:43] [Server thread/INFO]: TwistingVines Growth Modifier: 100%
[19:53:43] [Server thread/INFO]: WeepingVines Growth Modifier: 100%
[19:53:43] [Server thread/INFO]: CaveVines Growth Modifier: 100%
[19:53:43] [Server thread/INFO]: Entity Activation Range: An 32 / Mo 32 / Ra 48 / Mi 16 / Tiv true / Isa false
[19:53:43] [Server thread/INFO]: Entity Tracking Range: Pl 48 / An 48 / Mo 48 / Mi 32 / Di 128 / Other 64
[19:53:43] [Server thread/INFO]: Hopper Transfer: 8 Hopper Check: 1 Hopper Amount: 1 Hopper Can Load Chunks: false
[19:53:43] [Server thread/INFO]: Experience Merge Radius: 3.0
[19:53:43] [Server thread/INFO]: Mob Spawn Range: 6
[19:53:43] [Server thread/INFO]: Custom Map Seeds:  Village: 10387312 Desert: 14357617 Igloo: 14357618 Jungle: 14357619 Swamp: 14357620 Monument: 10387313 Ocean: 14357621 Shipwreck: 165745295 End City: 10387313 Slime: 987234911 Nether: 30084232 Mansion: 10387319 Fossil: 14357921 Portal: 34222645
[19:53:43] [Server thread/INFO]: Max TNT Explosions: 100
[19:53:43] [Server thread/INFO]: Tile Max Tick Time: 50ms Entity max Tick Time: 50ms
[19:53:43] [Server thread/INFO]: Nerfing mobs spawned from spawners: false
[19:53:43] [Server thread/INFO]: View Distance: 10
[19:53:43] [Server thread/INFO]: Simulation Distance: 10
[19:53:43] [Server thread/INFO]: Item Despawn Rate: 6000
[19:53:43] [Server thread/INFO]: Item Merge Radius: 2.5
[19:53:43] [Server thread/INFO]: Allow Zombie Pigmen to spawn from portal blocks: true
[19:53:43] [Server thread/INFO]: Arrow Despawn Rate: 1200 Trident Respawn Rate:1200
[19:53:43] [Server thread/INFO]: Zombie Aggressive Towards Villager: true
[19:53:51] [Server thread/INFO]: -------- World Settings For [world_the_end] --------
[19:53:51] [Server thread/INFO]: Cactus Growth Modifier: 100%
[19:53:51] [Server thread/INFO]: Cane Growth Modifier: 100%
[19:53:51] [Server thread/INFO]: Melon Growth Modifier: 100%
[19:53:51] [Server thread/INFO]: Mushroom Growth Modifier: 100%
[19:53:51] [Server thread/INFO]: Pumpkin Growth Modifier: 100%
[19:53:51] [Server thread/INFO]: Sapling Growth Modifier: 100%
[19:53:51] [Server thread/INFO]: Beetroot Growth Modifier: 100%
[19:53:51] [Server thread/INFO]: Carrot Growth Modifier: 100%
[19:53:51] [Server thread/INFO]: Potato Growth Modifier: 100%
[19:53:51] [Server thread/INFO]: Wheat Growth Modifier: 100%
[19:53:51] [Server thread/INFO]: NetherWart Growth Modifier: 100%
[19:53:51] [Server thread/INFO]: Vine Growth Modifier: 100%
[19:53:51] [Server thread/INFO]: Cocoa Growth Modifier: 100%
[19:53:51] [Server thread/INFO]: Bamboo Growth Modifier: 100%
[19:53:51] [Server thread/INFO]: SweetBerry Growth Modifier: 100%
[19:53:51] [Server thread/INFO]: Kelp Growth Modifier: 100%
[19:53:51] [Server thread/INFO]: TwistingVines Growth Modifier: 100%
[19:53:51] [Server thread/INFO]: WeepingVines Growth Modifier: 100%
[19:53:51] [Server thread/INFO]: CaveVines Growth Modifier: 100%
[19:53:51] [Server thread/INFO]: Entity Activation Range: An 32 / Mo 32 / Ra 48 / Mi 16 / Tiv true / Isa false
[19:53:51] [Server thread/INFO]: Entity Tracking Range: Pl 48 / An 48 / Mo 48 / Mi 32 / Di 128 / Other 64
[19:53:51] [Server thread/INFO]: Hopper Transfer: 8 Hopper Check: 1 Hopper Amount: 1 Hopper Can Load Chunks: false
[19:53:51] [Server thread/INFO]: Experience Merge Radius: 3.0
[19:53:51] [Server thread/INFO]: Mob Spawn Range: 6
[19:53:51] [Server thread/INFO]: Custom Map Seeds:  Village: 10387312 Desert: 14357617 Igloo: 14357618 Jungle: 14357619 Swamp: 14357620 Monument: 10387313 Ocean: 14357621 Shipwreck: 165745295 End City: 10387313 Slime: 987234911 Nether: 30084232 Mansion: 10387319 Fossil: 14357921 Portal: 34222645
[19:53:51] [Server thread/INFO]: Max TNT Explosions: 100
[19:53:51] [Server thread/INFO]: Tile Max Tick Time: 50ms Entity max Tick Time: 50ms
[19:53:51] [Server thread/INFO]: Nerfing mobs spawned from spawners: false
[19:53:51] [Server thread/INFO]: View Distance: 10
[19:53:51] [Server thread/INFO]: Simulation Distance: 10
[19:53:51] [Server thread/INFO]: Item Despawn Rate: 6000
[19:53:51] [Server thread/INFO]: Item Merge Radius: 2.5
[19:53:51] [Server thread/INFO]: Allow Zombie Pigmen to spawn from portal blocks: true
[19:53:51] [Server thread/INFO]: Arrow Despawn Rate: 1200 Trident Respawn Rate:1200
[19:53:51] [Server thread/INFO]: Zombie Aggressive Towards Villager: true
[19:53:51] [Server thread/INFO]: Preparing start region for dimension minecraft:overworld
[19:53:58] [Worker-Main-3/INFO]: Preparing spawn area: 0%
[19:53:59] [Worker-Main-3/INFO]: Preparing spawn area: 0%
[19:53:59] [Worker-Main-1/INFO]: Preparing spawn area: 0%
[19:53:59] [Worker-Main-2/INFO]: Preparing spawn area: 0%
[19:53:59] [Worker-Main-3/INFO]: Preparing spawn area: 0%
[19:53:59] [Worker-Main-3/INFO]: Preparing spawn area: 0%
[19:53:59] [Worker-Main-1/INFO]: Preparing spawn area: 0%
[19:53:59] [Worker-Main-3/INFO]: Preparing spawn area: 0%
[19:53:59] [Worker-Main-1/INFO]: Preparing spawn area: 0%
[19:53:59] [Worker-Main-3/INFO]: Preparing spawn area: 0%
[19:53:59] [Worker-Main-1/INFO]: Preparing spawn area: 0%
[19:53:59] [Worker-Main-3/INFO]: Preparing spawn area: 0%
[19:53:59] [Worker-Main-1/INFO]: Preparing spawn area: 0%
[19:53:59] [Worker-Main-3/INFO]: Preparing spawn area: 0%
[19:53:59] [Worker-Main-2/INFO]: Preparing spawn area: 0%
[19:53:59] [Worker-Main-2/INFO]: Preparing spawn area: 0%
[19:53:59] [Worker-Main-2/INFO]: Preparing spawn area: 0%
[19:53:59] [Worker-Main-1/INFO]: Preparing spawn area: 0%
[19:54:00] [Worker-Main-3/INFO]: Preparing spawn area: 0%
[19:54:00] [Worker-Main-1/INFO]: Preparing spawn area: 0%
[19:54:01] [Worker-Main-3/INFO]: Preparing spawn area: 0%
[19:54:01] [Worker-Main-2/INFO]: Preparing spawn area: 10%
[19:54:02] [Worker-Main-2/INFO]: Preparing spawn area: 40%
[19:54:02] [Worker-Main-2/INFO]: Preparing spawn area: 41%
[19:54:03] [Server thread/INFO]: Time elapsed: 12153 ms
[19:54:03] [Server thread/INFO]: Preparing start region for dimension minecraft:the_nether
[19:54:08] [Worker-Main-3/INFO]: Preparing spawn area: 0%
[19:54:08] [Worker-Main-1/INFO]: Preparing spawn area: 0%
[19:54:08] [Worker-Main-1/INFO]: Preparing spawn area: 0%
[19:54:08] [Worker-Main-3/INFO]: Preparing spawn area: 0%
[19:54:08] [Worker-Main-2/INFO]: Preparing spawn area: 0%
[19:54:08] [Worker-Main-1/INFO]: Preparing spawn area: 0%
[19:54:08] [Worker-Main-2/INFO]: Preparing spawn area: 0%
[19:54:08] [Worker-Main-3/INFO]: Preparing spawn area: 0%
[19:54:08] [Worker-Main-2/INFO]: Preparing spawn area: 0%
[19:54:08] [Worker-Main-2/INFO]: Preparing spawn area: 0%
[19:54:08] [Worker-Main-3/INFO]: Preparing spawn area: 0%
[19:54:08] [Worker-Main-3/INFO]: Preparing spawn area: 0%
[19:54:09] [Worker-Main-2/INFO]: Preparing spawn area: 0%
[19:54:09] [Worker-Main-3/INFO]: Preparing spawn area: 0%
[19:54:10] [Worker-Main-3/INFO]: Preparing spawn area: 17%
[19:54:10] [Worker-Main-2/INFO]: Preparing spawn area: 64%
[19:54:11] [Server thread/INFO]: Time elapsed: 7921 ms
[19:54:11] [Server thread/INFO]: Preparing start region for dimension minecraft:the_end
[19:54:14] [Worker-Main-3/INFO]: Preparing spawn area: 0%
[19:54:14] [Worker-Main-1/INFO]: Preparing spawn area: 0%
[19:54:14] [Worker-Main-3/INFO]: Preparing spawn area: 0%
[19:54:14] [Worker-Main-2/INFO]: Preparing spawn area: 0%
[19:54:14] [Worker-Main-3/INFO]: Preparing spawn area: 0%
[19:54:14] [Worker-Main-3/INFO]: Preparing spawn area: 0%
[19:54:14] [Worker-Main-2/INFO]: Preparing spawn area: 0%
[19:54:14] [Worker-Main-1/INFO]: Preparing spawn area: 6%
[19:54:15] [Worker-Main-1/INFO]: Preparing spawn area: 54%
[19:54:15] [Worker-Main-2/INFO]: Preparing spawn area: 83%
[19:54:16] [Server thread/INFO]: Time elapsed: 4927 ms
[19:54:16] [Server thread/INFO]: [CoreProtect] Enabling CoreProtect v22.4
[19:54:16] [Server thread/INFO]: [0;37;1m[0;37;1m[m[CoreProtect] CoreProtect has been successfully enabled![0;37;1m[0;37;1m [m
[19:54:16] [Server thread/INFO]: [CoreProtect] Using SQLite for data storage.
[19:54:16] [Server thread/INFO]: --------------------
[19:54:16] [Server thread/INFO]: [CoreProtect] Enjoy CoreProtect? Join our Discord!
[19:54:16] [Server thread/INFO]: [CoreProtect] Discord: www.coreprotect.net/discord/
[19:54:16] [Server thread/INFO]: --------------------
[19:54:16] [Server thread/INFO]: [ViaVersion] Enabling ViaVersion v5.2.1
[19:54:16] [Server thread/INFO]: [ViaVersion] ViaVersion detected server version: 1.20.3-1.20.4 (765)
[19:54:16] [Server thread/WARN]: [ViaVersion] Please update your Java runtime to at least Java 21 (your version is 17.0.14).
[19:54:16] [Server thread/WARN]: [ViaVersion] At some point in the future, ViaVersion will no longer be compatible with this version of Java.
[19:54:17] [Server thread/INFO]: [MeowPlugin] Enabling MeowPlugin v0.1
[19:54:17] [Server thread/WARN]: [MeowPlugin] Could not save config.yml to plugins/MeowPlugin/config.yml because config.yml already exists.
[19:54:17] [Server thread/INFO]: [TabTPS] Enabling TabTPS v1.3.22
[19:54:17] [Server thread/WARN]: [TabTPS] ====================================================
[19:54:17] [Server thread/WARN]: [TabTPS]  TabTPS works better if you use Paper 
[19:54:17] [Server thread/WARN]: [TabTPS]  as your server software. 
[19:54:17] [Server thread/WARN]: [TabTPS]   
[19:54:17] [Server thread/WARN]: [TabTPS]  Paper offers significant performance improvements,
[19:54:17] [Server thread/WARN]: [TabTPS]  bug fixes, security enhancements and optional
[19:54:17] [Server thread/WARN]: [TabTPS]  features for server owners to enhance their server.
[19:54:17] [Server thread/WARN]: [TabTPS]   
[19:54:17] [Server thread/WARN]: [TabTPS]  Paper includes Timings v2, which is significantly
[19:54:17] [Server thread/WARN]: [TabTPS]  better at diagnosing lag problems over v1.
[19:54:17] [Server thread/WARN]: [TabTPS]   
[19:54:17] [Server thread/WARN]: [TabTPS]  All of your plugins should still work, and the
[19:54:17] [Server thread/WARN]: [TabTPS]  Paper community will gladly help you fix any issues.
[19:54:17] [Server thread/WARN]: [TabTPS]   
[19:54:17] [Server thread/WARN]: [TabTPS]  Join the Paper Community @ https://papermc.io
[19:54:17] [Server thread/WARN]: [TabTPS] ====================================================
[19:54:18] [Server thread/INFO]: [ViaBackwards] Enabling ViaBackwards v5.2.1
[19:54:18] [Server thread/INFO]: Server permissions file permissions.yml is empty, ignoring it
[19:54:18] [Server thread/INFO]: Done (36.455s)! For help, type "help"
[19:54:18] [Craft Scheduler Thread - 3/INFO]: [ViaVersion] Finished mapping loading, shutting down loader executor.
[19:54:19] [Craft Scheduler Thread - 0/INFO]: [33;1m[[32;22mSkinsRestorer[33;1m] [0;39m[32;1m----------------------------------------------[0;39m[m
[19:54:19] [Craft Scheduler Thread - 0/INFO]: [33;1m[[32;22mSkinsRestorer[33;1m] [0;39m[32;1m    +==================+[0;39m[m
[19:54:19] [Craft Scheduler Thread - 0/INFO]: [33;1m[[32;22mSkinsRestorer[33;1m] [0;39m[32;1m    |   SkinsRestorer  |[0;39m[m
[19:54:19] [Craft Scheduler Thread - 0/INFO]: [33;1m[[32;22mSkinsRestorer[33;1m] [0;39m[32;1m    |------------------|[0;39m[m
[19:54:19] [Craft Scheduler Thread - 0/INFO]: [33;1m[[32;22mSkinsRestorer[33;1m] [0;39m[32;1m    |  [34;1m[4m[21mStandalone Mode[0;39m[32;1m |[0;39m[m
[19:54:19] [Craft Scheduler Thread - 0/INFO]: [33;1m[[32;22mSkinsRestorer[33;1m] [0;39m[32;1m    +==================+[0;39m[m
[19:54:19] [Craft Scheduler Thread - 0/INFO]: [33;1m[[32;22mSkinsRestorer[33;1m] [0;39m[32;1m----------------------------------------------[0;39m[m
[19:54:19] [Craft Scheduler Thread - 0/INFO]: [33;1m[[32;22mSkinsRestorer[33;1m] [0;39m[36;1m    Version: [32;1m15.5.2[0;39m[m
[19:54:19] [Craft Scheduler Thread - 0/INFO]: [33;1m[[32;22mSkinsRestorer[33;1m] [0;39m[36;1m    Commit: [32;1mae257f6[0;39m[m
[19:54:19] [Craft Scheduler Thread - 0/INFO]: [33;1m[[32;22mSkinsRestorer[33;1m] [0;39m[32;1m    This is the latest version![0;39m[m
[19:54:19] [Craft Scheduler Thread - 0/INFO]: [33;1m[[32;22mSkinsRestorer[33;1m] [0;39m[32;1m----------------------------------------------[0;39m[m
[19:54:19] [Craft Scheduler Thread - 0/INFO]: [33;1m[[32;22mSkinsRestorer[33;1m] [0;39m[34;1mDo you have issues? Read our troubleshooting guide: [33;1mhttps://skinsrestorer.net/docs/troubleshooting[0;39m[m
[19:54:19] [Craft Scheduler Thread - 0/INFO]: [33;1m[[32;22mSkinsRestorer[33;1m] [0;39m[34;1mWant to support SkinsRestorer? Consider donating: [33;1mhttps://skinsrestorer.net/donate[0;39m[m
[19:54:19] [Craft Scheduler Thread - 4/INFO]: There is an update available for TabTPS!
[19:54:19] [Craft Scheduler Thread - 4/INFO]: This server is running version v1.3.22, which is 4 versions outdated.
[19:54:19] [Craft Scheduler Thread - 4/INFO]: Download the latest version, v1.3.26 from GitHub at the link below:
[19:54:19] [Craft Scheduler Thread - 4/INFO]: https://github.com/jpenilla/TabTPS/releases/tag/v1.3.26
[20:04:34] [User Authenticator #1/INFO]: UUID of player test is 530fa97a-357f-3c19-94d3-0c5c65c18fe8
[20:04:34] [Server thread/INFO]: test joined the game
[20:04:34] [Server thread/INFO]: test[/127.0.0.1:56772] logged in with entity id 147 at ([world]48.768395772748555, 63.0, -22.869086732701007)
[20:04:34] [Server thread/INFO]: [test: Set [CountLeaveGame] for test to 0]
[20:04:34] [Server thread/INFO]: [test: Showing new title for test]
[20:04:34] [Server thread/INFO]: [test: Showing new subtitle for test]
[20:04:52] [Server thread/INFO]: test lost connection: Disconnected
[20:04:52] [Server thread/INFO]: test left the game
[20:04:53] [User Authenticator #2/INFO]: UUID of player test is 530fa97a-357f-3c19-94d3-0c5c65c18fe8
[20:04:53] [Server thread/INFO]: test joined the game
[20:04:53] [Server thread/INFO]: test[/127.0.0.1:40114] logged in with entity id 277 at ([world]51.06853317429271, 63.0, -23.34579111047281)
[20:05:04] [Server thread/INFO]: test issued server command: /tp 700 100 1000
[20:05:06] [Server thread/INFO]: [test: Teleported test to 700.500000, 100.000000, 1000.500000]
[20:06:13] [Server thread/INFO]: test has made the advancement [Eye Spy]
[20:06:17] [Server thread/INFO]: test has made the advancement [The End?]
[20:06:37] [Server thread/INFO]: test issued server command: /tp 0 100 0
[20:06:37] [Server thread/INFO]: [test: Teleported test to 0.500000, 100.000000, 0.500000]
[20:06:57] [Server thread/INFO]: test lost connection: Disconnected
[20:06:57] [Server thread/INFO]: test left the game
[20:31:18] [User Authenticator #3/INFO]: UUID of player touxl1916 is dda5a998-ba1e-3605-af21-6aeffaf8c42e
[20:31:19] [Server thread/INFO]: touxl1916 joined the game
[20:31:19] [Server thread/INFO]: touxl1916[/127.0.0.1:35894] logged in with entity id 2035 at ([world]676.5, 79.0, 1052.5)
[20:32:58] [Server thread/INFO]: touxl1916 lost connection: Disconnected
[20:32:58] [Server thread/INFO]: touxl1916 left the game
[20:43:29] [User Authenticator #4/INFO]: UUID of player touxl1916 is dda5a998-ba1e-3605-af21-6aeffaf8c42e
[20:43:29] [Server thread/INFO]: touxl1916 joined the game
[20:43:29] [Server thread/INFO]: touxl1916[/127.0.0.1:52368] logged in with entity id 2576 at ([world]673.9520962194601, 79.0, 1044.9430423325866)
[20:47:22] [Server thread/INFO]: touxl1916 lost connection: Timed out
[20:47:22] [Server thread/INFO]: touxl1916 left the game
[20:47:26] [User Authenticator #5/INFO]: UUID of player touxl1916 is dda5a998-ba1e-3605-af21-6aeffaf8c42e
[20:47:26] [Server thread/INFO]: touxl1916 joined the game
[20:47:26] [Server thread/INFO]: touxl1916[/127.0.0.1:44560] logged in with entity id 3399 at ([world]702.1012222893773, 68.0, 1128.699999988079)
[20:47:39] [Server thread/INFO]: touxl1916 was slain by Iron Golem
[20:48:56] [User Authenticator #6/INFO]: UUID of player touxl1916 is dda5a998-ba1e-3605-af21-6aeffaf8c42e
[20:48:56] [Server thread/INFO]: touxl1916 lost connection: You logged in from another location
[20:48:56] [Server thread/INFO]: touxl1916 left the game.
[20:48:57] [Server thread/INFO]: touxl1916 joined the game
[20:48:57] [Server thread/INFO]: touxl1916[/127.0.0.1:57114] logged in with entity id 4477 at ([world]641.6838107577817, 64.0, 1206.2860538403038)
[21:03:58] [Server thread/INFO]: touxl1916 lost connection: Disconnected
[21:03:58] [Server thread/INFO]: touxl1916 left the game
[21:04:01] [User Authenticator #7/INFO]: UUID of player touxl1916 is dda5a998-ba1e-3605-af21-6aeffaf8c42e
[21:04:01] [Server thread/INFO]: touxl1916 joined the game
[21:04:01] [Server thread/INFO]: touxl1916[/127.0.0.1:43484] logged in with entity id 8546 at ([world]676.9881875379207, 79.0, 1048.7122228078806)
[21:04:06] [Server thread/INFO]: touxl1916 lost connection: Disconnected
[21:04:06] [Server thread/INFO]: touxl1916 left the game
