[00:00:31] [ServerMain/INFO]: Environment: Environment[sessionHost=https://sessionserver.mojang.com, servicesHost=https://api.minecraftservices.com, name=PROD]
[00:00:33] [ServerMain/INFO]: Loaded 7 recipes
[00:00:34] [Server thread/INFO]: Starting minecraft server version 1.20.4
[00:00:34] [Server thread/INFO]: Loading properties
[00:00:34] [Server thread/INFO]: This server is running CraftBukkit version 4074-Spigot-e9ec548-51bbab2 (MC: 1.20.4) (Implementing API version 1.20.4-R0.1-SNAPSHOT)
[00:00:35] [Server thread/INFO]: Server Ping Player Sample Count: 12
[00:00:35] [Server thread/INFO]: Using 4 threads for Netty based IO
[00:00:35] [Server thread/INFO]: Debug logging is disabled
[00:00:35] [Server thread/INFO]: Default game type: SURVIVAL
[00:00:35] [Server thread/INFO]: Generating keypair
[00:00:35] [Server thread/INFO]: Starting Minecraft server on *:25566
[00:00:35] [Server thread/INFO]: Using epoll channel type
[00:00:36] [Server thread/INFO]: [CoreProtect] Loading CoreProtect v22.4
[00:00:36] [Server thread/INFO]: [ViaVersion] Loading ViaVersion v5.2.1
[00:00:36] [Server thread/INFO]: [ViaVersion] ViaVersion 5.2.1 is now loaded. Registering protocol transformers and injecting...
[00:00:36] [Via-Mappingloader-0/INFO]: [ViaVersion] Loading block connection mappings ...
[00:00:36] [Via-Mappingloader-0/INFO]: [ViaVersion] Using FastUtil Long2ObjectOpenHashMap for block connections
[00:00:37] [Server thread/INFO]: [ViaBackwards] Loading translations...
[00:00:37] [Server thread/INFO]: [ViaBackwards] Registering protocols...
[00:00:37] [Server thread/INFO]: [ViaRewind] Registering protocols...
[00:00:37] [Server thread/INFO]: [TabTPS] Loading TabTPS v1.3.22
[00:00:37] [Server thread/INFO]: [ViaBackwards] Loading ViaBackwards v5.2.1
[00:00:37] [Server thread/INFO]: [ViaRewind] Loading ViaRewind v4.0.5
[00:00:37] [Server thread/INFO]: [SkinsRestorer] Loading SkinsRestorer v15.5.2
[00:00:37] [Server thread/INFO]: [ViaRewind] Enabling ViaRewind v4.0.5
[00:00:37] [Server thread/INFO]: [SkinsRestorer] Enabling SkinsRestorer v15.5.2
[00:00:38] [Server thread/WARN]: [33;1m[[32;22mSkinsRestorer[33;1m] [0;39m[33;1mYou must agree to the rules at 'commands.perSkinPermissionsConsent' in the config to use per skin permissions.[0;39m
[00:00:38] [Server thread/INFO]: [33;1m[[32;22mSkinsRestorer[33;1m] [0;39m[32;1mRunning on Minecraft [33;1m1.20.4[32;1m.[0;39m[m
[00:00:39] [Server thread/WARN]: [33;1m[[32;22mSkinsRestorer[33;1m] [0;39m[33;1m[33;1mPlease update your Java runtime to at least Java 21 (your version is 17).[0;39m
[00:00:39] [Server thread/WARN]: [33;1m[[32;22mSkinsRestorer[33;1m] [0;39m[33;1m[33;1mAt some point in the future, SkinsRestorer will no longer be compatible with this version of Java.[0;39m
[00:00:39] [Server thread/WARN]: **** SERVER IS RUNNING IN OFFLINE/INSECURE MODE!
[00:00:39] [Server thread/WARN]: The server will make no attempt to authenticate usernames. Beware.
[00:00:39] [Server thread/WARN]: While this makes the game possible to play without internet access, it also opens up the ability for hackers to connect with any username they choose.
[00:00:39] [Server thread/WARN]: To change this, set "online-mode" to "true" in the server.properties file.
[00:00:39] [Server thread/INFO]: Preparing level "world"
[00:00:39] [Server thread/INFO]: -------- World Settings For [world] --------
[00:00:39] [Server thread/INFO]: Experience Merge Radius: 3.0
[00:00:39] [Server thread/INFO]: Mob Spawn Range: 6
[00:00:39] [Server thread/INFO]: Cactus Growth Modifier: 100%
[00:00:39] [Server thread/INFO]: Cane Growth Modifier: 100%
[00:00:39] [Server thread/INFO]: Melon Growth Modifier: 100%
[00:00:39] [Server thread/INFO]: Mushroom Growth Modifier: 100%
[00:00:39] [Server thread/INFO]: Pumpkin Growth Modifier: 100%
[00:00:39] [Server thread/INFO]: Sapling Growth Modifier: 100%
[00:00:39] [Server thread/INFO]: Beetroot Growth Modifier: 100%
[00:00:39] [Server thread/INFO]: Carrot Growth Modifier: 100%
[00:00:39] [Server thread/INFO]: Potato Growth Modifier: 100%
[00:00:39] [Server thread/INFO]: Wheat Growth Modifier: 100%
[00:00:39] [Server thread/INFO]: NetherWart Growth Modifier: 100%
[00:00:39] [Server thread/INFO]: Vine Growth Modifier: 100%
[00:00:39] [Server thread/INFO]: Cocoa Growth Modifier: 100%
[00:00:39] [Server thread/INFO]: Bamboo Growth Modifier: 100%
[00:00:39] [Server thread/INFO]: SweetBerry Growth Modifier: 100%
[00:00:39] [Server thread/INFO]: Kelp Growth Modifier: 100%
[00:00:39] [Server thread/INFO]: TwistingVines Growth Modifier: 100%
[00:00:39] [Server thread/INFO]: WeepingVines Growth Modifier: 100%
[00:00:39] [Server thread/INFO]: CaveVines Growth Modifier: 100%
[00:00:39] [Server thread/INFO]: Entity Activation Range: An 32 / Mo 32 / Ra 48 / Mi 16 / Tiv true / Isa false
[00:00:39] [Server thread/INFO]: Entity Tracking Range: Pl 48 / An 48 / Mo 48 / Mi 32 / Di 128 / Other 64
[00:00:39] [Server thread/INFO]: Hopper Transfer: 8 Hopper Check: 1 Hopper Amount: 1 Hopper Can Load Chunks: false
[00:00:39] [Server thread/INFO]: Custom Map Seeds:  Village: 10387312 Desert: 14357617 Igloo: 14357618 Jungle: 14357619 Swamp: 14357620 Monument: 10387313 Ocean: 14357621 Shipwreck: 165745295 End City: 10387313 Slime: 987234911 Nether: 30084232 Mansion: 10387319 Fossil: 14357921 Portal: 34222645
[00:00:39] [Server thread/INFO]: Max TNT Explosions: 100
[00:00:39] [Server thread/INFO]: Tile Max Tick Time: 50ms Entity max Tick Time: 50ms
[00:00:39] [Server thread/INFO]: View Distance: 10
[00:00:39] [Server thread/INFO]: Simulation Distance: 10
[00:00:39] [Server thread/INFO]: Item Despawn Rate: 6000
[00:00:39] [Server thread/INFO]: Item Merge Radius: 2.5
[00:00:39] [Server thread/INFO]: Allow Zombie Pigmen to spawn from portal blocks: true
[00:00:39] [Server thread/INFO]: Arrow Despawn Rate: 1200 Trident Respawn Rate:1200
[00:00:39] [Server thread/INFO]: Zombie Aggressive Towards Villager: true
[00:00:39] [Server thread/INFO]: Nerfing mobs spawned from spawners: false
[00:00:39] [Server thread/INFO]: -------- World Settings For [world_nether] --------
[00:00:39] [Server thread/INFO]: Experience Merge Radius: 3.0
[00:00:39] [Server thread/INFO]: Mob Spawn Range: 6
[00:00:39] [Server thread/INFO]: Cactus Growth Modifier: 100%
[00:00:39] [Server thread/INFO]: Cane Growth Modifier: 100%
[00:00:39] [Server thread/INFO]: Melon Growth Modifier: 100%
[00:00:39] [Server thread/INFO]: Mushroom Growth Modifier: 100%
[00:00:39] [Server thread/INFO]: Pumpkin Growth Modifier: 100%
[00:00:39] [Server thread/INFO]: Sapling Growth Modifier: 100%
[00:00:39] [Server thread/INFO]: Beetroot Growth Modifier: 100%
[00:00:39] [Server thread/INFO]: Carrot Growth Modifier: 100%
[00:00:39] [Server thread/INFO]: Potato Growth Modifier: 100%
[00:00:39] [Server thread/INFO]: Wheat Growth Modifier: 100%
[00:00:39] [Server thread/INFO]: NetherWart Growth Modifier: 100%
[00:00:39] [Server thread/INFO]: Vine Growth Modifier: 100%
[00:00:39] [Server thread/INFO]: Cocoa Growth Modifier: 100%
[00:00:39] [Server thread/INFO]: Bamboo Growth Modifier: 100%
[00:00:39] [Server thread/INFO]: SweetBerry Growth Modifier: 100%
[00:00:39] [Server thread/INFO]: Kelp Growth Modifier: 100%
[00:00:39] [Server thread/INFO]: TwistingVines Growth Modifier: 100%
[00:00:39] [Server thread/INFO]: WeepingVines Growth Modifier: 100%
[00:00:39] [Server thread/INFO]: CaveVines Growth Modifier: 100%
[00:00:39] [Server thread/INFO]: Entity Activation Range: An 32 / Mo 32 / Ra 48 / Mi 16 / Tiv true / Isa false
[00:00:39] [Server thread/INFO]: Entity Tracking Range: Pl 48 / An 48 / Mo 48 / Mi 32 / Di 128 / Other 64
[00:00:39] [Server thread/INFO]: Hopper Transfer: 8 Hopper Check: 1 Hopper Amount: 1 Hopper Can Load Chunks: false
[00:00:39] [Server thread/INFO]: Custom Map Seeds:  Village: 10387312 Desert: 14357617 Igloo: 14357618 Jungle: 14357619 Swamp: 14357620 Monument: 10387313 Ocean: 14357621 Shipwreck: 165745295 End City: 10387313 Slime: 987234911 Nether: 30084232 Mansion: 10387319 Fossil: 14357921 Portal: 34222645
[00:00:39] [Server thread/INFO]: Max TNT Explosions: 100
[00:00:39] [Server thread/INFO]: Tile Max Tick Time: 50ms Entity max Tick Time: 50ms
[00:00:39] [Server thread/INFO]: View Distance: 10
[00:00:39] [Server thread/INFO]: Simulation Distance: 10
[00:00:39] [Server thread/INFO]: Item Despawn Rate: 6000
[00:00:39] [Server thread/INFO]: Item Merge Radius: 2.5
[00:00:39] [Server thread/INFO]: Allow Zombie Pigmen to spawn from portal blocks: true
[00:00:39] [Server thread/INFO]: Arrow Despawn Rate: 1200 Trident Respawn Rate:1200
[00:00:39] [Server thread/INFO]: Zombie Aggressive Towards Villager: true
[00:00:39] [Server thread/INFO]: Nerfing mobs spawned from spawners: false
[00:00:42] [Server thread/INFO]: -------- World Settings For [world_the_end] --------
[00:00:42] [Server thread/INFO]: Experience Merge Radius: 3.0
[00:00:42] [Server thread/INFO]: Mob Spawn Range: 6
[00:00:42] [Server thread/INFO]: Cactus Growth Modifier: 100%
[00:00:42] [Server thread/INFO]: Cane Growth Modifier: 100%
[00:00:42] [Server thread/INFO]: Melon Growth Modifier: 100%
[00:00:42] [Server thread/INFO]: Mushroom Growth Modifier: 100%
[00:00:42] [Server thread/INFO]: Pumpkin Growth Modifier: 100%
[00:00:42] [Server thread/INFO]: Sapling Growth Modifier: 100%
[00:00:42] [Server thread/INFO]: Beetroot Growth Modifier: 100%
[00:00:42] [Server thread/INFO]: Carrot Growth Modifier: 100%
[00:00:42] [Server thread/INFO]: Potato Growth Modifier: 100%
[00:00:42] [Server thread/INFO]: Wheat Growth Modifier: 100%
[00:00:42] [Server thread/INFO]: NetherWart Growth Modifier: 100%
[00:00:42] [Server thread/INFO]: Vine Growth Modifier: 100%
[00:00:42] [Server thread/INFO]: Cocoa Growth Modifier: 100%
[00:00:42] [Server thread/INFO]: Bamboo Growth Modifier: 100%
[00:00:42] [Server thread/INFO]: SweetBerry Growth Modifier: 100%
[00:00:42] [Server thread/INFO]: Kelp Growth Modifier: 100%
[00:00:42] [Server thread/INFO]: TwistingVines Growth Modifier: 100%
[00:00:42] [Server thread/INFO]: WeepingVines Growth Modifier: 100%
[00:00:42] [Server thread/INFO]: CaveVines Growth Modifier: 100%
[00:00:42] [Server thread/INFO]: Entity Activation Range: An 32 / Mo 32 / Ra 48 / Mi 16 / Tiv true / Isa false
[00:00:42] [Server thread/INFO]: Entity Tracking Range: Pl 48 / An 48 / Mo 48 / Mi 32 / Di 128 / Other 64
[00:00:42] [Server thread/INFO]: Hopper Transfer: 8 Hopper Check: 1 Hopper Amount: 1 Hopper Can Load Chunks: false
[00:00:42] [Server thread/INFO]: Custom Map Seeds:  Village: 10387312 Desert: 14357617 Igloo: 14357618 Jungle: 14357619 Swamp: 14357620 Monument: 10387313 Ocean: 14357621 Shipwreck: 165745295 End City: 10387313 Slime: 987234911 Nether: 30084232 Mansion: 10387319 Fossil: 14357921 Portal: 34222645
[00:00:42] [Server thread/INFO]: Max TNT Explosions: 100
[00:00:42] [Server thread/INFO]: Tile Max Tick Time: 50ms Entity max Tick Time: 50ms
[00:00:42] [Server thread/INFO]: View Distance: 10
[00:00:42] [Server thread/INFO]: Simulation Distance: 10
[00:00:42] [Server thread/INFO]: Item Despawn Rate: 6000
[00:00:42] [Server thread/INFO]: Item Merge Radius: 2.5
[00:00:42] [Server thread/INFO]: Allow Zombie Pigmen to spawn from portal blocks: true
[00:00:42] [Server thread/INFO]: Arrow Despawn Rate: 1200 Trident Respawn Rate:1200
[00:00:42] [Server thread/INFO]: Zombie Aggressive Towards Villager: true
[00:00:42] [Server thread/INFO]: Nerfing mobs spawned from spawners: false
[00:00:42] [Server thread/INFO]: Preparing start region for dimension minecraft:overworld
[00:00:48] [Worker-Main-3/INFO]: Preparing spawn area: 0%
[00:00:48] [Worker-Main-3/INFO]: Preparing spawn area: 0%
[00:00:48] [Worker-Main-3/INFO]: Preparing spawn area: 0%
[00:00:48] [Worker-Main-2/INFO]: Preparing spawn area: 0%
[00:00:48] [Worker-Main-2/INFO]: Preparing spawn area: 0%
[00:00:48] [Worker-Main-1/INFO]: Preparing spawn area: 0%
[00:00:48] [Worker-Main-1/INFO]: Preparing spawn area: 0%
[00:00:48] [Worker-Main-1/INFO]: Preparing spawn area: 0%
[00:00:48] [Worker-Main-1/INFO]: Preparing spawn area: 0%
[00:00:48] [Worker-Main-2/INFO]: Preparing spawn area: 0%
[00:00:48] [Worker-Main-3/INFO]: Preparing spawn area: 0%
[00:00:48] [Worker-Main-3/INFO]: Preparing spawn area: 0%
[00:00:48] [Worker-Main-3/INFO]: Preparing spawn area: 3%
[00:00:49] [Worker-Main-1/INFO]: Preparing spawn area: 33%
[00:00:49] [Server thread/INFO]: Time elapsed: 7008 ms
[00:00:49] [Server thread/INFO]: Preparing start region for dimension minecraft:the_nether
[00:00:53] [Worker-Main-2/INFO]: Preparing spawn area: 0%
[00:00:53] [Worker-Main-3/INFO]: Preparing spawn area: 0%
[00:00:53] [Worker-Main-3/INFO]: Preparing spawn area: 0%
[00:00:53] [Worker-Main-2/INFO]: Preparing spawn area: 0%
[00:00:53] [Worker-Main-1/INFO]: Preparing spawn area: 0%
[00:00:53] [Worker-Main-1/INFO]: Preparing spawn area: 0%
[00:00:53] [Worker-Main-1/INFO]: Preparing spawn area: 0%
[00:00:53] [Worker-Main-3/INFO]: Preparing spawn area: 0%
[00:00:53] [Worker-Main-3/INFO]: Preparing spawn area: 0%
[00:00:54] [Worker-Main-1/INFO]: Preparing spawn area: 9%
[00:00:54] [Worker-Main-3/INFO]: Preparing spawn area: 61%
[00:00:55] [Server thread/INFO]: Time elapsed: 5390 ms
[00:00:55] [Server thread/INFO]: Preparing start region for dimension minecraft:the_end
[00:00:57] [Worker-Main-1/INFO]: Preparing spawn area: 0%
[00:00:57] [Worker-Main-1/INFO]: Preparing spawn area: 0%
[00:00:57] [Worker-Main-1/INFO]: Preparing spawn area: 0%
[00:00:57] [Worker-Main-1/INFO]: Preparing spawn area: 0%
[00:00:57] [Worker-Main-1/INFO]: Preparing spawn area: 0%
[00:00:57] [Worker-Main-2/INFO]: Preparing spawn area: 0%
[00:00:58] [Worker-Main-2/INFO]: Preparing spawn area: 38%
[00:00:58] [Worker-Main-1/INFO]: Preparing spawn area: 88%
[00:00:58] [Server thread/INFO]: Time elapsed: 3554 ms
[00:00:58] [Server thread/INFO]: [CoreProtect] Enabling CoreProtect v22.4
[00:00:59] [Server thread/INFO]: [0;37;1m[0;37;1m[m[CoreProtect] CoreProtect has been successfully enabled![0;37;1m[0;37;1m [m
[00:00:59] [Server thread/INFO]: [CoreProtect] Using SQLite for data storage.
[00:00:59] [Server thread/INFO]: --------------------
[00:00:59] [Server thread/INFO]: [CoreProtect] Enjoy CoreProtect? Join our Discord!
[00:00:59] [Server thread/INFO]: [CoreProtect] Discord: www.coreprotect.net/discord/
[00:00:59] [Server thread/INFO]: --------------------
[00:00:59] [Server thread/INFO]: [ViaVersion] Enabling ViaVersion v5.2.1
[00:00:59] [Server thread/INFO]: [ViaVersion] ViaVersion detected server version: 1.20.3-1.20.4 (765)
[00:00:59] [Server thread/WARN]: [ViaVersion] Please update your Java runtime to at least Java 21 (your version is 17.0.13).
[00:00:59] [Server thread/WARN]: [ViaVersion] At some point in the future, ViaVersion will no longer be compatible with this version of Java.
[00:00:59] [Server thread/INFO]: [TabTPS] Enabling TabTPS v1.3.22
[00:00:59] [Server thread/WARN]: [TabTPS] ====================================================
[00:00:59] [Server thread/WARN]: [TabTPS]  TabTPS works better if you use Paper 
[00:00:59] [Server thread/WARN]: [TabTPS]  as your server software. 
[00:00:59] [Server thread/WARN]: [TabTPS]   
[00:00:59] [Server thread/WARN]: [TabTPS]  Paper offers significant performance improvements,
[00:00:59] [Server thread/WARN]: [TabTPS]  bug fixes, security enhancements and optional
[00:00:59] [Server thread/WARN]: [TabTPS]  features for server owners to enhance their server.
[00:00:59] [Server thread/WARN]: [TabTPS]   
[00:00:59] [Server thread/WARN]: [TabTPS]  Paper includes Timings v2, which is significantly
[00:00:59] [Server thread/WARN]: [TabTPS]  better at diagnosing lag problems over v1.
[00:00:59] [Server thread/WARN]: [TabTPS]   
[00:00:59] [Server thread/WARN]: [TabTPS]  All of your plugins should still work, and the
[00:00:59] [Server thread/WARN]: [TabTPS]  Paper community will gladly help you fix any issues.
[00:00:59] [Server thread/WARN]: [TabTPS]   
[00:00:59] [Server thread/WARN]: [TabTPS]  Join the Paper Community @ https://papermc.io
[00:00:59] [Server thread/WARN]: [TabTPS] ====================================================
[00:00:59] [Server thread/INFO]: [ViaBackwards] Enabling ViaBackwards v5.2.1
[00:00:59] [Server thread/INFO]: Server permissions file permissions.yml is empty, ignoring it
[00:01:00] [Server thread/INFO]: Done (20.982s)! For help, type "help"
[00:01:00] [Craft Scheduler Thread - 3/INFO]: [ViaVersion] Finished mapping loading, shutting down loader executor.
[00:01:00] [Craft Scheduler Thread - 1/INFO]: [33;1m[[32;22mSkinsRestorer[33;1m] [0;39m[32;1m----------------------------------------------[0;39m[m
[00:01:00] [Craft Scheduler Thread - 1/INFO]: [33;1m[[32;22mSkinsRestorer[33;1m] [0;39m[32;1m    +==================+[0;39m[m
[00:01:00] [Craft Scheduler Thread - 1/INFO]: [33;1m[[32;22mSkinsRestorer[33;1m] [0;39m[32;1m    |   SkinsRestorer  |[0;39m[m
[00:01:00] [Craft Scheduler Thread - 1/INFO]: [33;1m[[32;22mSkinsRestorer[33;1m] [0;39m[32;1m    |------------------|[0;39m[m
[00:01:00] [Craft Scheduler Thread - 1/INFO]: [33;1m[[32;22mSkinsRestorer[33;1m] [0;39m[32;1m    |  [34;1m[4m[21mStandalone Mode[0;39m[32;1m |[0;39m[m
[00:01:00] [Craft Scheduler Thread - 1/INFO]: [33;1m[[32;22mSkinsRestorer[33;1m] [0;39m[32;1m    +==================+[0;39m[m
[00:01:00] [Craft Scheduler Thread - 1/INFO]: [33;1m[[32;22mSkinsRestorer[33;1m] [0;39m[32;1m----------------------------------------------[0;39m[m
[00:01:00] [Craft Scheduler Thread - 1/INFO]: [33;1m[[32;22mSkinsRestorer[33;1m] [0;39m[36;1m    Version: [32;1m15.5.2[0;39m[m
[00:01:00] [Craft Scheduler Thread - 1/INFO]: [33;1m[[32;22mSkinsRestorer[33;1m] [0;39m[36;1m    Commit: [32;1mae257f6[0;39m[m
[00:01:00] [Craft Scheduler Thread - 1/INFO]: [33;1m[[32;22mSkinsRestorer[33;1m] [0;39m[32;1m    This is the latest version![0;39m[m
[00:01:00] [Craft Scheduler Thread - 1/INFO]: [33;1m[[32;22mSkinsRestorer[33;1m] [0;39m[32;1m----------------------------------------------[0;39m[m
[00:01:00] [Craft Scheduler Thread - 1/INFO]: [33;1m[[32;22mSkinsRestorer[33;1m] [0;39m[34;1mDo you have issues? Read our troubleshooting guide: [33;1mhttps://skinsrestorer.net/docs/troubleshooting[0;39m[m
[00:01:00] [Craft Scheduler Thread - 1/INFO]: [33;1m[[32;22mSkinsRestorer[33;1m] [0;39m[34;1mWant to support SkinsRestorer? Consider donating: [33;1mhttps://skinsrestorer.net/donate[0;39m[m
[00:01:01] [Craft Scheduler Thread - 3/INFO]: There is an update available for TabTPS!
[00:01:01] [Craft Scheduler Thread - 3/INFO]: This server is running version v1.3.22, which is 4 versions outdated.
[00:01:01] [Craft Scheduler Thread - 3/INFO]: Download the latest version, v1.3.26 from GitHub at the link below:
[00:01:01] [Craft Scheduler Thread - 3/INFO]: https://github.com/jpenilla/TabTPS/releases/tag/v1.3.26
[17:15:16] [User Authenticator #1/INFO]: UUID of player touxl1916 is dda5a998-ba1e-3605-af21-6aeffaf8c42e
[17:15:17] [Server thread/INFO]: touxl1916 joined the game
[17:15:17] [Server thread/INFO]: touxl1916[/127.0.0.1:36936] logged in with entity id 213 at ([world]643.7031446580978, 63.0, 1225.7228157124575)
[17:15:17] [Server thread/INFO]: [touxl1916: Set [CountLeaveGame] for touxl1916 to 0]
[17:15:17] [Server thread/INFO]: [touxl1916: Showing new title for touxl1916]
[17:15:17] [Server thread/INFO]: [touxl1916: Showing new subtitle for touxl1916]
[17:16:23] [Server thread/INFO]: touxl1916 lost connection: Disconnected
[17:16:23] [Server thread/INFO]: touxl1916 left the game
[17:20:00] [User Authenticator #2/INFO]: UUID of player touxl1916 is dda5a998-ba1e-3605-af21-6aeffaf8c42e
[17:20:01] [Server thread/INFO]: touxl1916 joined the game
[17:20:01] [Server thread/INFO]: touxl1916[/127.0.0.1:48562] logged in with entity id 545 at ([world]642.9141989960358, 63.0, 1223.3001746356485)
[17:20:01] [Server thread/INFO]: [touxl1916: Set [CountLeaveGame] for touxl1916 to 0]
[17:20:01] [Server thread/INFO]: [touxl1916: Showing new title for touxl1916]
[17:20:01] [Server thread/INFO]: [touxl1916: Showing new subtitle for touxl1916]
[17:20:04] [Server thread/WARN]: Can't keep up! Is the server overloaded? Running 3032ms or 60 ticks behind
[17:20:06] [Server thread/INFO]: touxl1916 lost connection: Disconnected
[17:20:07] [Server thread/INFO]: touxl1916 left the game
[17:21:08] [User Authenticator #3/INFO]: UUID of player ysydZiYouRen is cbb5bd76-2bc6-391d-9b29-857501acaa1d
[17:21:10] [Server thread/INFO]: ysydZiYouRen joined the game
[17:21:10] [Server thread/INFO]: ysydZiYouRen[/127.0.0.1:56606] logged in with entity id 689 at ([world]714.5, 68.0625, 1150.5)
[17:21:10] [Server thread/INFO]: [ysydZiYouRen: Set [CountLeaveGame] for ysydZiYouRen to 0]
[17:21:10] [Server thread/INFO]: [ysydZiYouRen: Showing new title for ysydZiYouRen]
[17:21:10] [Server thread/INFO]: [ysydZiYouRen: Showing new subtitle for ysydZiYouRen]
[17:21:29] [User Authenticator #4/INFO]: UUID of player ysydZiYouRen is cbb5bd76-2bc6-391d-9b29-857501acaa1d
[17:21:29] [Server thread/INFO]: ysydZiYouRen lost connection: You logged in from another location
[17:21:29] [Server thread/INFO]: ysydZiYouRen left the game.
[17:21:30] [Server thread/INFO]: ysydZiYouRen joined the game
[17:21:30] [Server thread/INFO]: ysydZiYouRen[/127.0.0.1:36190] logged in with entity id 974 at ([world]708.2642464764702, 68.5625, 1139.7046715458678)
[17:21:30] [Server thread/INFO]: [ysydZiYouRen: Set [CountLeaveGame] for ysydZiYouRen to 0]
[17:21:30] [Server thread/INFO]: [ysydZiYouRen: Showing new title for ysydZiYouRen]
[17:21:30] [Server thread/INFO]: [ysydZiYouRen: Showing new subtitle for ysydZiYouRen]
[17:22:55] [User Authenticator #5/INFO]: UUID of player touxl1916 is dda5a998-ba1e-3605-af21-6aeffaf8c42e
[17:22:56] [Server thread/INFO]: touxl1916 joined the game
[17:22:56] [Server thread/INFO]: touxl1916[/127.0.0.1:46214] logged in with entity id 1451 at ([world]642.9141989960358, 63.0, 1223.3001746356485)
[17:22:56] [Server thread/INFO]: [touxl1916: Set [CountLeaveGame] for touxl1916 to 0]
[17:22:56] [Server thread/INFO]: [ysydZiYouRen: Showing new title for ysydZiYouRen]
[17:22:56] [Server thread/INFO]: [touxl1916: Showing new title for touxl1916]
[17:22:56] [Server thread/INFO]: [ysydZiYouRen: Showing new subtitle for ysydZiYouRen]
[17:22:56] [Server thread/INFO]: [touxl1916: Showing new subtitle for touxl1916]
[17:23:00] [Async Chat Thread - #0/INFO]: [Not Secure] <touxl1916> nmsl
[17:23:06] [Async Chat Thread - #0/INFO]: [Not Secure] <ysydZiYouRen> 好的
[17:23:08] [Async Chat Thread - #0/INFO]: [Not Secure] <touxl1916> 你上这个干什么
[17:23:17] [Async Chat Thread - #1/INFO]: [Not Secure] <ysydZiYouRen> 等你重启
[17:23:25] [Async Chat Thread - #1/INFO]: [Not Secure] <touxl1916> haode
[17:23:58] [Async Chat Thread - #0/INFO]: [Not Secure] <touxl1916> mspt疑似有点高了
[17:24:03] [Async Chat Thread - #1/INFO]: [Not Secure] <ysydZiYouRen> 对
[17:24:11] [Server thread/INFO]: touxl1916 lost connection: Disconnected
[17:24:11] [Server thread/INFO]: touxl1916 left the game
[17:24:16] [User Authenticator #6/INFO]: UUID of player touxl1916 is dda5a998-ba1e-3605-af21-6aeffaf8c42e
[17:24:16] [Server thread/INFO]: touxl1916 joined the game
[17:24:16] [Server thread/INFO]: touxl1916[/127.0.0.1:37478] logged in with entity id 1722 at ([world]671.1831464520665, 79.0, 1049.699999988079)
[17:24:16] [Server thread/INFO]: [touxl1916: Set [CountLeaveGame] for touxl1916 to 0]
[17:24:16] [Server thread/INFO]: [ysydZiYouRen: Showing new title for ysydZiYouRen]
[17:24:16] [Server thread/INFO]: [touxl1916: Showing new title for touxl1916]
[17:24:16] [Server thread/INFO]: [ysydZiYouRen: Showing new subtitle for ysydZiYouRen]
[17:24:16] [Server thread/INFO]: [touxl1916: Showing new subtitle for touxl1916]
[17:24:50] [Async Chat Thread - #1/INFO]: [Not Secure] <touxl1916> 好了
[17:24:53] [Server thread/INFO]: touxl1916 lost connection: Disconnected
[17:24:53] [Server thread/INFO]: touxl1916 left the game
[17:24:54] [Async Chat Thread - #0/INFO]: [Not Secure] <ysydZiYouRen> ok
[17:24:55] [Server thread/INFO]: ysydZiYouRen lost connection: Disconnected
[17:24:55] [Server thread/INFO]: ysydZiYouRen left the game
[17:35:03] [User Authenticator #7/INFO]: UUID of player ysydZiYouRen is cbb5bd76-2bc6-391d-9b29-857501acaa1d
[17:35:04] [Server thread/INFO]: ysydZiYouRen joined the game
[17:35:04] [Server thread/INFO]: ysydZiYouRen[/127.0.0.1:48292] logged in with entity id 1874 at ([world]714.3000000119209, 35.0, 1150.512499988079)
[17:35:04] [Server thread/INFO]: [ysydZiYouRen: Set [CountLeaveGame] for ysydZiYouRen to 0]
[17:35:04] [Server thread/INFO]: [ysydZiYouRen: Showing new title for ysydZiYouRen]
[17:35:04] [Server thread/INFO]: [ysydZiYouRen: Showing new subtitle for ysydZiYouRen]
[17:45:33] [Server thread/INFO]: There are 1 of a max of 114514 players online: ysydZiYouRen
[17:46:24] [Server thread/INFO]: [Not Secure] [Server] nmsl
[17:46:31] [Async Chat Thread - #3/INFO]: [Not Secure] <ysydZiYouRen> nmsl
[17:47:48] [Server thread/INFO]: [Not Secure] [Server] haode
[18:10:46] [Server thread/INFO]: ysydZiYouRen tried to swim in lava
[18:14:45] [Server thread/INFO]: There are 1 of a max of 114514 players online: ysydZiYouRen
[18:14:56] [Server thread/INFO]: [Not Secure] [Server] nmsl别玩了
[18:15:02] [Async Chat Thread - #5/INFO]: [Not Secure] <ysydZiYouRen> 好的
[18:15:07] [Async Chat Thread - #4/INFO]: [Not Secure] <ysydZiYouRen> 那咋了
[18:15:46] [Server thread/INFO]: [Not Secure] [Server] 只会说那咋了的人注定度过一个无为的人生
[18:21:01] [Server thread/INFO]: ysydZiYouRen lost connection: Disconnected
[18:21:01] [Server thread/INFO]: ysydZiYouRen left the game
[19:07:45] [User Authenticator #8/INFO]: UUID of player ysydZiYouRen is cbb5bd76-2bc6-391d-9b29-857501acaa1d
[19:07:45] [Server thread/INFO]: ysydZiYouRen joined the game
[19:07:45] [Server thread/INFO]: ysydZiYouRen[/127.0.0.1:45296] logged in with entity id 7439 at ([world]650.1718376135477, 195.0, 1226.0329465146167)
[19:07:45] [Server thread/INFO]: [ysydZiYouRen: Set [CountLeaveGame] for ysydZiYouRen to 0]
[19:07:45] [Server thread/INFO]: [ysydZiYouRen: Showing new title for ysydZiYouRen]
[19:07:45] [Server thread/INFO]: [ysydZiYouRen: Showing new subtitle for ysydZiYouRen]
[19:34:04] [Server thread/INFO]: ysydZiYouRen drowned
[19:39:25] [Server thread/INFO]: ysydZiYouRen lost connection: Disconnected
[19:39:25] [Server thread/INFO]: ysydZiYouRen left the game
[22:43:45] [User Authenticator #9/INFO]: UUID of player touxl1916 is dda5a998-ba1e-3605-af21-6aeffaf8c42e
[22:43:45] [Server thread/INFO]: touxl1916 joined the game
[22:43:45] [Server thread/INFO]: touxl1916[/127.0.0.1:36168] logged in with entity id 12318 at ([world]677.2105919871974, 79.0, 1049.1177221659157)
[22:43:45] [Server thread/INFO]: [touxl1916: Set [CountLeaveGame] for touxl1916 to 0]
[22:43:45] [Server thread/INFO]: [touxl1916: Showing new title for touxl1916]
[22:43:45] [Server thread/INFO]: [touxl1916: Showing new subtitle for touxl1916]
[22:44:57] [Server thread/INFO]: touxl1916 lost connection: Disconnected
[22:44:57] [Server thread/INFO]: touxl1916 left the game
[22:49:46] [Server thread/INFO]: There are 0 of a max of 114514 players online: 
[22:55:11] [Server thread/INFO]: Stopping the server
[22:55:11] [Server thread/INFO]: Stopping server
[22:55:11] [Server thread/INFO]: [SkinsRestorer] Disabling SkinsRestorer v15.5.2
[22:55:11] [Server thread/INFO]: [ViaRewind] Disabling ViaRewind v4.0.5
[22:55:11] [Server thread/INFO]: [ViaBackwards] Disabling ViaBackwards v5.2.1
[22:55:11] [Server thread/INFO]: [TabTPS] Disabling TabTPS v1.3.22
[22:55:11] [Server thread/INFO]: [ViaVersion] Disabling ViaVersion v5.2.1
[22:55:11] [Server thread/INFO]: [ViaVersion] ViaVersion is disabling. If this is a reload and you experience issues, please reboot instead.
[22:55:11] [Server thread/INFO]: [ViaVersion] ViaVersion has been disabled; uninjected the platform and shut down the scheduler.
[22:55:11] [Server thread/INFO]: [CoreProtect] Disabling CoreProtect v22.4
[22:55:11] [Server thread/INFO]: [CoreProtect] Finishing up data logging. Please wait...
[22:55:12] [Server thread/INFO]: [CoreProtect] Success! Disabled CoreProtect v22.4
[22:55:12] [Server thread/INFO]: Saving players
[22:55:12] [Server thread/INFO]: Saving worlds
[22:55:14] [Server thread/INFO]: Saving chunks for level 'ServerLevel[world]'/minecraft:overworld
[22:55:15] [Server thread/INFO]: Saving chunks for level 'ServerLevel[world_nether]'/minecraft:the_nether
[22:55:15] [Server thread/INFO]: Saving chunks for level 'ServerLevel[world_the_end]'/minecraft:the_end
[22:55:16] [Server thread/INFO]: ThreadedAnvilChunkStorage (world): All chunks are saved
[22:55:16] [Server thread/INFO]: ThreadedAnvilChunkStorage (DIM-1): All chunks are saved
[22:55:16] [Server thread/INFO]: ThreadedAnvilChunkStorage (DIM1): All chunks are saved
[22:55:16] [Server thread/INFO]: ThreadedAnvilChunkStorage: All dimensions are saved
