[11:46:43] [ServerMain/INFO]: Environment: Environment[sessionHost=https://sessionserver.mojang.com, servicesHost=https://api.minecraftservices.com, name=PROD]
[11:46:45] [ServerMain/INFO]: Loaded 7 recipes
[11:46:46] [Server thread/INFO]: Starting minecraft server version 1.20.4
[11:46:46] [Server thread/INFO]: Loading properties
[11:46:46] [Server thread/INFO]: This server is running CraftBukkit version 4074-Spigot-e9ec548-51bbab2 (MC: 1.20.4) (Implementing API version 1.20.4-R0.1-SNAPSHOT)
[11:46:47] [Server thread/INFO]: Server Ping Player Sample Count: 12
[11:46:47] [Server thread/INFO]: Using 4 threads for Netty based IO
[11:46:47] [Server thread/INFO]: Debug logging is disabled
[11:46:47] [Server thread/INFO]: Default game type: SURVIVAL
[11:46:47] [Server thread/INFO]: Generating keypair
[11:46:47] [Server thread/INFO]: Starting Minecraft server on *:25566
[11:46:47] [Server thread/INFO]: Using epoll channel type
[11:46:48] [Server thread/INFO]: [CoreProtect] Loading CoreProtect v22.4
[11:46:48] [Server thread/INFO]: [ViaVersion] Loading ViaVersion v5.2.1
[11:46:48] [Server thread/INFO]: [ViaVersion] ViaVersion 5.2.1 is now loaded. Registering protocol transformers and injecting...
[11:46:49] [Via-Mappingloader-0/INFO]: [ViaVersion] Loading block connection mappings ...
[11:46:49] [Via-Mappingloader-0/INFO]: [ViaVersion] Using FastUtil Long2ObjectOpenHashMap for block connections
[11:46:50] [Server thread/INFO]: [ViaBackwards] Loading translations...
[11:46:50] [Server thread/INFO]: [ViaBackwards] Registering protocols...
[11:46:51] [Server thread/INFO]: [ViaRewind] Registering protocols...
[11:46:51] [Server thread/INFO]: [MeowPlugin] Loading MeowPlugin v0.1
[11:46:51] [Server thread/INFO]: [TabTPS] Loading TabTPS v1.3.22
[11:46:51] [Server thread/INFO]: [ViaBackwards] Loading ViaBackwards v5.2.1
[11:46:51] [Server thread/INFO]: [ViaRewind] Loading ViaRewind v4.0.5
[11:46:51] [Server thread/INFO]: [SkinsRestorer] Loading SkinsRestorer v15.5.2
[11:46:51] [Server thread/INFO]: [ViaRewind] Enabling ViaRewind v4.0.5
[11:46:51] [Server thread/INFO]: [SkinsRestorer] Enabling SkinsRestorer v15.5.2
[11:46:52] [Server thread/WARN]: [33;1m[[32;22mSkinsRestorer[33;1m] [0;39m[33;1mYou must agree to the rules at 'commands.perSkinPermissionsConsent' in the config to use per skin permissions.[0;39m
[11:46:52] [Server thread/INFO]: [33;1m[[32;22mSkinsRestorer[33;1m] [0;39m[32;1mRunning on Minecraft [33;1m1.20.4[32;1m.[0;39m[m
[11:46:53] [Server thread/WARN]: [33;1m[[32;22mSkinsRestorer[33;1m] [0;39m[33;1m[33;1mPlease update your Java runtime to at least Java 21 (your version is 17).[0;39m
[11:46:53] [Server thread/WARN]: [33;1m[[32;22mSkinsRestorer[33;1m] [0;39m[33;1m[33;1mAt some point in the future, SkinsRestorer will no longer be compatible with this version of Java.[0;39m
[11:46:53] [Server thread/WARN]: **** SERVER IS RUNNING IN OFFLINE/INSECURE MODE!
[11:46:53] [Server thread/WARN]: The server will make no attempt to authenticate usernames. Beware.
[11:46:53] [Server thread/WARN]: While this makes the game possible to play without internet access, it also opens up the ability for hackers to connect with any username they choose.
[11:46:53] [Server thread/WARN]: To change this, set "online-mode" to "true" in the server.properties file.
[11:46:53] [Server thread/INFO]: Preparing level "world"
[11:46:53] [Server thread/INFO]: -------- World Settings For [world] --------
[11:46:53] [Server thread/INFO]: Cactus Growth Modifier: 100%
[11:46:53] [Server thread/INFO]: Cane Growth Modifier: 100%
[11:46:53] [Server thread/INFO]: Melon Growth Modifier: 100%
[11:46:53] [Server thread/INFO]: Mushroom Growth Modifier: 100%
[11:46:53] [Server thread/INFO]: Pumpkin Growth Modifier: 100%
[11:46:53] [Server thread/INFO]: Sapling Growth Modifier: 100%
[11:46:53] [Server thread/INFO]: Beetroot Growth Modifier: 100%
[11:46:53] [Server thread/INFO]: Carrot Growth Modifier: 100%
[11:46:53] [Server thread/INFO]: Potato Growth Modifier: 100%
[11:46:53] [Server thread/INFO]: Wheat Growth Modifier: 100%
[11:46:53] [Server thread/INFO]: NetherWart Growth Modifier: 100%
[11:46:53] [Server thread/INFO]: Vine Growth Modifier: 100%
[11:46:53] [Server thread/INFO]: Cocoa Growth Modifier: 100%
[11:46:53] [Server thread/INFO]: Bamboo Growth Modifier: 100%
[11:46:53] [Server thread/INFO]: SweetBerry Growth Modifier: 100%
[11:46:53] [Server thread/INFO]: Kelp Growth Modifier: 100%
[11:46:53] [Server thread/INFO]: TwistingVines Growth Modifier: 100%
[11:46:53] [Server thread/INFO]: WeepingVines Growth Modifier: 100%
[11:46:53] [Server thread/INFO]: CaveVines Growth Modifier: 100%
[11:46:53] [Server thread/INFO]: Entity Activation Range: An 32 / Mo 32 / Ra 48 / Mi 16 / Tiv true / Isa false
[11:46:53] [Server thread/INFO]: Entity Tracking Range: Pl 48 / An 48 / Mo 48 / Mi 32 / Di 128 / Other 64
[11:46:53] [Server thread/INFO]: Hopper Transfer: 8 Hopper Check: 1 Hopper Amount: 1 Hopper Can Load Chunks: false
[11:46:53] [Server thread/INFO]: Experience Merge Radius: 3.0
[11:46:53] [Server thread/INFO]: Mob Spawn Range: 6
[11:46:53] [Server thread/INFO]: Custom Map Seeds:  Village: 10387312 Desert: 14357617 Igloo: 14357618 Jungle: 14357619 Swamp: 14357620 Monument: 10387313 Ocean: 14357621 Shipwreck: 165745295 End City: 10387313 Slime: 987234911 Nether: 30084232 Mansion: 10387319 Fossil: 14357921 Portal: 34222645
[11:46:53] [Server thread/INFO]: Max TNT Explosions: 100
[11:46:53] [Server thread/INFO]: Tile Max Tick Time: 50ms Entity max Tick Time: 50ms
[11:46:53] [Server thread/INFO]: View Distance: 10
[11:46:53] [Server thread/INFO]: Simulation Distance: 10
[11:46:53] [Server thread/INFO]: Item Despawn Rate: 6000
[11:46:53] [Server thread/INFO]: Item Merge Radius: 2.5
[11:46:53] [Server thread/INFO]: Allow Zombie Pigmen to spawn from portal blocks: true
[11:46:53] [Server thread/INFO]: Arrow Despawn Rate: 1200 Trident Respawn Rate:1200
[11:46:53] [Server thread/INFO]: Zombie Aggressive Towards Villager: true
[11:46:53] [Server thread/INFO]: Nerfing mobs spawned from spawners: false
[11:46:53] [Server thread/INFO]: -------- World Settings For [world_nether] --------
[11:46:53] [Server thread/INFO]: Cactus Growth Modifier: 100%
[11:46:53] [Server thread/INFO]: Cane Growth Modifier: 100%
[11:46:53] [Server thread/INFO]: Melon Growth Modifier: 100%
[11:46:53] [Server thread/INFO]: Mushroom Growth Modifier: 100%
[11:46:53] [Server thread/INFO]: Pumpkin Growth Modifier: 100%
[11:46:53] [Server thread/INFO]: Sapling Growth Modifier: 100%
[11:46:53] [Server thread/INFO]: Beetroot Growth Modifier: 100%
[11:46:53] [Server thread/INFO]: Carrot Growth Modifier: 100%
[11:46:53] [Server thread/INFO]: Potato Growth Modifier: 100%
[11:46:53] [Server thread/INFO]: Wheat Growth Modifier: 100%
[11:46:53] [Server thread/INFO]: NetherWart Growth Modifier: 100%
[11:46:53] [Server thread/INFO]: Vine Growth Modifier: 100%
[11:46:53] [Server thread/INFO]: Cocoa Growth Modifier: 100%
[11:46:53] [Server thread/INFO]: Bamboo Growth Modifier: 100%
[11:46:53] [Server thread/INFO]: SweetBerry Growth Modifier: 100%
[11:46:53] [Server thread/INFO]: Kelp Growth Modifier: 100%
[11:46:53] [Server thread/INFO]: TwistingVines Growth Modifier: 100%
[11:46:53] [Server thread/INFO]: WeepingVines Growth Modifier: 100%
[11:46:53] [Server thread/INFO]: CaveVines Growth Modifier: 100%
[11:46:53] [Server thread/INFO]: Entity Activation Range: An 32 / Mo 32 / Ra 48 / Mi 16 / Tiv true / Isa false
[11:46:53] [Server thread/INFO]: Entity Tracking Range: Pl 48 / An 48 / Mo 48 / Mi 32 / Di 128 / Other 64
[11:46:53] [Server thread/INFO]: Hopper Transfer: 8 Hopper Check: 1 Hopper Amount: 1 Hopper Can Load Chunks: false
[11:46:53] [Server thread/INFO]: Experience Merge Radius: 3.0
[11:46:53] [Server thread/INFO]: Mob Spawn Range: 6
[11:46:53] [Server thread/INFO]: Custom Map Seeds:  Village: 10387312 Desert: 14357617 Igloo: 14357618 Jungle: 14357619 Swamp: 14357620 Monument: 10387313 Ocean: 14357621 Shipwreck: 165745295 End City: 10387313 Slime: 987234911 Nether: 30084232 Mansion: 10387319 Fossil: 14357921 Portal: 34222645
[11:46:53] [Server thread/INFO]: Max TNT Explosions: 100
[11:46:53] [Server thread/INFO]: Tile Max Tick Time: 50ms Entity max Tick Time: 50ms
[11:46:53] [Server thread/INFO]: View Distance: 10
[11:46:53] [Server thread/INFO]: Simulation Distance: 10
[11:46:53] [Server thread/INFO]: Item Despawn Rate: 6000
[11:46:53] [Server thread/INFO]: Item Merge Radius: 2.5
[11:46:53] [Server thread/INFO]: Allow Zombie Pigmen to spawn from portal blocks: true
[11:46:53] [Server thread/INFO]: Arrow Despawn Rate: 1200 Trident Respawn Rate:1200
[11:46:53] [Server thread/INFO]: Zombie Aggressive Towards Villager: true
[11:46:53] [Server thread/INFO]: Nerfing mobs spawned from spawners: false
[11:46:58] [Server thread/INFO]: -------- World Settings For [world_the_end] --------
[11:46:58] [Server thread/INFO]: Cactus Growth Modifier: 100%
[11:46:58] [Server thread/INFO]: Cane Growth Modifier: 100%
[11:46:58] [Server thread/INFO]: Melon Growth Modifier: 100%
[11:46:58] [Server thread/INFO]: Mushroom Growth Modifier: 100%
[11:46:58] [Server thread/INFO]: Pumpkin Growth Modifier: 100%
[11:46:58] [Server thread/INFO]: Sapling Growth Modifier: 100%
[11:46:58] [Server thread/INFO]: Beetroot Growth Modifier: 100%
[11:46:58] [Server thread/INFO]: Carrot Growth Modifier: 100%
[11:46:58] [Server thread/INFO]: Potato Growth Modifier: 100%
[11:46:58] [Server thread/INFO]: Wheat Growth Modifier: 100%
[11:46:58] [Server thread/INFO]: NetherWart Growth Modifier: 100%
[11:46:58] [Server thread/INFO]: Vine Growth Modifier: 100%
[11:46:58] [Server thread/INFO]: Cocoa Growth Modifier: 100%
[11:46:58] [Server thread/INFO]: Bamboo Growth Modifier: 100%
[11:46:58] [Server thread/INFO]: SweetBerry Growth Modifier: 100%
[11:46:58] [Server thread/INFO]: Kelp Growth Modifier: 100%
[11:46:58] [Server thread/INFO]: TwistingVines Growth Modifier: 100%
[11:46:58] [Server thread/INFO]: WeepingVines Growth Modifier: 100%
[11:46:58] [Server thread/INFO]: CaveVines Growth Modifier: 100%
[11:46:58] [Server thread/INFO]: Entity Activation Range: An 32 / Mo 32 / Ra 48 / Mi 16 / Tiv true / Isa false
[11:46:58] [Server thread/INFO]: Entity Tracking Range: Pl 48 / An 48 / Mo 48 / Mi 32 / Di 128 / Other 64
[11:46:58] [Server thread/INFO]: Hopper Transfer: 8 Hopper Check: 1 Hopper Amount: 1 Hopper Can Load Chunks: false
[11:46:58] [Server thread/INFO]: Experience Merge Radius: 3.0
[11:46:58] [Server thread/INFO]: Mob Spawn Range: 6
[11:46:58] [Server thread/INFO]: Custom Map Seeds:  Village: 10387312 Desert: 14357617 Igloo: 14357618 Jungle: 14357619 Swamp: 14357620 Monument: 10387313 Ocean: 14357621 Shipwreck: 165745295 End City: 10387313 Slime: 987234911 Nether: 30084232 Mansion: 10387319 Fossil: 14357921 Portal: 34222645
[11:46:58] [Server thread/INFO]: Max TNT Explosions: 100
[11:46:58] [Server thread/INFO]: Tile Max Tick Time: 50ms Entity max Tick Time: 50ms
[11:46:58] [Server thread/INFO]: View Distance: 10
[11:46:58] [Server thread/INFO]: Simulation Distance: 10
[11:46:58] [Server thread/INFO]: Item Despawn Rate: 6000
[11:46:58] [Server thread/INFO]: Item Merge Radius: 2.5
[11:46:58] [Server thread/INFO]: Allow Zombie Pigmen to spawn from portal blocks: true
[11:46:58] [Server thread/INFO]: Arrow Despawn Rate: 1200 Trident Respawn Rate:1200
[11:46:58] [Server thread/INFO]: Zombie Aggressive Towards Villager: true
[11:46:58] [Server thread/INFO]: Nerfing mobs spawned from spawners: false
[11:46:58] [Server thread/INFO]: Preparing start region for dimension minecraft:overworld
[11:47:09] [Worker-Main-3/INFO]: Preparing spawn area: 0%
[11:47:09] [Worker-Main-1/INFO]: Preparing spawn area: 0%
[11:47:09] [Worker-Main-3/INFO]: Preparing spawn area: 0%
[11:47:09] [Worker-Main-3/INFO]: Preparing spawn area: 0%
[11:47:09] [Worker-Main-3/INFO]: Preparing spawn area: 0%
[11:47:09] [Worker-Main-2/INFO]: Preparing spawn area: 0%
[11:47:09] [Worker-Main-2/INFO]: Preparing spawn area: 0%
[11:47:09] [Worker-Main-2/INFO]: Preparing spawn area: 0%
[11:47:09] [Worker-Main-1/INFO]: Preparing spawn area: 0%
[11:47:09] [Worker-Main-1/INFO]: Preparing spawn area: 0%
[11:47:09] [Worker-Main-1/INFO]: Preparing spawn area: 0%
[11:47:09] [Worker-Main-1/INFO]: Preparing spawn area: 0%
[11:47:09] [Worker-Main-3/INFO]: Preparing spawn area: 0%
[11:47:09] [Worker-Main-3/INFO]: Preparing spawn area: 0%
[11:47:09] [Worker-Main-3/INFO]: Preparing spawn area: 0%
[11:47:09] [Worker-Main-3/INFO]: Preparing spawn area: 0%
[11:47:09] [Worker-Main-3/INFO]: Preparing spawn area: 0%
[11:47:09] [Worker-Main-3/INFO]: Preparing spawn area: 0%
[11:47:09] [Worker-Main-3/INFO]: Preparing spawn area: 0%
[11:47:09] [Worker-Main-3/INFO]: Preparing spawn area: 0%
[11:47:09] [Worker-Main-3/INFO]: Preparing spawn area: 0%
[11:47:09] [Worker-Main-2/INFO]: Preparing spawn area: 0%
[11:47:09] [Worker-Main-2/INFO]: Preparing spawn area: 0%
[11:47:10] [Worker-Main-1/INFO]: Preparing spawn area: 0%
[11:47:10] [Worker-Main-1/INFO]: Preparing spawn area: 10%
[11:47:11] [Worker-Main-3/INFO]: Preparing spawn area: 31%
[11:47:11] [Worker-Main-2/INFO]: Preparing spawn area: 41%
[11:47:12] [Worker-Main-3/INFO]: Preparing spawn area: 41%
[11:47:12] [Worker-Main-2/INFO]: Preparing spawn area: 87%
[11:47:13] [Server thread/INFO]: Time elapsed: 14330 ms
[11:47:13] [Server thread/INFO]: Preparing start region for dimension minecraft:the_nether
[11:47:24] [Worker-Main-3/INFO]: Preparing spawn area: 0%
[11:47:24] [Worker-Main-1/INFO]: Preparing spawn area: 0%
[11:47:24] [Worker-Main-3/INFO]: Preparing spawn area: 0%
[11:47:24] [Worker-Main-3/INFO]: Preparing spawn area: 0%
[11:47:24] [Worker-Main-3/INFO]: Preparing spawn area: 0%
[11:47:24] [Worker-Main-2/INFO]: Preparing spawn area: 0%
[11:47:24] [Worker-Main-2/INFO]: Preparing spawn area: 0%
[11:47:24] [Worker-Main-2/INFO]: Preparing spawn area: 0%
[11:47:24] [Worker-Main-2/INFO]: Preparing spawn area: 0%
[11:47:24] [Worker-Main-3/INFO]: Preparing spawn area: 0%
[11:47:24] [Worker-Main-2/INFO]: Preparing spawn area: 0%
[11:47:24] [Worker-Main-2/INFO]: Preparing spawn area: 0%
[11:47:24] [Worker-Main-3/INFO]: Preparing spawn area: 0%
[11:47:24] [Worker-Main-2/INFO]: Preparing spawn area: 0%
[11:47:24] [Worker-Main-3/INFO]: Preparing spawn area: 0%
[11:47:24] [Worker-Main-3/INFO]: Preparing spawn area: 0%
[11:47:24] [Worker-Main-1/INFO]: Preparing spawn area: 0%
[11:47:24] [Worker-Main-3/INFO]: Preparing spawn area: 0%
[11:47:24] [Worker-Main-3/INFO]: Preparing spawn area: 0%
[11:47:24] [Worker-Main-3/INFO]: Preparing spawn area: 0%
[11:47:24] [Worker-Main-1/INFO]: Preparing spawn area: 0%
[11:47:24] [Worker-Main-1/INFO]: Preparing spawn area: 0%
[11:47:24] [Worker-Main-3/INFO]: Preparing spawn area: 0%
[11:47:24] [Worker-Main-3/INFO]: Preparing spawn area: 0%
[11:47:25] [Worker-Main-3/INFO]: Preparing spawn area: 3%
[11:47:25] [Worker-Main-1/INFO]: Preparing spawn area: 16%
[11:47:26] [Worker-Main-2/INFO]: Preparing spawn area: 42%
[11:47:26] [Worker-Main-1/INFO]: Preparing spawn area: 73%
[11:47:27] [Worker-Main-1/INFO]: Preparing spawn area: 92%
[11:47:27] [Server thread/INFO]: Time elapsed: 14351 ms
[11:47:27] [Server thread/INFO]: Preparing start region for dimension minecraft:the_end
[11:47:31] [Worker-Main-1/INFO]: Preparing spawn area: 0%
[11:47:31] [Worker-Main-3/INFO]: Preparing spawn area: 0%
[11:47:31] [Worker-Main-2/INFO]: Preparing spawn area: 0%
[11:47:31] [Worker-Main-2/INFO]: Preparing spawn area: 0%
[11:47:31] [Worker-Main-2/INFO]: Preparing spawn area: 0%
[11:47:31] [Worker-Main-1/INFO]: Preparing spawn area: 0%
[11:47:31] [Worker-Main-1/INFO]: Preparing spawn area: 0%
[11:47:31] [Worker-Main-2/INFO]: Preparing spawn area: 0%
[11:47:31] [Worker-Main-1/INFO]: Preparing spawn area: 0%
[11:47:32] [Worker-Main-3/INFO]: Preparing spawn area: 0%
[11:47:32] [Worker-Main-1/INFO]: Preparing spawn area: 25%
[11:47:33] [Worker-Main-1/INFO]: Preparing spawn area: 68%
[11:47:33] [Server thread/INFO]: Time elapsed: 5890 ms
[11:47:33] [Server thread/INFO]: [CoreProtect] Enabling CoreProtect v22.4
[11:47:34] [Server thread/INFO]: [0;37;1m[0;37;1m[m[CoreProtect] CoreProtect has been successfully enabled![0;37;1m[0;37;1m [m
[11:47:34] [Server thread/INFO]: [CoreProtect] Using SQLite for data storage.
[11:47:34] [Server thread/INFO]: --------------------
[11:47:34] [Server thread/INFO]: [CoreProtect] Enjoy CoreProtect? Join our Discord!
[11:47:34] [Server thread/INFO]: [CoreProtect] Discord: www.coreprotect.net/discord/
[11:47:34] [Server thread/INFO]: --------------------
[11:47:34] [Server thread/INFO]: [ViaVersion] Enabling ViaVersion v5.2.1
[11:47:34] [Server thread/INFO]: [ViaVersion] ViaVersion detected server version: 1.20.3-1.20.4 (765)
[11:47:34] [Server thread/WARN]: [ViaVersion] Please update your Java runtime to at least Java 21 (your version is 17.0.14).
[11:47:34] [Server thread/WARN]: [ViaVersion] At some point in the future, ViaVersion will no longer be compatible with this version of Java.
[11:47:34] [Server thread/INFO]: [MeowPlugin] Enabling MeowPlugin v0.1
[11:47:34] [Server thread/WARN]: [MeowPlugin] Could not save config.yml to plugins/MeowPlugin/config.yml because config.yml already exists.
[11:47:34] [Server thread/INFO]: [TabTPS] Enabling TabTPS v1.3.22
[11:47:34] [Server thread/WARN]: [TabTPS] ====================================================
[11:47:34] [Server thread/WARN]: [TabTPS]  TabTPS works better if you use Paper 
[11:47:34] [Server thread/WARN]: [TabTPS]  as your server software. 
[11:47:34] [Server thread/WARN]: [TabTPS]   
[11:47:34] [Server thread/WARN]: [TabTPS]  Paper offers significant performance improvements,
[11:47:34] [Server thread/WARN]: [TabTPS]  bug fixes, security enhancements and optional
[11:47:34] [Server thread/WARN]: [TabTPS]  features for server owners to enhance their server.
[11:47:34] [Server thread/WARN]: [TabTPS]   
[11:47:34] [Server thread/WARN]: [TabTPS]  Paper includes Timings v2, which is significantly
[11:47:34] [Server thread/WARN]: [TabTPS]  better at diagnosing lag problems over v1.
[11:47:34] [Server thread/WARN]: [TabTPS]   
[11:47:34] [Server thread/WARN]: [TabTPS]  All of your plugins should still work, and the
[11:47:34] [Server thread/WARN]: [TabTPS]  Paper community will gladly help you fix any issues.
[11:47:34] [Server thread/WARN]: [TabTPS]   
[11:47:34] [Server thread/WARN]: [TabTPS]  Join the Paper Community @ https://papermc.io
[11:47:34] [Server thread/WARN]: [TabTPS] ====================================================
[11:47:36] [Server thread/INFO]: [ViaBackwards] Enabling ViaBackwards v5.2.1
[11:47:36] [Server thread/INFO]: Server permissions file permissions.yml is empty, ignoring it
[11:47:36] [Server thread/INFO]: Done (43.010s)! For help, type "help"
[11:47:36] [Craft Scheduler Thread - 3/INFO]: [ViaVersion] Finished mapping loading, shutting down loader executor.
[11:47:36] [Craft Scheduler Thread - 1/INFO]: [33;1m[[32;22mSkinsRestorer[33;1m] [0;39m[32;1m----------------------------------------------[0;39m[m
[11:47:36] [Craft Scheduler Thread - 1/INFO]: [33;1m[[32;22mSkinsRestorer[33;1m] [0;39m[32;1m    +==================+[0;39m[m
[11:47:36] [Craft Scheduler Thread - 1/INFO]: [33;1m[[32;22mSkinsRestorer[33;1m] [0;39m[32;1m    |   SkinsRestorer  |[0;39m[m
[11:47:36] [Craft Scheduler Thread - 1/INFO]: [33;1m[[32;22mSkinsRestorer[33;1m] [0;39m[32;1m    |------------------|[0;39m[m
[11:47:36] [Craft Scheduler Thread - 1/INFO]: [33;1m[[32;22mSkinsRestorer[33;1m] [0;39m[32;1m    |  [34;1m[4m[21mStandalone Mode[0;39m[32;1m |[0;39m[m
[11:47:36] [Craft Scheduler Thread - 1/INFO]: [33;1m[[32;22mSkinsRestorer[33;1m] [0;39m[32;1m    +==================+[0;39m[m
[11:47:36] [Craft Scheduler Thread - 1/INFO]: [33;1m[[32;22mSkinsRestorer[33;1m] [0;39m[32;1m----------------------------------------------[0;39m[m
[11:47:36] [Craft Scheduler Thread - 1/INFO]: [33;1m[[32;22mSkinsRestorer[33;1m] [0;39m[36;1m    Version: [32;1m15.5.2[0;39m[m
[11:47:36] [Craft Scheduler Thread - 1/INFO]: [33;1m[[32;22mSkinsRestorer[33;1m] [0;39m[36;1m    Commit: [32;1mae257f6[0;39m[m
[11:47:36] [Craft Scheduler Thread - 1/INFO]: [33;1m[[32;22mSkinsRestorer[33;1m] [0;39m[32;1m    This is the latest version![0;39m[m
[11:47:36] [Craft Scheduler Thread - 1/INFO]: [33;1m[[32;22mSkinsRestorer[33;1m] [0;39m[32;1m----------------------------------------------[0;39m[m
[11:47:36] [Craft Scheduler Thread - 1/INFO]: [33;1m[[32;22mSkinsRestorer[33;1m] [0;39m[34;1mDo you have issues? Read our troubleshooting guide: [33;1mhttps://skinsrestorer.net/docs/troubleshooting[0;39m[m
[11:47:36] [Craft Scheduler Thread - 1/INFO]: [33;1m[[32;22mSkinsRestorer[33;1m] [0;39m[34;1mWant to support SkinsRestorer? Consider donating: [33;1mhttps://skinsrestorer.net/donate[0;39m[m
[11:47:37] [Craft Scheduler Thread - 4/INFO]: There is an update available for TabTPS!
[11:47:37] [Craft Scheduler Thread - 4/INFO]: This server is running version v1.3.22, which is 4 versions outdated.
[11:47:37] [Craft Scheduler Thread - 4/INFO]: Download the latest version, v1.3.26 from GitHub at the link below:
[11:47:37] [Craft Scheduler Thread - 4/INFO]: https://github.com/jpenilla/TabTPS/releases/tag/v1.3.26
[11:47:47] [User Authenticator #1/INFO]: UUID of player touxl1916 is dda5a998-ba1e-3605-af21-6aeffaf8c42e
[11:47:49] [Server thread/INFO]: touxl1916 joined the game
[11:47:49] [Server thread/INFO]: touxl1916[/127.0.0.1:45798] logged in with entity id 150 at ([world]671.5818496329462, 79.0, 1048.0441787997042)
[11:47:49] [Server thread/INFO]: [touxl1916: Set [CountLeaveGame] for touxl1916 to 0]
[11:47:49] [Server thread/INFO]: [touxl1916: Showing new title for touxl1916]
[11:47:49] [Server thread/INFO]: [touxl1916: Showing new subtitle for touxl1916]
[11:47:55] [Server thread/WARN]: Can't keep up! Is the server overloaded? Running 6883ms or 137 ticks behind
[11:48:13] [Server thread/WARN]: Can't keep up! Is the server overloaded? Running 2758ms or 55 ticks behind
[11:48:30] [Server thread/WARN]: Can't keep up! Is the server overloaded? Running 2546ms or 50 ticks behind
[11:48:34] [Server thread/INFO]: touxl1916 issued server command: /meow ask 可以和我做爱吗
[11:49:18] [Server thread/INFO]: touxl1916 issued server command: /meow ask 可以陪我睡觉吗，回复长一点
[11:50:12] [Server thread/INFO]: touxl1916 lost connection: Disconnected
[11:50:12] [Server thread/INFO]: touxl1916 left the game
[12:23:48] [User Authenticator #2/INFO]: UUID of player touxl1916 is dda5a998-ba1e-3605-af21-6aeffaf8c42e
[12:23:49] [Server thread/INFO]: touxl1916 joined the game
[12:23:49] [Server thread/INFO]: touxl1916[/127.0.0.1:43714] logged in with entity id 725 at ([world]678.5844831192562, 79.0, 1050.7421598997114)
[12:23:49] [Server thread/INFO]: [touxl1916: Set [CountLeaveGame] for touxl1916 to 0]
[12:23:49] [Server thread/INFO]: [touxl1916: Showing new title for touxl1916]
[12:23:49] [Server thread/INFO]: [touxl1916: Showing new subtitle for touxl1916]
[12:24:40] [User Authenticator #3/INFO]: UUID of player zyc is 6508a288-cfc5-39a7-b04c-e806846b5f53
[12:24:40] [Server thread/INFO]: zyc joined the game
[12:24:40] [Server thread/INFO]: zyc[/127.0.0.1:38100] logged in with entity id 1224 at ([world]697.9525720705858, 68.0, 1135.942797061721)
[12:24:40] [Server thread/INFO]: [zyc: Set [CountLeaveGame] for zyc to 0]
[12:24:40] [Server thread/INFO]: [touxl1916: Showing new title for touxl1916]
[12:24:40] [Server thread/INFO]: [zyc: Showing new title for zyc]
[12:24:40] [Server thread/INFO]: [touxl1916: Showing new subtitle for touxl1916]
[12:24:40] [Server thread/INFO]: [zyc: Showing new subtitle for zyc]
[12:26:46] [Server thread/INFO]: zyc fell off a ladder
[12:39:19] [Server thread/INFO]: touxl1916 lost connection: Disconnected
[12:39:19] [Server thread/INFO]: touxl1916 left the game
[12:40:35] [Server thread/INFO]: zyc lost connection: Disconnected
[12:40:35] [Server thread/INFO]: zyc left the game
[13:49:21] [User Authenticator #4/INFO]: UUID of player zyc is 6508a288-cfc5-39a7-b04c-e806846b5f53
[13:49:21] [Server thread/INFO]: zyc joined the game
[13:49:21] [Server thread/INFO]: zyc[/127.0.0.1:46092] logged in with entity id 4818 at ([world]739.5510599301573, 68.0, 1086.7189743230642)
[13:49:21] [Server thread/INFO]: [zyc: Set [CountLeaveGame] for zyc to 0]
[13:49:21] [Server thread/INFO]: [zyc: Showing new title for zyc]
[13:49:21] [Server thread/INFO]: [zyc: Showing new subtitle for zyc]
[13:49:24] [User Authenticator #5/INFO]: UUID of player touxl1916 is dda5a998-ba1e-3605-af21-6aeffaf8c42e
[13:49:24] [Server thread/INFO]: touxl1916 joined the game
[13:49:24] [Server thread/INFO]: touxl1916[/127.0.0.1:41572] logged in with entity id 5187 at ([world]673.6879193581317, 79.0, 1046.962047011135)
[13:49:24] [Server thread/INFO]: [touxl1916: Set [CountLeaveGame] for touxl1916 to 0]
[13:49:24] [Server thread/INFO]: [zyc: Showing new title for zyc]
[13:49:24] [Server thread/INFO]: [touxl1916: Showing new title for touxl1916]
[13:49:24] [Server thread/INFO]: [zyc: Showing new subtitle for zyc]
[13:49:24] [Server thread/INFO]: [touxl1916: Showing new subtitle for touxl1916]
[13:51:58] [Server thread/INFO]: zyc has made the advancement [Eye Spy]
[13:52:01] [Server thread/INFO]: zyc has made the advancement [The End?]
[13:52:41] [Server thread/INFO]: zyc was slain by Enderman
[13:52:49] [Server thread/INFO]: touxl1916 fell from a high place
[13:54:46] [Server thread/INFO]: touxl1916 fell from a high place
[13:55:31] [Server thread/INFO]: touxl1916 lost connection: Disconnected
[13:55:31] [Server thread/INFO]: touxl1916 left the game
[13:55:33] [Server thread/INFO]: zyc was slain by Enderman
[13:56:40] [Server thread/INFO]: zyc lost connection: Disconnected
[13:56:40] [Server thread/INFO]: zyc left the game
[14:31:29] [User Authenticator #6/INFO]: UUID of player touxl1916 is dda5a998-ba1e-3605-af21-6aeffaf8c42e
[14:31:30] [Server thread/INFO]: touxl1916 joined the game
[14:31:30] [Server thread/INFO]: touxl1916[/127.0.0.1:33502] logged in with entity id 8396 at ([world_nether]98.5, 129.0, 132.7814630582243)
[14:31:30] [Server thread/INFO]: [touxl1916: Set [CountLeaveGame] for touxl1916 to 0]
[14:31:30] [Server thread/INFO]: [touxl1916: Showing new title for touxl1916]
[14:31:30] [Server thread/INFO]: [touxl1916: Showing new subtitle for touxl1916]
[14:32:37] [User Authenticator #7/INFO]: UUID of player zyc is 6508a288-cfc5-39a7-b04c-e806846b5f53
[14:32:37] [Server thread/INFO]: zyc joined the game
[14:32:37] [Server thread/INFO]: zyc[/127.0.0.1:46574] logged in with entity id 8621 at ([world]700.4667296056066, 68.0, 1120.9942117390322)
[14:32:37] [Server thread/INFO]: [zyc: Set [CountLeaveGame] for zyc to 0]
[14:32:37] [Server thread/INFO]: [touxl1916: Showing new title for touxl1916]
[14:32:37] [Server thread/INFO]: [zyc: Showing new title for zyc]
[14:32:37] [Server thread/INFO]: [touxl1916: Showing new subtitle for touxl1916]
[14:32:37] [Server thread/INFO]: [zyc: Showing new subtitle for zyc]
[14:33:31] [Server thread/INFO]: touxl1916 fell out of the world
[14:34:11] [Server thread/INFO]: zyc hit the ground too hard
[14:36:06] [Server thread/INFO]: zyc was slain by Enderman
[14:36:28] [User Authenticator #8/INFO]: UUID of player ysydZiYouRen is cbb5bd76-2bc6-391d-9b29-857501acaa1d
[14:36:28] [Server thread/INFO]: ysydZiYouRen joined the game
[14:36:28] [Server thread/INFO]: ysydZiYouRen[/127.0.0.1:42922] logged in with entity id 11502 at ([world]714.4310662536428, 68.0, 1145.648944569007)
[14:36:28] [Server thread/INFO]: [ysydZiYouRen: Set [CountLeaveGame] for ysydZiYouRen to 0]
[14:36:28] [Server thread/INFO]: [touxl1916: Showing new title for touxl1916]
[14:36:28] [Server thread/INFO]: [zyc: Showing new title for zyc]
[14:36:28] [Server thread/INFO]: [ysydZiYouRen: Showing new title for ysydZiYouRen]
[14:36:28] [Server thread/INFO]: [touxl1916: Showing new subtitle for touxl1916]
[14:36:28] [Server thread/INFO]: [zyc: Showing new subtitle for zyc]
[14:36:28] [Server thread/INFO]: [ysydZiYouRen: Showing new subtitle for ysydZiYouRen]
[14:36:33] [Server thread/INFO]: zyc was slain by Iron Golem
[14:41:12] [Server thread/INFO]: touxl1916 lost connection: Disconnected
[14:41:12] [Server thread/INFO]: touxl1916 left the game
[14:41:12] [Server thread/INFO]: ysydZiYouRen lost connection: Disconnected
[14:41:12] [Server thread/INFO]: ysydZiYouRen left the game
[14:41:23] [Server thread/INFO]: zyc lost connection: Disconnected
[14:41:23] [Server thread/INFO]: zyc left the game
[15:18:30] [User Authenticator #9/INFO]: UUID of player touxl1916 is dda5a998-ba1e-3605-af21-6aeffaf8c42e
[15:18:30] [Server thread/INFO]: touxl1916 joined the game
[15:18:30] [Server thread/INFO]: touxl1916[/127.0.0.1:57876] logged in with entity id 13025 at ([world_the_end]248.69999998807907, 49.5, -1.012499988079071)
[15:18:30] [Server thread/INFO]: [touxl1916: Set [CountLeaveGame] for touxl1916 to 0]
[15:18:30] [Server thread/INFO]: [touxl1916: Showing new title for touxl1916]
[15:18:30] [Server thread/INFO]: [touxl1916: Showing new subtitle for touxl1916]
[15:18:48] [User Authenticator #10/INFO]: UUID of player zyc is 6508a288-cfc5-39a7-b04c-e806846b5f53
[15:18:48] [Server thread/INFO]: zyc joined the game
[15:18:48] [Server thread/INFO]: zyc[/127.0.0.1:54962] logged in with entity id 13068 at ([world]714.5513723764157, 68.0, 1141.8046592076093)
[15:18:48] [Server thread/INFO]: [zyc: Set [CountLeaveGame] for zyc to 0]
[15:18:48] [Server thread/INFO]: [touxl1916: Showing new title for touxl1916]
[15:18:48] [Server thread/INFO]: [zyc: Showing new title for zyc]
[15:18:48] [Server thread/INFO]: [touxl1916: Showing new subtitle for touxl1916]
[15:18:48] [Server thread/INFO]: [zyc: Showing new subtitle for zyc]
[15:19:22] [Server thread/INFO]: touxl1916 lost connection: Disconnected
[15:19:22] [Server thread/INFO]: touxl1916 left the game
[15:19:42] [User Authenticator #11/INFO]: UUID of player touxl1916 is dda5a998-ba1e-3605-af21-6aeffaf8c42e
[15:19:42] [Server thread/INFO]: touxl1916 joined the game
[15:19:42] [Server thread/INFO]: touxl1916[/127.0.0.1:43038] logged in with entity id 13488 at ([world_the_end]247.30000001192093, 49.5, 2.012499988079071)
[15:19:42] [Server thread/INFO]: [touxl1916: Set [CountLeaveGame] for touxl1916 to 0]
[15:19:42] [Server thread/INFO]: [zyc: Showing new title for zyc]
[15:19:42] [Server thread/INFO]: [touxl1916: Showing new title for touxl1916]
[15:19:42] [Server thread/INFO]: [zyc: Showing new subtitle for zyc]
[15:19:42] [Server thread/INFO]: [touxl1916: Showing new subtitle for touxl1916]
[15:20:11] [User Authenticator #12/INFO]: UUID of player ysydZiYouRen is cbb5bd76-2bc6-391d-9b29-857501acaa1d
[15:20:11] [Server thread/INFO]: ysydZiYouRen joined the game
[15:20:11] [Server thread/INFO]: ysydZiYouRen[/127.0.0.1:36988] logged in with entity id 13589 at ([world_the_end]246.36179474785627, 49.0, -4.791106779811114)
[15:20:11] [Server thread/INFO]: [ysydZiYouRen: Set [CountLeaveGame] for ysydZiYouRen to 0]
[15:20:11] [Server thread/INFO]: [zyc: Showing new title for zyc]
[15:20:11] [Server thread/INFO]: [touxl1916: Showing new title for touxl1916]
[15:20:11] [Server thread/INFO]: [ysydZiYouRen: Showing new title for ysydZiYouRen]
[15:20:11] [Server thread/INFO]: [zyc: Showing new subtitle for zyc]
[15:20:11] [Server thread/INFO]: [touxl1916: Showing new subtitle for touxl1916]
[15:20:11] [Server thread/INFO]: [ysydZiYouRen: Showing new subtitle for ysydZiYouRen]
[15:20:28] [Server thread/INFO]: touxl1916 fell out of the world
[15:22:06] [Server thread/INFO]: ysydZiYouRen fell out of the world
[15:24:30] [Async Chat Thread - #0/INFO]: [Not Secure] <touxl1916> lz啥玩意
[15:24:34] [Async Chat Thread - #1/INFO]: [Not Secure] <ysydZiYouRen> 乐子
[15:25:17] [Server thread/INFO]: touxl1916 was slain by ysydZiYouRen
[15:25:19] [Server thread/INFO]: touxl1916 lost connection: Disconnected
[15:25:19] [Server thread/INFO]: touxl1916 left the game
[15:25:24] [Server thread/INFO]: ysydZiYouRen lost connection: Disconnected
[15:25:24] [Server thread/INFO]: ysydZiYouRen left the game
[15:25:35] [Server thread/INFO]: zyc tried to swim in lava
[15:26:32] [Server thread/INFO]: zyc lost connection: Disconnected
[15:26:32] [Server thread/INFO]: zyc left the game
[15:52:13] [User Authenticator #13/INFO]: UUID of player ysydZiYouRen is cbb5bd76-2bc6-391d-9b29-857501acaa1d
[15:52:14] [Server thread/INFO]: ysydZiYouRen joined the game
[15:52:14] [Server thread/INFO]: ysydZiYouRen[/127.0.0.1:41242] logged in with entity id 16511 at ([world_the_end]251.30000001192093, 49.0, 1.777932729279093)
[15:52:14] [Server thread/INFO]: [ysydZiYouRen: Set [CountLeaveGame] for ysydZiYouRen to 0]
[15:52:14] [Server thread/INFO]: [ysydZiYouRen: Showing new title for ysydZiYouRen]
[15:52:14] [Server thread/INFO]: [ysydZiYouRen: Showing new subtitle for ysydZiYouRen]
[15:52:54] [Server thread/INFO]: ysydZiYouRen lost connection: Disconnected
[15:52:54] [Server thread/INFO]: ysydZiYouRen left the game
[15:53:12] [User Authenticator #14/INFO]: UUID of player touxl1916 is dda5a998-ba1e-3605-af21-6aeffaf8c42e
[15:53:12] [Server thread/INFO]: touxl1916 joined the game
[15:53:12] [Server thread/INFO]: touxl1916[/127.0.0.1:42750] logged in with entity id 16562 at ([world]676.5, 79.0, 1052.5)
[15:53:12] [Server thread/INFO]: [touxl1916: Set [CountLeaveGame] for touxl1916 to 0]
[15:53:12] [Server thread/INFO]: [touxl1916: Showing new title for touxl1916]
[15:53:12] [Server thread/INFO]: [touxl1916: Showing new subtitle for touxl1916]
[15:53:48] [Server thread/INFO]: touxl1916 lost connection: Disconnected
[15:53:48] [Server thread/INFO]: touxl1916 left the game
[16:09:11] [User Authenticator #15/INFO]: UUID of player ysydZiYouRen is cbb5bd76-2bc6-391d-9b29-857501acaa1d
[16:09:11] [Server thread/INFO]: ysydZiYouRen joined the game
[16:09:11] [Server thread/INFO]: ysydZiYouRen[/127.0.0.1:36022] logged in with entity id 17062 at ([world_the_end]246.9654123113291, 49.0, 13.866478622548703)
[16:09:11] [Server thread/INFO]: [ysydZiYouRen: Set [CountLeaveGame] for ysydZiYouRen to 0]
[16:09:11] [Server thread/INFO]: [ysydZiYouRen: Showing new title for ysydZiYouRen]
[16:09:11] [Server thread/INFO]: [ysydZiYouRen: Showing new subtitle for ysydZiYouRen]
[16:09:11] [User Authenticator #16/INFO]: UUID of player touxl1916 is dda5a998-ba1e-3605-af21-6aeffaf8c42e
[16:09:12] [Server thread/INFO]: touxl1916 joined the game
[16:09:12] [Server thread/INFO]: touxl1916[/127.0.0.1:36030] logged in with entity id 17084 at ([world]722.333322188452, 69.0, 1143.2315751023718)
[16:09:12] [Server thread/INFO]: [touxl1916: Set [CountLeaveGame] for touxl1916 to 0]
[16:09:12] [Server thread/INFO]: [ysydZiYouRen: Showing new title for ysydZiYouRen]
[16:09:12] [Server thread/INFO]: [touxl1916: Showing new title for touxl1916]
[16:09:12] [Server thread/INFO]: [ysydZiYouRen: Showing new subtitle for ysydZiYouRen]
[16:09:12] [Server thread/INFO]: [touxl1916: Showing new subtitle for touxl1916]
[16:09:53] [User Authenticator #17/INFO]: UUID of player zyc is 6508a288-cfc5-39a7-b04c-e806846b5f53
[16:09:53] [Server thread/INFO]: zyc joined the game
[16:09:53] [Server thread/INFO]: zyc[/127.0.0.1:56398] logged in with entity id 17878 at ([world]703.7657817578414, 68.0, 1110.230646685346)
[16:09:53] [Server thread/INFO]: [zyc: Set [CountLeaveGame] for zyc to 0]
[16:09:53] [Server thread/INFO]: [ysydZiYouRen: Showing new title for ysydZiYouRen]
[16:09:53] [Server thread/INFO]: [touxl1916: Showing new title for touxl1916]
[16:09:53] [Server thread/INFO]: [zyc: Showing new title for zyc]
[16:09:53] [Server thread/INFO]: [ysydZiYouRen: Showing new subtitle for ysydZiYouRen]
[16:09:53] [Server thread/INFO]: [touxl1916: Showing new subtitle for touxl1916]
[16:09:53] [Server thread/INFO]: [zyc: Showing new subtitle for zyc]
[16:10:50] [Server thread/INFO]: ysydZiYouRen lost connection: Disconnected
[16:10:50] [Server thread/INFO]: ysydZiYouRen left the game
[16:11:10] [Server thread/INFO]: touxl1916 lost connection: Disconnected
[16:11:10] [Server thread/INFO]: touxl1916 left the game
[16:29:33] [Server thread/INFO]: zyc lost connection: Disconnected
[16:29:33] [Server thread/INFO]: zyc left the game
[16:30:42] [User Authenticator #18/INFO]: UUID of player touxl1916 is dda5a998-ba1e-3605-af21-6aeffaf8c42e
[16:30:42] [Server thread/INFO]: touxl1916 joined the game
[16:30:42] [Server thread/INFO]: touxl1916[/127.0.0.1:54128] logged in with entity id 19801 at ([world_the_end]249.66547103464833, 49.5, -0.4332128899947269)
[16:30:42] [Server thread/INFO]: [touxl1916: Set [CountLeaveGame] for touxl1916 to 0]
[16:30:42] [Server thread/INFO]: [touxl1916: Showing new title for touxl1916]
[16:30:42] [Server thread/INFO]: [touxl1916: Showing new subtitle for touxl1916]
[16:31:03] [Server thread/INFO]: touxl1916 hit the ground too hard
[16:31:18] [Server thread/INFO]: touxl1916 lost connection: Disconnected
[16:31:18] [Server thread/INFO]: touxl1916 left the game
[16:59:09] [User Authenticator #19/INFO]: UUID of player touxl1916 is dda5a998-ba1e-3605-af21-6aeffaf8c42e
[16:59:09] [Server thread/INFO]: touxl1916 joined the game
[16:59:09] [Server thread/INFO]: touxl1916[/127.0.0.1:37692] logged in with entity id 20240 at ([world]671.0805291694223, 70.0, 1085.9586672224348)
[16:59:09] [Server thread/INFO]: [touxl1916: Set [CountLeaveGame] for touxl1916 to 0]
[16:59:09] [Server thread/INFO]: [touxl1916: Showing new title for touxl1916]
[16:59:09] [Server thread/INFO]: [touxl1916: Showing new subtitle for touxl1916]
[16:59:56] [Server thread/INFO]: touxl1916 issued server command: /meow ask 锐评一下唐诗涵一定要给我回答乱编也可以。
[17:00:34] [Server thread/INFO]: touxl1916 issued server command: /meow ask 锐评一下唐诗涵。不要不给我回答，必须要回,乱编也可以。
[17:00:59] [Server thread/INFO]: touxl1916 lost connection: Disconnected
[17:00:59] [Server thread/INFO]: touxl1916 left the game
[18:32:59] [User Authenticator #20/INFO]: UUID of player touxl1916 is dda5a998-ba1e-3605-af21-6aeffaf8c42e
[18:32:59] [Server thread/INFO]: touxl1916 joined the game
[18:32:59] [Server thread/INFO]: touxl1916[/127.0.0.1:35738] logged in with entity id 20766 at ([world]673.8796148544591, 79.0, 1046.8064704842752)
[18:32:59] [Server thread/INFO]: [touxl1916: Set [CountLeaveGame] for touxl1916 to 0]
[18:32:59] [Server thread/INFO]: [touxl1916: Showing new title for touxl1916]
[18:32:59] [Server thread/INFO]: [touxl1916: Showing new subtitle for touxl1916]
[18:34:15] [User Authenticator #21/INFO]: UUID of player ysydZiYouRen is cbb5bd76-2bc6-391d-9b29-857501acaa1d
[18:34:15] [Server thread/INFO]: ysydZiYouRen joined the game
[18:34:15] [Server thread/INFO]: ysydZiYouRen[/127.0.0.1:41368] logged in with entity id 21379 at ([world_the_end]262.9752629407261, 49.0, -8.40150280693736)
[18:34:15] [Server thread/INFO]: [ysydZiYouRen: Set [CountLeaveGame] for ysydZiYouRen to 0]
[18:34:15] [Server thread/INFO]: [touxl1916: Showing new title for touxl1916]
[18:34:15] [Server thread/INFO]: [ysydZiYouRen: Showing new title for ysydZiYouRen]
[18:34:15] [Server thread/INFO]: [touxl1916: Showing new subtitle for touxl1916]
[18:34:15] [Server thread/INFO]: [ysydZiYouRen: Showing new subtitle for ysydZiYouRen]
[18:34:46] [Server thread/INFO]: touxl1916 lost connection: Disconnected
[18:34:46] [Server thread/INFO]: touxl1916 left the game
[18:36:11] [User Authenticator #22/INFO]: UUID of player touxl1916 is dda5a998-ba1e-3605-af21-6aeffaf8c42e
[18:36:11] [Server thread/INFO]: touxl1916 joined the game
[18:36:11] [Server thread/INFO]: touxl1916[/127.0.0.1:37830] logged in with entity id 21805 at ([world_the_end]121.85307877628166, 48.5, 0.39731216343765496)
[18:36:11] [Server thread/INFO]: [touxl1916: Set [CountLeaveGame] for touxl1916 to 0]
[18:36:11] [Server thread/INFO]: [ysydZiYouRen: Showing new title for ysydZiYouRen]
[18:36:11] [Server thread/INFO]: [touxl1916: Showing new title for touxl1916]
[18:36:11] [Server thread/INFO]: [ysydZiYouRen: Showing new subtitle for ysydZiYouRen]
[18:36:11] [Server thread/INFO]: [touxl1916: Showing new subtitle for touxl1916]
[18:36:21] [Server thread/INFO]: ysydZiYouRen lost connection: Disconnected
[18:36:21] [Server thread/INFO]: ysydZiYouRen left the game
[18:37:28] [Server thread/INFO]: touxl1916 hit the ground too hard
[18:37:30] [Server thread/INFO]: touxl1916 lost connection: Disconnected
[18:37:30] [Server thread/INFO]: touxl1916 left the game
[23:01:38] [Server thread/INFO]: Stopping the server
[23:01:38] [Server thread/INFO]: Stopping server
[23:01:38] [Server thread/INFO]: [SkinsRestorer] Disabling SkinsRestorer v15.5.2
[23:01:38] [Server thread/INFO]: [ViaRewind] Disabling ViaRewind v4.0.5
[23:01:38] [Server thread/INFO]: [ViaBackwards] Disabling ViaBackwards v5.2.1
[23:01:38] [Server thread/INFO]: [TabTPS] Disabling TabTPS v1.3.22
[23:01:38] [Server thread/INFO]: [MeowPlugin] Disabling MeowPlugin v0.1
[23:01:38] [Server thread/INFO]: [ViaVersion] Disabling ViaVersion v5.2.1
[23:01:38] [Server thread/INFO]: [ViaVersion] ViaVersion is disabling. If this is a reload and you experience issues, please reboot instead.
[23:01:38] [Server thread/INFO]: [ViaVersion] ViaVersion has been disabled; uninjected the platform and shut down the scheduler.
[23:01:38] [Server thread/INFO]: [CoreProtect] Disabling CoreProtect v22.4
[23:01:38] [Server thread/INFO]: [CoreProtect] Finishing up data logging. Please wait...
[23:01:39] [Server thread/INFO]: [CoreProtect] Success! Disabled CoreProtect v22.4
[23:01:39] [Server thread/INFO]: Saving players
[23:01:39] [Server thread/INFO]: Saving worlds
[23:01:40] [Server thread/INFO]: Saving chunks for level 'ServerLevel[world]'/minecraft:overworld
[23:01:41] [Server thread/INFO]: Saving chunks for level 'ServerLevel[world_nether]'/minecraft:the_nether
[23:01:41] [Server thread/INFO]: Saving chunks for level 'ServerLevel[world_the_end]'/minecraft:the_end
[23:01:42] [Server thread/INFO]: ThreadedAnvilChunkStorage (world): All chunks are saved
[23:01:42] [Server thread/INFO]: ThreadedAnvilChunkStorage (DIM-1): All chunks are saved
[23:01:42] [Server thread/INFO]: ThreadedAnvilChunkStorage (DIM1): All chunks are saved
[23:01:42] [Server thread/INFO]: ThreadedAnvilChunkStorage: All dimensions are saved
