[22:37:14] [ServerMain/INFO]: Environment: Environment[sessionHost=https://sessionserver.mojang.com, servicesHost=https://api.minecraftservices.com, name=PROD]
[22:37:16] [ServerMain/INFO]: Loaded 7 recipes
[22:37:17] [Server thread/INFO]: Starting minecraft server version 1.20.4
[22:37:17] [Server thread/INFO]: Loading properties
[22:37:18] [Server thread/INFO]: This server is running CraftBukkit version 4074-Spigot-e9ec548-51bbab2 (MC: 1.20.4) (Implementing API version 1.20.4-R0.1-SNAPSHOT)
[22:37:18] [Server thread/INFO]: Server Ping Player Sample Count: 12
[22:37:18] [Server thread/INFO]: Using 4 threads for Netty based IO
[22:37:18] [Server thread/INFO]: Debug logging is disabled
[22:37:18] [Server thread/INFO]: Default game type: SURVIVAL
[22:37:18] [Server thread/INFO]: Generating keypair
[22:37:18] [Server thread/INFO]: Starting Minecraft server on *:25566
[22:37:18] [Server thread/INFO]: Using epoll channel type
[22:37:19] [Server thread/INFO]: [CoreProtect] Loading CoreProtect v22.4
[22:37:19] [Server thread/INFO]: [ViaVersion] Loading ViaVersion v5.2.1
[22:37:19] [Server thread/INFO]: [ViaVersion] ViaVersion 5.2.1 is now loaded. Registering protocol transformers and injecting...
[22:37:20] [Via-Mappingloader-0/INFO]: [ViaVersion] Loading block connection mappings ...
[22:37:20] [Via-Mappingloader-0/INFO]: [ViaVersion] Using FastUtil Long2ObjectOpenHashMap for block connections
[22:37:20] [Server thread/INFO]: [ViaBackwards] Loading translations...
[22:37:20] [Server thread/INFO]: [ViaBackwards] Registering protocols...
[22:37:21] [Server thread/INFO]: [ViaRewind] Registering protocols...
[22:37:21] [Server thread/INFO]: [MeowPlugin] Loading MeowPlugin v0.1
[22:37:21] [Server thread/INFO]: [TabTPS] Loading TabTPS v1.3.22
[22:37:21] [Server thread/INFO]: [floodgate] Loading floodgate v2.2.4-SNAPSHOT (b116-0e3163c)
[22:37:22] [Server thread/INFO]: [floodgate] 启动 Floodgate，耗时721ms
[22:37:22] [Server thread/INFO]: [ViaBackwards] Loading ViaBackwards v5.2.1
[22:37:22] [Server thread/INFO]: [ViaRewind] Loading ViaRewind v4.0.5
[22:37:22] [Server thread/INFO]: [MiniMOTD] Loading MiniMOTD v2.1.1
[22:37:22] [Server thread/INFO]: [SkinsRestorer] Loading SkinsRestorer v15.5.3
[22:37:22] [Server thread/INFO]: [Geyser-Spigot] Loading Geyser-Spigot v2.6.1-SNAPSHOT
[22:37:23] [Server thread/INFO]: [Geyser-Spigot] 正在加载扩展...
[22:37:23] [Server thread/INFO]: [Geyser-Spigot] 已加载 0 个扩展
[22:37:23] [Server thread/INFO]: [ViaRewind] Enabling ViaRewind v4.0.5
[22:37:23] [Server thread/INFO]: [SkinsRestorer] Enabling SkinsRestorer v15.5.3
[22:37:23] [Server thread/WARN]: [33;1m[[32;22mSkinsRestorer[33;1m] [0;39m[33;1mYou must agree to the rules at 'commands.perSkinPermissionsConsent' in the config to use per skin permissions.[0;39m
[22:37:23] [Server thread/INFO]: [33;1m[[32;22mSkinsRestorer[33;1m] [0;39m[32;1mRunning on Minecraft [33;1m1.20.4[32;1m.[0;39m[m
[22:37:24] [Server thread/INFO]: [33;1m[[32;22mSkinsRestorer[33;1m] [0;39mFloodgate skin listener registered[0;39m[m
[22:37:24] [Server thread/WARN]: [33;1m[[32;22mSkinsRestorer[33;1m] [0;39m[33;1m[33;1mPlease update your Java runtime to at least Java 21 (your version is 17).[0;39m
[22:37:24] [Server thread/WARN]: [33;1m[[32;22mSkinsRestorer[33;1m] [0;39m[33;1m[33;1mAt some point in the future, SkinsRestorer will no longer be compatible with this version of Java.[0;39m
[22:37:24] [Server thread/WARN]: **** SERVER IS RUNNING IN OFFLINE/INSECURE MODE!
[22:37:24] [Server thread/WARN]: The server will make no attempt to authenticate usernames. Beware.
[22:37:24] [Server thread/WARN]: While this makes the game possible to play without internet access, it also opens up the ability for hackers to connect with any username they choose.
[22:37:24] [Server thread/WARN]: To change this, set "online-mode" to "true" in the server.properties file.
[22:37:24] [Server thread/INFO]: Preparing level "world"
[22:37:24] [Server thread/INFO]: -------- World Settings For [world] --------
[22:37:24] [Server thread/INFO]: Cactus Growth Modifier: 100%
[22:37:24] [Server thread/INFO]: Cane Growth Modifier: 100%
[22:37:24] [Server thread/INFO]: Melon Growth Modifier: 100%
[22:37:24] [Server thread/INFO]: Mushroom Growth Modifier: 100%
[22:37:24] [Server thread/INFO]: Pumpkin Growth Modifier: 100%
[22:37:24] [Server thread/INFO]: Sapling Growth Modifier: 100%
[22:37:24] [Server thread/INFO]: Beetroot Growth Modifier: 100%
[22:37:24] [Server thread/INFO]: Carrot Growth Modifier: 100%
[22:37:24] [Server thread/INFO]: Potato Growth Modifier: 100%
[22:37:24] [Server thread/INFO]: Wheat Growth Modifier: 100%
[22:37:24] [Server thread/INFO]: NetherWart Growth Modifier: 100%
[22:37:24] [Server thread/INFO]: Vine Growth Modifier: 100%
[22:37:24] [Server thread/INFO]: Cocoa Growth Modifier: 100%
[22:37:24] [Server thread/INFO]: Bamboo Growth Modifier: 100%
[22:37:24] [Server thread/INFO]: SweetBerry Growth Modifier: 100%
[22:37:24] [Server thread/INFO]: Kelp Growth Modifier: 100%
[22:37:24] [Server thread/INFO]: TwistingVines Growth Modifier: 100%
[22:37:24] [Server thread/INFO]: WeepingVines Growth Modifier: 100%
[22:37:24] [Server thread/INFO]: CaveVines Growth Modifier: 100%
[22:37:24] [Server thread/INFO]: Entity Activation Range: An 32 / Mo 32 / Ra 48 / Mi 16 / Tiv true / Isa false
[22:37:24] [Server thread/INFO]: Entity Tracking Range: Pl 48 / An 48 / Mo 48 / Mi 32 / Di 128 / Other 64
[22:37:24] [Server thread/INFO]: Hopper Transfer: 8 Hopper Check: 1 Hopper Amount: 1 Hopper Can Load Chunks: false
[22:37:24] [Server thread/INFO]: Experience Merge Radius: 3.0
[22:37:24] [Server thread/INFO]: Mob Spawn Range: 6
[22:37:24] [Server thread/INFO]: Custom Map Seeds:  Village: 10387312 Desert: 14357617 Igloo: 14357618 Jungle: 14357619 Swamp: 14357620 Monument: 10387313 Ocean: 14357621 Shipwreck: 165745295 End City: 10387313 Slime: 987234911 Nether: 30084232 Mansion: 10387319 Fossil: 14357921 Portal: 34222645
[22:37:24] [Server thread/INFO]: Max TNT Explosions: 100
[22:37:24] [Server thread/INFO]: Tile Max Tick Time: 50ms Entity max Tick Time: 50ms
[22:37:24] [Server thread/INFO]: Nerfing mobs spawned from spawners: false
[22:37:24] [Server thread/INFO]: View Distance: 32
[22:37:24] [Server thread/INFO]: Simulation Distance: 10
[22:37:24] [Server thread/INFO]: Item Despawn Rate: 6000
[22:37:24] [Server thread/INFO]: Item Merge Radius: 2.5
[22:37:24] [Server thread/INFO]: Allow Zombie Pigmen to spawn from portal blocks: true
[22:37:24] [Server thread/INFO]: Arrow Despawn Rate: 1200 Trident Respawn Rate:1200
[22:37:24] [Server thread/INFO]: Zombie Aggressive Towards Villager: true
[22:37:25] [Server thread/INFO]: -------- World Settings For [world_nether] --------
[22:37:25] [Server thread/INFO]: Cactus Growth Modifier: 100%
[22:37:25] [Server thread/INFO]: Cane Growth Modifier: 100%
[22:37:25] [Server thread/INFO]: Melon Growth Modifier: 100%
[22:37:25] [Server thread/INFO]: Mushroom Growth Modifier: 100%
[22:37:25] [Server thread/INFO]: Pumpkin Growth Modifier: 100%
[22:37:25] [Server thread/INFO]: Sapling Growth Modifier: 100%
[22:37:25] [Server thread/INFO]: Beetroot Growth Modifier: 100%
[22:37:25] [Server thread/INFO]: Carrot Growth Modifier: 100%
[22:37:25] [Server thread/INFO]: Potato Growth Modifier: 100%
[22:37:25] [Server thread/INFO]: Wheat Growth Modifier: 100%
[22:37:25] [Server thread/INFO]: NetherWart Growth Modifier: 100%
[22:37:25] [Server thread/INFO]: Vine Growth Modifier: 100%
[22:37:25] [Server thread/INFO]: Cocoa Growth Modifier: 100%
[22:37:25] [Server thread/INFO]: Bamboo Growth Modifier: 100%
[22:37:25] [Server thread/INFO]: SweetBerry Growth Modifier: 100%
[22:37:25] [Server thread/INFO]: Kelp Growth Modifier: 100%
[22:37:25] [Server thread/INFO]: TwistingVines Growth Modifier: 100%
[22:37:25] [Server thread/INFO]: WeepingVines Growth Modifier: 100%
[22:37:25] [Server thread/INFO]: CaveVines Growth Modifier: 100%
[22:37:25] [Server thread/INFO]: Entity Activation Range: An 32 / Mo 32 / Ra 48 / Mi 16 / Tiv true / Isa false
[22:37:25] [Server thread/INFO]: Entity Tracking Range: Pl 48 / An 48 / Mo 48 / Mi 32 / Di 128 / Other 64
[22:37:25] [Server thread/INFO]: Hopper Transfer: 8 Hopper Check: 1 Hopper Amount: 1 Hopper Can Load Chunks: false
[22:37:25] [Server thread/INFO]: Experience Merge Radius: 3.0
[22:37:25] [Server thread/INFO]: Mob Spawn Range: 6
[22:37:25] [Server thread/INFO]: Custom Map Seeds:  Village: 10387312 Desert: 14357617 Igloo: 14357618 Jungle: 14357619 Swamp: 14357620 Monument: 10387313 Ocean: 14357621 Shipwreck: 165745295 End City: 10387313 Slime: 987234911 Nether: 30084232 Mansion: 10387319 Fossil: 14357921 Portal: 34222645
[22:37:25] [Server thread/INFO]: Max TNT Explosions: 100
[22:37:25] [Server thread/INFO]: Tile Max Tick Time: 50ms Entity max Tick Time: 50ms
[22:37:25] [Server thread/INFO]: Nerfing mobs spawned from spawners: false
[22:37:25] [Server thread/INFO]: View Distance: 32
[22:37:25] [Server thread/INFO]: Simulation Distance: 10
[22:37:25] [Server thread/INFO]: Item Despawn Rate: 6000
[22:37:25] [Server thread/INFO]: Item Merge Radius: 2.5
[22:37:25] [Server thread/INFO]: Allow Zombie Pigmen to spawn from portal blocks: true
[22:37:25] [Server thread/INFO]: Arrow Despawn Rate: 1200 Trident Respawn Rate:1200
[22:37:25] [Server thread/INFO]: Zombie Aggressive Towards Villager: true
[22:37:28] [Server thread/INFO]: -------- World Settings For [world_the_end] --------
[22:37:28] [Server thread/INFO]: Cactus Growth Modifier: 100%
[22:37:28] [Server thread/INFO]: Cane Growth Modifier: 100%
[22:37:28] [Server thread/INFO]: Melon Growth Modifier: 100%
[22:37:28] [Server thread/INFO]: Mushroom Growth Modifier: 100%
[22:37:28] [Server thread/INFO]: Pumpkin Growth Modifier: 100%
[22:37:28] [Server thread/INFO]: Sapling Growth Modifier: 100%
[22:37:28] [Server thread/INFO]: Beetroot Growth Modifier: 100%
[22:37:28] [Server thread/INFO]: Carrot Growth Modifier: 100%
[22:37:28] [Server thread/INFO]: Potato Growth Modifier: 100%
[22:37:28] [Server thread/INFO]: Wheat Growth Modifier: 100%
[22:37:28] [Server thread/INFO]: NetherWart Growth Modifier: 100%
[22:37:28] [Server thread/INFO]: Vine Growth Modifier: 100%
[22:37:28] [Server thread/INFO]: Cocoa Growth Modifier: 100%
[22:37:28] [Server thread/INFO]: Bamboo Growth Modifier: 100%
[22:37:28] [Server thread/INFO]: SweetBerry Growth Modifier: 100%
[22:37:28] [Server thread/INFO]: Kelp Growth Modifier: 100%
[22:37:28] [Server thread/INFO]: TwistingVines Growth Modifier: 100%
[22:37:28] [Server thread/INFO]: WeepingVines Growth Modifier: 100%
[22:37:28] [Server thread/INFO]: CaveVines Growth Modifier: 100%
[22:37:28] [Server thread/INFO]: Entity Activation Range: An 32 / Mo 32 / Ra 48 / Mi 16 / Tiv true / Isa false
[22:37:28] [Server thread/INFO]: Entity Tracking Range: Pl 48 / An 48 / Mo 48 / Mi 32 / Di 128 / Other 64
[22:37:28] [Server thread/INFO]: Hopper Transfer: 8 Hopper Check: 1 Hopper Amount: 1 Hopper Can Load Chunks: false
[22:37:28] [Server thread/INFO]: Experience Merge Radius: 3.0
[22:37:28] [Server thread/INFO]: Mob Spawn Range: 6
[22:37:28] [Server thread/INFO]: Custom Map Seeds:  Village: 10387312 Desert: 14357617 Igloo: 14357618 Jungle: 14357619 Swamp: 14357620 Monument: 10387313 Ocean: 14357621 Shipwreck: 165745295 End City: 10387313 Slime: 987234911 Nether: 30084232 Mansion: 10387319 Fossil: 14357921 Portal: 34222645
[22:37:28] [Server thread/INFO]: Max TNT Explosions: 100
[22:37:28] [Server thread/INFO]: Tile Max Tick Time: 50ms Entity max Tick Time: 50ms
[22:37:28] [Server thread/INFO]: Nerfing mobs spawned from spawners: false
[22:37:28] [Server thread/INFO]: View Distance: 32
[22:37:28] [Server thread/INFO]: Simulation Distance: 10
[22:37:28] [Server thread/INFO]: Item Despawn Rate: 6000
[22:37:28] [Server thread/INFO]: Item Merge Radius: 2.5
[22:37:28] [Server thread/INFO]: Allow Zombie Pigmen to spawn from portal blocks: true
[22:37:28] [Server thread/INFO]: Arrow Despawn Rate: 1200 Trident Respawn Rate:1200
[22:37:28] [Server thread/INFO]: Zombie Aggressive Towards Villager: true
[22:37:28] [Server thread/INFO]: Preparing start region for dimension minecraft:overworld
[22:37:33] [Worker-Main-2/INFO]: Preparing spawn area: 0%
[22:37:33] [Worker-Main-2/INFO]: Preparing spawn area: 0%
[22:37:33] [Worker-Main-2/INFO]: Preparing spawn area: 0%
[22:37:33] [Worker-Main-2/INFO]: Preparing spawn area: 0%
[22:37:33] [Worker-Main-2/INFO]: Preparing spawn area: 0%
[22:37:33] [Worker-Main-3/INFO]: Preparing spawn area: 0%
[22:37:33] [Worker-Main-3/INFO]: Preparing spawn area: 0%
[22:37:33] [Worker-Main-3/INFO]: Preparing spawn area: 0%
[22:37:33] [Worker-Main-3/INFO]: Preparing spawn area: 0%
[22:37:33] [Worker-Main-1/INFO]: Preparing spawn area: 0%
[22:37:33] [Worker-Main-1/INFO]: Preparing spawn area: 0%
[22:37:34] [Worker-Main-2/INFO]: Preparing spawn area: 0%
[22:37:34] [Worker-Main-3/INFO]: Preparing spawn area: 35%
[22:37:35] [Server thread/INFO]: Time elapsed: 6497 ms
[22:37:35] [Server thread/INFO]: Preparing start region for dimension minecraft:the_nether
[22:37:37] [Worker-Main-1/INFO]: Preparing spawn area: 0%
[22:37:37] [Worker-Main-2/INFO]: Preparing spawn area: 0%
[22:37:37] [Worker-Main-3/INFO]: Preparing spawn area: 0%
[22:37:37] [Worker-Main-2/INFO]: Preparing spawn area: 0%
[22:37:37] [Worker-Main-3/INFO]: Preparing spawn area: 0%
[22:37:37] [Worker-Main-3/INFO]: Preparing spawn area: 0%
[22:37:38] [Worker-Main-3/INFO]: Preparing spawn area: 0%
[22:37:38] [Worker-Main-1/INFO]: Preparing spawn area: 54%
[22:37:39] [Server thread/INFO]: Time elapsed: 3810 ms
[22:37:39] [Server thread/INFO]: Preparing start region for dimension minecraft:the_end
[22:37:40] [Worker-Main-1/INFO]: Preparing spawn area: 0%
[22:37:40] [Worker-Main-2/INFO]: Preparing spawn area: 0%
[22:37:40] [Worker-Main-2/INFO]: Preparing spawn area: 0%
[22:37:40] [Worker-Main-2/INFO]: Preparing spawn area: 0%
[22:37:41] [Worker-Main-1/INFO]: Preparing spawn area: 24%
[22:37:41] [Server thread/INFO]: Time elapsed: 2357 ms
[22:37:41] [Server thread/INFO]: [CoreProtect] Enabling CoreProtect v22.4
[22:37:41] [Server thread/INFO]: [0;37;1m[0;37;1m[m[CoreProtect] CoreProtect has been successfully enabled![0;37;1m[0;37;1m [m
[22:37:41] [Server thread/INFO]: [CoreProtect] Using SQLite for data storage.
[22:37:41] [Server thread/INFO]: --------------------
[22:37:41] [Server thread/INFO]: [CoreProtect] Enjoy CoreProtect? Join our Discord!
[22:37:41] [Server thread/INFO]: [CoreProtect] Discord: www.coreprotect.net/discord/
[22:37:41] [Server thread/INFO]: --------------------
[22:37:41] [Server thread/INFO]: [ViaVersion] Enabling ViaVersion v5.2.1
[22:37:41] [Server thread/INFO]: [ViaVersion] ViaVersion detected server version: 1.20.3-1.20.4 (765)
[22:37:41] [Server thread/WARN]: [ViaVersion] Please update your Java runtime to at least Java 21 (your version is 17.0.14).
[22:37:41] [Server thread/WARN]: [ViaVersion] At some point in the future, ViaVersion will no longer be compatible with this version of Java.
[22:37:41] [Server thread/INFO]: [MeowPlugin] Enabling MeowPlugin v0.1
[22:37:41] [Server thread/INFO]: [TabTPS] Enabling TabTPS v1.3.22
[22:37:42] [Server thread/WARN]: [TabTPS] ====================================================
[22:37:42] [Server thread/WARN]: [TabTPS]  TabTPS works better if you use Paper 
[22:37:42] [Server thread/WARN]: [TabTPS]  as your server software. 
[22:37:42] [Server thread/WARN]: [TabTPS]   
[22:37:42] [Server thread/WARN]: [TabTPS]  Paper offers significant performance improvements,
[22:37:42] [Server thread/WARN]: [TabTPS]  bug fixes, security enhancements and optional
[22:37:42] [Server thread/WARN]: [TabTPS]  features for server owners to enhance their server.
[22:37:42] [Server thread/WARN]: [TabTPS]   
[22:37:42] [Server thread/WARN]: [TabTPS]  Paper includes Timings v2, which is significantly
[22:37:42] [Server thread/WARN]: [TabTPS]  better at diagnosing lag problems over v1.
[22:37:42] [Server thread/WARN]: [TabTPS]   
[22:37:42] [Server thread/WARN]: [TabTPS]  All of your plugins should still work, and the
[22:37:42] [Server thread/WARN]: [TabTPS]  Paper community will gladly help you fix any issues.
[22:37:42] [Server thread/WARN]: [TabTPS]   
[22:37:42] [Server thread/WARN]: [TabTPS]  Join the Paper Community @ https://papermc.io
[22:37:42] [Server thread/WARN]: [TabTPS] ====================================================
[22:37:42] [Server thread/INFO]: [floodgate] Enabling floodgate v2.2.4-SNAPSHOT (b116-0e3163c)
[22:37:42] [Server thread/INFO]: [ViaBackwards] Enabling ViaBackwards v5.2.1
[22:37:42] [Server thread/INFO]: [MiniMOTD] Enabling MiniMOTD v2.1.1
[22:37:43] [Server thread/WARN]: ======================================================
[22:37:43] [Server thread/WARN]:  MiniMOTD works better if you use Paper as your server
[22:37:43] [Server thread/WARN]:  software.
[22:37:43] [Server thread/WARN]:  
[22:37:43] [Server thread/WARN]:  Spigot does not include the necessary APIs for all
[22:37:43] [Server thread/WARN]:  of MiniMOTD's features to operate. MiniMOTD was
[22:37:43] [Server thread/WARN]:  designed to work with Paper and it's expanded API
[22:37:43] [Server thread/WARN]:  for full compatibility.
[22:37:43] [Server thread/WARN]:  
[22:37:43] [Server thread/WARN]:  Get Paper from https://papermc.io/downloads
[22:37:43] [Server thread/WARN]: ======================================================
[22:37:43] [Server thread/INFO]: [Geyser-Spigot] Enabling Geyser-Spigot v2.6.1-SNAPSHOT
[22:37:43] [Server thread/INFO]: Server permissions file permissions.yml is empty, ignoring it
[22:37:43] [Server thread/INFO]: [Geyser-Spigot] ******************************************
[22:37:43] [Server thread/INFO]: [Geyser-Spigot] 
[22:37:43] [Server thread/INFO]: [Geyser-Spigot] 正在加载 Geyser 版本 2.6.1-b775 (git-master-97cc876)
[22:37:43] [Server thread/INFO]: [Geyser-Spigot] 
[22:37:43] [Server thread/INFO]: [Geyser-Spigot] ******************************************
[22:37:47] [Server thread/INFO]: [Geyser-Spigot] 已在 UDP 端口 19132 上启动 Geyser
[22:37:47] [Server thread/INFO]: [Geyser-Spigot] 完成 (4.144秒)！ 运行 /geyser help 以获取帮助！
[22:37:47] [Server thread/INFO]: Done (23.217s)! For help, type "help"
[22:37:47] [Craft Scheduler Thread - 3/INFO]: [ViaVersion] Finished mapping loading, shutting down loader executor.
[22:37:47] [pool-10-thread-1/WARN]: [floodgate] 
**********************************
* The prefix you entered in your Floodgate config (BE_) could lead to username conflicts!
* Should a Java player join with the username BE_Notch, and a Bedrock player join as Notch (who will be given the name BE_Notch), unwanted results will happen!
* We strongly recommend using . as the prefix, but other alternatives that will not conflict include: +, - and *
**********************************
[22:37:47] [pool-10-thread-1/WARN]: [floodgate] 
**********************************
* The prefix you entered in your Floodgate config (BE_) is long! (3 characters)
* A prefix is there to prevent username conflicts. However, a long prefix makes the chance of username conflicts higher.
* We strongly recommend using . as the prefix, but other alternatives that will not conflict include: +, - and *
**********************************
[22:37:48] [Craft Scheduler Thread - 1/INFO]: [33;1m[[32;22mSkinsRestorer[33;1m] [0;39m[32;1m----------------------------------------------[0;39m[m
[22:37:48] [Craft Scheduler Thread - 1/INFO]: [33;1m[[32;22mSkinsRestorer[33;1m] [0;39m[32;1m    +==================+[0;39m[m
[22:37:48] [Craft Scheduler Thread - 1/INFO]: [33;1m[[32;22mSkinsRestorer[33;1m] [0;39m[32;1m    |   SkinsRestorer  |[0;39m[m
[22:37:48] [Craft Scheduler Thread - 1/INFO]: [33;1m[[32;22mSkinsRestorer[33;1m] [0;39m[32;1m    |------------------|[0;39m[m
[22:37:48] [Craft Scheduler Thread - 1/INFO]: [33;1m[[32;22mSkinsRestorer[33;1m] [0;39m[32;1m    |  [34;1m[4m[21mStandalone Mode[0;39m[32;1m |[0;39m[m
[22:37:48] [Craft Scheduler Thread - 1/INFO]: [33;1m[[32;22mSkinsRestorer[33;1m] [0;39m[32;1m    +==================+[0;39m[m
[22:37:48] [Craft Scheduler Thread - 1/INFO]: [33;1m[[32;22mSkinsRestorer[33;1m] [0;39m[32;1m----------------------------------------------[0;39m[m
[22:37:48] [Craft Scheduler Thread - 1/INFO]: [33;1m[[32;22mSkinsRestorer[33;1m] [0;39m[36;1m    Version: [32;1m15.5.3[0;39m[m
[22:37:48] [Craft Scheduler Thread - 1/INFO]: [33;1m[[32;22mSkinsRestorer[33;1m] [0;39m[36;1m    Commit: [32;1m86e796c[0;39m[m
[22:37:48] [Craft Scheduler Thread - 1/INFO]: [33;1m[[32;22mSkinsRestorer[33;1m] [0;39m[32;1m    This is the latest version![0;39m[m
[22:37:48] [Craft Scheduler Thread - 1/INFO]: [33;1m[[32;22mSkinsRestorer[33;1m] [0;39m[32;1m----------------------------------------------[0;39m[m
[22:37:48] [Craft Scheduler Thread - 1/INFO]: [33;1m[[32;22mSkinsRestorer[33;1m] [0;39m[34;1mDo you have issues? Read our troubleshooting guide: [33;1mhttps://skinsrestorer.net/docs/troubleshooting[0;39m[m
[22:37:48] [Craft Scheduler Thread - 1/INFO]: [33;1m[[32;22mSkinsRestorer[33;1m] [0;39m[34;1mWant to support SkinsRestorer? Consider donating: [33;1mhttps://skinsrestorer.net/donate[0;39m[m
[22:37:51] [Craft Scheduler Thread - 4/INFO]: There is an update available for TabTPS!
[22:37:51] [Craft Scheduler Thread - 4/INFO]: This server is running version v1.3.22, which is 4 versions outdated.
[22:37:51] [Craft Scheduler Thread - 4/INFO]: Download the latest version, v1.3.26 from GitHub at the link below:
[22:37:51] [Craft Scheduler Thread - 4/INFO]: https://github.com/jpenilla/TabTPS/releases/tag/v1.3.26
[22:37:55] [Craft Scheduler Thread - 3/INFO]: There is an update available for MiniMOTD!
[22:37:55] [Craft Scheduler Thread - 3/INFO]: This server is running version v2.1.1, which is 4 versions outdated.
[22:37:55] [Craft Scheduler Thread - 3/INFO]: Download the latest version, v2.1.5 from GitHub at the link below:
[22:37:55] [Craft Scheduler Thread - 3/INFO]: https://github.com/jpenilla/MiniMOTD/releases/tag/v2.1.5
[23:17:47] [Server thread/INFO]: [0;31;1mInvalid command usage. Use '/minimotd help' for a list of command provided by MiniMOTD.[m
[23:17:53] [Server thread/INFO]: Unknown command. Type "/help" for help.[m
[23:17:58] [Server thread/INFO]: [0;37;1m[[38;2;0;71;171mM[38;2;25;92;179mi[38;2;49;112;188mn[38;2;74;133;196mi[38;2;99;154;205mM[38;2;124;175;213mO[38;2;148;195;222mT[38;2;173;216;230mD[0;37;1m][m [0;37;1mMiniMOTD command help[m
[23:17:58] [Server thread/INFO]: [0;37;22m - [0;37;1m/[38;2;0;127;255mminimotd about[0;37;22m: [0;37;1mShow information about MiniMOTD[m
[23:17:58] [Server thread/INFO]: [0;37;22m - [0;37;1m/[38;2;0;127;255mminimotd reload[0;37;22m: [0;37;1mReload MiniMOTD configuration files[m
[23:17:58] [Server thread/INFO]: [0;37;22m - [0;37;1m/[38;2;0;127;255mminimotd help[0;37;22m: [0;37;1mShow this help menu[m
[23:18:05] [Server thread/INFO]: [0;37;1m[[38;2;0;71;171mM[38;2;25;92;179mi[38;2;49;112;188mn[38;2;74;133;196mi[38;2;99;154;205mM[38;2;124;175;213mO[38;2;148;195;222mT[38;2;173;216;230mD[0;37;1m][m [0;32;1mDone reloading configuration.[m
[23:25:55] [Server thread/INFO]: [0;37;1m[[38;2;0;71;171mM[38;2;25;92;179mi[38;2;49;112;188mn[38;2;74;133;196mi[38;2;99;154;205mM[38;2;124;175;213mO[38;2;148;195;222mT[38;2;173;216;230mD[0;37;1m][m [0;32;1mDone reloading configuration.[m
[23:38:04] [Server thread/INFO]: [0;37;1m[[38;2;0;71;171mM[38;2;25;92;179mi[38;2;49;112;188mn[38;2;74;133;196mi[38;2;99;154;205mM[38;2;124;175;213mO[38;2;148;195;222mT[38;2;173;216;230mD[0;37;1m][m [0;32;1mDone reloading configuration.[m
[23:39:35] [Server thread/INFO]: [0;37;1m[[38;2;0;71;171mM[38;2;25;92;179mi[38;2;49;112;188mn[38;2;74;133;196mi[38;2;99;154;205mM[38;2;124;175;213mO[38;2;148;195;222mT[38;2;173;216;230mD[0;37;1m][m [0;32;1mDone reloading configuration.[m
[23:42:18] [Server thread/INFO]: [0;37;1m[[38;2;0;71;171mM[38;2;25;92;179mi[38;2;49;112;188mn[38;2;74;133;196mi[38;2;99;154;205mM[38;2;124;175;213mO[38;2;148;195;222mT[38;2;173;216;230mD[0;37;1m][m [0;32;1mDone reloading configuration.[m
[23:43:31] [Server thread/INFO]: [0;37;1m[[38;2;0;71;171mM[38;2;25;92;179mi[38;2;49;112;188mn[38;2;74;133;196mi[38;2;99;154;205mM[38;2;124;175;213mO[38;2;148;195;222mT[38;2;173;216;230mD[0;37;1m][m [0;32;1mDone reloading configuration.[m
[23:45:08] [Server thread/INFO]: [0;37;1m[[38;2;0;71;171mM[38;2;25;92;179mi[38;2;49;112;188mn[38;2;74;133;196mi[38;2;99;154;205mM[38;2;124;175;213mO[38;2;148;195;222mT[38;2;173;216;230mD[0;37;1m][m [0;32;1mDone reloading configuration.[m
[23:47:29] [Server thread/INFO]: [0;37;1m[[38;2;0;71;171mM[38;2;25;92;179mi[38;2;49;112;188mn[38;2;74;133;196mi[38;2;99;154;205mM[38;2;124;175;213mO[38;2;148;195;222mT[38;2;173;216;230mD[0;37;1m][m [0;32;1mDone reloading configuration.[m
[23:48:25] [Server thread/INFO]: [0;37;1m[[38;2;0;71;171mM[38;2;25;92;179mi[38;2;49;112;188mn[38;2;74;133;196mi[38;2;99;154;205mM[38;2;124;175;213mO[38;2;148;195;222mT[38;2;173;216;230mD[0;37;1m][m [0;32;1mDone reloading configuration.[m
[23:50:19] [Server thread/INFO]: [0;37;1m[[38;2;0;71;171mM[38;2;25;92;179mi[38;2;49;112;188mn[38;2;74;133;196mi[38;2;99;154;205mM[38;2;124;175;213mO[38;2;148;195;222mT[38;2;173;216;230mD[0;37;1m][m [0;32;1mDone reloading configuration.[m
[23:51:44] [Server thread/INFO]: [0;37;1m[[38;2;0;71;171mM[38;2;25;92;179mi[38;2;49;112;188mn[38;2;74;133;196mi[38;2;99;154;205mM[38;2;124;175;213mO[38;2;148;195;222mT[38;2;173;216;230mD[0;37;1m][m [0;32;1mDone reloading configuration.[m
[23:53:28] [Server thread/INFO]: [0;37;1m[[38;2;0;71;171mM[38;2;25;92;179mi[38;2;49;112;188mn[38;2;74;133;196mi[38;2;99;154;205mM[38;2;124;175;213mO[38;2;148;195;222mT[38;2;173;216;230mD[0;37;1m][m [0;32;1mDone reloading configuration.[m
[23:54:49] [Server thread/INFO]: [0;37;1m[[38;2;0;71;171mM[38;2;25;92;179mi[38;2;49;112;188mn[38;2;74;133;196mi[38;2;99;154;205mM[38;2;124;175;213mO[38;2;148;195;222mT[38;2;173;216;230mD[0;37;1m][m [0;32;1mDone reloading configuration.[m
[23:55:36] [Server thread/INFO]: [0;37;1m[[38;2;0;71;171mM[38;2;25;92;179mi[38;2;49;112;188mn[38;2;74;133;196mi[38;2;99;154;205mM[38;2;124;175;213mO[38;2;148;195;222mT[38;2;173;216;230mD[0;37;1m][m [0;32;1mDone reloading configuration.[m
[23:56:23] [Server thread/INFO]: [0;37;1m[[38;2;0;71;171mM[38;2;25;92;179mi[38;2;49;112;188mn[38;2;74;133;196mi[38;2;99;154;205mM[38;2;124;175;213mO[38;2;148;195;222mT[38;2;173;216;230mD[0;37;1m][m [0;32;1mDone reloading configuration.[m
